[T 11:49:11 24088] Reading configuration file C:\Users\david\Documents\Pasantia\code-analysis-CodeQL\databases\owasp-database\working\tracing\compiler-tracing7909278538704476322.spec...
[T 11:49:11 24088] Initialising tags...
[T 11:49:11 24088] ID set to 0000000000005E18_0000000000000001 (parent root)
[T 11:49:11 24088] Reading configuration file C:\Users\david\Documents\Pasantia\code-analysis-CodeQL\databases\owasp-database\working\tracing\compiler-tracing7909278538704476322.spec...
[T 11:49:11 24088] Initialising tags...
[T 11:49:11 24088] ID set to 0000000000005E18_0000000000000002 (parent root)
[T 11:49:11 24088] ==== Candidate to intercept: C:\Users\david\codeql-home\codeql\tools\win64\runner.exe ====
[T 11:49:11 18808] Reading configuration file C:\Users\david\Documents\Pasantia\code-analysis-CodeQL\databases\owasp-database\working\tracing\compiler-tracing7909278538704476322.spec...
[T 11:49:11 18808] Initialising tags...
[T 11:49:11 18808] ID set to 0000000000004978_0000000000000001 (parent 0000000000005E18_0000000000000001)
[T 11:49:11 18808] ==== Candidate to intercept: C:\Windows\System32\cmd.exe ====
[T 11:49:11 35640] Reading configuration file C:\Users\david\Documents\Pasantia\code-analysis-CodeQL\databases\owasp-database\working\tracing\compiler-tracing7909278538704476322.spec...
[T 11:49:11 35640] Initialising tags...
[T 11:49:11 35640] ID set to 0000000000008B38_0000000000000001 (parent 0000000000004978_0000000000000001)
[T 11:49:12 35640] ==== Candidate to intercept: C:\Program Files\Eclipse Foundation\jdk-11.0.12.7-hotspot\bin\java.exe ====
[T 11:49:12 27616] Reading configuration file C:\Users\david\Documents\Pasantia\code-analysis-CodeQL\databases\owasp-database\working\tracing\compiler-tracing7909278538704476322.spec...
[T 11:49:12 27616] Initialising tags...
[T 11:49:12 27616] ID set to 0000000000006BE0_0000000000000001 (parent 0000000000008B38_0000000000000001)
[T 11:49:12 27616] Loading extra JVM options from SEMMLE_JAVA_TOOL_OPTIONS instead of in-process variable.Passing through -javaagent:C:\Users\david\codeql-home\codeql\java\tools/codeql-java-agent.jar=ignore-project,java to underlying JVM.
[T 11:49:12 27616] Passing through -Xbootclasspath/a:C:\Users\david\codeql-home\codeql\java\tools/codeql-java-agent.jar to underlying JVM.
[T 11:49:12 27616] Intercepted JVM creation with extra hidden args: ['-javaagent:C:\Users\david\codeql-home\codeql\java\tools/codeql-java-agent.jar=ignore-project,java' '-Xbootclasspath/a:C:\Users\david\codeql-home\codeql\java\tools/codeql-java-agent.jar'] (result: 1, 0).
[T 11:49:22 27616] ==== Candidate to intercept: C:\Windows\System32\cmd.exe ====
[T 11:49:22 31176] Reading configuration file C:\Users\david\Documents\Pasantia\code-analysis-CodeQL\databases\owasp-database\working\tracing\compiler-tracing7909278538704476322.spec...
[T 11:49:22 31176] Initialising tags...
[T 11:49:22 31176] ID set to 00000000000079C8_0000000000000001 (parent 0000000000006BE0_0000000000000001)
[T 11:49:22 31176] ==== Candidate to intercept: C:\Program Files\Eclipse Foundation\jdk-11.0.12.7-hotspot\bin\javac.exe ====
[T 11:49:22 34116] Reading configuration file C:\Users\david\Documents\Pasantia\code-analysis-CodeQL\databases\owasp-database\working\tracing\compiler-tracing7909278538704476322.spec...
[T 11:49:22 34116] Initialising tags...
[T 11:49:22 34116] ID set to 0000000000008544_0000000000000001 (parent 00000000000079C8_0000000000000001)
[T 11:49:22 34116] Loading extra JVM options from SEMMLE_JAVA_TOOL_OPTIONS instead of in-process variable.Passing through -javaagent:C:\Users\david\codeql-home\codeql\java\tools/codeql-java-agent.jar=ignore-project,java to underlying JVM.
[T 11:49:22 34116] Passing through -Xbootclasspath/a:C:\Users\david\codeql-home\codeql\java\tools/codeql-java-agent.jar to underlying JVM.
[T 11:49:22 34116] Intercepted JVM creation with extra hidden args: ['-javaagent:C:\Users\david\codeql-home\codeql\java\tools/codeql-java-agent.jar=ignore-project,java' '-Xbootclasspath/a:C:\Users\david\codeql-home\codeql\java\tools/codeql-java-agent.jar'] (result: 1, 0).
[T 11:49:36 34116] ==== Candidate to intercept: C:\Program Files\Eclipse Foundation\jdk-11.0.12.7-hotspot\bin\java.exe ====
[T 11:49:36 31248] Reading configuration file C:\Users\david\Documents\Pasantia\code-analysis-CodeQL\databases\owasp-database\working\tracing\compiler-tracing7909278538704476322.spec...
[T 11:49:36 31248] Initialising tags...
[T 11:49:36 31248] ID set to 0000000000007A10_0000000000000001 (parent 0000000000008544_0000000000000001)
[T 11:49:36 31248] Loading extra JVM options from SEMMLE_JAVA_TOOL_OPTIONS instead of in-process variable.Passing through -javaagent:C:\Users\david\codeql-home\codeql\java\tools/codeql-java-agent.jar=ignore-project,java to underlying JVM.
[T 11:49:36 31248] Passing through -Xbootclasspath/a:C:\Users\david\codeql-home\codeql\java\tools/codeql-java-agent.jar to underlying JVM.
[T 11:49:36 31248] Intercepted JVM creation with extra hidden args: ['-javaagent:C:\Users\david\codeql-home\codeql\java\tools/codeql-java-agent.jar=ignore-project,java' '-Xbootclasspath/a:C:\Users\david\codeql-home\codeql\java\tools/codeql-java-agent.jar'] (result: 1, 0).
[T 11:55:02 27616] ==== Candidate to intercept: C:\Program Files\Git\cmd\git.exe ====
[T 11:55:02 15936] Reading configuration file C:\Users\david\Documents\Pasantia\code-analysis-CodeQL\databases\owasp-database\working\tracing\compiler-tracing7909278538704476322.spec...
[T 11:55:02 15936] Initialising tags...
[T 11:55:02 15936] ID set to 0000000000003E40_0000000000000001 (parent 0000000000006BE0_0000000000000001)
[T 11:55:02 15936] ==== Candidate to intercept: C:\Program Files\Git\mingw64\bin\git.exe ====
[T 11:55:02 34092] Reading configuration file C:\Users\david\Documents\Pasantia\code-analysis-CodeQL\databases\owasp-database\working\tracing\compiler-tracing7909278538704476322.spec...
[T 11:55:02 34092] Initialising tags...
[T 11:55:02 34092] ID set to 000000000000852C_0000000000000001 (parent 0000000000003E40_0000000000000001)
[T 11:55:02 27616] ==== Candidate to intercept: C:\Program Files\Git\cmd\git.exe ====
[T 11:55:02 21972] Reading configuration file C:\Users\david\Documents\Pasantia\code-analysis-CodeQL\databases\owasp-database\working\tracing\compiler-tracing7909278538704476322.spec...
[T 11:55:02 21972] Initialising tags...
[T 11:55:02 21972] ID set to 00000000000055D4_0000000000000001 (parent 0000000000006BE0_0000000000000001)
[T 11:55:02 21972] ==== Candidate to intercept: C:\Program Files\Git\mingw64\bin\git.exe ====
[T 11:55:02 17624] Reading configuration file C:\Users\david\Documents\Pasantia\code-analysis-CodeQL\databases\owasp-database\working\tracing\compiler-tracing7909278538704476322.spec...
[T 11:55:02 17624] Initialising tags...
[T 11:55:02 17624] ID set to 00000000000044D8_0000000000000001 (parent 00000000000055D4_0000000000000001)
[T 11:55:02 17624] ==== Candidate to intercept: C:\Program Files\Git\usr\bin\echo.exe ====
[T 11:55:02 31552] Reading configuration file C:\Users\david\Documents\Pasantia\code-analysis-CodeQL\databases\owasp-database\working\tracing\compiler-tracing7909278538704476322.spec...
[T 11:55:02 31552] Initialising tags...
[T 11:55:02 31552] ID set to 0000000000007B40_0000000000000001 (parent 00000000000044D8_0000000000000001)
[T 11:55:23 35640] ==== Candidate to intercept: C:\Windows\System32\cmd.exe ====
[T 11:55:23 23220] Reading configuration file C:\Users\david\Documents\Pasantia\code-analysis-CodeQL\databases\owasp-database\working\tracing\compiler-tracing7909278538704476322.spec...
[T 11:55:23 23220] Initialising tags...
[T 11:55:23 23220] ID set to 0000000000005AB4_0000000000000001 (parent 0000000000008B38_0000000000000001)
