[2021-11-30 12:33:18] This is codeql database analyze --format=sarifv2.1.0 --output=results/Benchmark-CodeQL-brokenAlgo-only.sarif --threads=4 .\owasp-databaseV2.7\ ..\owasp-23-alert-queries\Use of a broken or risky cryptographic algorithm.ql
[2021-11-30 12:33:18] Log file was started late.
[2021-11-30 12:33:18] [PROGRESS] database analyze> Running queries.
[2021-11-30 12:33:18] Running plumbing command: codeql database run-queries --evaluator-log-level=1 --threads=4 --ml-model-path= --warnings=show --qlconfig-file=C:\Users\david\Documents\Pasantia\code-analysis-CodeQL\databases\qlconfig.yml --no-rerun -- C:\Users\david\Documents\Pasantia\code-analysis-CodeQL\databases\owasp-databaseV2.7 ..\owasp-23-alert-queries\Use of a broken or risky cryptographic algorithm.ql
[2021-11-30 12:33:18] Calling plumbing command: codeql resolve ram --format=json
[2021-11-30 12:33:18] Plumbing command codeql resolve ram completed:
                      [
                        "-J-Xmx2011M",
                        "--off-heap-ram=2011"
                      ]
[2021-11-30 12:33:18] Spawning plumbing command: execute queries -J-Xmx2011M --off-heap-ram=2011 --verbosity=progress --logdir=C:\Users\david\Documents\Pasantia\code-analysis-CodeQL\databases\owasp-databaseV2.7\log --evaluator-log-level=1 --threads=4 --ml-model-path=C:\Users\david\Documents\Pasantia\code-analysis-CodeQL\databases --warnings=show --qlconfig-file=C:\Users\david\Documents\Pasantia\code-analysis-CodeQL\databases\qlconfig.yml --no-rerun --output=C:\Users\david\Documents\Pasantia\code-analysis-CodeQL\databases\owasp-databaseV2.7\results -- C:\Users\david\Documents\Pasantia\code-analysis-CodeQL\databases\owasp-databaseV2.7\db-java ..\owasp-23-alert-queries\Use of a broken or risky cryptographic algorithm.ql
[2021-11-30 12:33:54] Plumbing command codeql execute queries terminated with status 0.
[2021-11-30 12:33:54] Plumbing command codeql database run-queries completed with status 0.
[2021-11-30 12:33:54] [PROGRESS] database analyze> Interpreting results.
[2021-11-30 12:33:54] Running plumbing command: codeql database interpret-results --format=sarifv2.1.0 -o=C:\Users\david\Documents\Pasantia\code-analysis-CodeQL\databases\results\Benchmark-CodeQL-brokenAlgo-only.sarif --max-paths=4 --csv-location-format=line-column --print-diagnostics-summary --print-metrics-summary --threads=4 -- C:\Users\david\Documents\Pasantia\code-analysis-CodeQL\databases\owasp-databaseV2.7 ..\owasp-23-alert-queries\Use of a broken or risky cryptographic algorithm.ql
[2021-11-30 12:33:54] Calling plumbing command: codeql resolve queries --qlconfig-file=C:\Users\david\Documents\Pasantia\code-analysis-CodeQL\databases\qlconfig.yml --format=json -- ..\owasp-23-alert-queries\Use of a broken or risky cryptographic algorithm.ql
[2021-11-30 12:33:54] Plumbing command codeql resolve queries completed:
                      [
                        "C:\\Users\\david\\Documents\\Pasantia\\code-analysis-CodeQL\\owasp-23-alert-queries\\Use of a broken or risky cryptographic algorithm.ql"
                      ]
[2021-11-30 12:33:54] [DETAILS] database interpret-results> Scanning for [codeql-pack.yml, qlpack.yml] from C:\Users\david\codeql-home\codeql-latest\.codeqlmanifest.json
[2021-11-30 12:33:54] [DETAILS] database interpret-results> Scanning for [codeql-pack.yml, qlpack.yml] from C:\Users\david\codeql-home\
[2021-11-30 12:33:54] [DETAILS] database interpret-results> Scanning for [codeql-pack.yml, qlpack.yml] from C:\Users\david\codeql-home\codeql\.codeqlmanifest.json
[2021-11-30 12:33:54] [DETAILS] database interpret-results> Not scanning from C:\Users\david\codeql-home\codeql-latest which is already done.
[2021-11-30 12:33:54] [DETAILS] database interpret-results> Scanning for [codeql-pack.yml, qlpack.yml] from C:\Users\david\codeql-home\codeql-repo\.codeqlmanifest.json
[2021-11-30 12:33:54] [DETAILS] database interpret-results> Scanning for [codeql-pack.yml, qlpack.yml] from C:\Users\david\codeql-home\codeql-repo\ruby\.codeqlmanifest.json
[2021-11-30 12:33:54] [DETAILS] database interpret-results> Scanning for [codeql-pack.yml, qlpack.yml] from C:\Users\david\codeql-home\codeql2.3\.codeqlmanifest.json
[2021-11-30 12:33:54] [PROGRESS] database interpret-results> Interpreting C:\Users\david\Documents\Pasantia\code-analysis-CodeQL\owasp-23-alert-queries\Use of a broken or risky cryptographic algorithm.ql...
[2021-11-30 12:33:54] Calling plumbing command: codeql resolve library-path --query=C:\Users\david\Documents\Pasantia\code-analysis-CodeQL\owasp-23-alert-queries\Use of a broken or risky cryptographic algorithm.ql --full-library-path=none --dbscheme=none --format=json
[2021-11-30 12:33:54] [DETAILS] resolve library-path> Resolving query at normalized path C:\Users\david\Documents\Pasantia\code-analysis-CodeQL\owasp-23-alert-queries\Use of a broken or risky cryptographic algorithm.ql.
[2021-11-30 12:33:54] [DETAILS] resolve library-path> Found enclosing pack 'owasp-23-alerts-queries' at C:\Users\david\Documents\Pasantia\code-analysis-CodeQL\owasp-23-alert-queries.
[2021-11-30 12:33:54] [DETAILS] resolve library-path> Adding compilation cache at C:\Users\david\Documents\Pasantia\code-analysis-CodeQL\owasp-23-alert-queries\.cache.
[2021-11-30 12:33:54] [DETAILS] resolve library-path> Dbscheme was explicitly overridden as C:\Users\david\Documents\Pasantia\code-analysis-CodeQL\databases\none
[2021-11-30 12:33:54] [DETAILS] resolve library-path> Library path was overridden on command line.
[2021-11-30 12:33:54] Plumbing command codeql resolve library-path completed:
                      {
                        "libraryPath" : [
                          "C:\\Users\\david\\Documents\\Pasantia\\code-analysis-CodeQL\\databases\\none"
                        ],
                        "dbscheme" : "C:\\Users\\david\\Documents\\Pasantia\\code-analysis-CodeQL\\databases\\none",
                        "compilationCache" : [
                          "C:\\Users\\david\\Documents\\Pasantia\\code-analysis-CodeQL\\owasp-23-alert-queries\\.cache"
                        ],
                        "relativeName" : "owasp-23-alerts-queries\\Use of a broken or risky cryptographic algorithm.ql",
                        "qlPackName" : "owasp-23-alerts-queries"
                      }
[2021-11-30 12:33:54] [DETAILS] database interpret-results>  ... found results file at C:\Users\david\Documents\Pasantia\code-analysis-CodeQL\databases\owasp-databaseV2.7\results\owasp-23-alerts-queries\Use of a broken or risky cryptographic algorithm.bqrs.
[2021-11-30 12:33:54] [DETAILS] database interpret-results> Intepreted pathproblem query "Use of a broken or risky cryptographic algorithm" (java/weak-cryptographic-algorithm) at path C:\Users\david\Documents\Pasantia\code-analysis-CodeQL\owasp-23-alert-queries\Use of a broken or risky cryptographic algorithm.ql.
[2021-11-30 12:34:03] Plumbing command codeql database interpret-results completed.
[2021-11-30 12:34:03] Terminating normally.
