[2021-11-01 11:55:24] This is codeql database index-files --include **/AndroidManifest.xml --include **/pom.xml --include **/struts.xml --include **/web.xml --size-limit 10m --language xml -- C:\Users\david\Documents\Pasantia\code-analysis-CodeQL\databases\owasp-database
[2021-11-01 11:55:24] Log file was started late.
[2021-11-01 11:55:24] Using index-files script C:\Users\david\codeql-home\codeql\xml\tools\index-files.cmd.
[2021-11-01 11:55:24] [PROGRESS] database index-files> Scanning for files in C:\Users\david\Documents\Pasantia\BenchmarkJava...
[2021-11-01 11:55:24] Calling plumbing command: codeql resolve files --include=**/AndroidManifest.xml --include=**/pom.xml --include=**/struts.xml --include=**/web.xml --size-limit=10m C:\Users\david\Documents\Pasantia\BenchmarkJava --format=json
[2021-11-01 11:55:24] [PROGRESS] resolve files> Scanning C:\Users\david\Documents\Pasantia\BenchmarkJava...
[2021-11-01 11:55:24] [PROGRESS] resolve files> Scanning C:\Users\david\Documents\Pasantia\BenchmarkJava\.git...
[2021-11-01 11:55:24] [PROGRESS] resolve files> Scanning C:\Users\david\Documents\Pasantia\BenchmarkJava\.git\hooks...
[2021-11-01 11:55:24] [PROGRESS] resolve files> Scanning C:\Users\david\Documents\Pasantia\BenchmarkJava\.git\info...
[2021-11-01 11:55:24] [PROGRESS] resolve files> Scanning C:\Users\david\Documents\Pasantia\BenchmarkJava\.git\logs...
[2021-11-01 11:55:24] [PROGRESS] resolve files> Scanning C:\Users\david\Documents\Pasantia\BenchmarkJava\.git\logs\refs...
[2021-11-01 11:55:24] [PROGRESS] resolve files> Scanning C:\Users\david\Documents\Pasantia\BenchmarkJava\.git\logs\refs\heads...
[2021-11-01 11:55:24] [PROGRESS] resolve files> Scanning C:\Users\david\Documents\Pasantia\BenchmarkJava\.git\logs\refs\remotes...
[2021-11-01 11:55:24] [PROGRESS] resolve files> Scanning C:\Users\david\Documents\Pasantia\BenchmarkJava\.git\logs\refs\remotes\origin...
[2021-11-01 11:55:24] [PROGRESS] resolve files> Scanning C:\Users\david\Documents\Pasantia\BenchmarkJava\.git\objects...
[2021-11-01 11:55:24] [PROGRESS] resolve files> Scanning C:\Users\david\Documents\Pasantia\BenchmarkJava\.git\objects\02...
[2021-11-01 11:55:24] [PROGRESS] resolve files> Scanning C:\Users\david\Documents\Pasantia\BenchmarkJava\.git\objects\18...
[2021-11-01 11:55:24] [PROGRESS] resolve files> Scanning C:\Users\david\Documents\Pasantia\BenchmarkJava\.git\objects\51...
[2021-11-01 11:55:24] [PROGRESS] resolve files> Scanning C:\Users\david\Documents\Pasantia\BenchmarkJava\.git\objects\54...
[2021-11-01 11:55:24] [PROGRESS] resolve files> Scanning C:\Users\david\Documents\Pasantia\BenchmarkJava\.git\objects\55...
[2021-11-01 11:55:24] [PROGRESS] resolve files> Scanning C:\Users\david\Documents\Pasantia\BenchmarkJava\.git\objects\59...
[2021-11-01 11:55:24] [PROGRESS] resolve files> Scanning C:\Users\david\Documents\Pasantia\BenchmarkJava\.git\objects\60...
[2021-11-01 11:55:24] [PROGRESS] resolve files> Scanning C:\Users\david\Documents\Pasantia\BenchmarkJava\.git\objects\6f...
[2021-11-01 11:55:24] [PROGRESS] resolve files> Scanning C:\Users\david\Documents\Pasantia\BenchmarkJava\.git\objects\91...
[2021-11-01 11:55:24] [PROGRESS] resolve files> Scanning C:\Users\david\Documents\Pasantia\BenchmarkJava\.git\objects\a2...
[2021-11-01 11:55:24] [PROGRESS] resolve files> Scanning C:\Users\david\Documents\Pasantia\BenchmarkJava\.git\objects\e7...
[2021-11-01 11:55:24] [PROGRESS] resolve files> Scanning C:\Users\david\Documents\Pasantia\BenchmarkJava\.git\objects\info...
[2021-11-01 11:55:24] [PROGRESS] resolve files> Scanning C:\Users\david\Documents\Pasantia\BenchmarkJava\.git\objects\pack...
[2021-11-01 11:55:24] [PROGRESS] resolve files> Scanning C:\Users\david\Documents\Pasantia\BenchmarkJava\.git\refs...
[2021-11-01 11:55:24] [PROGRESS] resolve files> Scanning C:\Users\david\Documents\Pasantia\BenchmarkJava\.git\refs\heads...
[2021-11-01 11:55:24] [PROGRESS] resolve files> Scanning C:\Users\david\Documents\Pasantia\BenchmarkJava\.git\refs\remotes...
[2021-11-01 11:55:24] [PROGRESS] resolve files> Scanning C:\Users\david\Documents\Pasantia\BenchmarkJava\.git\refs\remotes\origin...
[2021-11-01 11:55:24] [PROGRESS] resolve files> Scanning C:\Users\david\Documents\Pasantia\BenchmarkJava\.git\refs\tags...
[2021-11-01 11:55:24] [PROGRESS] resolve files> Scanning C:\Users\david\Documents\Pasantia\BenchmarkJava\.github...
[2021-11-01 11:55:24] [PROGRESS] resolve files> Scanning C:\Users\david\Documents\Pasantia\BenchmarkJava\.github\workflows...
[2021-11-01 11:55:24] [PROGRESS] resolve files> Scanning C:\Users\david\Documents\Pasantia\BenchmarkJava\.mvn...
[2021-11-01 11:55:24] [PROGRESS] resolve files> Scanning C:\Users\david\Documents\Pasantia\BenchmarkJava\data...
[2021-11-01 11:55:24] [PROGRESS] resolve files> Scanning C:\Users\david\Documents\Pasantia\BenchmarkJava\owasp-benchmark...
[2021-11-01 11:55:24] [PROGRESS] resolve files> Scanning C:\Users\david\Documents\Pasantia\BenchmarkJava\owasp-benchmark\log...
[2021-11-01 11:55:24] [PROGRESS] resolve files> Scanning C:\Users\david\Documents\Pasantia\BenchmarkJava\owasp-benchmark\working...
[2021-11-01 11:55:24] [PROGRESS] resolve files> Scanning C:\Users\david\Documents\Pasantia\BenchmarkJava\owasp-benchmark\working\tracing...
[2021-11-01 11:55:24] [PROGRESS] resolve files> Scanning C:\Users\david\Documents\Pasantia\BenchmarkJava\results...
[2021-11-01 11:55:24] [PROGRESS] resolve files> Scanning C:\Users\david\Documents\Pasantia\BenchmarkJava\scorecard...
[2021-11-01 11:55:24] [PROGRESS] resolve files> Scanning C:\Users\david\Documents\Pasantia\BenchmarkJava\scorecard\content...
[2021-11-01 11:55:24] [PROGRESS] resolve files> Scanning C:\Users\david\Documents\Pasantia\BenchmarkJava\scorecard\content\css...
[2021-11-01 11:55:24] [PROGRESS] resolve files> Scanning C:\Users\david\Documents\Pasantia\BenchmarkJava\scorecard\content\fonts...
[2021-11-01 11:55:24] [PROGRESS] resolve files> Scanning C:\Users\david\Documents\Pasantia\BenchmarkJava\scorecard\content\js...
[2021-11-01 11:55:24] [PROGRESS] resolve files> Scanning C:\Users\david\Documents\Pasantia\BenchmarkJava\scripts...
[2021-11-01 11:55:24] [PROGRESS] resolve files> Scanning C:\Users\david\Documents\Pasantia\BenchmarkJava\src...
[2021-11-01 11:55:24] [PROGRESS] resolve files> Scanning C:\Users\david\Documents\Pasantia\BenchmarkJava\src\config...
[2021-11-01 11:55:24] [PROGRESS] resolve files> Scanning C:\Users\david\Documents\Pasantia\BenchmarkJava\src\config\local...
[2021-11-01 11:55:24] [PROGRESS] resolve files> Scanning C:\Users\david\Documents\Pasantia\BenchmarkJava\src\config\remote...
[2021-11-01 11:55:24] [PROGRESS] resolve files> Scanning C:\Users\david\Documents\Pasantia\BenchmarkJava\src\main...
[2021-11-01 11:55:24] [PROGRESS] resolve files> Scanning C:\Users\david\Documents\Pasantia\BenchmarkJava\src\main\java...
[2021-11-01 11:55:24] [PROGRESS] resolve files> Scanning C:\Users\david\Documents\Pasantia\BenchmarkJava\src\main\java\org...
[2021-11-01 11:55:24] [PROGRESS] resolve files> Scanning C:\Users\david\Documents\Pasantia\BenchmarkJava\src\main\java\org\owasp...
[2021-11-01 11:55:24] [PROGRESS] resolve files> Scanning C:\Users\david\Documents\Pasantia\BenchmarkJava\src\main\java\org\owasp\benchmark...
[2021-11-01 11:55:24] [PROGRESS] resolve files> Scanning C:\Users\david\Documents\Pasantia\BenchmarkJava\src\main\java\org\owasp\benchmark\helpers...
[2021-11-01 11:55:24] [PROGRESS] resolve files> Scanning C:\Users\david\Documents\Pasantia\BenchmarkJava\src\main\java\org\owasp\benchmark\helpers\entities...
[2021-11-01 11:55:24] [PROGRESS] resolve files> Scanning C:\Users\david\Documents\Pasantia\BenchmarkJava\src\main\java\org\owasp\benchmark\helpers\filters...
[2021-11-01 11:55:24] [PROGRESS] resolve files> Scanning C:\Users\david\Documents\Pasantia\BenchmarkJava\src\main\java\org\owasp\benchmark\service...
[2021-11-01 11:55:24] [PROGRESS] resolve files> Scanning C:\Users\david\Documents\Pasantia\BenchmarkJava\src\main\java\org\owasp\benchmark\service\pojo...
[2021-11-01 11:55:24] [PROGRESS] resolve files> Scanning C:\Users\david\Documents\Pasantia\BenchmarkJava\src\main\java\org\owasp\benchmark\testcode...
[2021-11-01 11:55:24] [PROGRESS] resolve files> Scanning C:\Users\david\Documents\Pasantia\BenchmarkJava\src\main\resources...
[2021-11-01 11:55:24] [PROGRESS] resolve files> Scanning C:\Users\david\Documents\Pasantia\BenchmarkJava\src\main\webapp...
[2021-11-01 11:55:24] [PROGRESS] resolve files> Scanning C:\Users\david\Documents\Pasantia\BenchmarkJava\src\main\webapp\cmdi-00...
[2021-11-01 11:55:24] [PROGRESS] resolve files> Scanning C:\Users\david\Documents\Pasantia\BenchmarkJava\src\main\webapp\cmdi-01...
[2021-11-01 11:55:24] [PROGRESS] resolve files> Scanning C:\Users\david\Documents\Pasantia\BenchmarkJava\src\main\webapp\cmdi-02...
[2021-11-01 11:55:24] [PROGRESS] resolve files> Scanning C:\Users\david\Documents\Pasantia\BenchmarkJava\src\main\webapp\cmdi-03...
[2021-11-01 11:55:24] [PROGRESS] resolve files> Scanning C:\Users\david\Documents\Pasantia\BenchmarkJava\src\main\webapp\crypto-00...
[2021-11-01 11:55:24] [PROGRESS] resolve files> Scanning C:\Users\david\Documents\Pasantia\BenchmarkJava\src\main\webapp\crypto-01...
[2021-11-01 11:55:24] [PROGRESS] resolve files> Scanning C:\Users\david\Documents\Pasantia\BenchmarkJava\src\main\webapp\crypto-02...
[2021-11-01 11:55:24] [PROGRESS] resolve files> Scanning C:\Users\david\Documents\Pasantia\BenchmarkJava\src\main\webapp\crypto-03...
[2021-11-01 11:55:24] [PROGRESS] resolve files> Scanning C:\Users\david\Documents\Pasantia\BenchmarkJava\src\main\webapp\css...
[2021-11-01 11:55:24] [PROGRESS] resolve files> Scanning C:\Users\david\Documents\Pasantia\BenchmarkJava\src\main\webapp\hash-00...
[2021-11-01 11:55:24] [PROGRESS] resolve files> Scanning C:\Users\david\Documents\Pasantia\BenchmarkJava\src\main\webapp\hash-01...
[2021-11-01 11:55:24] [PROGRESS] resolve files> Scanning C:\Users\david\Documents\Pasantia\BenchmarkJava\src\main\webapp\hash-02...
[2021-11-01 11:55:24] [PROGRESS] resolve files> Scanning C:\Users\david\Documents\Pasantia\BenchmarkJava\src\main\webapp\img...
[2021-11-01 11:55:24] [PROGRESS] resolve files> Scanning C:\Users\david\Documents\Pasantia\BenchmarkJava\src\main\webapp\js...
[2021-11-01 11:55:24] [PROGRESS] resolve files> Scanning C:\Users\david\Documents\Pasantia\BenchmarkJava\src\main\webapp\ldapi-00...
[2021-11-01 11:55:24] [PROGRESS] resolve files> Scanning C:\Users\david\Documents\Pasantia\BenchmarkJava\src\main\webapp\META-INF...
[2021-11-01 11:55:24] [PROGRESS] resolve files> Scanning C:\Users\david\Documents\Pasantia\BenchmarkJava\src\main\webapp\pathtraver-00...
[2021-11-01 11:55:24] [PROGRESS] resolve files> Scanning C:\Users\david\Documents\Pasantia\BenchmarkJava\src\main\webapp\pathtraver-01...
[2021-11-01 11:55:24] [PROGRESS] resolve files> Scanning C:\Users\david\Documents\Pasantia\BenchmarkJava\src\main\webapp\pathtraver-02...
[2021-11-01 11:55:24] [PROGRESS] resolve files> Scanning C:\Users\david\Documents\Pasantia\BenchmarkJava\src\main\webapp\pathtraver-03...
[2021-11-01 11:55:24] [PROGRESS] resolve files> Scanning C:\Users\david\Documents\Pasantia\BenchmarkJava\src\main\webapp\securecookie-00...
[2021-11-01 11:55:24] [PROGRESS] resolve files> Scanning C:\Users\david\Documents\Pasantia\BenchmarkJava\src\main\webapp\sqli-00...
[2021-11-01 11:55:24] [PROGRESS] resolve files> Scanning C:\Users\david\Documents\Pasantia\BenchmarkJava\src\main\webapp\sqli-01...
[2021-11-01 11:55:24] [PROGRESS] resolve files> Scanning C:\Users\david\Documents\Pasantia\BenchmarkJava\src\main\webapp\sqli-02...
[2021-11-01 11:55:24] [PROGRESS] resolve files> Scanning C:\Users\david\Documents\Pasantia\BenchmarkJava\src\main\webapp\sqli-03...
[2021-11-01 11:55:24] [PROGRESS] resolve files> Scanning C:\Users\david\Documents\Pasantia\BenchmarkJava\src\main\webapp\sqli-04...
[2021-11-01 11:55:24] [PROGRESS] resolve files> Scanning C:\Users\david\Documents\Pasantia\BenchmarkJava\src\main\webapp\sqli-05...
[2021-11-01 11:55:24] [PROGRESS] resolve files> Scanning C:\Users\david\Documents\Pasantia\BenchmarkJava\src\main\webapp\sqli-06...
[2021-11-01 11:55:24] [PROGRESS] resolve files> Scanning C:\Users\david\Documents\Pasantia\BenchmarkJava\src\main\webapp\trustbound-00...
[2021-11-01 11:55:24] [PROGRESS] resolve files> Scanning C:\Users\david\Documents\Pasantia\BenchmarkJava\src\main\webapp\trustbound-01...
[2021-11-01 11:55:24] [PROGRESS] resolve files> Scanning C:\Users\david\Documents\Pasantia\BenchmarkJava\src\main\webapp\weakrand-00...
[2021-11-01 11:55:24] [PROGRESS] resolve files> Scanning C:\Users\david\Documents\Pasantia\BenchmarkJava\src\main\webapp\weakrand-01...
[2021-11-01 11:55:24] [PROGRESS] resolve files> Scanning C:\Users\david\Documents\Pasantia\BenchmarkJava\src\main\webapp\weakrand-02...
[2021-11-01 11:55:24] [PROGRESS] resolve files> Scanning C:\Users\david\Documents\Pasantia\BenchmarkJava\src\main\webapp\weakrand-03...
[2021-11-01 11:55:24] [PROGRESS] resolve files> Scanning C:\Users\david\Documents\Pasantia\BenchmarkJava\src\main\webapp\weakrand-04...
[2021-11-01 11:55:24] [PROGRESS] resolve files> Scanning C:\Users\david\Documents\Pasantia\BenchmarkJava\src\main\webapp\weakrand-05...
[2021-11-01 11:55:24] [PROGRESS] resolve files> Scanning C:\Users\david\Documents\Pasantia\BenchmarkJava\src\main\webapp\weakrand-06...
[2021-11-01 11:55:24] [PROGRESS] resolve files> Scanning C:\Users\david\Documents\Pasantia\BenchmarkJava\src\main\webapp\WEB-INF...
[2021-11-01 11:55:24] [PROGRESS] resolve files> Scanning C:\Users\david\Documents\Pasantia\BenchmarkJava\src\main\webapp\xpathi-00...
[2021-11-01 11:55:24] [PROGRESS] resolve files> Scanning C:\Users\david\Documents\Pasantia\BenchmarkJava\src\main\webapp\xss-00...
[2021-11-01 11:55:24] [PROGRESS] resolve files> Scanning C:\Users\david\Documents\Pasantia\BenchmarkJava\src\main\webapp\xss-01...
[2021-11-01 11:55:24] [PROGRESS] resolve files> Scanning C:\Users\david\Documents\Pasantia\BenchmarkJava\src\main\webapp\xss-02...
[2021-11-01 11:55:24] [PROGRESS] resolve files> Scanning C:\Users\david\Documents\Pasantia\BenchmarkJava\src\main\webapp\xss-03...
[2021-11-01 11:55:24] [PROGRESS] resolve files> Scanning C:\Users\david\Documents\Pasantia\BenchmarkJava\src\main\webapp\xss-04...
[2021-11-01 11:55:24] [PROGRESS] resolve files> Scanning C:\Users\david\Documents\Pasantia\BenchmarkJava\src\main\webapp\xss-05...
[2021-11-01 11:55:24] [PROGRESS] resolve files> Scanning C:\Users\david\Documents\Pasantia\BenchmarkJava\target...
[2021-11-01 11:55:24] [PROGRESS] resolve files> Scanning C:\Users\david\Documents\Pasantia\BenchmarkJava\target\benchmark...
[2021-11-01 11:55:24] [PROGRESS] resolve files> Scanning C:\Users\david\Documents\Pasantia\BenchmarkJava\target\benchmark\cmdi-00...
[2021-11-01 11:55:24] [PROGRESS] resolve files> Scanning C:\Users\david\Documents\Pasantia\BenchmarkJava\target\benchmark\cmdi-01...
[2021-11-01 11:55:24] [PROGRESS] resolve files> Scanning C:\Users\david\Documents\Pasantia\BenchmarkJava\target\benchmark\cmdi-02...
[2021-11-01 11:55:24] [PROGRESS] resolve files> Scanning C:\Users\david\Documents\Pasantia\BenchmarkJava\target\benchmark\cmdi-03...
[2021-11-01 11:55:24] [PROGRESS] resolve files> Scanning C:\Users\david\Documents\Pasantia\BenchmarkJava\target\benchmark\crypto-00...
[2021-11-01 11:55:24] [PROGRESS] resolve files> Scanning C:\Users\david\Documents\Pasantia\BenchmarkJava\target\benchmark\crypto-01...
[2021-11-01 11:55:24] [PROGRESS] resolve files> Scanning C:\Users\david\Documents\Pasantia\BenchmarkJava\target\benchmark\crypto-02...
[2021-11-01 11:55:24] [PROGRESS] resolve files> Scanning C:\Users\david\Documents\Pasantia\BenchmarkJava\target\benchmark\crypto-03...
[2021-11-01 11:55:24] [PROGRESS] resolve files> Scanning C:\Users\david\Documents\Pasantia\BenchmarkJava\target\benchmark\css...
[2021-11-01 11:55:24] [PROGRESS] resolve files> Scanning C:\Users\david\Documents\Pasantia\BenchmarkJava\target\benchmark\hash-00...
[2021-11-01 11:55:24] [PROGRESS] resolve files> Scanning C:\Users\david\Documents\Pasantia\BenchmarkJava\target\benchmark\hash-01...
[2021-11-01 11:55:24] [PROGRESS] resolve files> Scanning C:\Users\david\Documents\Pasantia\BenchmarkJava\target\benchmark\hash-02...
[2021-11-01 11:55:24] [PROGRESS] resolve files> Scanning C:\Users\david\Documents\Pasantia\BenchmarkJava\target\benchmark\img...
[2021-11-01 11:55:24] [PROGRESS] resolve files> Scanning C:\Users\david\Documents\Pasantia\BenchmarkJava\target\benchmark\js...
[2021-11-01 11:55:24] [PROGRESS] resolve files> Scanning C:\Users\david\Documents\Pasantia\BenchmarkJava\target\benchmark\ldapi-00...
[2021-11-01 11:55:24] [PROGRESS] resolve files> Scanning C:\Users\david\Documents\Pasantia\BenchmarkJava\target\benchmark\META-INF...
[2021-11-01 11:55:24] [PROGRESS] resolve files> Scanning C:\Users\david\Documents\Pasantia\BenchmarkJava\target\benchmark\pathtraver-00...
[2021-11-01 11:55:24] [PROGRESS] resolve files> Scanning C:\Users\david\Documents\Pasantia\BenchmarkJava\target\benchmark\pathtraver-01...
[2021-11-01 11:55:24] [PROGRESS] resolve files> Scanning C:\Users\david\Documents\Pasantia\BenchmarkJava\target\benchmark\pathtraver-02...
[2021-11-01 11:55:24] [PROGRESS] resolve files> Scanning C:\Users\david\Documents\Pasantia\BenchmarkJava\target\benchmark\pathtraver-03...
[2021-11-01 11:55:24] [PROGRESS] resolve files> Scanning C:\Users\david\Documents\Pasantia\BenchmarkJava\target\benchmark\securecookie-00...
[2021-11-01 11:55:24] [PROGRESS] resolve files> Scanning C:\Users\david\Documents\Pasantia\BenchmarkJava\target\benchmark\sqli-00...
[2021-11-01 11:55:24] [PROGRESS] resolve files> Scanning C:\Users\david\Documents\Pasantia\BenchmarkJava\target\benchmark\sqli-01...
[2021-11-01 11:55:24] [PROGRESS] resolve files> Scanning C:\Users\david\Documents\Pasantia\BenchmarkJava\target\benchmark\sqli-02...
[2021-11-01 11:55:24] [PROGRESS] resolve files> Scanning C:\Users\david\Documents\Pasantia\BenchmarkJava\target\benchmark\sqli-03...
[2021-11-01 11:55:24] [PROGRESS] resolve files> Scanning C:\Users\david\Documents\Pasantia\BenchmarkJava\target\benchmark\sqli-04...
[2021-11-01 11:55:24] [PROGRESS] resolve files> Scanning C:\Users\david\Documents\Pasantia\BenchmarkJava\target\benchmark\sqli-05...
[2021-11-01 11:55:24] [PROGRESS] resolve files> Scanning C:\Users\david\Documents\Pasantia\BenchmarkJava\target\benchmark\sqli-06...
[2021-11-01 11:55:24] [PROGRESS] resolve files> Scanning C:\Users\david\Documents\Pasantia\BenchmarkJava\target\benchmark\trustbound-00...
[2021-11-01 11:55:24] [PROGRESS] resolve files> Scanning C:\Users\david\Documents\Pasantia\BenchmarkJava\target\benchmark\trustbound-01...
[2021-11-01 11:55:24] [PROGRESS] resolve files> Scanning C:\Users\david\Documents\Pasantia\BenchmarkJava\target\benchmark\weakrand-00...
[2021-11-01 11:55:24] [PROGRESS] resolve files> Scanning C:\Users\david\Documents\Pasantia\BenchmarkJava\target\benchmark\weakrand-01...
[2021-11-01 11:55:24] [PROGRESS] resolve files> Scanning C:\Users\david\Documents\Pasantia\BenchmarkJava\target\benchmark\weakrand-02...
[2021-11-01 11:55:24] [PROGRESS] resolve files> Scanning C:\Users\david\Documents\Pasantia\BenchmarkJava\target\benchmark\weakrand-03...
[2021-11-01 11:55:24] [PROGRESS] resolve files> Scanning C:\Users\david\Documents\Pasantia\BenchmarkJava\target\benchmark\weakrand-04...
[2021-11-01 11:55:24] [PROGRESS] resolve files> Scanning C:\Users\david\Documents\Pasantia\BenchmarkJava\target\benchmark\weakrand-05...
[2021-11-01 11:55:24] [PROGRESS] resolve files> Scanning C:\Users\david\Documents\Pasantia\BenchmarkJava\target\benchmark\weakrand-06...
[2021-11-01 11:55:24] [PROGRESS] resolve files> Scanning C:\Users\david\Documents\Pasantia\BenchmarkJava\target\benchmark\WEB-INF...
[2021-11-01 11:55:24] [PROGRESS] resolve files> Scanning C:\Users\david\Documents\Pasantia\BenchmarkJava\target\benchmark\WEB-INF\classes...
[2021-11-01 11:55:24] [PROGRESS] resolve files> Scanning C:\Users\david\Documents\Pasantia\BenchmarkJava\target\benchmark\WEB-INF\classes\org...
[2021-11-01 11:55:24] [PROGRESS] resolve files> Scanning C:\Users\david\Documents\Pasantia\BenchmarkJava\target\benchmark\WEB-INF\classes\org\owasp...
[2021-11-01 11:55:24] [PROGRESS] resolve files> Scanning C:\Users\david\Documents\Pasantia\BenchmarkJava\target\benchmark\WEB-INF\classes\org\owasp\benchmark...
[2021-11-01 11:55:24] [PROGRESS] resolve files> Scanning C:\Users\david\Documents\Pasantia\BenchmarkJava\target\benchmark\WEB-INF\classes\org\owasp\benchmark\helpers...
[2021-11-01 11:55:24] [PROGRESS] resolve files> Scanning C:\Users\david\Documents\Pasantia\BenchmarkJava\target\benchmark\WEB-INF\classes\org\owasp\benchmark\helpers\entities...
[2021-11-01 11:55:24] [PROGRESS] resolve files> Scanning C:\Users\david\Documents\Pasantia\BenchmarkJava\target\benchmark\WEB-INF\classes\org\owasp\benchmark\helpers\filters...
[2021-11-01 11:55:24] [PROGRESS] resolve files> Scanning C:\Users\david\Documents\Pasantia\BenchmarkJava\target\benchmark\WEB-INF\classes\org\owasp\benchmark\service...
[2021-11-01 11:55:24] [PROGRESS] resolve files> Scanning C:\Users\david\Documents\Pasantia\BenchmarkJava\target\benchmark\WEB-INF\classes\org\owasp\benchmark\service\pojo...
[2021-11-01 11:55:24] [PROGRESS] resolve files> Scanning C:\Users\david\Documents\Pasantia\BenchmarkJava\target\benchmark\WEB-INF\classes\org\owasp\benchmark\testcode...
[2021-11-01 11:55:24] [PROGRESS] resolve files> Scanning C:\Users\david\Documents\Pasantia\BenchmarkJava\target\benchmark\WEB-INF\lib...
[2021-11-01 11:55:24] [PROGRESS] resolve files> Scanning C:\Users\david\Documents\Pasantia\BenchmarkJava\target\benchmark\xpathi-00...
[2021-11-01 11:55:24] [PROGRESS] resolve files> Scanning C:\Users\david\Documents\Pasantia\BenchmarkJava\target\benchmark\xss-00...
[2021-11-01 11:55:24] [PROGRESS] resolve files> Scanning C:\Users\david\Documents\Pasantia\BenchmarkJava\target\benchmark\xss-01...
[2021-11-01 11:55:24] [PROGRESS] resolve files> Scanning C:\Users\david\Documents\Pasantia\BenchmarkJava\target\benchmark\xss-02...
[2021-11-01 11:55:24] [PROGRESS] resolve files> Scanning C:\Users\david\Documents\Pasantia\BenchmarkJava\target\benchmark\xss-03...
[2021-11-01 11:55:24] [PROGRESS] resolve files> Scanning C:\Users\david\Documents\Pasantia\BenchmarkJava\target\benchmark\xss-04...
[2021-11-01 11:55:24] [PROGRESS] resolve files> Scanning C:\Users\david\Documents\Pasantia\BenchmarkJava\target\benchmark\xss-05...
[2021-11-01 11:55:24] [PROGRESS] resolve files> Scanning C:\Users\david\Documents\Pasantia\BenchmarkJava\target\classes...
[2021-11-01 11:55:24] [PROGRESS] resolve files> Scanning C:\Users\david\Documents\Pasantia\BenchmarkJava\target\classes\org...
[2021-11-01 11:55:24] [PROGRESS] resolve files> Scanning C:\Users\david\Documents\Pasantia\BenchmarkJava\target\classes\org\owasp...
[2021-11-01 11:55:24] [PROGRESS] resolve files> Scanning C:\Users\david\Documents\Pasantia\BenchmarkJava\target\classes\org\owasp\benchmark...
[2021-11-01 11:55:24] [PROGRESS] resolve files> Scanning C:\Users\david\Documents\Pasantia\BenchmarkJava\target\classes\org\owasp\benchmark\helpers...
[2021-11-01 11:55:24] [PROGRESS] resolve files> Scanning C:\Users\david\Documents\Pasantia\BenchmarkJava\target\classes\org\owasp\benchmark\helpers\entities...
[2021-11-01 11:55:24] [PROGRESS] resolve files> Scanning C:\Users\david\Documents\Pasantia\BenchmarkJava\target\classes\org\owasp\benchmark\helpers\filters...
[2021-11-01 11:55:24] [PROGRESS] resolve files> Scanning C:\Users\david\Documents\Pasantia\BenchmarkJava\target\classes\org\owasp\benchmark\service...
[2021-11-01 11:55:24] [PROGRESS] resolve files> Scanning C:\Users\david\Documents\Pasantia\BenchmarkJava\target\classes\org\owasp\benchmark\service\pojo...
[2021-11-01 11:55:24] [PROGRESS] resolve files> Scanning C:\Users\david\Documents\Pasantia\BenchmarkJava\target\classes\org\owasp\benchmark\testcode...
[2021-11-01 11:55:24] [PROGRESS] resolve files> Scanning C:\Users\david\Documents\Pasantia\BenchmarkJava\target\generated-sources...
[2021-11-01 11:55:24] [PROGRESS] resolve files> Scanning C:\Users\david\Documents\Pasantia\BenchmarkJava\target\generated-sources\annotations...
[2021-11-01 11:55:24] [PROGRESS] resolve files> Scanning C:\Users\david\Documents\Pasantia\BenchmarkJava\target\maven-archiver...
[2021-11-01 11:55:24] [PROGRESS] resolve files> Scanning C:\Users\david\Documents\Pasantia\BenchmarkJava\target\maven-status...
[2021-11-01 11:55:24] [PROGRESS] resolve files> Scanning C:\Users\david\Documents\Pasantia\BenchmarkJava\target\maven-status\maven-compiler-plugin...
[2021-11-01 11:55:24] [PROGRESS] resolve files> Scanning C:\Users\david\Documents\Pasantia\BenchmarkJava\target\maven-status\maven-compiler-plugin\compile...
[2021-11-01 11:55:24] [PROGRESS] resolve files> Scanning C:\Users\david\Documents\Pasantia\BenchmarkJava\target\maven-status\maven-compiler-plugin\compile\default-compile...
[2021-11-01 11:55:24] [PROGRESS] resolve files> Scanning C:\Users\david\Documents\Pasantia\BenchmarkJava\testfiles...
[2021-11-01 11:55:24] [PROGRESS] resolve files> Scanning C:\Users\david\Documents\Pasantia\BenchmarkJava\tools...
[2021-11-01 11:55:24] [PROGRESS] resolve files> Scanning C:\Users\david\Documents\Pasantia\BenchmarkJava\tools\Contrast...
[2021-11-01 11:55:24] [PROGRESS] resolve files> Scanning C:\Users\david\Documents\Pasantia\BenchmarkJava\tools\CxIAST...
[2021-11-01 11:55:24] [PROGRESS] resolve files> Scanning C:\Users\david\Documents\Pasantia\BenchmarkJava\tools\HCL...
[2021-11-01 11:55:24] [PROGRESS] resolve files> Scanning C:\Users\david\Documents\Pasantia\BenchmarkJava\tools\seeker...
[2021-11-01 11:55:24] [PROGRESS] resolve files> Scanning C:\Users\david\Documents\Pasantia\BenchmarkJava\VMs...
[2021-11-01 11:55:24] Plumbing command codeql resolve files completed:
                      [
                        "C:\\Users\\david\\Documents\\Pasantia\\BenchmarkJava\\pom.xml",
                        "C:\\Users\\david\\Documents\\Pasantia\\BenchmarkJava\\src\\config\\web.xml",
                        "C:\\Users\\david\\Documents\\Pasantia\\BenchmarkJava\\target\\benchmark\\WEB-INF\\web.xml"
                      ]
[2021-11-01 11:55:24] [DETAILS] database index-files> Found 3 files.
[2021-11-01 11:55:24] [PROGRESS] database index-files> C:\Users\david\Documents\Pasantia\code-analysis-CodeQL\databases\owasp-database: Indexing files in in C:\Users\david\Documents\Pasantia\BenchmarkJava...
[2021-11-01 11:55:24] Using index-files script C:\Users\david\codeql-home\codeql\xml\tools\index-files.cmd.
[2021-11-01 11:55:24] [PROGRESS] database index-files> Running command in C:\Users\david\Documents\Pasantia\BenchmarkJava: [C:\Users\david\codeql-home\codeql\xml\tools\index-files.cmd, C:\Users\david\Documents\Pasantia\code-analysis-CodeQL\databases\owasp-database\working\files-to-index818695099878166903.list]
[2021-11-01 11:55:25] Terminating normally.
