[2021-11-08 17:30:53] This is codeql execute queries -J-Xmx2011M --off-heap-ram=2011 --verbosity=progress --logdir=C:\Users\david\Documents\Pasantia\code-analysis-CodeQL\databases\owasp-databaseV2.7\log --evaluator-log-level=1 --threads=4 --ml-model-path=C:\Users\david\Documents\Pasantia\code-analysis-CodeQL\databases --native-library-path=C:\Users\david\Documents\Pasantia\code-analysis-CodeQL\databases --warnings=show --qlconfig-file=C:\Users\david\Documents\Pasantia\code-analysis-CodeQL\databases\qlconfig.yml --no-rerun --output=C:\Users\david\Documents\Pasantia\code-analysis-CodeQL\databases\owasp-databaseV2.7\results -- C:\Users\david\Documents\Pasantia\code-analysis-CodeQL\databases\owasp-databaseV2.7\db-java ..\owasp-23-alert-queries\concatenated-sql.ql
[2021-11-08 17:30:53] Calling plumbing command: codeql resolve queries --qlconfig-file=C:\Users\david\Documents\Pasantia\code-analysis-CodeQL\databases\qlconfig.yml --format=json -- ..\owasp-23-alert-queries\concatenated-sql.ql
[2021-11-08 17:30:54] Plumbing command codeql resolve queries completed:
                      [
                        "C:\\Users\\david\\Documents\\Pasantia\\code-analysis-CodeQL\\owasp-23-alert-queries\\concatenated-sql.ql"
                      ]
[2021-11-08 17:30:54] Creating executor with 4 threads.
[2021-11-08 17:30:54] Calling plumbing command: codeql resolve library-path --qlconfig-file=C:\Users\david\Documents\Pasantia\code-analysis-CodeQL\databases\qlconfig.yml --query=C:\Users\david\Documents\Pasantia\code-analysis-CodeQL\owasp-23-alert-queries\concatenated-sql.ql --format=json
[2021-11-08 17:30:54] [DETAILS] resolve library-path> Resolving query at normalized path C:\Users\david\Documents\Pasantia\code-analysis-CodeQL\owasp-23-alert-queries\concatenated-sql.ql.
[2021-11-08 17:30:54] [DETAILS] resolve library-path> Found enclosing pack 'owasp-23-alerts-queries' at C:\Users\david\Documents\Pasantia\code-analysis-CodeQL\owasp-23-alert-queries.
[2021-11-08 17:30:54] [DETAILS] resolve library-path> Adding compilation cache at C:\Users\david\Documents\Pasantia\code-analysis-CodeQL\owasp-23-alert-queries\.cache.
[2021-11-08 17:30:54] [DETAILS] resolve library-path> Resolving library dependencies from C:\Users\david\Documents\Pasantia\code-analysis-CodeQL\owasp-23-alert-queries\qlpack.yml.
[2021-11-08 17:30:55] [DETAILS] resolve library-path> QL pack dependencies for C:\Users\david\Documents\Pasantia\code-analysis-CodeQL\owasp-23-alert-queries resolved OK.
[2021-11-08 17:30:55] [DETAILS] resolve library-path> Found dbscheme through QL packs: C:\Users\david\Documents\Pasantia\code-analysis-CodeQL\ql\java\ql\lib\config\semmlecode.dbscheme.
[2021-11-08 17:30:55] Plumbing command codeql resolve library-path completed:
                      {
                        "libraryPath" : [
                          "C:\\Users\\david\\Documents\\Pasantia\\code-analysis-CodeQL\\owasp-23-alert-queries",
                          "C:\\Users\\david\\Documents\\Pasantia\\code-analysis-CodeQL\\ql\\java\\ql\\lib",
                          "C:\\Users\\david\\Documents\\Pasantia\\code-analysis-CodeQL\\ql\\java\\upgrades"
                        ],
                        "dbscheme" : "C:\\Users\\david\\Documents\\Pasantia\\code-analysis-CodeQL\\ql\\java\\ql\\lib\\config\\semmlecode.dbscheme",
                        "compilationCache" : [
                          "C:\\Users\\david\\Documents\\Pasantia\\code-analysis-CodeQL\\owasp-23-alert-queries\\.cache"
                        ],
                        "relativeName" : "owasp-23-alerts-queries\\concatenated-sql.ql",
                        "qlPackName" : "owasp-23-alerts-queries"
                      }
[2021-11-08 17:30:55] [PROGRESS] execute queries> Compiling query plan for C:\Users\david\Documents\Pasantia\code-analysis-CodeQL\owasp-23-alert-queries\concatenated-sql.ql.
[2021-11-08 17:30:55] [DETAILS] execute queries> Resolving imports for C:\Users\david\Documents\Pasantia\code-analysis-CodeQL\owasp-23-alert-queries\concatenated-sql.ql.
[2021-11-08 17:30:56] Resolved file set for C:\Users\david\Documents\Pasantia\code-analysis-CodeQL\owasp-23-alert-queries\concatenated-sql.ql hashes to 35e7698b6686d4983ca26f34db6a603127042faf.
[2021-11-08 17:30:56] [DETAILS] execute queries> Checking QL for C:\Users\david\Documents\Pasantia\code-analysis-CodeQL\owasp-23-alert-queries\concatenated-sql.ql.
[2021-11-08 17:30:57] ExternalModuleBindingPass ...
[2021-11-08 17:30:58] ExternalModuleBindingPass time: 00:01.347
[2021-11-08 17:30:58] QLPredicateSynthesiser ...
[2021-11-08 17:30:58] QLPredicateSynthesiser time: 00:00.015
[2021-11-08 17:30:58] DeclarationBindingPass ...
[2021-11-08 17:30:58] DeclarationBindingPass time: 00:00.151
[2021-11-08 17:30:58] Fixed point time ...
[2021-11-08 17:30:58] Fixed point time time: 00:00.244
[2021-11-08 17:30:58] ReferenceBindingPass ...
[2021-11-08 17:30:59] ReferenceBindingPass time: 00:00.050
[2021-11-08 17:30:59] EntityTypeUpdateBindingPass ...
[2021-11-08 17:30:59] EntityTypeUpdateBindingPass time: 00:00.035
[2021-11-08 17:30:59] DeclarationBindingPass ...
[2021-11-08 17:30:59] DeclarationBindingPass time: 00:00.066
[2021-11-08 17:30:59] PredicateBodyBindingPass ...
[2021-11-08 17:30:59] PredicateBodyBindingPass time: 00:00.350
[2021-11-08 17:30:59] LanguagePragmaPropagationPass ...
[2021-11-08 17:30:59] LanguagePragmaPropagationPass time: 00:00.014
[2021-11-08 17:30:59] Ambiguity checks ...
[2021-11-08 17:30:59] Ambiguity checks time: 00:00.032
[2021-11-08 17:30:59] Ql checks ...
[2021-11-08 17:30:59] Ql checks time: 00:00.299
[2021-11-08 17:31:00] [ERROR] execute queries> ERROR: Could not resolve module SqlInjectionLib (C:\Users\david\Documents\Pasantia\code-analysis-CodeQL\owasp-23-alert-queries\concatenated-sql.ql:17,8-23)
[2021-11-08 17:31:00] [ERROR] execute queries> ERROR: Could not resolve type QueryInjectionSink (C:\Users\david\Documents\Pasantia\code-analysis-CodeQL\owasp-23-alert-queries\concatenated-sql.ql:35,68-86)
[2021-11-08 17:31:00] [ERROR] execute queries> ERROR: Could not resolve type QueryInjectionSink (C:\Users\david\Documents\Pasantia\code-analysis-CodeQL\owasp-23-alert-queries\concatenated-sql.ql:42,6-24)
[2021-11-08 17:31:00] [ERROR] execute queries> ERROR: Could not resolve predicate queryTaintedBy/3 (C:\Users\david\Documents\Pasantia\code-analysis-CodeQL\owasp-23-alert-queries\concatenated-sql.ql:52,7-21)
[2021-11-08 17:31:00] Sequence stamp origin is -6525586672702167746
[2021-11-08 17:31:00] Pausing evaluation to close the cache at sequence stamp o+0
[2021-11-08 17:31:00] The disk cache is freshly trimmed; leave it be.
[2021-11-08 17:31:00] Unpausing evaluation
[2021-11-08 17:31:00] Exiting with code 2
