[2021-11-08 07:00:24] This is codeql execute queries -J-Xmx2011M --off-heap-ram=2011 --verbosity=progress --logdir=C:\Users\david\Documents\Pasantia\code-analysis-CodeQL\databases\owasp-databaseV2.7\log --evaluator-log-level=1 --ml-model-path= --native-library-path= --warnings=show --qlconfig-file=C:\Users\david\Documents\Pasantia\code-analysis-CodeQL\owasp\qlconfig.yml -- C:\Users\david\Documents\Pasantia\code-analysis-CodeQL\databases\owasp-databaseV2.7\db-java C:\Users\david\Documents\Pasantia\code-analysis-CodeQL\owasp\Uncontrolled data used in path expression.ql
[2021-11-08 07:00:24] Calling plumbing command: codeql resolve queries --qlconfig-file=C:\Users\david\Documents\Pasantia\code-analysis-CodeQL\owasp\qlconfig.yml --format=json -- C:\Users\david\Documents\Pasantia\code-analysis-CodeQL\owasp\Uncontrolled data used in path expression.ql
[2021-11-08 07:00:24] Plumbing command codeql resolve queries completed:
                      [
                        "C:\\Users\\david\\Documents\\Pasantia\\code-analysis-CodeQL\\owasp\\Uncontrolled data used in path expression.ql"
                      ]
[2021-11-08 07:00:24] Creating executor with 1 threads.
[2021-11-08 07:00:24] Exception caught at top level: Error initializing the IMB disk cache: the cache directory is already locked by another running process. Only one instance of the IMB can access a cache directory at a time. The lock file is located at C:\Users\david\Documents\Pasantia\code-analysis-CodeQL\databases\owasp-databaseV2.7\db-java\default\cache\.lock
                      (eventual cause: OverlappingFileLockException)
                      com.semmle.inmemory.caching.RelationCacheImpl.takeFilesystemLock(RelationCacheImpl.java:350)
                      com.semmle.inmemory.caching.RelationCacheImpl.create(RelationCacheImpl.java:109)
                      com.semmle.inmemory.caching.RelationManager.<init>(RelationManager.java:94)
                      com.semmle.inmemory.MemoryBackend.<init>(MemoryBackend.java:147)
                      com.semmle.cli2.ql.EvaluationCommon.<init>(EvaluationCommon.java:85)
                      com.semmle.cli2.ql.EvaluationCommon.<init>(EvaluationCommon.java:64)
                      com.semmle.cli2.execute.ExecuteQueriesCommand.executeSubcommand(ExecuteQueriesCommand.java:215)
                      com.semmle.cli2.picocli.SubcommandCommon.call(SubcommandCommon.java:456)
                      com.semmle.cli2.picocli.SubcommandMaker.runMain(SubcommandMaker.java:205)
                      com.semmle.cli2.picocli.SubcommandMaker.runMain(SubcommandMaker.java:214)
                      com.semmle.cli2.CodeQL.main(CodeQL.java:98)
                      
                       ... caused by:
                      
                      java.nio.channels.OverlappingFileLockException
                      com.semmle.util.files.FileSystemLock.<init>(FileSystemLock.java:75)
                      com.semmle.inmemory.caching.RelationCacheImpl.takeFilesystemLock(RelationCacheImpl.java:346)
                      com.semmle.inmemory.caching.RelationCacheImpl.create(RelationCacheImpl.java:109)
                      com.semmle.inmemory.caching.RelationManager.<init>(RelationManager.java:94)
                      com.semmle.inmemory.MemoryBackend.<init>(MemoryBackend.java:147)
                      com.semmle.cli2.ql.EvaluationCommon.<init>(EvaluationCommon.java:85)
                      com.semmle.cli2.ql.EvaluationCommon.<init>(EvaluationCommon.java:64)
                      com.semmle.cli2.execute.ExecuteQueriesCommand.executeSubcommand(ExecuteQueriesCommand.java:215)
                      com.semmle.cli2.picocli.SubcommandCommon.call(SubcommandCommon.java:456)
                      com.semmle.cli2.picocli.SubcommandMaker.runMain(SubcommandMaker.java:205)
                      com.semmle.cli2.picocli.SubcommandMaker.runMain(SubcommandMaker.java:214)
                      com.semmle.cli2.CodeQL.main(CodeQL.java:98)
