[T 13:12:54 9708] Reading configuration file C:\Users\david\Documents\Pasantia\code-analysis-CodeQL\taintsDatabase\working\tracing\compiler-tracing5079477928780575073.spec...
[T 13:12:54 9708] Initialising tags...
[T 13:12:54 9708] ID set to 00000000000025EC_0000000000000001 (parent root)
[T 13:12:54 9708] Reading configuration file C:\Users\david\Documents\Pasantia\code-analysis-CodeQL\taintsDatabase\working\tracing\compiler-tracing5079477928780575073.spec...
[T 13:12:54 9708] Initialising tags...
[T 13:12:54 9708] ID set to 00000000000025EC_0000000000000002 (parent root)
[T 13:12:54 9708] ==== Candidate to intercept: C:\Users\david\codeql-home\codeql-latest\tools\win64\runner.exe ====
[T 13:12:54 20604] Reading configuration file C:\Users\david\Documents\Pasantia\code-analysis-CodeQL\taintsDatabase\working\tracing\compiler-tracing5079477928780575073.spec...
[T 13:12:54 20604] Initialising tags...
[T 13:12:54 20604] ID set to 000000000000507C_0000000000000001 (parent 00000000000025EC_0000000000000001)
[T 13:12:54 20604] ==== Candidate to intercept: C:\Windows\System32\cmd.exe ====
[T 13:12:54 34352] Reading configuration file C:\Users\david\Documents\Pasantia\code-analysis-CodeQL\taintsDatabase\working\tracing\compiler-tracing5079477928780575073.spec...
[T 13:12:54 34352] Initialising tags...
[T 13:12:54 34352] ID set to 0000000000008630_0000000000000001 (parent 000000000000507C_0000000000000001)
[T 13:12:54 34352] ==== Candidate to intercept: C:\Users\david\codeql-home\codeql-latest\tools\win64\java\bin\java.exe ====
[T 13:12:54 35088] Reading configuration file C:\Users\david\Documents\Pasantia\code-analysis-CodeQL\taintsDatabase\working\tracing\compiler-tracing5079477928780575073.spec...
[T 13:12:54 35088] Initialising tags...
[T 13:12:54 35088] ID set to 0000000000008910_0000000000000001 (parent 0000000000008630_0000000000000001)
[T 13:12:54 35088] Loading extra JVM options from SEMMLE_JAVA_TOOL_OPTIONS instead of in-process variable.Passing through -javaagent:C:\Users\david\codeql-home\codeql-latest\java\tools/codeql-java-agent.jar=ignore-project,java to underlying JVM.
[T 13:12:54 35088] Passing through -Xbootclasspath/a:C:\Users\david\codeql-home\codeql-latest\java\tools/codeql-java-agent.jar to underlying JVM.
[T 13:12:54 35088] Intercepted JVM creation with extra hidden args: ['-javaagent:C:\Users\david\codeql-home\codeql-latest\java\tools/codeql-java-agent.jar=ignore-project,java' '-Xbootclasspath/a:C:\Users\david\codeql-home\codeql-latest\java\tools/codeql-java-agent.jar'] (result: 1, 0).
[T 13:17:32 27060] Reading configuration file C:\Users\david\Documents\Pasantia\code-analysis-CodeQL\taintsDatabase\working\tracing\compiler-tracing243146193465346864.spec...
[T 13:17:32 27060] Initialising tags...
[T 13:17:32 27060] ID set to 00000000000069B4_0000000000000001 (parent root)
[T 13:17:32 27060] Reading configuration file C:\Users\david\Documents\Pasantia\code-analysis-CodeQL\taintsDatabase\working\tracing\compiler-tracing243146193465346864.spec...
[T 13:17:32 27060] Initialising tags...
[T 13:17:32 27060] ID set to 00000000000069B4_0000000000000002 (parent root)
[T 13:17:32 27060] ==== Candidate to intercept: C:\Users\david\codeql-home\codeql-latest\tools\win64\runner.exe ====
[T 13:17:32 20768] Reading configuration file C:\Users\david\Documents\Pasantia\code-analysis-CodeQL\taintsDatabase\working\tracing\compiler-tracing243146193465346864.spec...
[T 13:17:32 20768] Initialising tags...
[T 13:17:32 20768] ID set to 0000000000005120_0000000000000001 (parent 00000000000069B4_0000000000000001)
[T 13:17:32 20768] ==== Candidate to intercept: C:\Windows\System32\cmd.exe ====
[T 13:17:32 3716] Reading configuration file C:\Users\david\Documents\Pasantia\code-analysis-CodeQL\taintsDatabase\working\tracing\compiler-tracing243146193465346864.spec...
[T 13:17:32 3716] Initialising tags...
[T 13:17:32 3716] ID set to 0000000000000E84_0000000000000001 (parent 0000000000005120_0000000000000001)
[T 13:17:32 3716] ==== Candidate to intercept: C:\Users\david\codeql-home\codeql-latest\tools\win64\java\bin\java.exe ====
[T 13:17:32 4040] Reading configuration file C:\Users\david\Documents\Pasantia\code-analysis-CodeQL\taintsDatabase\working\tracing\compiler-tracing243146193465346864.spec...
[T 13:17:32 4040] Initialising tags...
[T 13:17:32 4040] ID set to 0000000000000FC8_0000000000000001 (parent 0000000000000E84_0000000000000001)
[T 13:17:32 4040] Loading extra JVM options from SEMMLE_JAVA_TOOL_OPTIONS instead of in-process variable.Passing through -javaagent:C:\Users\david\codeql-home\codeql-latest\java\tools/codeql-java-agent.jar=ignore-project,java to underlying JVM.
[T 13:17:32 4040] Passing through -Xbootclasspath/a:C:\Users\david\codeql-home\codeql-latest\java\tools/codeql-java-agent.jar to underlying JVM.
[T 13:17:32 4040] Intercepted JVM creation with extra hidden args: ['-javaagent:C:\Users\david\codeql-home\codeql-latest\java\tools/codeql-java-agent.jar=ignore-project,java' '-Xbootclasspath/a:C:\Users\david\codeql-home\codeql-latest\java\tools/codeql-java-agent.jar'] (result: 1, 0).
[T 13:17:32 4040] ==== Candidate to intercept: C:\Users\david\codeql-home\codeql-latest\tools\win64\runner.exe ====
[T 13:17:32 33452] Reading configuration file C:\Users\david\Documents\Pasantia\code-analysis-CodeQL\taintsDatabase\working\tracing\compiler-tracing243146193465346864.spec...
[T 13:17:32 33452] Initialising tags...
[T 13:17:32 33452] ID set to 00000000000082AC_0000000000000001 (parent 0000000000000FC8_0000000000000001)
[T 13:17:32 33452] ==== Candidate to intercept: C:\Windows\System32\cmd.exe ====
[T 13:17:32 30268] Reading configuration file C:\Users\david\Documents\Pasantia\code-analysis-CodeQL\taintsDatabase\working\tracing\compiler-tracing243146193465346864.spec...
[T 13:17:32 30268] Initialising tags...
[T 13:17:32 30268] ID set to 000000000000763C_0000000000000001 (parent 00000000000082AC_0000000000000001)
[T 13:17:32 30268] ==== Candidate to intercept: C:\Program Files\Eclipse Foundation\jdk-11.0.12.7-hotspot\bin\java.exe ====
[T 13:17:32 23448] Reading configuration file C:\Users\david\Documents\Pasantia\code-analysis-CodeQL\taintsDatabase\working\tracing\compiler-tracing243146193465346864.spec...
[T 13:17:32 23448] Initialising tags...
[T 13:17:32 23448] ID set to 0000000000005B98_0000000000000001 (parent 000000000000763C_0000000000000001)
[T 13:17:32 23448] Loading extra JVM options from SEMMLE_JAVA_TOOL_OPTIONS instead of in-process variable.Passing through -javaagent:C:\Users\david\codeql-home\codeql-latest\java\tools/codeql-java-agent.jar=ignore-project,java to underlying JVM.
[T 13:17:32 23448] Passing through -Xbootclasspath/a:C:\Users\david\codeql-home\codeql-latest\java\tools/codeql-java-agent.jar to underlying JVM.
[T 13:17:33 23448] Intercepted JVM creation with extra hidden args: ['-javaagent:C:\Users\david\codeql-home\codeql-latest\java\tools/codeql-java-agent.jar=ignore-project,java' '-Xbootclasspath/a:C:\Users\david\codeql-home\codeql-latest\java\tools/codeql-java-agent.jar'] (result: 1, 0).
[T 13:17:34 30268] ==== Candidate to intercept: C:\Windows\System32\cmd.exe ====
[T 13:17:34 34032] Reading configuration file C:\Users\david\Documents\Pasantia\code-analysis-CodeQL\taintsDatabase\working\tracing\compiler-tracing243146193465346864.spec...
[T 13:17:34 34032] Initialising tags...
[T 13:17:34 34032] ID set to 00000000000084F0_0000000000000001 (parent 000000000000763C_0000000000000001)
