[2021-12-22 13:12:53] This is codeql database create taintsDatabase --language=java --source-root=taintstepsComparision
[2021-12-22 13:12:53] Log file was started late.
[2021-12-22 13:12:53] [PROGRESS] database create> Initializing database at C:\Users\david\Documents\Pasantia\code-analysis-CodeQL\taintsDatabase.
[2021-12-22 13:12:53] Running plumbing command: codeql database init --language=java --source-root=C:\Users\david\Documents\Pasantia\code-analysis-CodeQL\taintstepsComparision --allow-missing-source-root=false --allow-already-existing -- C:\Users\david\Documents\Pasantia\code-analysis-CodeQL\taintsDatabase
[2021-12-22 13:12:53] [PROGRESS] database init> Counting lines of code in C:\Users\david\Documents\Pasantia\code-analysis-CodeQL\taintstepsComparision
[2021-12-22 13:12:53] [PROGRESS] database init> Resolving extractor java.
[2021-12-22 13:12:53] Calling plumbing command: codeql resolve languages --format=json
[2021-12-22 13:12:53] [DETAILS] resolve languages> Scanning for [codeql-extractor.yml] from C:\Users\david\codeql-home\codeql-latest\.codeqlmanifest.json
[2021-12-22 13:12:53] [DETAILS] resolve languages> Parsing C:\Users\david\codeql-home\codeql-latest\cpp\codeql-extractor.yml.
[2021-12-22 13:12:53] [DETAILS] resolve languages> Parsing C:\Users\david\codeql-home\codeql-latest\csharp\codeql-extractor.yml.
[2021-12-22 13:12:53] [DETAILS] resolve languages> Parsing C:\Users\david\codeql-home\codeql-latest\csv\codeql-extractor.yml.
[2021-12-22 13:12:53] [DETAILS] resolve languages> Parsing C:\Users\david\codeql-home\codeql-latest\go\codeql-extractor.yml.
[2021-12-22 13:12:53] [DETAILS] resolve languages> Parsing C:\Users\david\codeql-home\codeql-latest\html\codeql-extractor.yml.
[2021-12-22 13:12:53] [DETAILS] resolve languages> Parsing C:\Users\david\codeql-home\codeql-latest\java\codeql-extractor.yml.
[2021-12-22 13:12:53] [DETAILS] resolve languages> Parsing C:\Users\david\codeql-home\codeql-latest\javascript\codeql-extractor.yml.
[2021-12-22 13:12:53] [DETAILS] resolve languages> Parsing C:\Users\david\codeql-home\codeql-latest\properties\codeql-extractor.yml.
[2021-12-22 13:12:53] [DETAILS] resolve languages> Parsing C:\Users\david\codeql-home\codeql-latest\python\codeql-extractor.yml.
[2021-12-22 13:12:53] [DETAILS] resolve languages> Parsing C:\Users\david\codeql-home\codeql-latest\ruby\codeql-extractor.yml.
[2021-12-22 13:12:53] [DETAILS] resolve languages> Parsing C:\Users\david\codeql-home\codeql-latest\xml\codeql-extractor.yml.
[2021-12-22 13:12:54] Plumbing command codeql resolve languages completed:
                      {
                        "extractors" : {
                          "cpp" : [
                            {
                              "extractor_root" : "C:\\Users\\david\\codeql-home\\codeql-latest\\cpp"
                            }
                          ],
                          "csharp" : [
                            {
                              "extractor_root" : "C:\\Users\\david\\codeql-home\\codeql-latest\\csharp"
                            }
                          ],
                          "csv" : [
                            {
                              "extractor_root" : "C:\\Users\\david\\codeql-home\\codeql-latest\\csv"
                            }
                          ],
                          "go" : [
                            {
                              "extractor_root" : "C:\\Users\\david\\codeql-home\\codeql-latest\\go"
                            }
                          ],
                          "html" : [
                            {
                              "extractor_root" : "C:\\Users\\david\\codeql-home\\codeql-latest\\html"
                            }
                          ],
                          "java" : [
                            {
                              "extractor_root" : "C:\\Users\\david\\codeql-home\\codeql-latest\\java"
                            }
                          ],
                          "javascript" : [
                            {
                              "extractor_root" : "C:\\Users\\david\\codeql-home\\codeql-latest\\javascript"
                            }
                          ],
                          "properties" : [
                            {
                              "extractor_root" : "C:\\Users\\david\\codeql-home\\codeql-latest\\properties"
                            }
                          ],
                          "python" : [
                            {
                              "extractor_root" : "C:\\Users\\david\\codeql-home\\codeql-latest\\python"
                            }
                          ],
                          "ruby" : [
                            {
                              "extractor_root" : "C:\\Users\\david\\codeql-home\\codeql-latest\\ruby"
                            }
                          ],
                          "xml" : [
                            {
                              "extractor_root" : "C:\\Users\\david\\codeql-home\\codeql-latest\\xml"
                            }
                          ]
                        }
                      }
[2021-12-22 13:12:54] [DETAILS] database init> Found candidate extractor root for java: C:\Users\david\codeql-home\codeql-latest\java.
[2021-12-22 13:12:54] [PROGRESS] database init> Successfully loaded extractor Java (java) from C:\Users\david\codeql-home\codeql-latest\java.
[2021-12-22 13:12:54] [PROGRESS] database init> Created skeleton CodeQL database at C:\Users\david\Documents\Pasantia\code-analysis-CodeQL\taintsDatabase. This in-progress database is ready to be populated by an extractor.
[2021-12-22 13:12:54] Plumbing command codeql database init completed.
[2021-12-22 13:12:54] Using autobuild script C:\Users\david\codeql-home\codeql-latest\java\tools\autobuild.cmd.
[2021-12-22 13:12:54] [DETAILS] database create> Detected autobuild command for Java: C:\Users\david\codeql-home\codeql-latest\java\tools\autobuild.cmd.
[2021-12-22 13:12:54] [PROGRESS] database create> Running build command: [C:\Users\david\codeql-home\codeql-latest\java\tools\autobuild.cmd]
[2021-12-22 13:12:54] Running plumbing command: codeql database trace-command --working-dir=C:\Users\david\Documents\Pasantia\code-analysis-CodeQL\taintstepsComparision --index-traceless-dbs --no-db-cluster -- C:\Users\david\Documents\Pasantia\code-analysis-CodeQL\taintsDatabase C:\Users\david\codeql-home\codeql-latest\java\tools\autobuild.cmd
[2021-12-22 13:12:54] Setting up tracing from specification at C:\Users\david\codeql-home\codeql-latest\java\tools\compiler-tracing.spec.
[2021-12-22 13:12:54] Picked up extra JVM args: '-javaagent:C:\Users\david\codeql-home\codeql-latest\java\tools/codeql-java-agent.jar=ignore-project,java' '-Xbootclasspath/a:C:\Users\david\codeql-home\codeql-latest\java\tools/codeql-java-agent.jar'
[2021-12-22 13:12:54] [PROGRESS] database trace-command> Running command in C:\Users\david\Documents\Pasantia\code-analysis-CodeQL\taintstepsComparision: [C:\Users\david\codeql-home\codeql-latest\java\tools\autobuild.cmd]
[2021-12-22 13:12:54] [build-stderr] ERROR: Could not detect a suitable build command for the source checkout.
[2021-12-22 13:12:54] [ERROR] Spawned process exited abnormally (code 1; tried to run: [C:\Users\david\codeql-home\codeql-latest\tools\win64\tracer.exe, C:\Users\david\codeql-home\codeql-latest\tools\win64\runner.exe, cmd.exe, /C, type, NUL, &&, C:\Users\david\codeql-home\codeql-latest\java\tools\autobuild.cmd])
[2021-12-22 13:12:54] Exception caught at top level: Exit status 1 from command: [C:\Users\david\codeql-home\codeql-latest\tools\win64\runner.exe, cmd.exe, /C, type, NUL, &&, C:\Users\david\codeql-home\codeql-latest\java\tools\autobuild.cmd]
                      com.semmle.cli2.database.DatabaseProcessCommandCommon.executeSubcommand(DatabaseProcessCommandCommon.java:188)
                      com.semmle.cli2.database.TraceCommandCommand.executeSubcommand(TraceCommandCommand.java:86)
                      com.semmle.cli2.picocli.PlumbingRunner.run(PlumbingRunner.java:110)
                      com.semmle.cli2.picocli.SubcommandCommon.runPlumbingInProcess(SubcommandCommon.java:161)
                      com.semmle.cli2.database.CreateCommand.executeSubcommand(CreateCommand.java:151)
                      com.semmle.cli2.picocli.SubcommandCommon.call(SubcommandCommon.java:486)
                      com.semmle.cli2.picocli.SubcommandMaker.runMain(SubcommandMaker.java:205)
                      com.semmle.cli2.picocli.SubcommandMaker.runMain(SubcommandMaker.java:214)
                      com.semmle.cli2.CodeQL.main(CodeQL.java:98)
