[T 09:39:48 26728] Reading configuration file C:\Users\david\Downloads\djl-demo-0.15.0\shellDatabase\working\tracing\compiler-tracing15211220113639186791.spec...
[T 09:39:48 26728] Initialising tags...
[T 09:39:48 26728] ID set to 0000000000006868_0000000000000001 (parent root)
[T 09:39:48 26728] Reading configuration file C:\Users\david\Downloads\djl-demo-0.15.0\shellDatabase\working\tracing\compiler-tracing15211220113639186791.spec...
[T 09:39:48 26728] Initialising tags...
[T 09:39:48 26728] ID set to 0000000000006868_0000000000000002 (parent root)
[T 09:39:48 26728] ==== Candidate to intercept: C:\Users\david\codeql-home\codeql-latest\tools\win64\runner.exe ====
[T 09:39:48 35860] Reading configuration file C:\Users\david\Downloads\djl-demo-0.15.0\shellDatabase\working\tracing\compiler-tracing15211220113639186791.spec...
[T 09:39:48 35860] Initialising tags...
[T 09:39:48 35860] ID set to 0000000000008C14_0000000000000001 (parent 0000000000006868_0000000000000001)
[T 09:39:48 35860] ==== Candidate to intercept: C:\Windows\System32\cmd.exe ====
[T 09:39:48 9936] Reading configuration file C:\Users\david\Downloads\djl-demo-0.15.0\shellDatabase\working\tracing\compiler-tracing15211220113639186791.spec...
[T 09:39:48 9936] Initialising tags...
[T 09:39:48 9936] ID set to 00000000000026D0_0000000000000001 (parent 0000000000008C14_0000000000000001)
[T 09:39:48 9936] ==== Candidate to intercept: C:\Users\david\codeql-home\codeql-latest\tools\win64\java\bin\java.exe ====
[T 09:39:48 32780] Reading configuration file C:\Users\david\Downloads\djl-demo-0.15.0\shellDatabase\working\tracing\compiler-tracing15211220113639186791.spec...
[T 09:39:48 32780] Initialising tags...
[T 09:39:48 32780] ID set to 000000000000800C_0000000000000001 (parent 00000000000026D0_0000000000000001)
[T 09:39:48 32780] Loading extra JVM options from SEMMLE_JAVA_TOOL_OPTIONS instead of in-process variable.Passing through -javaagent:C:\Users\david\codeql-home\codeql-latest\java\tools/codeql-java-agent.jar=ignore-project,java to underlying JVM.
[T 09:39:48 32780] Passing through -Xbootclasspath/a:C:\Users\david\codeql-home\codeql-latest\java\tools/codeql-java-agent.jar to underlying JVM.
[T 09:39:48 32780] Intercepted JVM creation with extra hidden args: ['-javaagent:C:\Users\david\codeql-home\codeql-latest\java\tools/codeql-java-agent.jar=ignore-project,java' '-Xbootclasspath/a:C:\Users\david\codeql-home\codeql-latest\java\tools/codeql-java-agent.jar'] (result: 1, 0).
[T 09:39:49 32780] ==== Candidate to intercept: C:\Users\david\codeql-home\codeql-latest\tools\win64\runner.exe ====
[T 09:39:49 34784] Reading configuration file C:\Users\david\Downloads\djl-demo-0.15.0\shellDatabase\working\tracing\compiler-tracing15211220113639186791.spec...
[T 09:39:49 34784] Initialising tags...
[T 09:39:49 34784] ID set to 00000000000087E0_0000000000000001 (parent 000000000000800C_0000000000000001)
[T 09:39:49 34784] ==== Candidate to intercept: C:\Windows\System32\cmd.exe ====
[T 09:39:49 13856] Reading configuration file C:\Users\david\Downloads\djl-demo-0.15.0\shellDatabase\working\tracing\compiler-tracing15211220113639186791.spec...
[T 09:39:49 13856] Initialising tags...
[T 09:39:49 13856] ID set to 0000000000003620_0000000000000001 (parent 00000000000087E0_0000000000000001)
[T 09:39:49 13856] ==== Candidate to intercept: C:\Program Files\Eclipse Foundation\jdk-11.0.12.7-hotspot\bin\java.exe ====
[T 09:39:49 34884] Reading configuration file C:\Users\david\Downloads\djl-demo-0.15.0\shellDatabase\working\tracing\compiler-tracing15211220113639186791.spec...
[T 09:39:49 34884] Initialising tags...
[T 09:39:49 34884] ID set to 0000000000008844_0000000000000001 (parent 0000000000003620_0000000000000001)
[T 09:39:49 34884] Loading extra JVM options from SEMMLE_JAVA_TOOL_OPTIONS instead of in-process variable.Passing through -javaagent:C:\Users\david\codeql-home\codeql-latest\java\tools/codeql-java-agent.jar=ignore-project,java to underlying JVM.
[T 09:39:49 34884] Passing through -Xbootclasspath/a:C:\Users\david\codeql-home\codeql-latest\java\tools/codeql-java-agent.jar to underlying JVM.
[T 09:39:49 34884] Intercepted JVM creation with extra hidden args: ['-javaagent:C:\Users\david\codeql-home\codeql-latest\java\tools/codeql-java-agent.jar=ignore-project,java' '-Xbootclasspath/a:C:\Users\david\codeql-home\codeql-latest\java\tools/codeql-java-agent.jar'] (result: 1, 0).
[T 09:39:50 34884] ==== Candidate to intercept: C:\Program Files\Eclipse Foundation\jdk-11.0.12.7-hotspot\bin\java.exe ====
[T 09:39:50 15640] Reading configuration file C:\Users\david\Downloads\djl-demo-0.15.0\shellDatabase\working\tracing\compiler-tracing15211220113639186791.spec...
[T 09:39:50 15640] Initialising tags...
[T 09:39:50 15640] ID set to 0000000000003D18_0000000000000001 (parent 0000000000008844_0000000000000001)
[T 09:39:50 15640] Loading extra JVM options from SEMMLE_JAVA_TOOL_OPTIONS instead of in-process variable.Passing through -javaagent:C:\Users\david\codeql-home\codeql-latest\java\tools/codeql-java-agent.jar=ignore-project,java to underlying JVM.
[T 09:39:50 15640] Passing through -Xbootclasspath/a:C:\Users\david\codeql-home\codeql-latest\java\tools/codeql-java-agent.jar to underlying JVM.
[T 09:39:50 15640] Intercepted JVM creation with extra hidden args: ['-javaagent:C:\Users\david\codeql-home\codeql-latest\java\tools/codeql-java-agent.jar=ignore-project,java' '-Xbootclasspath/a:C:\Users\david\codeql-home\codeql-latest\java\tools/codeql-java-agent.jar'] (result: 1, 0).
[T 09:39:54 32780] ==== Candidate to intercept: C:\Users\david\codeql-home\codeql-latest\tools\win64\runner.exe ====
[T 09:39:54 30300] Reading configuration file C:\Users\david\Downloads\djl-demo-0.15.0\shellDatabase\working\tracing\compiler-tracing15211220113639186791.spec...
[T 09:39:54 30300] Initialising tags...
[T 09:39:54 30300] ID set to 000000000000765C_0000000000000001 (parent 000000000000800C_0000000000000001)
[T 09:39:54 30300] ==== Candidate to intercept: C:\Windows\System32\cmd.exe ====
[T 09:39:54 32188] Reading configuration file C:\Users\david\Downloads\djl-demo-0.15.0\shellDatabase\working\tracing\compiler-tracing15211220113639186791.spec...
[T 09:39:54 32188] Initialising tags...
[T 09:39:54 32188] ID set to 0000000000007DBC_0000000000000001 (parent 000000000000765C_0000000000000001)
[T 09:39:54 32188] ==== Candidate to intercept: C:\Program Files\Eclipse Foundation\jdk-11.0.12.7-hotspot\bin\java.exe ====
[T 09:39:54 27436] Reading configuration file C:\Users\david\Downloads\djl-demo-0.15.0\shellDatabase\working\tracing\compiler-tracing15211220113639186791.spec...
[T 09:39:54 27436] Initialising tags...
[T 09:39:54 27436] ID set to 0000000000006B2C_0000000000000001 (parent 0000000000007DBC_0000000000000001)
[T 09:39:54 27436] Loading extra JVM options from SEMMLE_JAVA_TOOL_OPTIONS instead of in-process variable.Passing through -javaagent:C:\Users\david\codeql-home\codeql-latest\java\tools/codeql-java-agent.jar=ignore-project,java to underlying JVM.
[T 09:39:54 27436] Passing through -Xbootclasspath/a:C:\Users\david\codeql-home\codeql-latest\java\tools/codeql-java-agent.jar to underlying JVM.
[T 09:39:54 27436] Intercepted JVM creation with extra hidden args: ['-javaagent:C:\Users\david\codeql-home\codeql-latest\java\tools/codeql-java-agent.jar=ignore-project,java' '-Xbootclasspath/a:C:\Users\david\codeql-home\codeql-latest\java\tools/codeql-java-agent.jar'] (result: 1, 0).
[T 09:39:55 27436] ==== Candidate to intercept: C:\Program Files\Eclipse Foundation\jdk-11.0.12.7-hotspot\bin\java.exe ====
[T 09:39:55 24412] Reading configuration file C:\Users\david\Downloads\djl-demo-0.15.0\shellDatabase\working\tracing\compiler-tracing15211220113639186791.spec...
[T 09:39:55 24412] Initialising tags...
[T 09:39:55 24412] ID set to 0000000000005F5C_0000000000000001 (parent 0000000000006B2C_0000000000000001)
[T 09:39:55 24412] Loading extra JVM options from SEMMLE_JAVA_TOOL_OPTIONS instead of in-process variable.Passing through -javaagent:C:\Users\david\codeql-home\codeql-latest\java\tools/codeql-java-agent.jar=ignore-project,java to underlying JVM.
[T 09:39:55 24412] Passing through -Xbootclasspath/a:C:\Users\david\codeql-home\codeql-latest\java\tools/codeql-java-agent.jar to underlying JVM.
[T 09:39:55 24412] Intercepted JVM creation with extra hidden args: ['-javaagent:C:\Users\david\codeql-home\codeql-latest\java\tools/codeql-java-agent.jar=ignore-project,java' '-Xbootclasspath/a:C:\Users\david\codeql-home\codeql-latest\java\tools/codeql-java-agent.jar'] (result: 1, 0).
[T 09:40:04 24412] ==== Candidate to intercept: C:\Program Files\Eclipse Foundation\jdk-11.0.12.7-hotspot\bin\java.exe ====
[T 09:40:04 37104] Reading configuration file C:\Users\david\Downloads\djl-demo-0.15.0\shellDatabase\working\tracing\compiler-tracing15211220113639186791.spec...
[T 09:40:04 37104] Initialising tags...
[T 09:40:04 37104] ID set to 00000000000090F0_0000000000000001 (parent 0000000000005F5C_0000000000000001)
[T 09:40:04 37104] Loading extra JVM options from SEMMLE_JAVA_TOOL_OPTIONS instead of in-process variable.Passing through -javaagent:C:\Users\david\codeql-home\codeql-latest\java\tools/codeql-java-agent.jar=ignore-project,java to underlying JVM.
[T 09:40:04 37104] Passing through -Xbootclasspath/a:C:\Users\david\codeql-home\codeql-latest\java\tools/codeql-java-agent.jar to underlying JVM.
[T 09:40:04 37104] Intercepted JVM creation with extra hidden args: ['-javaagent:C:\Users\david\codeql-home\codeql-latest\java\tools/codeql-java-agent.jar=ignore-project,java' '-Xbootclasspath/a:C:\Users\david\codeql-home\codeql-latest\java\tools/codeql-java-agent.jar'] (result: 1, 0).
[T 09:40:14 24412] ==== Candidate to intercept: C:\Program Files\Eclipse Foundation\jdk-11.0.12.7-hotspot\bin\java.exe ====
[T 09:40:14 14504] Reading configuration file C:\Users\david\Downloads\djl-demo-0.15.0\shellDatabase\working\tracing\compiler-tracing15211220113639186791.spec...
[T 09:40:14 14504] Initialising tags...
[T 09:40:14 14504] ID set to 00000000000038A8_0000000000000001 (parent 0000000000005F5C_0000000000000001)
[T 09:40:14 14504] Loading extra JVM options from SEMMLE_JAVA_TOOL_OPTIONS instead of in-process variable.Passing through -javaagent:C:\Users\david\codeql-home\codeql-latest\java\tools/codeql-java-agent.jar=ignore-project,java to underlying JVM.
[T 09:40:14 14504] Passing through -Xbootclasspath/a:C:\Users\david\codeql-home\codeql-latest\java\tools/codeql-java-agent.jar to underlying JVM.
[T 09:40:14 14504] Intercepted JVM creation with extra hidden args: ['-javaagent:C:\Users\david\codeql-home\codeql-latest\java\tools/codeql-java-agent.jar=ignore-project,java' '-Xbootclasspath/a:C:\Users\david\codeql-home\codeql-latest\java\tools/codeql-java-agent.jar'] (result: 1, 0).
