[2022-01-19 09:40:17] This is codeql database index-files --include-extension=.xml --size-limit 10m --language xml -- C:\Users\david\Downloads\djl-demo-0.15.0\shellDatabase
[2022-01-19 09:40:17] Log file was started late.
[2022-01-19 09:40:17] Using index-files script C:\Users\david\codeql-home\codeql-latest\xml\tools\index-files.cmd.
[2022-01-19 09:40:17] [PROGRESS] database index-files> Scanning for files in C:\Users\david\Downloads\djl-demo-0.15.0...
[2022-01-19 09:40:17] Calling plumbing command: codeql resolve files --include-extension=.xml --size-limit=10m C:\Users\david\Downloads\djl-demo-0.15.0 --format=json
[2022-01-19 09:40:17] [PROGRESS] resolve files> Scanning C:\Users\david\Downloads\djl-demo-0.15.0...
[2022-01-19 09:40:17] [PROGRESS] resolve files> Scanning C:\Users\david\Downloads\djl-demo-0.15.0\.github...
[2022-01-19 09:40:17] [PROGRESS] resolve files> Scanning C:\Users\david\Downloads\djl-demo-0.15.0\.github\workflows...
[2022-01-19 09:40:17] [PROGRESS] resolve files> Scanning C:\Users\david\Downloads\djl-demo-0.15.0\.gradle...
[2022-01-19 09:40:17] [PROGRESS] resolve files> Scanning C:\Users\david\Downloads\djl-demo-0.15.0\.gradle\7.3.3...
[2022-01-19 09:40:17] [PROGRESS] resolve files> Scanning C:\Users\david\Downloads\djl-demo-0.15.0\.gradle\7.3.3\checksums...
[2022-01-19 09:40:17] [PROGRESS] resolve files> Scanning C:\Users\david\Downloads\djl-demo-0.15.0\.gradle\7.3.3\dependencies-accessors...
[2022-01-19 09:40:17] [PROGRESS] resolve files> Scanning C:\Users\david\Downloads\djl-demo-0.15.0\.gradle\7.3.3\executionHistory...
[2022-01-19 09:40:17] [PROGRESS] resolve files> Scanning C:\Users\david\Downloads\djl-demo-0.15.0\.gradle\7.3.3\fileChanges...
[2022-01-19 09:40:17] [PROGRESS] resolve files> Scanning C:\Users\david\Downloads\djl-demo-0.15.0\.gradle\7.3.3\fileHashes...
[2022-01-19 09:40:17] [PROGRESS] resolve files> Scanning C:\Users\david\Downloads\djl-demo-0.15.0\.gradle\7.3.3\vcsMetadata...
[2022-01-19 09:40:17] [PROGRESS] resolve files> Scanning C:\Users\david\Downloads\djl-demo-0.15.0\.gradle\buildOutputCleanup...
[2022-01-19 09:40:17] [PROGRESS] resolve files> Scanning C:\Users\david\Downloads\djl-demo-0.15.0\.gradle\vcs-1...
[2022-01-19 09:40:17] [PROGRESS] resolve files> Scanning C:\Users\david\Downloads\djl-demo-0.15.0\android...
[2022-01-19 09:40:17] [PROGRESS] resolve files> Scanning C:\Users\david\Downloads\djl-demo-0.15.0\android\face_detection...
[2022-01-19 09:40:17] [PROGRESS] resolve files> Scanning C:\Users\david\Downloads\djl-demo-0.15.0\android\face_detection\app...
[2022-01-19 09:40:17] [PROGRESS] resolve files> Scanning C:\Users\david\Downloads\djl-demo-0.15.0\android\face_detection\app\src...
[2022-01-19 09:40:17] [PROGRESS] resolve files> Scanning C:\Users\david\Downloads\djl-demo-0.15.0\android\face_detection\app\src\main...
[2022-01-19 09:40:17] [PROGRESS] resolve files> Scanning C:\Users\david\Downloads\djl-demo-0.15.0\android\face_detection\app\src\main\assets...
[2022-01-19 09:40:17] [PROGRESS] resolve files> Scanning C:\Users\david\Downloads\djl-demo-0.15.0\android\face_detection\app\src\main\assets\img...
[2022-01-19 09:40:17] [PROGRESS] resolve files> Scanning C:\Users\david\Downloads\djl-demo-0.15.0\android\face_detection\app\src\main\java...
[2022-01-19 09:40:17] [PROGRESS] resolve files> Scanning C:\Users\david\Downloads\djl-demo-0.15.0\android\face_detection\app\src\main\java\ai...
[2022-01-19 09:40:17] [PROGRESS] resolve files> Scanning C:\Users\david\Downloads\djl-demo-0.15.0\android\face_detection\app\src\main\java\ai\djl...
[2022-01-19 09:40:17] [PROGRESS] resolve files> Scanning C:\Users\david\Downloads\djl-demo-0.15.0\android\face_detection\app\src\main\java\ai\djl\examples...
[2022-01-19 09:40:17] [PROGRESS] resolve files> Scanning C:\Users\david\Downloads\djl-demo-0.15.0\android\face_detection\app\src\main\java\ai\djl\examples\detection...
[2022-01-19 09:40:17] [PROGRESS] resolve files> Scanning C:\Users\david\Downloads\djl-demo-0.15.0\android\face_detection\app\src\main\java\ai\djl\examples\detection\domain...
[2022-01-19 09:40:17] [PROGRESS] resolve files> Scanning C:\Users\david\Downloads\djl-demo-0.15.0\android\face_detection\app\src\main\java\ai\djl\examples\detection\utils...
[2022-01-19 09:40:17] [PROGRESS] resolve files> Scanning C:\Users\david\Downloads\djl-demo-0.15.0\android\face_detection\app\src\main\res...
[2022-01-19 09:40:17] [PROGRESS] resolve files> Scanning C:\Users\david\Downloads\djl-demo-0.15.0\android\face_detection\app\src\main\res\drawable...
[2022-01-19 09:40:17] [PROGRESS] resolve files> Scanning C:\Users\david\Downloads\djl-demo-0.15.0\android\face_detection\app\src\main\res\layout...
[2022-01-19 09:40:17] [PROGRESS] resolve files> Scanning C:\Users\david\Downloads\djl-demo-0.15.0\android\face_detection\app\src\main\res\mipmap-hdpi...
[2022-01-19 09:40:17] [PROGRESS] resolve files> Scanning C:\Users\david\Downloads\djl-demo-0.15.0\android\face_detection\app\src\main\res\mipmap-xhdpi...
[2022-01-19 09:40:17] [PROGRESS] resolve files> Scanning C:\Users\david\Downloads\djl-demo-0.15.0\android\face_detection\app\src\main\res\mipmap-xxhdpi...
[2022-01-19 09:40:17] [PROGRESS] resolve files> Scanning C:\Users\david\Downloads\djl-demo-0.15.0\android\face_detection\app\src\main\res\mipmap-xxxhdpi...
[2022-01-19 09:40:17] [PROGRESS] resolve files> Scanning C:\Users\david\Downloads\djl-demo-0.15.0\android\face_detection\app\src\main\res\values...
[2022-01-19 09:40:17] [PROGRESS] resolve files> Scanning C:\Users\david\Downloads\djl-demo-0.15.0\android\face_detection\app\src\main\res\xml...
[2022-01-19 09:40:17] [PROGRESS] resolve files> Scanning C:\Users\david\Downloads\djl-demo-0.15.0\android\face_detection\gradle...
[2022-01-19 09:40:17] [PROGRESS] resolve files> Scanning C:\Users\david\Downloads\djl-demo-0.15.0\android\face_detection\gradle\wrapper...
[2022-01-19 09:40:17] [PROGRESS] resolve files> Scanning C:\Users\david\Downloads\djl-demo-0.15.0\android\face_detection\img...
[2022-01-19 09:40:17] [PROGRESS] resolve files> Scanning C:\Users\david\Downloads\djl-demo-0.15.0\android\mxnet-android...
[2022-01-19 09:40:17] [PROGRESS] resolve files> Scanning C:\Users\david\Downloads\djl-demo-0.15.0\android\mxnet-android\gradle...
[2022-01-19 09:40:17] [PROGRESS] resolve files> Scanning C:\Users\david\Downloads\djl-demo-0.15.0\android\mxnet-android\gradle\wrapper...
[2022-01-19 09:40:17] [PROGRESS] resolve files> Scanning C:\Users\david\Downloads\djl-demo-0.15.0\android\mxnet-android\mxnet_android_template...
[2022-01-19 09:40:17] [PROGRESS] resolve files> Scanning C:\Users\david\Downloads\djl-demo-0.15.0\android\mxnet-android\mxnet_android_template\src...
[2022-01-19 09:40:17] [PROGRESS] resolve files> Scanning C:\Users\david\Downloads\djl-demo-0.15.0\android\mxnet-android\mxnet_android_template\src\androidTest...
[2022-01-19 09:40:17] [PROGRESS] resolve files> Scanning C:\Users\david\Downloads\djl-demo-0.15.0\android\mxnet-android\mxnet_android_template\src\androidTest\java...
[2022-01-19 09:40:17] [PROGRESS] resolve files> Scanning C:\Users\david\Downloads\djl-demo-0.15.0\android\mxnet-android\mxnet_android_template\src\androidTest\java\ai...
[2022-01-19 09:40:17] [PROGRESS] resolve files> Scanning C:\Users\david\Downloads\djl-demo-0.15.0\android\mxnet-android\mxnet_android_template\src\androidTest\java\ai\djl...
[2022-01-19 09:40:17] [PROGRESS] resolve files> Scanning C:\Users\david\Downloads\djl-demo-0.15.0\android\mxnet-android\mxnet_android_template\src\androidTest\java\ai\djl\examples...
[2022-01-19 09:40:17] [PROGRESS] resolve files> Scanning C:\Users\david\Downloads\djl-demo-0.15.0\android\mxnet-android\mxnet_android_template\src\main...
[2022-01-19 09:40:17] [PROGRESS] resolve files> Scanning C:\Users\david\Downloads\djl-demo-0.15.0\android\mxnet-android\mxnet_android_template\src\main\java...
[2022-01-19 09:40:17] [PROGRESS] resolve files> Scanning C:\Users\david\Downloads\djl-demo-0.15.0\android\mxnet-android\mxnet_android_template\src\main\java\ai...
[2022-01-19 09:40:17] [PROGRESS] resolve files> Scanning C:\Users\david\Downloads\djl-demo-0.15.0\android\mxnet-android\mxnet_android_template\src\main\java\ai\djl...
[2022-01-19 09:40:17] [PROGRESS] resolve files> Scanning C:\Users\david\Downloads\djl-demo-0.15.0\android\mxnet-android\mxnet_android_template\src\main\java\ai\djl\examples...
[2022-01-19 09:40:17] [PROGRESS] resolve files> Scanning C:\Users\david\Downloads\djl-demo-0.15.0\android\mxnet-android\mxnet_android_template\src\main\res...
[2022-01-19 09:40:17] [PROGRESS] resolve files> Scanning C:\Users\david\Downloads\djl-demo-0.15.0\android\mxnet-android\mxnet_android_template\src\main\res\drawable...
[2022-01-19 09:40:17] [PROGRESS] resolve files> Scanning C:\Users\david\Downloads\djl-demo-0.15.0\android\mxnet-android\mxnet_android_template\src\main\res\drawable-v24...
[2022-01-19 09:40:17] [PROGRESS] resolve files> Scanning C:\Users\david\Downloads\djl-demo-0.15.0\android\mxnet-android\mxnet_android_template\src\main\res\layout...
[2022-01-19 09:40:17] [PROGRESS] resolve files> Scanning C:\Users\david\Downloads\djl-demo-0.15.0\android\mxnet-android\mxnet_android_template\src\main\res\mipmap-anydpi-v26...
[2022-01-19 09:40:17] [PROGRESS] resolve files> Scanning C:\Users\david\Downloads\djl-demo-0.15.0\android\mxnet-android\mxnet_android_template\src\main\res\mipmap-hdpi...
[2022-01-19 09:40:17] [PROGRESS] resolve files> Scanning C:\Users\david\Downloads\djl-demo-0.15.0\android\mxnet-android\mxnet_android_template\src\main\res\mipmap-mdpi...
[2022-01-19 09:40:17] [PROGRESS] resolve files> Scanning C:\Users\david\Downloads\djl-demo-0.15.0\android\mxnet-android\mxnet_android_template\src\main\res\mipmap-xhdpi...
[2022-01-19 09:40:17] [PROGRESS] resolve files> Scanning C:\Users\david\Downloads\djl-demo-0.15.0\android\mxnet-android\mxnet_android_template\src\main\res\mipmap-xxhdpi...
[2022-01-19 09:40:17] [PROGRESS] resolve files> Scanning C:\Users\david\Downloads\djl-demo-0.15.0\android\mxnet-android\mxnet_android_template\src\main\res\mipmap-xxxhdpi...
[2022-01-19 09:40:17] [PROGRESS] resolve files> Scanning C:\Users\david\Downloads\djl-demo-0.15.0\android\mxnet-android\mxnet_android_template\src\main\res\values...
[2022-01-19 09:40:17] [PROGRESS] resolve files> Scanning C:\Users\david\Downloads\djl-demo-0.15.0\android\mxnet-android\mxnet_android_template\src\test...
[2022-01-19 09:40:17] [PROGRESS] resolve files> Scanning C:\Users\david\Downloads\djl-demo-0.15.0\android\mxnet-android\mxnet_android_template\src\test\java...
[2022-01-19 09:40:17] [PROGRESS] resolve files> Scanning C:\Users\david\Downloads\djl-demo-0.15.0\android\mxnet-android\mxnet_android_template\src\test\java\ai...
[2022-01-19 09:40:17] [PROGRESS] resolve files> Scanning C:\Users\david\Downloads\djl-demo-0.15.0\android\mxnet-android\mxnet_android_template\src\test\java\ai\djl...
[2022-01-19 09:40:17] [PROGRESS] resolve files> Scanning C:\Users\david\Downloads\djl-demo-0.15.0\android\mxnet-android\mxnet_android_template\src\test\java\ai\djl\examples...
[2022-01-19 09:40:17] [PROGRESS] resolve files> Scanning C:\Users\david\Downloads\djl-demo-0.15.0\android\pytorch_android...
[2022-01-19 09:40:17] [PROGRESS] resolve files> Scanning C:\Users\david\Downloads\djl-demo-0.15.0\android\pytorch_android\gradle...
[2022-01-19 09:40:17] [PROGRESS] resolve files> Scanning C:\Users\david\Downloads\djl-demo-0.15.0\android\pytorch_android\gradle\wrapper...
[2022-01-19 09:40:17] [PROGRESS] resolve files> Scanning C:\Users\david\Downloads\djl-demo-0.15.0\android\pytorch_android\img...
[2022-01-19 09:40:17] [PROGRESS] resolve files> Scanning C:\Users\david\Downloads\djl-demo-0.15.0\android\pytorch_android\quickdraw_recognition...
[2022-01-19 09:40:17] [PROGRESS] resolve files> Scanning C:\Users\david\Downloads\djl-demo-0.15.0\android\pytorch_android\quickdraw_recognition\src...
[2022-01-19 09:40:17] [PROGRESS] resolve files> Scanning C:\Users\david\Downloads\djl-demo-0.15.0\android\pytorch_android\quickdraw_recognition\src\main...
[2022-01-19 09:40:17] [PROGRESS] resolve files> Scanning C:\Users\david\Downloads\djl-demo-0.15.0\android\pytorch_android\quickdraw_recognition\src\main\java...
[2022-01-19 09:40:17] [PROGRESS] resolve files> Scanning C:\Users\david\Downloads\djl-demo-0.15.0\android\pytorch_android\quickdraw_recognition\src\main\java\ai...
[2022-01-19 09:40:17] [PROGRESS] resolve files> Scanning C:\Users\david\Downloads\djl-demo-0.15.0\android\pytorch_android\quickdraw_recognition\src\main\java\ai\djl...
[2022-01-19 09:40:17] [PROGRESS] resolve files> Scanning C:\Users\david\Downloads\djl-demo-0.15.0\android\pytorch_android\quickdraw_recognition\src\main\java\ai\djl\examples...
[2022-01-19 09:40:17] [PROGRESS] resolve files> Scanning C:\Users\david\Downloads\djl-demo-0.15.0\android\pytorch_android\quickdraw_recognition\src\main\java\ai\djl\examples\quickdraw...
[2022-01-19 09:40:17] [PROGRESS] resolve files> Scanning C:\Users\david\Downloads\djl-demo-0.15.0\android\pytorch_android\quickdraw_recognition\src\main\res...
[2022-01-19 09:40:17] [PROGRESS] resolve files> Scanning C:\Users\david\Downloads\djl-demo-0.15.0\android\pytorch_android\quickdraw_recognition\src\main\res\drawable...
[2022-01-19 09:40:17] [PROGRESS] resolve files> Scanning C:\Users\david\Downloads\djl-demo-0.15.0\android\pytorch_android\quickdraw_recognition\src\main\res\layout...
[2022-01-19 09:40:17] [PROGRESS] resolve files> Scanning C:\Users\david\Downloads\djl-demo-0.15.0\android\pytorch_android\quickdraw_recognition\src\main\res\mipmap-hdpi...
[2022-01-19 09:40:17] [PROGRESS] resolve files> Scanning C:\Users\david\Downloads\djl-demo-0.15.0\android\pytorch_android\quickdraw_recognition\src\main\res\mipmap-xhdpi...
[2022-01-19 09:40:17] [PROGRESS] resolve files> Scanning C:\Users\david\Downloads\djl-demo-0.15.0\android\pytorch_android\quickdraw_recognition\src\main\res\mipmap-xxhdpi...
[2022-01-19 09:40:17] [PROGRESS] resolve files> Scanning C:\Users\david\Downloads\djl-demo-0.15.0\android\pytorch_android\quickdraw_recognition\src\main\res\mipmap-xxxhdpi...
[2022-01-19 09:40:17] [PROGRESS] resolve files> Scanning C:\Users\david\Downloads\djl-demo-0.15.0\android\pytorch_android\quickdraw_recognition\src\main\res\values...
[2022-01-19 09:40:17] [PROGRESS] resolve files> Scanning C:\Users\david\Downloads\djl-demo-0.15.0\android\pytorch_android\quickdraw_recognition\src\main\res\xml...
[2022-01-19 09:40:17] [PROGRESS] resolve files> Scanning C:\Users\david\Downloads\djl-demo-0.15.0\android\pytorch_android\style_transfer_cyclegan...
[2022-01-19 09:40:17] [PROGRESS] resolve files> Scanning C:\Users\david\Downloads\djl-demo-0.15.0\android\pytorch_android\style_transfer_cyclegan\src...
[2022-01-19 09:40:17] [PROGRESS] resolve files> Scanning C:\Users\david\Downloads\djl-demo-0.15.0\android\pytorch_android\style_transfer_cyclegan\src\main...
[2022-01-19 09:40:17] [PROGRESS] resolve files> Scanning C:\Users\david\Downloads\djl-demo-0.15.0\android\pytorch_android\style_transfer_cyclegan\src\main\java...
[2022-01-19 09:40:17] [PROGRESS] resolve files> Scanning C:\Users\david\Downloads\djl-demo-0.15.0\android\pytorch_android\style_transfer_cyclegan\src\main\java\ai...
[2022-01-19 09:40:17] [PROGRESS] resolve files> Scanning C:\Users\david\Downloads\djl-demo-0.15.0\android\pytorch_android\style_transfer_cyclegan\src\main\java\ai\djl...
[2022-01-19 09:40:17] [PROGRESS] resolve files> Scanning C:\Users\david\Downloads\djl-demo-0.15.0\android\pytorch_android\style_transfer_cyclegan\src\main\java\ai\djl\examples...
[2022-01-19 09:40:17] [PROGRESS] resolve files> Scanning C:\Users\david\Downloads\djl-demo-0.15.0\android\pytorch_android\style_transfer_cyclegan\src\main\java\ai\djl\examples\styletransfer...
[2022-01-19 09:40:17] [PROGRESS] resolve files> Scanning C:\Users\david\Downloads\djl-demo-0.15.0\android\pytorch_android\style_transfer_cyclegan\src\main\res...
[2022-01-19 09:40:17] [PROGRESS] resolve files> Scanning C:\Users\david\Downloads\djl-demo-0.15.0\android\pytorch_android\style_transfer_cyclegan\src\main\res\drawable...
[2022-01-19 09:40:17] [PROGRESS] resolve files> Scanning C:\Users\david\Downloads\djl-demo-0.15.0\android\pytorch_android\style_transfer_cyclegan\src\main\res\drawable-v24...
[2022-01-19 09:40:17] [PROGRESS] resolve files> Scanning C:\Users\david\Downloads\djl-demo-0.15.0\android\pytorch_android\style_transfer_cyclegan\src\main\res\layout...
[2022-01-19 09:40:17] [PROGRESS] resolve files> Scanning C:\Users\david\Downloads\djl-demo-0.15.0\android\pytorch_android\style_transfer_cyclegan\src\main\res\mipmap-anydpi-v26...
[2022-01-19 09:40:17] [PROGRESS] resolve files> Scanning C:\Users\david\Downloads\djl-demo-0.15.0\android\pytorch_android\style_transfer_cyclegan\src\main\res\mipmap-hdpi...
[2022-01-19 09:40:17] [PROGRESS] resolve files> Scanning C:\Users\david\Downloads\djl-demo-0.15.0\android\pytorch_android\style_transfer_cyclegan\src\main\res\mipmap-mdpi...
[2022-01-19 09:40:17] [PROGRESS] resolve files> Scanning C:\Users\david\Downloads\djl-demo-0.15.0\android\pytorch_android\style_transfer_cyclegan\src\main\res\mipmap-xhdpi...
[2022-01-19 09:40:17] [PROGRESS] resolve files> Scanning C:\Users\david\Downloads\djl-demo-0.15.0\android\pytorch_android\style_transfer_cyclegan\src\main\res\mipmap-xxhdpi...
[2022-01-19 09:40:17] [PROGRESS] resolve files> Scanning C:\Users\david\Downloads\djl-demo-0.15.0\android\pytorch_android\style_transfer_cyclegan\src\main\res\mipmap-xxxhdpi...
[2022-01-19 09:40:17] [PROGRESS] resolve files> Scanning C:\Users\david\Downloads\djl-demo-0.15.0\android\pytorch_android\style_transfer_cyclegan\src\main\res\values...
[2022-01-19 09:40:17] [PROGRESS] resolve files> Scanning C:\Users\david\Downloads\djl-demo-0.15.0\android\pytorch_android\style_transfer_cyclegan\src\main\res\values-night...
[2022-01-19 09:40:17] [PROGRESS] resolve files> Scanning C:\Users\david\Downloads\djl-demo-0.15.0\apache-beam...
[2022-01-19 09:40:17] [PROGRESS] resolve files> Scanning C:\Users\david\Downloads\djl-demo-0.15.0\apache-beam\ctr-prediction...
[2022-01-19 09:40:17] [PROGRESS] resolve files> Scanning C:\Users\david\Downloads\djl-demo-0.15.0\apache-beam\ctr-prediction\src...
[2022-01-19 09:40:17] [PROGRESS] resolve files> Scanning C:\Users\david\Downloads\djl-demo-0.15.0\apache-beam\ctr-prediction\src\main...
[2022-01-19 09:40:17] [PROGRESS] resolve files> Scanning C:\Users\david\Downloads\djl-demo-0.15.0\apache-beam\ctr-prediction\src\main\java...
[2022-01-19 09:40:17] [PROGRESS] resolve files> Scanning C:\Users\david\Downloads\djl-demo-0.15.0\apache-beam\ctr-prediction\src\main\java\org...
[2022-01-19 09:40:17] [PROGRESS] resolve files> Scanning C:\Users\david\Downloads\djl-demo-0.15.0\apache-beam\ctr-prediction\src\main\java\org\example...
[2022-01-19 09:40:17] [PROGRESS] resolve files> Scanning C:\Users\david\Downloads\djl-demo-0.15.0\apache-beam\ctr-prediction\src\main\java\org\example\ctrprediction...
[2022-01-19 09:40:17] [PROGRESS] resolve files> Scanning C:\Users\david\Downloads\djl-demo-0.15.0\apache-flink...
[2022-01-19 09:40:17] [PROGRESS] resolve files> Scanning C:\Users\david\Downloads\djl-demo-0.15.0\apache-flink\sentence_embedding...
[2022-01-19 09:40:17] [PROGRESS] resolve files> Scanning C:\Users\david\Downloads\djl-demo-0.15.0\apache-flink\sentence_embedding\src...
[2022-01-19 09:40:17] [PROGRESS] resolve files> Scanning C:\Users\david\Downloads\djl-demo-0.15.0\apache-flink\sentence_embedding\src\main...
[2022-01-19 09:40:17] [PROGRESS] resolve files> Scanning C:\Users\david\Downloads\djl-demo-0.15.0\apache-flink\sentence_embedding\src\main\java...
[2022-01-19 09:40:17] [PROGRESS] resolve files> Scanning C:\Users\david\Downloads\djl-demo-0.15.0\apache-flink\sentence_embedding\src\main\java\com...
[2022-01-19 09:40:17] [PROGRESS] resolve files> Scanning C:\Users\david\Downloads\djl-demo-0.15.0\apache-flink\sentence_embedding\src\main\java\com\example...
[2022-01-19 09:40:17] [PROGRESS] resolve files> Scanning C:\Users\david\Downloads\djl-demo-0.15.0\apache-flink\sentiment-analysis...
[2022-01-19 09:40:17] [PROGRESS] resolve files> Scanning C:\Users\david\Downloads\djl-demo-0.15.0\apache-flink\sentiment-analysis\img...
[2022-01-19 09:40:17] [PROGRESS] resolve files> Scanning C:\Users\david\Downloads\djl-demo-0.15.0\apache-flink\sentiment-analysis\src...
[2022-01-19 09:40:17] [PROGRESS] resolve files> Scanning C:\Users\david\Downloads\djl-demo-0.15.0\apache-flink\sentiment-analysis\src\main...
[2022-01-19 09:40:17] [PROGRESS] resolve files> Scanning C:\Users\david\Downloads\djl-demo-0.15.0\apache-flink\sentiment-analysis\src\main\java...
[2022-01-19 09:40:17] [PROGRESS] resolve files> Scanning C:\Users\david\Downloads\djl-demo-0.15.0\apache-flink\sentiment-analysis\src\main\java\com...
[2022-01-19 09:40:17] [PROGRESS] resolve files> Scanning C:\Users\david\Downloads\djl-demo-0.15.0\apache-flink\sentiment-analysis\src\main\java\com\example...
[2022-01-19 09:40:17] [PROGRESS] resolve files> Scanning C:\Users\david\Downloads\djl-demo-0.15.0\apache-kafka...
[2022-01-19 09:40:17] [PROGRESS] resolve files> Scanning C:\Users\david\Downloads\djl-demo-0.15.0\apache-kafka\src...
[2022-01-19 09:40:17] [PROGRESS] resolve files> Scanning C:\Users\david\Downloads\djl-demo-0.15.0\apache-kafka\src\main...
[2022-01-19 09:40:17] [PROGRESS] resolve files> Scanning C:\Users\david\Downloads\djl-demo-0.15.0\apache-kafka\src\main\java...
[2022-01-19 09:40:17] [PROGRESS] resolve files> Scanning C:\Users\david\Downloads\djl-demo-0.15.0\apache-kafka\src\main\java\com...
[2022-01-19 09:40:17] [PROGRESS] resolve files> Scanning C:\Users\david\Downloads\djl-demo-0.15.0\apache-kafka\src\main\java\com\example...
[2022-01-19 09:40:17] [PROGRESS] resolve files> Scanning C:\Users\david\Downloads\djl-demo-0.15.0\apache-spark...
[2022-01-19 09:40:17] [PROGRESS] resolve files> Scanning C:\Users\david\Downloads\djl-demo-0.15.0\apache-spark\image-classification...
[2022-01-19 09:40:17] [PROGRESS] resolve files> Scanning C:\Users\david\Downloads\djl-demo-0.15.0\apache-spark\image-classification\images...
[2022-01-19 09:40:17] [PROGRESS] resolve files> Scanning C:\Users\david\Downloads\djl-demo-0.15.0\apache-spark\image-classification\src...
[2022-01-19 09:40:17] [PROGRESS] resolve files> Scanning C:\Users\david\Downloads\djl-demo-0.15.0\apache-spark\image-classification\src\main...
[2022-01-19 09:40:17] [PROGRESS] resolve files> Scanning C:\Users\david\Downloads\djl-demo-0.15.0\apache-spark\image-classification\src\main\scala...
[2022-01-19 09:40:17] [PROGRESS] resolve files> Scanning C:\Users\david\Downloads\djl-demo-0.15.0\apache-spark\image-classification\src\main\scala\com...
[2022-01-19 09:40:17] [PROGRESS] resolve files> Scanning C:\Users\david\Downloads\djl-demo-0.15.0\apache-spark\image-classification\src\main\scala\com\examples...
[2022-01-19 09:40:17] [PROGRESS] resolve files> Scanning C:\Users\david\Downloads\djl-demo-0.15.0\apache-spark\notebook...
[2022-01-19 09:40:17] [PROGRESS] resolve files> Scanning C:\Users\david\Downloads\djl-demo-0.15.0\apache-spark\spark3.0...
[2022-01-19 09:40:17] [PROGRESS] resolve files> Scanning C:\Users\david\Downloads\djl-demo-0.15.0\apache-spark\spark3.0\image-classification...
[2022-01-19 09:40:17] [PROGRESS] resolve files> Scanning C:\Users\david\Downloads\djl-demo-0.15.0\apache-spark\spark3.0\image-classification\src...
[2022-01-19 09:40:17] [PROGRESS] resolve files> Scanning C:\Users\david\Downloads\djl-demo-0.15.0\apache-spark\spark3.0\image-classification\src\main...
[2022-01-19 09:40:17] [PROGRESS] resolve files> Scanning C:\Users\david\Downloads\djl-demo-0.15.0\apache-spark\spark3.0\image-classification\src\main\scala...
[2022-01-19 09:40:17] [PROGRESS] resolve files> Scanning C:\Users\david\Downloads\djl-demo-0.15.0\apache-spark\spark3.0\image-classification\src\main\scala\com...
[2022-01-19 09:40:17] [PROGRESS] resolve files> Scanning C:\Users\david\Downloads\djl-demo-0.15.0\apache-spark\spark3.0\image-classification\src\main\scala\com\examples...
[2022-01-19 09:40:17] [PROGRESS] resolve files> Scanning C:\Users\david\Downloads\djl-demo-0.15.0\app...
[2022-01-19 09:40:17] [PROGRESS] resolve files> Scanning C:\Users\david\Downloads\djl-demo-0.15.0\app\src...
[2022-01-19 09:40:17] [PROGRESS] resolve files> Scanning C:\Users\david\Downloads\djl-demo-0.15.0\app\src\main...
[2022-01-19 09:40:17] [PROGRESS] resolve files> Scanning C:\Users\david\Downloads\djl-demo-0.15.0\app\src\main\java...
[2022-01-19 09:40:17] [PROGRESS] resolve files> Scanning C:\Users\david\Downloads\djl-demo-0.15.0\app\src\main\java\djl...
[2022-01-19 09:40:17] [PROGRESS] resolve files> Scanning C:\Users\david\Downloads\djl-demo-0.15.0\app\src\main\java\djl\demo...
[2022-01-19 09:40:17] [PROGRESS] resolve files> Scanning C:\Users\david\Downloads\djl-demo-0.15.0\app\src\main\resources...
[2022-01-19 09:40:17] [PROGRESS] resolve files> Scanning C:\Users\david\Downloads\djl-demo-0.15.0\app\src\test...
[2022-01-19 09:40:17] [PROGRESS] resolve files> Scanning C:\Users\david\Downloads\djl-demo-0.15.0\app\src\test\java...
[2022-01-19 09:40:17] [PROGRESS] resolve files> Scanning C:\Users\david\Downloads\djl-demo-0.15.0\app\src\test\java\djl...
[2022-01-19 09:40:17] [PROGRESS] resolve files> Scanning C:\Users\david\Downloads\djl-demo-0.15.0\app\src\test\java\djl\demo...
[2022-01-19 09:40:17] [PROGRESS] resolve files> Scanning C:\Users\david\Downloads\djl-demo-0.15.0\app\src\test\resources...
[2022-01-19 09:40:17] [PROGRESS] resolve files> Scanning C:\Users\david\Downloads\djl-demo-0.15.0\aws...
[2022-01-19 09:40:17] [PROGRESS] resolve files> Scanning C:\Users\david\Downloads\djl-demo-0.15.0\aws\aws-kinesis-video-streams...
[2022-01-19 09:40:17] [PROGRESS] resolve files> Scanning C:\Users\david\Downloads\djl-demo-0.15.0\aws\aws-kinesis-video-streams\src...
[2022-01-19 09:40:17] [PROGRESS] resolve files> Scanning C:\Users\david\Downloads\djl-demo-0.15.0\aws\aws-kinesis-video-streams\src\main...
[2022-01-19 09:40:17] [PROGRESS] resolve files> Scanning C:\Users\david\Downloads\djl-demo-0.15.0\aws\aws-kinesis-video-streams\src\main\java...
[2022-01-19 09:40:17] [PROGRESS] resolve files> Scanning C:\Users\david\Downloads\djl-demo-0.15.0\aws\aws-kinesis-video-streams\src\main\java\com...
[2022-01-19 09:40:17] [PROGRESS] resolve files> Scanning C:\Users\david\Downloads\djl-demo-0.15.0\aws\aws-kinesis-video-streams\src\main\java\com\examples...
[2022-01-19 09:40:17] [PROGRESS] resolve files> Scanning C:\Users\david\Downloads\djl-demo-0.15.0\aws\beanstalk-model-serving...
[2022-01-19 09:40:17] [PROGRESS] resolve files> Scanning C:\Users\david\Downloads\djl-demo-0.15.0\aws\beanstalk-model-serving\src...
[2022-01-19 09:40:17] [PROGRESS] resolve files> Scanning C:\Users\david\Downloads\djl-demo-0.15.0\aws\beanstalk-model-serving\src\main...
[2022-01-19 09:40:17] [PROGRESS] resolve files> Scanning C:\Users\david\Downloads\djl-demo-0.15.0\aws\beanstalk-model-serving\src\main\java...
[2022-01-19 09:40:17] [PROGRESS] resolve files> Scanning C:\Users\david\Downloads\djl-demo-0.15.0\aws\beanstalk-model-serving\src\main\java\com...
[2022-01-19 09:40:17] [PROGRESS] resolve files> Scanning C:\Users\david\Downloads\djl-demo-0.15.0\aws\beanstalk-model-serving\src\main\java\com\example...
[2022-01-19 09:40:17] [PROGRESS] resolve files> Scanning C:\Users\david\Downloads\djl-demo-0.15.0\aws\beanstalk-model-serving\src\main\java\com\example\doodle...
[2022-01-19 09:40:17] [PROGRESS] resolve files> Scanning C:\Users\david\Downloads\djl-demo-0.15.0\aws\beanstalk-model-serving\src\main\resources...
[2022-01-19 09:40:17] [PROGRESS] resolve files> Scanning C:\Users\david\Downloads\djl-demo-0.15.0\aws\beanstalk-model-serving\src\main\resources\static...
[2022-01-19 09:40:17] [PROGRESS] resolve files> Scanning C:\Users\david\Downloads\djl-demo-0.15.0\aws\emr-distributed-inference...
[2022-01-19 09:40:17] [PROGRESS] resolve files> Scanning C:\Users\david\Downloads\djl-demo-0.15.0\aws\emr-distributed-inference\dataprocess...
[2022-01-19 09:40:17] [PROGRESS] resolve files> Scanning C:\Users\david\Downloads\djl-demo-0.15.0\aws\emr-distributed-inference\dataprocess\img...
[2022-01-19 09:40:17] [PROGRESS] resolve files> Scanning C:\Users\david\Downloads\djl-demo-0.15.0\aws\emr-distributed-inference\dataprocess\src...
[2022-01-19 09:40:17] [PROGRESS] resolve files> Scanning C:\Users\david\Downloads\djl-demo-0.15.0\aws\emr-distributed-inference\dataprocess\src\main...
[2022-01-19 09:40:17] [PROGRESS] resolve files> Scanning C:\Users\david\Downloads\djl-demo-0.15.0\aws\emr-distributed-inference\dataprocess\src\main\scala...
[2022-01-19 09:40:17] [PROGRESS] resolve files> Scanning C:\Users\david\Downloads\djl-demo-0.15.0\aws\emr-distributed-inference\dataprocess\src\main\scala\com...
[2022-01-19 09:40:17] [PROGRESS] resolve files> Scanning C:\Users\david\Downloads\djl-demo-0.15.0\aws\emr-distributed-inference\dataprocess\src\main\scala\com\examples...
[2022-01-19 09:40:17] [PROGRESS] resolve files> Scanning C:\Users\david\Downloads\djl-demo-0.15.0\aws\emr-distributed-inference\image-classification-gpu...
[2022-01-19 09:40:17] [PROGRESS] resolve files> Scanning C:\Users\david\Downloads\djl-demo-0.15.0\aws\emr-distributed-inference\image-classification-gpu\src...
[2022-01-19 09:40:17] [PROGRESS] resolve files> Scanning C:\Users\david\Downloads\djl-demo-0.15.0\aws\emr-distributed-inference\image-classification-gpu\src\main...
[2022-01-19 09:40:17] [PROGRESS] resolve files> Scanning C:\Users\david\Downloads\djl-demo-0.15.0\aws\emr-distributed-inference\image-classification-gpu\src\main\scala...
[2022-01-19 09:40:17] [PROGRESS] resolve files> Scanning C:\Users\david\Downloads\djl-demo-0.15.0\aws\emr-distributed-inference\image-classification-gpu\src\main\scala\com...
[2022-01-19 09:40:17] [PROGRESS] resolve files> Scanning C:\Users\david\Downloads\djl-demo-0.15.0\aws\emr-distributed-inference\image-classification-gpu\src\main\scala\com\examples...
[2022-01-19 09:40:17] [PROGRESS] resolve files> Scanning C:\Users\david\Downloads\djl-demo-0.15.0\aws\inferentia...
[2022-01-19 09:40:17] [PROGRESS] resolve files> Scanning C:\Users\david\Downloads\djl-demo-0.15.0\aws\inferentia\src...
[2022-01-19 09:40:17] [PROGRESS] resolve files> Scanning C:\Users\david\Downloads\djl-demo-0.15.0\aws\inferentia\src\main...
[2022-01-19 09:40:17] [PROGRESS] resolve files> Scanning C:\Users\david\Downloads\djl-demo-0.15.0\aws\inferentia\src\main\java...
[2022-01-19 09:40:17] [PROGRESS] resolve files> Scanning C:\Users\david\Downloads\djl-demo-0.15.0\aws\inferentia\src\main\java\com...
[2022-01-19 09:40:17] [PROGRESS] resolve files> Scanning C:\Users\david\Downloads\djl-demo-0.15.0\aws\inferentia\src\main\java\com\example...
[2022-01-19 09:40:17] [PROGRESS] resolve files> Scanning C:\Users\david\Downloads\djl-demo-0.15.0\aws\inferentia\src\main\java\com\example\inferentia...
[2022-01-19 09:40:17] [PROGRESS] resolve files> Scanning C:\Users\david\Downloads\djl-demo-0.15.0\aws\inferentia\src\main\resources...
[2022-01-19 09:40:17] [PROGRESS] resolve files> Scanning C:\Users\david\Downloads\djl-demo-0.15.0\aws\lambda-model-serving...
[2022-01-19 09:40:17] [PROGRESS] resolve files> Scanning C:\Users\david\Downloads\djl-demo-0.15.0\aws\lambda-model-serving\src...
[2022-01-19 09:40:17] [PROGRESS] resolve files> Scanning C:\Users\david\Downloads\djl-demo-0.15.0\aws\lambda-model-serving\src\main...
[2022-01-19 09:40:17] [PROGRESS] resolve files> Scanning C:\Users\david\Downloads\djl-demo-0.15.0\aws\lambda-model-serving\src\main\java...
[2022-01-19 09:40:17] [PROGRESS] resolve files> Scanning C:\Users\david\Downloads\djl-demo-0.15.0\aws\lambda-model-serving\src\main\java\com...
[2022-01-19 09:40:17] [PROGRESS] resolve files> Scanning C:\Users\david\Downloads\djl-demo-0.15.0\aws\lambda-model-serving\src\main\java\com\examples...
[2022-01-19 09:40:17] [PROGRESS] resolve files> Scanning C:\Users\david\Downloads\djl-demo-0.15.0\aws\lambda-model-serving\src\test...
[2022-01-19 09:40:17] [PROGRESS] resolve files> Scanning C:\Users\david\Downloads\djl-demo-0.15.0\aws\lambda-model-serving\src\test\java...
[2022-01-19 09:40:17] [PROGRESS] resolve files> Scanning C:\Users\david\Downloads\djl-demo-0.15.0\aws\lambda-model-serving\src\test\java\com...
[2022-01-19 09:40:17] [PROGRESS] resolve files> Scanning C:\Users\david\Downloads\djl-demo-0.15.0\aws\lambda-model-serving\src\test\java\com\examples...
[2022-01-19 09:40:17] [PROGRESS] resolve files> Scanning C:\Users\david\Downloads\djl-demo-0.15.0\aws\sagemaker...
[2022-01-19 09:40:17] [PROGRESS] resolve files> Scanning C:\Users\david\Downloads\djl-demo-0.15.0\aws\sagemaker\notebook...
[2022-01-19 09:40:17] [PROGRESS] resolve files> Scanning C:\Users\david\Downloads\djl-demo-0.15.0\aws\sagemaker\studio...
[2022-01-19 09:40:17] [PROGRESS] resolve files> Scanning C:\Users\david\Downloads\djl-demo-0.15.0\camel-djl...
[2022-01-19 09:40:17] [PROGRESS] resolve files> Scanning C:\Users\david\Downloads\djl-demo-0.15.0\camel-djl\src...
[2022-01-19 09:40:17] [PROGRESS] resolve files> Scanning C:\Users\david\Downloads\djl-demo-0.15.0\camel-djl\src\main...
[2022-01-19 09:40:17] [PROGRESS] resolve files> Scanning C:\Users\david\Downloads\djl-demo-0.15.0\camel-djl\src\main\java...
[2022-01-19 09:40:17] [PROGRESS] resolve files> Scanning C:\Users\david\Downloads\djl-demo-0.15.0\camel-djl\src\main\java\one...
[2022-01-19 09:40:17] [PROGRESS] resolve files> Scanning C:\Users\david\Downloads\djl-demo-0.15.0\camel-djl\src\main\java\one\entropy...
[2022-01-19 09:40:17] [PROGRESS] resolve files> Scanning C:\Users\david\Downloads\djl-demo-0.15.0\camel-djl\src\main\java\one\entropy\demo...
[2022-01-19 09:40:17] [PROGRESS] resolve files> Scanning C:\Users\david\Downloads\djl-demo-0.15.0\camel-djl\src\main\java\one\entropy\demo\camel...
[2022-01-19 09:40:17] [PROGRESS] resolve files> Scanning C:\Users\david\Downloads\djl-demo-0.15.0\camel-djl\src\main\java\one\entropy\demo\camel\djl...
[2022-01-19 09:40:17] [PROGRESS] resolve files> Scanning C:\Users\david\Downloads\djl-demo-0.15.0\camel-djl\src\main\resources...
[2022-01-19 09:40:17] [PROGRESS] resolve files> Scanning C:\Users\david\Downloads\djl-demo-0.15.0\camel-djl\src\test...
[2022-01-19 09:40:17] [PROGRESS] resolve files> Scanning C:\Users\david\Downloads\djl-demo-0.15.0\camel-djl\src\test\resources...
[2022-01-19 09:40:17] [PROGRESS] resolve files> Scanning C:\Users\david\Downloads\djl-demo-0.15.0\canary...
[2022-01-19 09:40:17] [PROGRESS] resolve files> Scanning C:\Users\david\Downloads\djl-demo-0.15.0\canary\gradle...
[2022-01-19 09:40:17] [PROGRESS] resolve files> Scanning C:\Users\david\Downloads\djl-demo-0.15.0\canary\gradle\wrapper...
[2022-01-19 09:40:17] [PROGRESS] resolve files> Scanning C:\Users\david\Downloads\djl-demo-0.15.0\canary\src...
[2022-01-19 09:40:17] [PROGRESS] resolve files> Scanning C:\Users\david\Downloads\djl-demo-0.15.0\canary\src\main...
[2022-01-19 09:40:17] [PROGRESS] resolve files> Scanning C:\Users\david\Downloads\djl-demo-0.15.0\canary\src\main\java...
[2022-01-19 09:40:17] [PROGRESS] resolve files> Scanning C:\Users\david\Downloads\djl-demo-0.15.0\canary\src\main\java\ai...
[2022-01-19 09:40:17] [PROGRESS] resolve files> Scanning C:\Users\david\Downloads\djl-demo-0.15.0\canary\src\main\java\ai\djl...
[2022-01-19 09:40:17] [PROGRESS] resolve files> Scanning C:\Users\david\Downloads\djl-demo-0.15.0\canary\src\main\java\ai\djl\canary...
[2022-01-19 09:40:17] [PROGRESS] resolve files> Scanning C:\Users\david\Downloads\djl-demo-0.15.0\canary\src\main\resources...
[2022-01-19 09:40:17] [PROGRESS] resolve files> Scanning C:\Users\david\Downloads\djl-demo-0.15.0\footwear_classification...
[2022-01-19 09:40:17] [PROGRESS] resolve files> Scanning C:\Users\david\Downloads\djl-demo-0.15.0\footwear_classification\src...
[2022-01-19 09:40:17] [PROGRESS] resolve files> Scanning C:\Users\david\Downloads\djl-demo-0.15.0\footwear_classification\src\main...
[2022-01-19 09:40:17] [PROGRESS] resolve files> Scanning C:\Users\david\Downloads\djl-demo-0.15.0\footwear_classification\src\main\java...
[2022-01-19 09:40:17] [PROGRESS] resolve files> Scanning C:\Users\david\Downloads\djl-demo-0.15.0\footwear_classification\src\main\java\com...
[2022-01-19 09:40:17] [PROGRESS] resolve files> Scanning C:\Users\david\Downloads\djl-demo-0.15.0\footwear_classification\src\main\java\com\examples...
[2022-01-19 09:40:17] [PROGRESS] resolve files> Scanning C:\Users\david\Downloads\djl-demo-0.15.0\graalvm...
[2022-01-19 09:40:17] [PROGRESS] resolve files> Scanning C:\Users\david\Downloads\djl-demo-0.15.0\graalvm\.mvn...
[2022-01-19 09:40:17] [PROGRESS] resolve files> Scanning C:\Users\david\Downloads\djl-demo-0.15.0\graalvm\.mvn\wrapper...
[2022-01-19 09:40:17] [PROGRESS] resolve files> Scanning C:\Users\david\Downloads\djl-demo-0.15.0\graalvm\src...
[2022-01-19 09:40:17] [PROGRESS] resolve files> Scanning C:\Users\david\Downloads\djl-demo-0.15.0\graalvm\src\main...
[2022-01-19 09:40:17] [PROGRESS] resolve files> Scanning C:\Users\david\Downloads\djl-demo-0.15.0\graalvm\src\main\java...
[2022-01-19 09:40:17] [PROGRESS] resolve files> Scanning C:\Users\david\Downloads\djl-demo-0.15.0\graalvm\src\main\java\com...
[2022-01-19 09:40:17] [PROGRESS] resolve files> Scanning C:\Users\david\Downloads\djl-demo-0.15.0\graalvm\src\main\java\com\example...
[2022-01-19 09:40:17] [PROGRESS] resolve files> Scanning C:\Users\david\Downloads\djl-demo-0.15.0\gradle...
[2022-01-19 09:40:17] [PROGRESS] resolve files> Scanning C:\Users\david\Downloads\djl-demo-0.15.0\gradle\wrapper...
[2022-01-19 09:40:17] [PROGRESS] resolve files> Scanning C:\Users\david\Downloads\djl-demo-0.15.0\huggingface...
[2022-01-19 09:40:17] [PROGRESS] resolve files> Scanning C:\Users\david\Downloads\djl-demo-0.15.0\huggingface\hybrid...
[2022-01-19 09:40:17] [PROGRESS] resolve files> Scanning C:\Users\david\Downloads\djl-demo-0.15.0\huggingface\hybrid\models...
[2022-01-19 09:40:17] [PROGRESS] resolve files> Scanning C:\Users\david\Downloads\djl-demo-0.15.0\huggingface\hybrid\models\example_inputs...
[2022-01-19 09:40:17] [PROGRESS] resolve files> Scanning C:\Users\david\Downloads\djl-demo-0.15.0\huggingface\hybrid\models\hybrid...
[2022-01-19 09:40:17] [PROGRESS] resolve files> Scanning C:\Users\david\Downloads\djl-demo-0.15.0\huggingface\hybrid\src...
[2022-01-19 09:40:17] [PROGRESS] resolve files> Scanning C:\Users\david\Downloads\djl-demo-0.15.0\huggingface\hybrid\src\main...
[2022-01-19 09:40:17] [PROGRESS] resolve files> Scanning C:\Users\david\Downloads\djl-demo-0.15.0\huggingface\hybrid\src\main\java...
[2022-01-19 09:40:17] [PROGRESS] resolve files> Scanning C:\Users\david\Downloads\djl-demo-0.15.0\huggingface\hybrid\src\main\java\com...
[2022-01-19 09:40:17] [PROGRESS] resolve files> Scanning C:\Users\david\Downloads\djl-demo-0.15.0\huggingface\hybrid\src\main\java\com\examples...
[2022-01-19 09:40:17] [PROGRESS] resolve files> Scanning C:\Users\david\Downloads\djl-demo-0.15.0\huggingface\hybrid\src\main\resources...
[2022-01-19 09:40:17] [PROGRESS] resolve files> Scanning C:\Users\david\Downloads\djl-demo-0.15.0\huggingface\inferentia...
[2022-01-19 09:40:17] [PROGRESS] resolve files> Scanning C:\Users\david\Downloads\djl-demo-0.15.0\huggingface\inferentia\question_answering...
[2022-01-19 09:40:17] [PROGRESS] resolve files> Scanning C:\Users\david\Downloads\djl-demo-0.15.0\huggingface\python...
[2022-01-19 09:40:17] [PROGRESS] resolve files> Scanning C:\Users\david\Downloads\djl-demo-0.15.0\huggingface\python\example_inputs...
[2022-01-19 09:40:17] [PROGRESS] resolve files> Scanning C:\Users\david\Downloads\djl-demo-0.15.0\huggingface\python\question_answering...
[2022-01-19 09:40:17] [PROGRESS] resolve files> Scanning C:\Users\david\Downloads\djl-demo-0.15.0\huggingface\python\text_classification...
[2022-01-19 09:40:17] [PROGRESS] resolve files> Scanning C:\Users\david\Downloads\djl-demo-0.15.0\huggingface\python\token_classification...
[2022-01-19 09:40:17] [PROGRESS] resolve files> Scanning C:\Users\david\Downloads\djl-demo-0.15.0\lib...
[2022-01-19 09:40:17] [PROGRESS] resolve files> Scanning C:\Users\david\Downloads\djl-demo-0.15.0\lib\build...
[2022-01-19 09:40:17] [PROGRESS] resolve files> Scanning C:\Users\david\Downloads\djl-demo-0.15.0\lib\build\classes...
[2022-01-19 09:40:17] [PROGRESS] resolve files> Scanning C:\Users\david\Downloads\djl-demo-0.15.0\lib\build\classes\java...
[2022-01-19 09:40:17] [PROGRESS] resolve files> Scanning C:\Users\david\Downloads\djl-demo-0.15.0\lib\build\classes\java\main...
[2022-01-19 09:40:17] [PROGRESS] resolve files> Scanning C:\Users\david\Downloads\djl-demo-0.15.0\lib\build\classes\java\main\djl...
[2022-01-19 09:40:17] [PROGRESS] resolve files> Scanning C:\Users\david\Downloads\djl-demo-0.15.0\lib\build\classes\java\main\djl\demo...
[2022-01-19 09:40:17] [PROGRESS] resolve files> Scanning C:\Users\david\Downloads\djl-demo-0.15.0\lib\build\classes\java\test...
[2022-01-19 09:40:17] [PROGRESS] resolve files> Scanning C:\Users\david\Downloads\djl-demo-0.15.0\lib\build\classes\java\test\djl...
[2022-01-19 09:40:17] [PROGRESS] resolve files> Scanning C:\Users\david\Downloads\djl-demo-0.15.0\lib\build\classes\java\test\djl\demo...
[2022-01-19 09:40:17] [PROGRESS] resolve files> Scanning C:\Users\david\Downloads\djl-demo-0.15.0\lib\build\generated...
[2022-01-19 09:40:17] [PROGRESS] resolve files> Scanning C:\Users\david\Downloads\djl-demo-0.15.0\lib\build\generated\sources...
[2022-01-19 09:40:17] [PROGRESS] resolve files> Scanning C:\Users\david\Downloads\djl-demo-0.15.0\lib\build\generated\sources\annotationProcessor...
[2022-01-19 09:40:17] [PROGRESS] resolve files> Scanning C:\Users\david\Downloads\djl-demo-0.15.0\lib\build\generated\sources\annotationProcessor\java...
[2022-01-19 09:40:17] [PROGRESS] resolve files> Scanning C:\Users\david\Downloads\djl-demo-0.15.0\lib\build\generated\sources\annotationProcessor\java\main...
[2022-01-19 09:40:17] [PROGRESS] resolve files> Scanning C:\Users\david\Downloads\djl-demo-0.15.0\lib\build\generated\sources\annotationProcessor\java\test...
[2022-01-19 09:40:17] [PROGRESS] resolve files> Scanning C:\Users\david\Downloads\djl-demo-0.15.0\lib\build\generated\sources\headers...
[2022-01-19 09:40:17] [PROGRESS] resolve files> Scanning C:\Users\david\Downloads\djl-demo-0.15.0\lib\build\generated\sources\headers\java...
[2022-01-19 09:40:17] [PROGRESS] resolve files> Scanning C:\Users\david\Downloads\djl-demo-0.15.0\lib\build\generated\sources\headers\java\main...
[2022-01-19 09:40:17] [PROGRESS] resolve files> Scanning C:\Users\david\Downloads\djl-demo-0.15.0\lib\build\generated\sources\headers\java\test...
[2022-01-19 09:40:17] [PROGRESS] resolve files> Scanning C:\Users\david\Downloads\djl-demo-0.15.0\lib\build\tmp...
[2022-01-19 09:40:17] [PROGRESS] resolve files> Scanning C:\Users\david\Downloads\djl-demo-0.15.0\lib\build\tmp\compileJava...
[2022-01-19 09:40:17] [PROGRESS] resolve files> Scanning C:\Users\david\Downloads\djl-demo-0.15.0\lib\build\tmp\compileTestJava...
[2022-01-19 09:40:17] [PROGRESS] resolve files> Scanning C:\Users\david\Downloads\djl-demo-0.15.0\lib\src...
[2022-01-19 09:40:17] [PROGRESS] resolve files> Scanning C:\Users\david\Downloads\djl-demo-0.15.0\lib\src\main...
[2022-01-19 09:40:17] [PROGRESS] resolve files> Scanning C:\Users\david\Downloads\djl-demo-0.15.0\lib\src\main\java...
[2022-01-19 09:40:17] [PROGRESS] resolve files> Scanning C:\Users\david\Downloads\djl-demo-0.15.0\lib\src\main\java\djl...
[2022-01-19 09:40:17] [PROGRESS] resolve files> Scanning C:\Users\david\Downloads\djl-demo-0.15.0\lib\src\main\java\djl\demo...
[2022-01-19 09:40:17] [PROGRESS] resolve files> Scanning C:\Users\david\Downloads\djl-demo-0.15.0\lib\src\main\resources...
[2022-01-19 09:40:17] [PROGRESS] resolve files> Scanning C:\Users\david\Downloads\djl-demo-0.15.0\lib\src\test...
[2022-01-19 09:40:17] [PROGRESS] resolve files> Scanning C:\Users\david\Downloads\djl-demo-0.15.0\lib\src\test\java...
[2022-01-19 09:40:17] [PROGRESS] resolve files> Scanning C:\Users\david\Downloads\djl-demo-0.15.0\lib\src\test\java\djl...
[2022-01-19 09:40:17] [PROGRESS] resolve files> Scanning C:\Users\david\Downloads\djl-demo-0.15.0\lib\src\test\java\djl\demo...
[2022-01-19 09:40:17] [PROGRESS] resolve files> Scanning C:\Users\david\Downloads\djl-demo-0.15.0\lib\src\test\resources...
[2022-01-19 09:40:17] [PROGRESS] resolve files> Scanning C:\Users\david\Downloads\djl-demo-0.15.0\live-object-detection...
[2022-01-19 09:40:17] [PROGRESS] resolve files> Scanning C:\Users\david\Downloads\djl-demo-0.15.0\live-object-detection\src...
[2022-01-19 09:40:17] [PROGRESS] resolve files> Scanning C:\Users\david\Downloads\djl-demo-0.15.0\live-object-detection\src\main...
[2022-01-19 09:40:17] [PROGRESS] resolve files> Scanning C:\Users\david\Downloads\djl-demo-0.15.0\live-object-detection\src\main\java...
[2022-01-19 09:40:17] [PROGRESS] resolve files> Scanning C:\Users\david\Downloads\djl-demo-0.15.0\live-object-detection\src\main\java\com...
[2022-01-19 09:40:17] [PROGRESS] resolve files> Scanning C:\Users\david\Downloads\djl-demo-0.15.0\live-object-detection\src\main\java\com\examples...
[2022-01-19 09:40:17] [PROGRESS] resolve files> Scanning C:\Users\david\Downloads\djl-demo-0.15.0\malicious-url-detector...
[2022-01-19 09:40:17] [PROGRESS] resolve files> Scanning C:\Users\david\Downloads\djl-demo-0.15.0\malicious-url-detector\docs...
[2022-01-19 09:40:17] [PROGRESS] resolve files> Scanning C:\Users\david\Downloads\djl-demo-0.15.0\malicious-url-detector\src...
[2022-01-19 09:40:17] [PROGRESS] resolve files> Scanning C:\Users\david\Downloads\djl-demo-0.15.0\malicious-url-detector\src\main...
[2022-01-19 09:40:17] [PROGRESS] resolve files> Scanning C:\Users\david\Downloads\djl-demo-0.15.0\malicious-url-detector\src\main\java...
[2022-01-19 09:40:17] [PROGRESS] resolve files> Scanning C:\Users\david\Downloads\djl-demo-0.15.0\malicious-url-detector\src\main\java\com...
[2022-01-19 09:40:17] [PROGRESS] resolve files> Scanning C:\Users\david\Downloads\djl-demo-0.15.0\malicious-url-detector\src\main\java\com\example...
[2022-01-19 09:40:17] [PROGRESS] resolve files> Scanning C:\Users\david\Downloads\djl-demo-0.15.0\module...
[2022-01-19 09:40:17] [PROGRESS] resolve files> Scanning C:\Users\david\Downloads\djl-demo-0.15.0\module\gradle...
[2022-01-19 09:40:17] [PROGRESS] resolve files> Scanning C:\Users\david\Downloads\djl-demo-0.15.0\module\gradle\wrapper...
[2022-01-19 09:40:17] [PROGRESS] resolve files> Scanning C:\Users\david\Downloads\djl-demo-0.15.0\module\src...
[2022-01-19 09:40:17] [PROGRESS] resolve files> Scanning C:\Users\david\Downloads\djl-demo-0.15.0\module\src\main...
[2022-01-19 09:40:17] [PROGRESS] resolve files> Scanning C:\Users\david\Downloads\djl-demo-0.15.0\module\src\main\java...
[2022-01-19 09:40:17] [PROGRESS] resolve files> Scanning C:\Users\david\Downloads\djl-demo-0.15.0\module\src\main\java\org...
[2022-01-19 09:40:17] [PROGRESS] resolve files> Scanning C:\Users\david\Downloads\djl-demo-0.15.0\module\src\main\java\org\examples...
[2022-01-19 09:40:17] [PROGRESS] resolve files> Scanning C:\Users\david\Downloads\djl-demo-0.15.0\module\src\main\java\org\examples\module...
[2022-01-19 09:40:17] [PROGRESS] resolve files> Scanning C:\Users\david\Downloads\djl-demo-0.15.0\module\src\main\resources...
[2022-01-19 09:40:17] [PROGRESS] resolve files> Scanning C:\Users\david\Downloads\djl-demo-0.15.0\multi-engine...
[2022-01-19 09:40:17] [PROGRESS] resolve files> Scanning C:\Users\david\Downloads\djl-demo-0.15.0\multi-engine\src...
[2022-01-19 09:40:17] [PROGRESS] resolve files> Scanning C:\Users\david\Downloads\djl-demo-0.15.0\multi-engine\src\main...
[2022-01-19 09:40:17] [PROGRESS] resolve files> Scanning C:\Users\david\Downloads\djl-demo-0.15.0\multi-engine\src\main\java...
[2022-01-19 09:40:17] [PROGRESS] resolve files> Scanning C:\Users\david\Downloads\djl-demo-0.15.0\multi-engine\src\main\java\com...
[2022-01-19 09:40:17] [PROGRESS] resolve files> Scanning C:\Users\david\Downloads\djl-demo-0.15.0\multi-engine\src\main\java\com\examples...
[2022-01-19 09:40:17] [PROGRESS] resolve files> Scanning C:\Users\david\Downloads\djl-demo-0.15.0\multi-engine\src\main\resources...
[2022-01-19 09:40:17] [PROGRESS] resolve files> Scanning C:\Users\david\Downloads\djl-demo-0.15.0\multi-engine\src\test...
[2022-01-19 09:40:17] [PROGRESS] resolve files> Scanning C:\Users\david\Downloads\djl-demo-0.15.0\multi-engine\src\test\resources...
[2022-01-19 09:40:17] [PROGRESS] resolve files> Scanning C:\Users\david\Downloads\djl-demo-0.15.0\pneumonia-detection...
[2022-01-19 09:40:17] [PROGRESS] resolve files> Scanning C:\Users\david\Downloads\djl-demo-0.15.0\pneumonia-detection\src...
[2022-01-19 09:40:17] [PROGRESS] resolve files> Scanning C:\Users\david\Downloads\djl-demo-0.15.0\pneumonia-detection\src\main...
[2022-01-19 09:40:17] [PROGRESS] resolve files> Scanning C:\Users\david\Downloads\djl-demo-0.15.0\pneumonia-detection\src\main\java...
[2022-01-19 09:40:17] [PROGRESS] resolve files> Scanning C:\Users\david\Downloads\djl-demo-0.15.0\pneumonia-detection\src\main\java\com...
[2022-01-19 09:40:17] [PROGRESS] resolve files> Scanning C:\Users\david\Downloads\djl-demo-0.15.0\pneumonia-detection\src\main\java\com\examples...
[2022-01-19 09:40:17] [PROGRESS] resolve files> Scanning C:\Users\david\Downloads\djl-demo-0.15.0\quarkus...
[2022-01-19 09:40:17] [PROGRESS] resolve files> Scanning C:\Users\david\Downloads\djl-demo-0.15.0\quarkus\example...
[2022-01-19 09:40:17] [PROGRESS] resolve files> Scanning C:\Users\david\Downloads\djl-demo-0.15.0\quarkus\example\.mvn...
[2022-01-19 09:40:17] [PROGRESS] resolve files> Scanning C:\Users\david\Downloads\djl-demo-0.15.0\quarkus\example\.mvn\wrapper...
[2022-01-19 09:40:17] [PROGRESS] resolve files> Scanning C:\Users\david\Downloads\djl-demo-0.15.0\quarkus\example\src...
[2022-01-19 09:40:17] [PROGRESS] resolve files> Scanning C:\Users\david\Downloads\djl-demo-0.15.0\quarkus\example\src\main...
[2022-01-19 09:40:17] [PROGRESS] resolve files> Scanning C:\Users\david\Downloads\djl-demo-0.15.0\quarkus\example\src\main\docker...
[2022-01-19 09:40:17] [PROGRESS] resolve files> Scanning C:\Users\david\Downloads\djl-demo-0.15.0\quarkus\example\src\main\java...
[2022-01-19 09:40:17] [PROGRESS] resolve files> Scanning C:\Users\david\Downloads\djl-demo-0.15.0\quarkus\example\src\main\java\com...
[2022-01-19 09:40:17] [PROGRESS] resolve files> Scanning C:\Users\david\Downloads\djl-demo-0.15.0\quarkus\example\src\main\java\com\example...
[2022-01-19 09:40:17] [PROGRESS] resolve files> Scanning C:\Users\david\Downloads\djl-demo-0.15.0\quarkus\example\src\main\resources...
[2022-01-19 09:40:17] [PROGRESS] resolve files> Scanning C:\Users\david\Downloads\djl-demo-0.15.0\quarkus\example\src\test...
[2022-01-19 09:40:17] [PROGRESS] resolve files> Scanning C:\Users\david\Downloads\djl-demo-0.15.0\quarkus\example\src\test\java...
[2022-01-19 09:40:17] [PROGRESS] resolve files> Scanning C:\Users\david\Downloads\djl-demo-0.15.0\quarkus\example\src\test\java\com...
[2022-01-19 09:40:17] [PROGRESS] resolve files> Scanning C:\Users\david\Downloads\djl-demo-0.15.0\quarkus\example\src\test\java\com\example...
[2022-01-19 09:40:17] [PROGRESS] resolve files> Scanning C:\Users\david\Downloads\djl-demo-0.15.0\quarkus\extension...
[2022-01-19 09:40:17] [PROGRESS] resolve files> Scanning C:\Users\david\Downloads\djl-demo-0.15.0\quarkus\extension\deployment...
[2022-01-19 09:40:17] [PROGRESS] resolve files> Scanning C:\Users\david\Downloads\djl-demo-0.15.0\quarkus\extension\deployment\src...
[2022-01-19 09:40:17] [PROGRESS] resolve files> Scanning C:\Users\david\Downloads\djl-demo-0.15.0\quarkus\extension\deployment\src\main...
[2022-01-19 09:40:17] [PROGRESS] resolve files> Scanning C:\Users\david\Downloads\djl-demo-0.15.0\quarkus\extension\deployment\src\main\java...
[2022-01-19 09:40:17] [PROGRESS] resolve files> Scanning C:\Users\david\Downloads\djl-demo-0.15.0\quarkus\extension\deployment\src\main\java\ai...
[2022-01-19 09:40:17] [PROGRESS] resolve files> Scanning C:\Users\david\Downloads\djl-demo-0.15.0\quarkus\extension\deployment\src\main\java\ai\djl...
[2022-01-19 09:40:17] [PROGRESS] resolve files> Scanning C:\Users\david\Downloads\djl-demo-0.15.0\quarkus\extension\deployment\src\main\java\ai\djl\quarkus...
[2022-01-19 09:40:17] [PROGRESS] resolve files> Scanning C:\Users\david\Downloads\djl-demo-0.15.0\quarkus\extension\deployment\src\main\java\ai\djl\quarkus\deployment...
[2022-01-19 09:40:17] [PROGRESS] resolve files> Scanning C:\Users\david\Downloads\djl-demo-0.15.0\quarkus\extension\runtime...
[2022-01-19 09:40:17] [PROGRESS] resolve files> Scanning C:\Users\david\Downloads\djl-demo-0.15.0\quarkus\extension\runtime\src...
[2022-01-19 09:40:17] [PROGRESS] resolve files> Scanning C:\Users\david\Downloads\djl-demo-0.15.0\quarkus\extension\runtime\src\main...
[2022-01-19 09:40:17] [PROGRESS] resolve files> Scanning C:\Users\david\Downloads\djl-demo-0.15.0\quarkus\extension\runtime\src\main\java...
[2022-01-19 09:40:17] [PROGRESS] resolve files> Scanning C:\Users\david\Downloads\djl-demo-0.15.0\quarkus\extension\runtime\src\main\java\ai...
[2022-01-19 09:40:17] [PROGRESS] resolve files> Scanning C:\Users\david\Downloads\djl-demo-0.15.0\quarkus\extension\runtime\src\main\java\ai\djl...
[2022-01-19 09:40:17] [PROGRESS] resolve files> Scanning C:\Users\david\Downloads\djl-demo-0.15.0\quarkus\extension\runtime\src\main\java\ai\djl\quarkus...
[2022-01-19 09:40:17] [PROGRESS] resolve files> Scanning C:\Users\david\Downloads\djl-demo-0.15.0\quarkus\extension\runtime\src\main\java\ai\djl\quarkus\runtime...
[2022-01-19 09:40:17] [PROGRESS] resolve files> Scanning C:\Users\david\Downloads\djl-demo-0.15.0\quarkus\extension\runtime\src\main\resources...
[2022-01-19 09:40:17] [PROGRESS] resolve files> Scanning C:\Users\david\Downloads\djl-demo-0.15.0\quarkus\extension\runtime\src\main\resources\META-INF...
[2022-01-19 09:40:17] [PROGRESS] resolve files> Scanning C:\Users\david\Downloads\djl-demo-0.15.0\quarkus\extension-example...
[2022-01-19 09:40:17] [PROGRESS] resolve files> Scanning C:\Users\david\Downloads\djl-demo-0.15.0\quarkus\extension-example\.mvn...
[2022-01-19 09:40:17] [PROGRESS] resolve files> Scanning C:\Users\david\Downloads\djl-demo-0.15.0\quarkus\extension-example\.mvn\wrapper...
[2022-01-19 09:40:17] [PROGRESS] resolve files> Scanning C:\Users\david\Downloads\djl-demo-0.15.0\quarkus\extension-example\.s2i...
[2022-01-19 09:40:17] [PROGRESS] resolve files> Scanning C:\Users\david\Downloads\djl-demo-0.15.0\quarkus\extension-example\src...
[2022-01-19 09:40:17] [PROGRESS] resolve files> Scanning C:\Users\david\Downloads\djl-demo-0.15.0\quarkus\extension-example\src\main...
[2022-01-19 09:40:17] [PROGRESS] resolve files> Scanning C:\Users\david\Downloads\djl-demo-0.15.0\quarkus\extension-example\src\main\docker...
[2022-01-19 09:40:17] [PROGRESS] resolve files> Scanning C:\Users\david\Downloads\djl-demo-0.15.0\quarkus\extension-example\src\main\java...
[2022-01-19 09:40:17] [PROGRESS] resolve files> Scanning C:\Users\david\Downloads\djl-demo-0.15.0\quarkus\extension-example\src\main\java\org...
[2022-01-19 09:40:17] [PROGRESS] resolve files> Scanning C:\Users\david\Downloads\djl-demo-0.15.0\quarkus\extension-example\src\main\java\org\acme...
[2022-01-19 09:40:17] [PROGRESS] resolve files> Scanning C:\Users\david\Downloads\djl-demo-0.15.0\quarkus\extension-example\src\main\java\org\acme\getting...
[2022-01-19 09:40:17] [PROGRESS] resolve files> Scanning C:\Users\david\Downloads\djl-demo-0.15.0\quarkus\extension-example\src\main\java\org\acme\getting\started...
[2022-01-19 09:40:17] [PROGRESS] resolve files> Scanning C:\Users\david\Downloads\djl-demo-0.15.0\quarkus\extension-example\src\main\resources...
[2022-01-19 09:40:17] [PROGRESS] resolve files> Scanning C:\Users\david\Downloads\djl-demo-0.15.0\shellDatabase...
[2022-01-19 09:40:17] [PROGRESS] resolve files> Scanning C:\Users\david\Downloads\djl-demo-0.15.0\shellDatabase\log...
[2022-01-19 09:40:17] [PROGRESS] resolve files> Scanning C:\Users\david\Downloads\djl-demo-0.15.0\shellDatabase\log\ext...
[2022-01-19 09:40:17] [PROGRESS] resolve files> Scanning C:\Users\david\Downloads\djl-demo-0.15.0\shellDatabase\src...
[2022-01-19 09:40:17] [PROGRESS] resolve files> Scanning C:\Users\david\Downloads\djl-demo-0.15.0\shellDatabase\src\C_...
[2022-01-19 09:40:17] [PROGRESS] resolve files> Scanning C:\Users\david\Downloads\djl-demo-0.15.0\shellDatabase\src\C_\Users...
[2022-01-19 09:40:17] [PROGRESS] resolve files> Scanning C:\Users\david\Downloads\djl-demo-0.15.0\shellDatabase\src\C_\Users\david...
[2022-01-19 09:40:17] [PROGRESS] resolve files> Scanning C:\Users\david\Downloads\djl-demo-0.15.0\shellDatabase\src\C_\Users\david\Downloads...
[2022-01-19 09:40:17] [PROGRESS] resolve files> Scanning C:\Users\david\Downloads\djl-demo-0.15.0\shellDatabase\src\C_\Users\david\Downloads\djl-demo-0.15.0...
[2022-01-19 09:40:17] [PROGRESS] resolve files> Scanning C:\Users\david\Downloads\djl-demo-0.15.0\shellDatabase\src\C_\Users\david\Downloads\djl-demo-0.15.0\lib...
[2022-01-19 09:40:17] [PROGRESS] resolve files> Scanning C:\Users\david\Downloads\djl-demo-0.15.0\shellDatabase\src\C_\Users\david\Downloads\djl-demo-0.15.0\lib\src...
[2022-01-19 09:40:17] [PROGRESS] resolve files> Scanning C:\Users\david\Downloads\djl-demo-0.15.0\shellDatabase\src\C_\Users\david\Downloads\djl-demo-0.15.0\lib\src\main...
[2022-01-19 09:40:17] [PROGRESS] resolve files> Scanning C:\Users\david\Downloads\djl-demo-0.15.0\shellDatabase\src\C_\Users\david\Downloads\djl-demo-0.15.0\lib\src\main\java...
[2022-01-19 09:40:17] [PROGRESS] resolve files> Scanning C:\Users\david\Downloads\djl-demo-0.15.0\shellDatabase\src\C_\Users\david\Downloads\djl-demo-0.15.0\lib\src\main\java\djl...
[2022-01-19 09:40:17] [PROGRESS] resolve files> Scanning C:\Users\david\Downloads\djl-demo-0.15.0\shellDatabase\src\C_\Users\david\Downloads\djl-demo-0.15.0\lib\src\main\java\djl\demo...
[2022-01-19 09:40:17] [PROGRESS] resolve files> Scanning C:\Users\david\Downloads\djl-demo-0.15.0\shellDatabase\src\C_\Users\david\Downloads\djl-demo-0.15.0\lib\src\test...
[2022-01-19 09:40:17] [PROGRESS] resolve files> Scanning C:\Users\david\Downloads\djl-demo-0.15.0\shellDatabase\src\C_\Users\david\Downloads\djl-demo-0.15.0\lib\src\test\java...
[2022-01-19 09:40:17] [PROGRESS] resolve files> Scanning C:\Users\david\Downloads\djl-demo-0.15.0\shellDatabase\src\C_\Users\david\Downloads\djl-demo-0.15.0\lib\src\test\java\djl...
[2022-01-19 09:40:17] [PROGRESS] resolve files> Scanning C:\Users\david\Downloads\djl-demo-0.15.0\shellDatabase\src\C_\Users\david\Downloads\djl-demo-0.15.0\lib\src\test\java\djl\demo...
[2022-01-19 09:40:17] [PROGRESS] resolve files> Scanning C:\Users\david\Downloads\djl-demo-0.15.0\shellDatabase\trap...
[2022-01-19 09:40:17] [PROGRESS] resolve files> Scanning C:\Users\david\Downloads\djl-demo-0.15.0\shellDatabase\trap\java...
[2022-01-19 09:40:17] [PROGRESS] resolve files> Scanning C:\Users\david\Downloads\djl-demo-0.15.0\shellDatabase\trap\java\classes...
[2022-01-19 09:40:17] [PROGRESS] resolve files> Scanning C:\Users\david\Downloads\djl-demo-0.15.0\shellDatabase\trap\java\classes\djl...
[2022-01-19 09:40:17] [PROGRESS] resolve files> Scanning C:\Users\david\Downloads\djl-demo-0.15.0\shellDatabase\trap\java\classes\djl\demo...
[2022-01-19 09:40:17] [PROGRESS] resolve files> Scanning C:\Users\david\Downloads\djl-demo-0.15.0\shellDatabase\trap\java\classes\java...
[2022-01-19 09:40:17] [PROGRESS] resolve files> Scanning C:\Users\david\Downloads\djl-demo-0.15.0\shellDatabase\trap\java\classes\java\io...
[2022-01-19 09:40:17] [PROGRESS] resolve files> Scanning C:\Users\david\Downloads\djl-demo-0.15.0\shellDatabase\trap\java\classes\java\lang...
[2022-01-19 09:40:17] [PROGRESS] resolve files> Scanning C:\Users\david\Downloads\djl-demo-0.15.0\shellDatabase\trap\java\classes\java\lang\annotation...
[2022-01-19 09:40:17] [PROGRESS] resolve files> Scanning C:\Users\david\Downloads\djl-demo-0.15.0\shellDatabase\trap\java\classes\java\lang\invoke...
[2022-01-19 09:40:17] [PROGRESS] resolve files> Scanning C:\Users\david\Downloads\djl-demo-0.15.0\shellDatabase\trap\java\classes\java\lang\module...
[2022-01-19 09:40:17] [PROGRESS] resolve files> Scanning C:\Users\david\Downloads\djl-demo-0.15.0\shellDatabase\trap\java\classes\java\lang\ref...
[2022-01-19 09:40:17] [PROGRESS] resolve files> Scanning C:\Users\david\Downloads\djl-demo-0.15.0\shellDatabase\trap\java\classes\java\lang\reflect...
[2022-01-19 09:40:17] [PROGRESS] resolve files> Scanning C:\Users\david\Downloads\djl-demo-0.15.0\shellDatabase\trap\java\classes\java\math...
[2022-01-19 09:40:17] [PROGRESS] resolve files> Scanning C:\Users\david\Downloads\djl-demo-0.15.0\shellDatabase\trap\java\classes\java\net...
[2022-01-19 09:40:17] [PROGRESS] resolve files> Scanning C:\Users\david\Downloads\djl-demo-0.15.0\shellDatabase\trap\java\classes\java\nio...
[2022-01-19 09:40:17] [PROGRESS] resolve files> Scanning C:\Users\david\Downloads\djl-demo-0.15.0\shellDatabase\trap\java\classes\java\nio\channels...
[2022-01-19 09:40:17] [PROGRESS] resolve files> Scanning C:\Users\david\Downloads\djl-demo-0.15.0\shellDatabase\trap\java\classes\java\nio\channels\spi...
[2022-01-19 09:40:17] [PROGRESS] resolve files> Scanning C:\Users\david\Downloads\djl-demo-0.15.0\shellDatabase\trap\java\classes\java\nio\charset...
[2022-01-19 09:40:17] [PROGRESS] resolve files> Scanning C:\Users\david\Downloads\djl-demo-0.15.0\shellDatabase\trap\java\classes\java\nio\file...
[2022-01-19 09:40:17] [PROGRESS] resolve files> Scanning C:\Users\david\Downloads\djl-demo-0.15.0\shellDatabase\trap\java\classes\java\nio\file\attribute...
[2022-01-19 09:40:17] [PROGRESS] resolve files> Scanning C:\Users\david\Downloads\djl-demo-0.15.0\shellDatabase\trap\java\classes\java\nio\file\spi...
[2022-01-19 09:40:17] [PROGRESS] resolve files> Scanning C:\Users\david\Downloads\djl-demo-0.15.0\shellDatabase\trap\java\classes\java\security...
[2022-01-19 09:40:17] [PROGRESS] resolve files> Scanning C:\Users\david\Downloads\djl-demo-0.15.0\shellDatabase\trap\java\classes\java\security\cert...
[2022-01-19 09:40:17] [PROGRESS] resolve files> Scanning C:\Users\david\Downloads\djl-demo-0.15.0\shellDatabase\trap\java\classes\java\text...
[2022-01-19 09:40:17] [PROGRESS] resolve files> Scanning C:\Users\david\Downloads\djl-demo-0.15.0\shellDatabase\trap\java\classes\java\time...
[2022-01-19 09:40:17] [PROGRESS] resolve files> Scanning C:\Users\david\Downloads\djl-demo-0.15.0\shellDatabase\trap\java\classes\java\time\chrono...
[2022-01-19 09:40:17] [PROGRESS] resolve files> Scanning C:\Users\david\Downloads\djl-demo-0.15.0\shellDatabase\trap\java\classes\java\time\format...
[2022-01-19 09:40:17] [PROGRESS] resolve files> Scanning C:\Users\david\Downloads\djl-demo-0.15.0\shellDatabase\trap\java\classes\java\time\temporal...
[2022-01-19 09:40:17] [PROGRESS] resolve files> Scanning C:\Users\david\Downloads\djl-demo-0.15.0\shellDatabase\trap\java\classes\java\time\zone...
[2022-01-19 09:40:17] [PROGRESS] resolve files> Scanning C:\Users\david\Downloads\djl-demo-0.15.0\shellDatabase\trap\java\classes\java\util...
[2022-01-19 09:40:17] [PROGRESS] resolve files> Scanning C:\Users\david\Downloads\djl-demo-0.15.0\shellDatabase\trap\java\classes\java\util\concurrent...
[2022-01-19 09:40:17] [PROGRESS] resolve files> Scanning C:\Users\david\Downloads\djl-demo-0.15.0\shellDatabase\trap\java\classes\java\util\function...
[2022-01-19 09:40:17] [PROGRESS] resolve files> Scanning C:\Users\david\Downloads\djl-demo-0.15.0\shellDatabase\trap\java\classes\java\util\stream...
[2022-01-19 09:40:17] [PROGRESS] resolve files> Scanning C:\Users\david\Downloads\djl-demo-0.15.0\shellDatabase\trap\java\classes\javax...
[2022-01-19 09:40:17] [PROGRESS] resolve files> Scanning C:\Users\david\Downloads\djl-demo-0.15.0\shellDatabase\trap\java\classes\javax\security...
[2022-01-19 09:40:17] [PROGRESS] resolve files> Scanning C:\Users\david\Downloads\djl-demo-0.15.0\shellDatabase\trap\java\classes\javax\security\auth...
[2022-01-19 09:40:17] [PROGRESS] resolve files> Scanning C:\Users\david\Downloads\djl-demo-0.15.0\shellDatabase\trap\java\classes\jdk...
[2022-01-19 09:40:17] [PROGRESS] resolve files> Scanning C:\Users\david\Downloads\djl-demo-0.15.0\shellDatabase\trap\java\classes\jdk\internal...
[2022-01-19 09:40:17] [PROGRESS] resolve files> Scanning C:\Users\david\Downloads\djl-demo-0.15.0\shellDatabase\trap\java\classes\jdk\internal\misc...
[2022-01-19 09:40:17] [PROGRESS] resolve files> Scanning C:\Users\david\Downloads\djl-demo-0.15.0\shellDatabase\trap\java\classes\jdk\internal\module...
[2022-01-19 09:40:17] [PROGRESS] resolve files> Scanning C:\Users\david\Downloads\djl-demo-0.15.0\shellDatabase\trap\java\classes\jdk\internal\ref...
[2022-01-19 09:40:17] [PROGRESS] resolve files> Scanning C:\Users\david\Downloads\djl-demo-0.15.0\shellDatabase\trap\java\classes\jdk\internal\reflect...
[2022-01-19 09:40:17] [PROGRESS] resolve files> Scanning C:\Users\david\Downloads\djl-demo-0.15.0\shellDatabase\trap\java\classes\jdk\internal\vm...
[2022-01-19 09:40:17] [PROGRESS] resolve files> Scanning C:\Users\david\Downloads\djl-demo-0.15.0\shellDatabase\trap\java\classes\jdk\internal\vm\annotation...
[2022-01-19 09:40:17] [PROGRESS] resolve files> Scanning C:\Users\david\Downloads\djl-demo-0.15.0\shellDatabase\trap\java\classes\org...
[2022-01-19 09:40:17] [PROGRESS] resolve files> Scanning C:\Users\david\Downloads\djl-demo-0.15.0\shellDatabase\trap\java\classes\org\apiguardian...
[2022-01-19 09:40:17] [PROGRESS] resolve files> Scanning C:\Users\david\Downloads\djl-demo-0.15.0\shellDatabase\trap\java\classes\org\apiguardian\api...
[2022-01-19 09:40:17] [PROGRESS] resolve files> Scanning C:\Users\david\Downloads\djl-demo-0.15.0\shellDatabase\trap\java\classes\org\junit...
[2022-01-19 09:40:17] [PROGRESS] resolve files> Scanning C:\Users\david\Downloads\djl-demo-0.15.0\shellDatabase\trap\java\classes\org\junit\jupiter...
[2022-01-19 09:40:17] [PROGRESS] resolve files> Scanning C:\Users\david\Downloads\djl-demo-0.15.0\shellDatabase\trap\java\classes\org\junit\jupiter\api...
[2022-01-19 09:40:17] [PROGRESS] resolve files> Scanning C:\Users\david\Downloads\djl-demo-0.15.0\shellDatabase\trap\java\classes\org\junit\jupiter\api\function...
[2022-01-19 09:40:17] [PROGRESS] resolve files> Scanning C:\Users\david\Downloads\djl-demo-0.15.0\shellDatabase\trap\java\classes\org\junit\platform...
[2022-01-19 09:40:17] [PROGRESS] resolve files> Scanning C:\Users\david\Downloads\djl-demo-0.15.0\shellDatabase\trap\java\classes\org\junit\platform\commons...
[2022-01-19 09:40:17] [PROGRESS] resolve files> Scanning C:\Users\david\Downloads\djl-demo-0.15.0\shellDatabase\trap\java\classes\org\junit\platform\commons\annotation...
[2022-01-19 09:40:17] [PROGRESS] resolve files> Scanning C:\Users\david\Downloads\djl-demo-0.15.0\shellDatabase\trap\java\classes\org\opentest4j...
[2022-01-19 09:40:17] [PROGRESS] resolve files> Scanning C:\Users\david\Downloads\djl-demo-0.15.0\shellDatabase\trap\java\classes\sun...
[2022-01-19 09:40:17] [PROGRESS] resolve files> Scanning C:\Users\david\Downloads\djl-demo-0.15.0\shellDatabase\trap\java\classes\sun\invoke...
[2022-01-19 09:40:17] [PROGRESS] resolve files> Scanning C:\Users\david\Downloads\djl-demo-0.15.0\shellDatabase\trap\java\classes\sun\invoke\empty...
[2022-01-19 09:40:17] [PROGRESS] resolve files> Scanning C:\Users\david\Downloads\djl-demo-0.15.0\shellDatabase\trap\java\classes\sun\invoke\util...
[2022-01-19 09:40:17] [PROGRESS] resolve files> Scanning C:\Users\david\Downloads\djl-demo-0.15.0\shellDatabase\trap\java\classes\sun\nio...
[2022-01-19 09:40:17] [PROGRESS] resolve files> Scanning C:\Users\david\Downloads\djl-demo-0.15.0\shellDatabase\trap\java\classes\sun\nio\ch...
[2022-01-19 09:40:17] [PROGRESS] resolve files> Scanning C:\Users\david\Downloads\djl-demo-0.15.0\shellDatabase\trap\java\classes\sun\reflect...
[2022-01-19 09:40:17] [PROGRESS] resolve files> Scanning C:\Users\david\Downloads\djl-demo-0.15.0\shellDatabase\trap\java\classes\sun\reflect\annotation...
[2022-01-19 09:40:17] [PROGRESS] resolve files> Scanning C:\Users\david\Downloads\djl-demo-0.15.0\shellDatabase\trap\java\classes\sun\reflect\generics...
[2022-01-19 09:40:17] [PROGRESS] resolve files> Scanning C:\Users\david\Downloads\djl-demo-0.15.0\shellDatabase\trap\java\classes\sun\reflect\generics\factory...
[2022-01-19 09:40:17] [PROGRESS] resolve files> Scanning C:\Users\david\Downloads\djl-demo-0.15.0\shellDatabase\trap\java\classes\sun\reflect\generics\repository...
[2022-01-19 09:40:17] [PROGRESS] resolve files> Scanning C:\Users\david\Downloads\djl-demo-0.15.0\shellDatabase\trap\java\classes\sun\reflect\generics\tree...
[2022-01-19 09:40:17] [PROGRESS] resolve files> Scanning C:\Users\david\Downloads\djl-demo-0.15.0\shellDatabase\trap\java\classes\sun\reflect\generics\visitor...
[2022-01-19 09:40:17] [PROGRESS] resolve files> Scanning C:\Users\david\Downloads\djl-demo-0.15.0\shellDatabase\trap\java\classes\sun\security...
[2022-01-19 09:40:17] [PROGRESS] resolve files> Scanning C:\Users\david\Downloads\djl-demo-0.15.0\shellDatabase\trap\java\classes\sun\security\util...
[2022-01-19 09:40:17] [PROGRESS] resolve files> Scanning C:\Users\david\Downloads\djl-demo-0.15.0\shellDatabase\trap\java\classes\sun\util...
[2022-01-19 09:40:17] [PROGRESS] resolve files> Scanning C:\Users\david\Downloads\djl-demo-0.15.0\shellDatabase\trap\java\classes\sun\util\locale...
[2022-01-19 09:40:17] [PROGRESS] resolve files> Scanning C:\Users\david\Downloads\djl-demo-0.15.0\shellDatabase\trap\java\C_...
[2022-01-19 09:40:17] [PROGRESS] resolve files> Scanning C:\Users\david\Downloads\djl-demo-0.15.0\shellDatabase\trap\java\C_\Users...
[2022-01-19 09:40:17] [PROGRESS] resolve files> Scanning C:\Users\david\Downloads\djl-demo-0.15.0\shellDatabase\trap\java\C_\Users\david...
[2022-01-19 09:40:17] [PROGRESS] resolve files> Scanning C:\Users\david\Downloads\djl-demo-0.15.0\shellDatabase\trap\java\C_\Users\david\Downloads...
[2022-01-19 09:40:17] [PROGRESS] resolve files> Scanning C:\Users\david\Downloads\djl-demo-0.15.0\shellDatabase\trap\java\C_\Users\david\Downloads\djl-demo-0.15.0...
[2022-01-19 09:40:17] [PROGRESS] resolve files> Scanning C:\Users\david\Downloads\djl-demo-0.15.0\shellDatabase\trap\java\C_\Users\david\Downloads\djl-demo-0.15.0\lib...
[2022-01-19 09:40:17] [PROGRESS] resolve files> Scanning C:\Users\david\Downloads\djl-demo-0.15.0\shellDatabase\trap\java\C_\Users\david\Downloads\djl-demo-0.15.0\lib\src...
[2022-01-19 09:40:17] [PROGRESS] resolve files> Scanning C:\Users\david\Downloads\djl-demo-0.15.0\shellDatabase\trap\java\C_\Users\david\Downloads\djl-demo-0.15.0\lib\src\main...
[2022-01-19 09:40:17] [PROGRESS] resolve files> Scanning C:\Users\david\Downloads\djl-demo-0.15.0\shellDatabase\trap\java\C_\Users\david\Downloads\djl-demo-0.15.0\lib\src\main\java...
[2022-01-19 09:40:17] [PROGRESS] resolve files> Scanning C:\Users\david\Downloads\djl-demo-0.15.0\shellDatabase\trap\java\C_\Users\david\Downloads\djl-demo-0.15.0\lib\src\main\java\djl...
[2022-01-19 09:40:17] [PROGRESS] resolve files> Scanning C:\Users\david\Downloads\djl-demo-0.15.0\shellDatabase\trap\java\C_\Users\david\Downloads\djl-demo-0.15.0\lib\src\main\java\djl\demo...
[2022-01-19 09:40:17] [PROGRESS] resolve files> Scanning C:\Users\david\Downloads\djl-demo-0.15.0\shellDatabase\trap\java\C_\Users\david\Downloads\djl-demo-0.15.0\lib\src\test...
[2022-01-19 09:40:17] [PROGRESS] resolve files> Scanning C:\Users\david\Downloads\djl-demo-0.15.0\shellDatabase\trap\java\C_\Users\david\Downloads\djl-demo-0.15.0\lib\src\test\java...
[2022-01-19 09:40:17] [PROGRESS] resolve files> Scanning C:\Users\david\Downloads\djl-demo-0.15.0\shellDatabase\trap\java\C_\Users\david\Downloads\djl-demo-0.15.0\lib\src\test\java\djl...
[2022-01-19 09:40:17] [PROGRESS] resolve files> Scanning C:\Users\david\Downloads\djl-demo-0.15.0\shellDatabase\trap\java\C_\Users\david\Downloads\djl-demo-0.15.0\lib\src\test\java\djl\demo...
[2022-01-19 09:40:17] [PROGRESS] resolve files> Scanning C:\Users\david\Downloads\djl-demo-0.15.0\shellDatabase\trap\java\diagnostics...
[2022-01-19 09:40:17] [PROGRESS] resolve files> Scanning C:\Users\david\Downloads\djl-demo-0.15.0\shellDatabase\trap\java\jars...
[2022-01-19 09:40:17] [PROGRESS] resolve files> Scanning C:\Users\david\Downloads\djl-demo-0.15.0\shellDatabase\trap\java\jars\C_...
[2022-01-19 09:40:17] [PROGRESS] resolve files> Scanning C:\Users\david\Downloads\djl-demo-0.15.0\shellDatabase\trap\java\jars\C_\Users...
[2022-01-19 09:40:17] [PROGRESS] resolve files> Scanning C:\Users\david\Downloads\djl-demo-0.15.0\shellDatabase\trap\java\jars\C_\Users\david...
[2022-01-19 09:40:17] [PROGRESS] resolve files> Scanning C:\Users\david\Downloads\djl-demo-0.15.0\shellDatabase\trap\java\jars\C_\Users\david\.gradle...
[2022-01-19 09:40:17] [PROGRESS] resolve files> Scanning C:\Users\david\Downloads\djl-demo-0.15.0\shellDatabase\trap\java\jars\C_\Users\david\.gradle\caches...
[2022-01-19 09:40:17] [PROGRESS] resolve files> Scanning C:\Users\david\Downloads\djl-demo-0.15.0\shellDatabase\trap\java\jars\C_\Users\david\.gradle\caches\modules-2...
[2022-01-19 09:40:17] [PROGRESS] resolve files> Scanning C:\Users\david\Downloads\djl-demo-0.15.0\shellDatabase\trap\java\jars\C_\Users\david\.gradle\caches\modules-2\files-2.1...
[2022-01-19 09:40:17] [PROGRESS] resolve files> Scanning C:\Users\david\Downloads\djl-demo-0.15.0\shellDatabase\trap\java\jars\C_\Users\david\.gradle\caches\modules-2\files-2.1\org.apiguardian...
[2022-01-19 09:40:17] [PROGRESS] resolve files> Scanning C:\Users\david\Downloads\djl-demo-0.15.0\shellDatabase\trap\java\jars\C_\Users\david\.gradle\caches\modules-2\files-2.1\org.apiguardian\apiguardian-api...
[2022-01-19 09:40:17] [PROGRESS] resolve files> Scanning C:\Users\david\Downloads\djl-demo-0.15.0\shellDatabase\trap\java\jars\C_\Users\david\.gradle\caches\modules-2\files-2.1\org.apiguardian\apiguardian-api\1.1.0...
[2022-01-19 09:40:17] [PROGRESS] resolve files> Scanning C:\Users\david\Downloads\djl-demo-0.15.0\shellDatabase\trap\java\jars\C_\Users\david\.gradle\caches\modules-2\files-2.1\org.apiguardian\apiguardian-api\1.1.0\fc9dff4bb36d627bdc553de77e1f17efd790876c...
[2022-01-19 09:40:17] [PROGRESS] resolve files> Scanning C:\Users\david\Downloads\djl-demo-0.15.0\shellDatabase\trap\java\jars\C_\Users\david\.gradle\caches\modules-2\files-2.1\org.junit.jupiter...
[2022-01-19 09:40:17] [PROGRESS] resolve files> Scanning C:\Users\david\Downloads\djl-demo-0.15.0\shellDatabase\trap\java\jars\C_\Users\david\.gradle\caches\modules-2\files-2.1\org.junit.jupiter\junit-jupiter-api...
[2022-01-19 09:40:17] [PROGRESS] resolve files> Scanning C:\Users\david\Downloads\djl-demo-0.15.0\shellDatabase\trap\java\jars\C_\Users\david\.gradle\caches\modules-2\files-2.1\org.junit.jupiter\junit-jupiter-api\5.7.2...
[2022-01-19 09:40:17] [PROGRESS] resolve files> Scanning C:\Users\david\Downloads\djl-demo-0.15.0\shellDatabase\trap\java\jars\C_\Users\david\.gradle\caches\modules-2\files-2.1\org.junit.jupiter\junit-jupiter-api\5.7.2\f4b4079732a9c537983324cfa4e46655f21d2c56...
[2022-01-19 09:40:17] [PROGRESS] resolve files> Scanning C:\Users\david\Downloads\djl-demo-0.15.0\shellDatabase\trap\java\jars\C_\Users\david\.gradle\caches\modules-2\files-2.1\org.junit.platform...
[2022-01-19 09:40:17] [PROGRESS] resolve files> Scanning C:\Users\david\Downloads\djl-demo-0.15.0\shellDatabase\trap\java\jars\C_\Users\david\.gradle\caches\modules-2\files-2.1\org.junit.platform\junit-platform-commons...
[2022-01-19 09:40:17] [PROGRESS] resolve files> Scanning C:\Users\david\Downloads\djl-demo-0.15.0\shellDatabase\trap\java\jars\C_\Users\david\.gradle\caches\modules-2\files-2.1\org.junit.platform\junit-platform-commons\1.7.2...
[2022-01-19 09:40:17] [PROGRESS] resolve files> Scanning C:\Users\david\Downloads\djl-demo-0.15.0\shellDatabase\trap\java\jars\C_\Users\david\.gradle\caches\modules-2\files-2.1\org.junit.platform\junit-platform-commons\1.7.2\34adfea6c13fc4a996cf38cdad80800ce850d198...
[2022-01-19 09:40:17] [PROGRESS] resolve files> Scanning C:\Users\david\Downloads\djl-demo-0.15.0\shellDatabase\trap\java\jars\C_\Users\david\.gradle\caches\modules-2\files-2.1\org.opentest4j...
[2022-01-19 09:40:17] [PROGRESS] resolve files> Scanning C:\Users\david\Downloads\djl-demo-0.15.0\shellDatabase\trap\java\jars\C_\Users\david\.gradle\caches\modules-2\files-2.1\org.opentest4j\opentest4j...
[2022-01-19 09:40:17] [PROGRESS] resolve files> Scanning C:\Users\david\Downloads\djl-demo-0.15.0\shellDatabase\trap\java\jars\C_\Users\david\.gradle\caches\modules-2\files-2.1\org.opentest4j\opentest4j\1.2.0...
[2022-01-19 09:40:17] [PROGRESS] resolve files> Scanning C:\Users\david\Downloads\djl-demo-0.15.0\shellDatabase\trap\java\jars\C_\Users\david\.gradle\caches\modules-2\files-2.1\org.opentest4j\opentest4j\1.2.0\28c11eb91f9b6d8e200631d46e20a7f407f2a046...
[2022-01-19 09:40:17] [PROGRESS] resolve files> Scanning C:\Users\david\Downloads\djl-demo-0.15.0\shellDatabase\trap\java\modules...
[2022-01-19 09:40:17] [PROGRESS] resolve files> Scanning C:\Users\david\Downloads\djl-demo-0.15.0\shellDatabase\working...
[2022-01-19 09:40:17] [PROGRESS] resolve files> Scanning C:\Users\david\Downloads\djl-demo-0.15.0\shellDatabase\working\tracing...
[2022-01-19 09:40:17] [PROGRESS] resolve files> Scanning C:\Users\david\Downloads\djl-demo-0.15.0\tools...
[2022-01-19 09:40:17] [PROGRESS] resolve files> Scanning C:\Users\david\Downloads\djl-demo-0.15.0\tools\gradle...
[2022-01-19 09:40:17] [PROGRESS] resolve files> Scanning C:\Users\david\Downloads\djl-demo-0.15.0\visualization-vue...
[2022-01-19 09:40:17] [PROGRESS] resolve files> Scanning C:\Users\david\Downloads\djl-demo-0.15.0\visualization-vue\djl-training-demo...
[2022-01-19 09:40:17] [PROGRESS] resolve files> Scanning C:\Users\david\Downloads\djl-demo-0.15.0\visualization-vue\djl-training-demo\.mvn...
[2022-01-19 09:40:17] [PROGRESS] resolve files> Scanning C:\Users\david\Downloads\djl-demo-0.15.0\visualization-vue\djl-training-demo\.mvn\wrapper...
[2022-01-19 09:40:17] [PROGRESS] resolve files> Scanning C:\Users\david\Downloads\djl-demo-0.15.0\visualization-vue\djl-training-demo\src...
[2022-01-19 09:40:17] [PROGRESS] resolve files> Scanning C:\Users\david\Downloads\djl-demo-0.15.0\visualization-vue\djl-training-demo\src\main...
[2022-01-19 09:40:17] [PROGRESS] resolve files> Scanning C:\Users\david\Downloads\djl-demo-0.15.0\visualization-vue\djl-training-demo\src\main\java...
[2022-01-19 09:40:17] [PROGRESS] resolve files> Scanning C:\Users\david\Downloads\djl-demo-0.15.0\visualization-vue\djl-training-demo\src\main\java\org...
[2022-01-19 09:40:17] [PROGRESS] resolve files> Scanning C:\Users\david\Downloads\djl-demo-0.15.0\visualization-vue\djl-training-demo\src\main\java\org\example...
[2022-01-19 09:40:17] [PROGRESS] resolve files> Scanning C:\Users\david\Downloads\djl-demo-0.15.0\visualization-vue\djl-training-demo\src\main\java\org\example\controller...
[2022-01-19 09:40:17] [PROGRESS] resolve files> Scanning C:\Users\david\Downloads\djl-demo-0.15.0\visualization-vue\djl-training-demo\src\main\java\org\example\domain...
[2022-01-19 09:40:17] [PROGRESS] resolve files> Scanning C:\Users\david\Downloads\djl-demo-0.15.0\visualization-vue\djl-training-demo\src\main\java\org\example\inference...
[2022-01-19 09:40:17] [PROGRESS] resolve files> Scanning C:\Users\david\Downloads\djl-demo-0.15.0\visualization-vue\djl-training-demo\src\main\java\org\example\service...
[2022-01-19 09:40:17] [PROGRESS] resolve files> Scanning C:\Users\david\Downloads\djl-demo-0.15.0\visualization-vue\djl-training-demo\src\main\java\org\example\training...
[2022-01-19 09:40:17] [PROGRESS] resolve files> Scanning C:\Users\david\Downloads\djl-demo-0.15.0\visualization-vue\djl-training-demo\src\main\java\org\example\training\common...
[2022-01-19 09:40:17] [PROGRESS] resolve files> Scanning C:\Users\david\Downloads\djl-demo-0.15.0\visualization-vue\djl-training-demo\src\main\java\org\example\training\data...
[2022-01-19 09:40:17] [PROGRESS] resolve files> Scanning C:\Users\david\Downloads\djl-demo-0.15.0\visualization-vue\djl-training-demo\src\main\java\org\example\training\listener...
[2022-01-19 09:40:17] [PROGRESS] resolve files> Scanning C:\Users\david\Downloads\djl-demo-0.15.0\visualization-vue\djl-training-demo\src\main\java\org\example\training\verticle...
[2022-01-19 09:40:17] [PROGRESS] resolve files> Scanning C:\Users\david\Downloads\djl-demo-0.15.0\visualization-vue\djl-training-demo\src\main\resources...
[2022-01-19 09:40:17] [PROGRESS] resolve files> Scanning C:\Users\david\Downloads\djl-demo-0.15.0\visualization-vue\djl-training-demo\src\test...
[2022-01-19 09:40:17] [PROGRESS] resolve files> Scanning C:\Users\david\Downloads\djl-demo-0.15.0\visualization-vue\djl-training-demo\src\test\resources...
[2022-01-19 09:40:17] [PROGRESS] resolve files> Scanning C:\Users\david\Downloads\djl-demo-0.15.0\visualization-vue\djl-training-ui...
[2022-01-19 09:40:17] [PROGRESS] resolve files> Scanning C:\Users\david\Downloads\djl-demo-0.15.0\visualization-vue\djl-training-ui\public...
[2022-01-19 09:40:17] [PROGRESS] resolve files> Scanning C:\Users\david\Downloads\djl-demo-0.15.0\visualization-vue\djl-training-ui\src...
[2022-01-19 09:40:17] [PROGRESS] resolve files> Scanning C:\Users\david\Downloads\djl-demo-0.15.0\visualization-vue\djl-training-ui\src\api...
[2022-01-19 09:40:17] [PROGRESS] resolve files> Scanning C:\Users\david\Downloads\djl-demo-0.15.0\visualization-vue\djl-training-ui\src\assets...
[2022-01-19 09:40:17] [PROGRESS] resolve files> Scanning C:\Users\david\Downloads\djl-demo-0.15.0\visualization-vue\djl-training-ui\src\assets\404_images...
[2022-01-19 09:40:17] [PROGRESS] resolve files> Scanning C:\Users\david\Downloads\djl-demo-0.15.0\visualization-vue\djl-training-ui\src\components...
[2022-01-19 09:40:17] [PROGRESS] resolve files> Scanning C:\Users\david\Downloads\djl-demo-0.15.0\visualization-vue\djl-training-ui\src\components\Breadcrumb...
[2022-01-19 09:40:17] [PROGRESS] resolve files> Scanning C:\Users\david\Downloads\djl-demo-0.15.0\visualization-vue\djl-training-ui\src\components\Hamburger...
[2022-01-19 09:40:17] [PROGRESS] resolve files> Scanning C:\Users\david\Downloads\djl-demo-0.15.0\visualization-vue\djl-training-ui\src\components\SvgIcon...
[2022-01-19 09:40:17] [PROGRESS] resolve files> Scanning C:\Users\david\Downloads\djl-demo-0.15.0\visualization-vue\djl-training-ui\src\layout...
[2022-01-19 09:40:17] [PROGRESS] resolve files> Scanning C:\Users\david\Downloads\djl-demo-0.15.0\visualization-vue\djl-training-ui\src\layout\components...
[2022-01-19 09:40:17] [PROGRESS] resolve files> Scanning C:\Users\david\Downloads\djl-demo-0.15.0\visualization-vue\djl-training-ui\src\layout\components\Sidebar...
[2022-01-19 09:40:17] [PROGRESS] resolve files> Scanning C:\Users\david\Downloads\djl-demo-0.15.0\visualization-vue\djl-training-ui\src\layout\mixin...
[2022-01-19 09:40:17] [PROGRESS] resolve files> Scanning C:\Users\david\Downloads\djl-demo-0.15.0\visualization-vue\djl-training-ui\src\router...
[2022-01-19 09:40:17] [PROGRESS] resolve files> Scanning C:\Users\david\Downloads\djl-demo-0.15.0\visualization-vue\djl-training-ui\src\store...
[2022-01-19 09:40:17] [PROGRESS] resolve files> Scanning C:\Users\david\Downloads\djl-demo-0.15.0\visualization-vue\djl-training-ui\src\store\modules...
[2022-01-19 09:40:17] [PROGRESS] resolve files> Scanning C:\Users\david\Downloads\djl-demo-0.15.0\visualization-vue\djl-training-ui\src\styles...
[2022-01-19 09:40:17] [PROGRESS] resolve files> Scanning C:\Users\david\Downloads\djl-demo-0.15.0\visualization-vue\djl-training-ui\src\utils...
[2022-01-19 09:40:17] [PROGRESS] resolve files> Scanning C:\Users\david\Downloads\djl-demo-0.15.0\visualization-vue\djl-training-ui\src\views...
[2022-01-19 09:40:17] [PROGRESS] resolve files> Scanning C:\Users\david\Downloads\djl-demo-0.15.0\visualization-vue\djl-training-ui\src\views\dashboard...
[2022-01-19 09:40:17] [PROGRESS] resolve files> Scanning C:\Users\david\Downloads\djl-demo-0.15.0\visualization-vue\djl-training-ui\src\views\dashboard\components...
[2022-01-19 09:40:17] [PROGRESS] resolve files> Scanning C:\Users\david\Downloads\djl-demo-0.15.0\visualization-vue\djl-training-ui\src\views\dashboard\mixins...
[2022-01-19 09:40:17] [PROGRESS] resolve files> Scanning C:\Users\david\Downloads\djl-demo-0.15.0\visualization-vue\djl-training-ui\src\views\inference...
[2022-01-19 09:40:17] [PROGRESS] resolve files> Scanning C:\Users\david\Downloads\djl-demo-0.15.0\visualization-vue\djl-training-ui\tests...
[2022-01-19 09:40:17] [PROGRESS] resolve files> Scanning C:\Users\david\Downloads\djl-demo-0.15.0\visualization-vue\djl-training-ui\tests\unit...
[2022-01-19 09:40:17] [PROGRESS] resolve files> Scanning C:\Users\david\Downloads\djl-demo-0.15.0\visualization-vue\djl-training-ui\tests\unit\components...
[2022-01-19 09:40:17] [PROGRESS] resolve files> Scanning C:\Users\david\Downloads\djl-demo-0.15.0\visualization-vue\djl-training-ui\tests\unit\utils...
[2022-01-19 09:40:17] [PROGRESS] resolve files> Scanning C:\Users\david\Downloads\djl-demo-0.15.0\web-demo...
[2022-01-19 09:40:17] [PROGRESS] resolve files> Scanning C:\Users\david\Downloads\djl-demo-0.15.0\web-demo\doodle_game...
[2022-01-19 09:40:17] [PROGRESS] resolve files> Scanning C:\Users\david\Downloads\djl-demo-0.15.0\web-demo\doodle_game\backend...
[2022-01-19 09:40:17] [PROGRESS] resolve files> Scanning C:\Users\david\Downloads\djl-demo-0.15.0\web-demo\doodle_game\backend\src...
[2022-01-19 09:40:17] [PROGRESS] resolve files> Scanning C:\Users\david\Downloads\djl-demo-0.15.0\web-demo\doodle_game\backend\src\main...
[2022-01-19 09:40:17] [PROGRESS] resolve files> Scanning C:\Users\david\Downloads\djl-demo-0.15.0\web-demo\doodle_game\backend\src\main\java...
[2022-01-19 09:40:17] [PROGRESS] resolve files> Scanning C:\Users\david\Downloads\djl-demo-0.15.0\web-demo\doodle_game\backend\src\main\java\ai...
[2022-01-19 09:40:17] [PROGRESS] resolve files> Scanning C:\Users\david\Downloads\djl-demo-0.15.0\web-demo\doodle_game\backend\src\main\java\ai\djl...
[2022-01-19 09:40:17] [PROGRESS] resolve files> Scanning C:\Users\david\Downloads\djl-demo-0.15.0\web-demo\doodle_game\backend\src\main\java\ai\djl\examples...
[2022-01-19 09:40:17] [PROGRESS] resolve files> Scanning C:\Users\david\Downloads\djl-demo-0.15.0\web-demo\doodle_game\backend\src\main\java\ai\djl\examples\doodle...
[2022-01-19 09:40:17] [PROGRESS] resolve files> Scanning C:\Users\david\Downloads\djl-demo-0.15.0\web-demo\doodle_game\frontend...
[2022-01-19 09:40:17] [PROGRESS] resolve files> Scanning C:\Users\david\Downloads\djl-demo-0.15.0\web-demo\interactive-console...
[2022-01-19 09:40:17] [PROGRESS] resolve files> Scanning C:\Users\david\Downloads\djl-demo-0.15.0\web-demo\interactive-console\img...
[2022-01-19 09:40:17] [PROGRESS] resolve files> Scanning C:\Users\david\Downloads\djl-demo-0.15.0\web-demo\interactive-console\src...
[2022-01-19 09:40:17] [PROGRESS] resolve files> Scanning C:\Users\david\Downloads\djl-demo-0.15.0\web-demo\interactive-console\src\main...
[2022-01-19 09:40:17] [PROGRESS] resolve files> Scanning C:\Users\david\Downloads\djl-demo-0.15.0\web-demo\interactive-console\src\main\java...
[2022-01-19 09:40:17] [PROGRESS] resolve files> Scanning C:\Users\david\Downloads\djl-demo-0.15.0\web-demo\interactive-console\src\main\java\ai...
[2022-01-19 09:40:17] [PROGRESS] resolve files> Scanning C:\Users\david\Downloads\djl-demo-0.15.0\web-demo\interactive-console\src\main\java\ai\djl...
[2022-01-19 09:40:17] [PROGRESS] resolve files> Scanning C:\Users\david\Downloads\djl-demo-0.15.0\web-demo\interactive-console\src\main\java\ai\djl\examples...
[2022-01-19 09:40:17] [PROGRESS] resolve files> Scanning C:\Users\david\Downloads\djl-demo-0.15.0\web-demo\interactive-console\src\main\java\ai\djl\examples\jshell...
[2022-01-19 09:40:17] [PROGRESS] resolve files> Scanning C:\Users\david\Downloads\djl-demo-0.15.0\web-demo\interactive-console\src\main\resources...
[2022-01-19 09:40:17] [PROGRESS] resolve files> Scanning C:\Users\david\Downloads\djl-demo-0.15.0\web-demo\interactive-console\src\main\resources\starter...
[2022-01-19 09:40:17] [PROGRESS] resolve files> Scanning C:\Users\david\Downloads\djl-demo-0.15.0\web-demo\interactive-console\src\main\resources\starter\gradle...
[2022-01-19 09:40:17] [PROGRESS] resolve files> Scanning C:\Users\david\Downloads\djl-demo-0.15.0\web-demo\interactive-console\src\main\resources\starter\gradle\wrapper...
[2022-01-19 09:40:17] [PROGRESS] resolve files> Scanning C:\Users\david\Downloads\djl-demo-0.15.0\web-demo\interactive-console\src\main\webapps...
[2022-01-19 09:40:17] [PROGRESS] resolve files> Scanning C:\Users\david\Downloads\djl-demo-0.15.0\web-demo\interactive-console\src\main\webapps\blockrunner...
[2022-01-19 09:40:17] [PROGRESS] resolve files> Scanning C:\Users\david\Downloads\djl-demo-0.15.0\web-demo\interactive-console\src\main\webapps\jshell...
[2022-01-19 09:40:17] Plumbing command codeql resolve files completed:
                      [
                        "C:\\Users\\david\\Downloads\\djl-demo-0.15.0\\android\\face_detection\\app\\lint.xml",
                        "C:\\Users\\david\\Downloads\\djl-demo-0.15.0\\android\\face_detection\\app\\src\\main\\AndroidManifest.xml",
                        "C:\\Users\\david\\Downloads\\djl-demo-0.15.0\\android\\face_detection\\app\\src\\main\\res\\drawable\\border.xml",
                        "C:\\Users\\david\\Downloads\\djl-demo-0.15.0\\android\\face_detection\\app\\src\\main\\res\\layout\\activity_doodle.xml",
                        "C:\\Users\\david\\Downloads\\djl-demo-0.15.0\\android\\face_detection\\app\\src\\main\\res\\layout\\activity_main.xml",
                        "C:\\Users\\david\\Downloads\\djl-demo-0.15.0\\android\\face_detection\\app\\src\\main\\res\\values\\colors.xml",
                        "C:\\Users\\david\\Downloads\\djl-demo-0.15.0\\android\\face_detection\\app\\src\\main\\res\\values\\dimes.xml",
                        "C:\\Users\\david\\Downloads\\djl-demo-0.15.0\\android\\face_detection\\app\\src\\main\\res\\values\\strings.xml",
                        "C:\\Users\\david\\Downloads\\djl-demo-0.15.0\\android\\face_detection\\app\\src\\main\\res\\values\\styles.xml",
                        "C:\\Users\\david\\Downloads\\djl-demo-0.15.0\\android\\face_detection\\app\\src\\main\\res\\xml\\filepaths.xml",
                        "C:\\Users\\david\\Downloads\\djl-demo-0.15.0\\android\\mxnet-android\\mxnet_android_template\\src\\main\\AndroidManifest.xml",
                        "C:\\Users\\david\\Downloads\\djl-demo-0.15.0\\android\\mxnet-android\\mxnet_android_template\\src\\main\\res\\drawable\\ic_launcher_background.xml",
                        "C:\\Users\\david\\Downloads\\djl-demo-0.15.0\\android\\mxnet-android\\mxnet_android_template\\src\\main\\res\\drawable-v24\\ic_launcher_foreground.xml",
                        "C:\\Users\\david\\Downloads\\djl-demo-0.15.0\\android\\mxnet-android\\mxnet_android_template\\src\\main\\res\\layout\\activity_main.xml",
                        "C:\\Users\\david\\Downloads\\djl-demo-0.15.0\\android\\mxnet-android\\mxnet_android_template\\src\\main\\res\\mipmap-anydpi-v26\\ic_launcher.xml",
                        "C:\\Users\\david\\Downloads\\djl-demo-0.15.0\\android\\mxnet-android\\mxnet_android_template\\src\\main\\res\\mipmap-anydpi-v26\\ic_launcher_round.xml",
                        "C:\\Users\\david\\Downloads\\djl-demo-0.15.0\\android\\mxnet-android\\mxnet_android_template\\src\\main\\res\\values\\colors.xml",
                        "C:\\Users\\david\\Downloads\\djl-demo-0.15.0\\android\\mxnet-android\\mxnet_android_template\\src\\main\\res\\values\\strings.xml",
                        "C:\\Users\\david\\Downloads\\djl-demo-0.15.0\\android\\mxnet-android\\mxnet_android_template\\src\\main\\res\\values\\styles.xml",
                        "C:\\Users\\david\\Downloads\\djl-demo-0.15.0\\android\\pytorch_android\\quickdraw_recognition\\lint.xml",
                        "C:\\Users\\david\\Downloads\\djl-demo-0.15.0\\android\\pytorch_android\\quickdraw_recognition\\src\\main\\AndroidManifest.xml",
                        "C:\\Users\\david\\Downloads\\djl-demo-0.15.0\\android\\pytorch_android\\quickdraw_recognition\\src\\main\\res\\drawable\\border.xml",
                        "C:\\Users\\david\\Downloads\\djl-demo-0.15.0\\android\\pytorch_android\\quickdraw_recognition\\src\\main\\res\\layout\\activity_doodle.xml",
                        "C:\\Users\\david\\Downloads\\djl-demo-0.15.0\\android\\pytorch_android\\quickdraw_recognition\\src\\main\\res\\values\\colors.xml",
                        "C:\\Users\\david\\Downloads\\djl-demo-0.15.0\\android\\pytorch_android\\quickdraw_recognition\\src\\main\\res\\values\\dimes.xml",
                        "C:\\Users\\david\\Downloads\\djl-demo-0.15.0\\android\\pytorch_android\\quickdraw_recognition\\src\\main\\res\\values\\strings.xml",
                        "C:\\Users\\david\\Downloads\\djl-demo-0.15.0\\android\\pytorch_android\\quickdraw_recognition\\src\\main\\res\\values\\styles.xml",
                        "C:\\Users\\david\\Downloads\\djl-demo-0.15.0\\android\\pytorch_android\\quickdraw_recognition\\src\\main\\res\\xml\\filepaths.xml",
                        "C:\\Users\\david\\Downloads\\djl-demo-0.15.0\\android\\pytorch_android\\style_transfer_cyclegan\\src\\main\\AndroidManifest.xml",
                        "C:\\Users\\david\\Downloads\\djl-demo-0.15.0\\android\\pytorch_android\\style_transfer_cyclegan\\src\\main\\res\\drawable\\ic_launcher_background.xml",
                        "C:\\Users\\david\\Downloads\\djl-demo-0.15.0\\android\\pytorch_android\\style_transfer_cyclegan\\src\\main\\res\\drawable-v24\\ic_launcher_foreground.xml",
                        "C:\\Users\\david\\Downloads\\djl-demo-0.15.0\\android\\pytorch_android\\style_transfer_cyclegan\\src\\main\\res\\layout\\activity_main.xml",
                        "C:\\Users\\david\\Downloads\\djl-demo-0.15.0\\android\\pytorch_android\\style_transfer_cyclegan\\src\\main\\res\\mipmap-anydpi-v26\\ic_launcher.xml",
                        "C:\\Users\\david\\Downloads\\djl-demo-0.15.0\\android\\pytorch_android\\style_transfer_cyclegan\\src\\main\\res\\mipmap-anydpi-v26\\ic_launcher_round.xml",
                        "C:\\Users\\david\\Downloads\\djl-demo-0.15.0\\android\\pytorch_android\\style_transfer_cyclegan\\src\\main\\res\\values\\colors.xml",
                        "C:\\Users\\david\\Downloads\\djl-demo-0.15.0\\android\\pytorch_android\\style_transfer_cyclegan\\src\\main\\res\\values\\strings.xml",
                        "C:\\Users\\david\\Downloads\\djl-demo-0.15.0\\android\\pytorch_android\\style_transfer_cyclegan\\src\\main\\res\\values\\themes.xml",
                        "C:\\Users\\david\\Downloads\\djl-demo-0.15.0\\android\\pytorch_android\\style_transfer_cyclegan\\src\\main\\res\\values-night\\themes.xml",
                        "C:\\Users\\david\\Downloads\\djl-demo-0.15.0\\apache-beam\\ctr-prediction\\pom.xml",
                        "C:\\Users\\david\\Downloads\\djl-demo-0.15.0\\aws\\inferentia\\src\\main\\resources\\log4j2.xml",
                        "C:\\Users\\david\\Downloads\\djl-demo-0.15.0\\camel-djl\\pom.xml",
                        "C:\\Users\\david\\Downloads\\djl-demo-0.15.0\\camel-djl\\src\\main\\resources\\logback.xml",
                        "C:\\Users\\david\\Downloads\\djl-demo-0.15.0\\canary\\src\\main\\resources\\log4j2.xml",
                        "C:\\Users\\david\\Downloads\\djl-demo-0.15.0\\graalvm\\pom.xml",
                        "C:\\Users\\david\\Downloads\\djl-demo-0.15.0\\huggingface\\hybrid\\src\\main\\resources\\log4j2.xml",
                        "C:\\Users\\david\\Downloads\\djl-demo-0.15.0\\module\\src\\main\\resources\\log4j2.xml",
                        "C:\\Users\\david\\Downloads\\djl-demo-0.15.0\\multi-engine\\src\\main\\resources\\log4j2.xml",
                        "C:\\Users\\david\\Downloads\\djl-demo-0.15.0\\quarkus\\example\\pom.xml",
                        "C:\\Users\\david\\Downloads\\djl-demo-0.15.0\\quarkus\\extension\\deployment\\pom.xml",
                        "C:\\Users\\david\\Downloads\\djl-demo-0.15.0\\quarkus\\extension\\pom.xml",
                        "C:\\Users\\david\\Downloads\\djl-demo-0.15.0\\quarkus\\extension\\runtime\\pom.xml",
                        "C:\\Users\\david\\Downloads\\djl-demo-0.15.0\\quarkus\\extension-example\\pom.xml",
                        "C:\\Users\\david\\Downloads\\djl-demo-0.15.0\\visualization-vue\\djl-training-demo\\pom.xml"
                      ]
[2022-01-19 09:40:17] [DETAILS] database index-files> Found 53 files.
[2022-01-19 09:40:17] [PROGRESS] database index-files> C:\Users\david\Downloads\djl-demo-0.15.0\shellDatabase: Indexing files in in C:\Users\david\Downloads\djl-demo-0.15.0...
[2022-01-19 09:40:17] Using index-files script C:\Users\david\codeql-home\codeql-latest\xml\tools\index-files.cmd.
[2022-01-19 09:40:17] [PROGRESS] database index-files> Running command in C:\Users\david\Downloads\djl-demo-0.15.0: [C:\Users\david\codeql-home\codeql-latest\xml\tools\index-files.cmd, C:\Users\david\Downloads\djl-demo-0.15.0\shellDatabase\working\files-to-index4776968923760440881.list]
[2022-01-19 09:40:18] Terminating normally.
