[2022-01-19 09:40:04] [javac-extractor-37104] Starting extraction for:
                                              sun.java.command=com.semmle.extractor.java.JavaExtractor --jdk-version 11 --javac-args @@@C:\Users\david\Downloads\djl-demo-0.15.0\shellDatabase\log\ext\javac.args
                                              user.dir=C:\Users\david\Downloads\djl-demo-0.15.0
[2022-01-19 09:40:04] [javac-extractor-37104] [WARN] Appending source destination directory C:\Users\david\Downloads\djl-demo-0.15.0\lib\build\generated\sources\annotationProcessor\java\main to sourcepath
[2022-01-19 09:40:05] [javac-extractor-37104] Processing file C:\Users\david\Downloads\djl-demo-0.15.0\lib\src\main\java\djl\demo\Library.java
[2022-01-19 09:40:05] [javac-extractor-37104] Writing trap file for: djl.demo.Library 0.0-0 null
[2022-01-19 09:40:05] [javac-extractor-37104] Writing trap file for: java.lang.Object 55.0-1626867188000 jrt:/modules/java.base/java/lang/Object.class
[2022-01-19 09:40:05] [javac-extractor-37104] Writing trap file for: java.lang.Deprecated 55.0-1626867188000 jrt:/modules/java.base/java/lang/Deprecated.class
[2022-01-19 09:40:05] [javac-extractor-37104] Writing trap file for: java.lang.String 55.0-1626867188000 jrt:/modules/java.base/java/lang/String.class
[2022-01-19 09:40:05] [javac-extractor-37104] Writing trap file for: java.lang.Throwable 55.0-1626867188000 jrt:/modules/java.base/java/lang/Throwable.class
[2022-01-19 09:40:05] [javac-extractor-37104] Writing trap file for: java.lang.InterruptedException 55.0-1626867188000 jrt:/modules/java.base/java/lang/InterruptedException.class
[2022-01-19 09:40:05] [javac-extractor-37104] Writing trap file for: jdk.internal.HotSpotIntrinsicCandidate 55.0-1626867188000 jrt:/modules/java.base/jdk/internal/HotSpotIntrinsicCandidate.class
[2022-01-19 09:40:05] [javac-extractor-37104] Writing trap file for: java.lang.CloneNotSupportedException 55.0-1626867188000 jrt:/modules/java.base/java/lang/CloneNotSupportedException.class
[2022-01-19 09:40:05] [javac-extractor-37104] Writing trap file for: java.lang.Class 55.0-1626867188000 jrt:/modules/java.base/java/lang/Class.class
[2022-01-19 09:40:05] [javac-extractor-37104] Writing trap file for: java.io.Serializable 55.0-1626867188000 jrt:/modules/java.base/java/io/Serializable.class
[2022-01-19 09:40:05] [javac-extractor-37104] Writing trap file for: java.lang.reflect.GenericDeclaration 55.0-1626867188000 jrt:/modules/java.base/java/lang/reflect/GenericDeclaration.class
[2022-01-19 09:40:05] [javac-extractor-37104] Writing trap file for: java.lang.reflect.Type 55.0-1626867188000 jrt:/modules/java.base/java/lang/reflect/Type.class
[2022-01-19 09:40:05] [javac-extractor-37104] Writing trap file for: java.lang.reflect.AnnotatedElement 55.0-1626867188000 jrt:/modules/java.base/java/lang/reflect/AnnotatedElement.class
[2022-01-19 09:40:05] [javac-extractor-37104] Writing trap file for: java.lang.annotation.Annotation 55.0-1626867188000 jrt:/modules/java.base/java/lang/annotation/Annotation.class
[2022-01-19 09:40:05] [javac-extractor-37104] Writing trap file for: java.lang.annotation.Documented 55.0-1626867188000 jrt:/modules/java.base/java/lang/annotation/Documented.class
[2022-01-19 09:40:05] [javac-extractor-37104] Writing trap file for: java.lang.annotation.Retention 55.0-1626867188000 jrt:/modules/java.base/java/lang/annotation/Retention.class
[2022-01-19 09:40:05] [javac-extractor-37104] Writing trap file for: java.lang.annotation.RetentionPolicy 55.0-1626867188000 jrt:/modules/java.base/java/lang/annotation/RetentionPolicy.class
[2022-01-19 09:40:05] [javac-extractor-37104] Writing trap file for: java.lang.annotation.Target 55.0-1626867188000 jrt:/modules/java.base/java/lang/annotation/Target.class
[2022-01-19 09:40:05] [javac-extractor-37104] Writing trap file for: java.lang.annotation.ElementType 55.0-1626867188000 jrt:/modules/java.base/java/lang/annotation/ElementType.class
[2022-01-19 09:40:05] [javac-extractor-37104] Writing trap file for: java.lang.Cloneable 55.0-1626867188000 jrt:/modules/java.base/java/lang/Cloneable.class
[2022-01-19 09:40:05] [javac-extractor-37104] Writing trap file for: java.lang.Comparable 55.0-1626867188000 jrt:/modules/java.base/java/lang/Comparable.class
[2022-01-19 09:40:05] [javac-extractor-37104] Writing trap file for: java.lang.CharSequence 55.0-1626867188000 jrt:/modules/java.base/java/lang/CharSequence.class
[2022-01-19 09:40:05] [javac-extractor-37104] Writing trap file for: java.lang.AbstractStringBuilder 55.0-1626867188000 jrt:/modules/java.base/java/lang/AbstractStringBuilder.class
[2022-01-19 09:40:05] [javac-extractor-37104] Writing trap file for: java.lang.Void 55.0-1626867188000 jrt:/modules/java.base/java/lang/Void.class
[2022-01-19 09:40:05] [javac-extractor-37104] Writing trap file for: java.util.Locale 55.0-1626867188000 jrt:/modules/java.base/java/util/Locale.class
[2022-01-19 09:40:05] [javac-extractor-37104] Writing trap file for: java.util.stream.IntStream 55.0-1626867188000 jrt:/modules/java.base/java/util/stream/IntStream.class
[2022-01-19 09:40:05] [javac-extractor-37104] Writing trap file for: java.util.stream.Stream 55.0-1626867188000 jrt:/modules/java.base/java/util/stream/Stream.class
[2022-01-19 09:40:05] [javac-extractor-37104] Writing trap file for: java.util.stream.BaseStream 55.0-1626867188000 jrt:/modules/java.base/java/util/stream/BaseStream.class
[2022-01-19 09:40:05] [javac-extractor-37104] Writing trap file for: java.lang.AutoCloseable 55.0-1626867188000 jrt:/modules/java.base/java/lang/AutoCloseable.class
[2022-01-19 09:40:05] [javac-extractor-37104] Writing trap file for: java.lang.Iterable 55.0-1626867188000 jrt:/modules/java.base/java/lang/Iterable.class
[2022-01-19 09:40:05] [javac-extractor-37104] Writing trap file for: java.lang.StringBuffer 55.0-1626867188000 jrt:/modules/java.base/java/lang/StringBuffer.class
[2022-01-19 09:40:05] [javac-extractor-37104] Writing trap file for: java.nio.charset.Charset 55.0-1626867188000 jrt:/modules/java.base/java/nio/charset/Charset.class
[2022-01-19 09:40:05] [javac-extractor-37104] Writing trap file for: java.io.UnsupportedEncodingException 55.0-1626867188000 jrt:/modules/java.base/java/io/UnsupportedEncodingException.class
[2022-01-19 09:40:05] [javac-extractor-37104] Writing trap file for: java.lang.StringBuilder 55.0-1626867188000 jrt:/modules/java.base/java/lang/StringBuilder.class
[2022-01-19 09:40:05] [javac-extractor-37104] Writing trap file for: java.util.Comparator 55.0-1626867188000 jrt:/modules/java.base/java/util/Comparator.class
[2022-01-19 09:40:05] [javac-extractor-37104] Writing trap file for: java.lang.FunctionalInterface 55.0-1626867188000 jrt:/modules/java.base/java/lang/FunctionalInterface.class
[2022-01-19 09:40:05] [javac-extractor-37104] Writing trap file for: java.lang.StackTraceElement 55.0-1626867188000 jrt:/modules/java.base/java/lang/StackTraceElement.class
[2022-01-19 09:40:05] [javac-extractor-37104] Writing trap file for: java.io.PrintWriter 55.0-1626867188000 jrt:/modules/java.base/java/io/PrintWriter.class
[2022-01-19 09:40:05] [javac-extractor-37104] Writing trap file for: java.io.PrintStream 55.0-1626867188000 jrt:/modules/java.base/java/io/PrintStream.class
[2022-01-19 09:40:05] [javac-extractor-37104] Writing trap file for: java.lang.Exception 55.0-1626867188000 jrt:/modules/java.base/java/lang/Exception.class
[2022-01-19 09:40:05] [javac-extractor-37104] Writing trap file for: jdk.internal.reflect.CallerSensitive 55.0-1626867188000 jrt:/modules/java.base/jdk/internal/reflect/CallerSensitive.class
[2022-01-19 09:40:05] [javac-extractor-37104] Writing trap file for: java.lang.reflect.AnnotatedType 55.0-1626867188000 jrt:/modules/java.base/java/lang/reflect/AnnotatedType.class
[2022-01-19 09:40:05] [javac-extractor-37104] Writing trap file for: java.util.Map 55.0-1626867188000 jrt:/modules/java.base/java/util/Map.class
[2022-01-19 09:40:05] [javac-extractor-37104] Writing trap file for: sun.reflect.annotation.AnnotationType 55.0-1626867188000 jrt:/modules/java.base/sun/reflect/annotation/AnnotationType.class
[2022-01-19 09:40:05] [javac-extractor-37104] Writing trap file for: jdk.internal.reflect.ConstantPool 55.0-1626867188000 jrt:/modules/java.base/jdk/internal/reflect/ConstantPool.class
[2022-01-19 09:40:05] [javac-extractor-37104] Writing trap file for: java.lang.reflect.Executable 55.0-1626867188000 jrt:/modules/java.base/java/lang/reflect/Executable.class
[2022-01-19 09:40:06] [javac-extractor-37104] Writing trap file for: java.security.ProtectionDomain 55.0-1626867188000 jrt:/modules/java.base/java/security/ProtectionDomain.class
[2022-01-19 09:40:06] [javac-extractor-37104] Writing trap file for: java.net.URL 55.0-1626867188000 jrt:/modules/java.base/java/net/URL.class
[2022-01-19 09:40:06] [javac-extractor-37104] Writing trap file for: java.io.InputStream 55.0-1626867188000 jrt:/modules/java.base/java/io/InputStream.class
[2022-01-19 09:40:06] [javac-extractor-37104] Writing trap file for: java.lang.reflect.Constructor 55.0-1626867188000 jrt:/modules/java.base/java/lang/reflect/Constructor.class
[2022-01-19 09:40:06] [javac-extractor-37104] Writing trap file for: java.lang.NoSuchMethodException 55.0-1626867188000 jrt:/modules/java.base/java/lang/NoSuchMethodException.class
[2022-01-19 09:40:06] [javac-extractor-37104] Writing trap file for: java.lang.SecurityException 55.0-1626867188000 jrt:/modules/java.base/java/lang/SecurityException.class
[2022-01-19 09:40:06] [javac-extractor-37104] Writing trap file for: java.util.List 55.0-1626867188000 jrt:/modules/java.base/java/util/List.class
[2022-01-19 09:40:06] [javac-extractor-37104] Writing trap file for: java.util.Collection 55.0-1626867188000 jrt:/modules/java.base/java/util/Collection.class
[2022-01-19 09:40:06] [javac-extractor-37104] Writing trap file for: java.lang.reflect.Method 55.0-1626867188000 jrt:/modules/java.base/java/lang/reflect/Method.class
[2022-01-19 09:40:06] [javac-extractor-37104] Writing trap file for: java.lang.reflect.Field 55.0-1626867188000 jrt:/modules/java.base/java/lang/reflect/Field.class
[2022-01-19 09:40:06] [javac-extractor-37104] Writing trap file for: java.lang.NoSuchFieldException 55.0-1626867188000 jrt:/modules/java.base/java/lang/NoSuchFieldException.class
[2022-01-19 09:40:06] [javac-extractor-37104] Writing trap file for: java.lang.Package 55.0-1626867188000 jrt:/modules/java.base/java/lang/Package.class
[2022-01-19 09:40:06] [javac-extractor-37104] Writing trap file for: java.lang.reflect.TypeVariable 55.0-1626867188000 jrt:/modules/java.base/java/lang/reflect/TypeVariable.class
[2022-01-19 09:40:06] [javac-extractor-37104] Writing trap file for: java.lang.Module 55.0-1626867188000 jrt:/modules/java.base/java/lang/Module.class
[2022-01-19 09:40:06] [javac-extractor-37104] Writing trap file for: java.lang.ClassLoader 55.0-1626867188000 jrt:/modules/java.base/java/lang/ClassLoader.class
[2022-01-19 09:40:06] [javac-extractor-37104] Writing trap file for: jdk.internal.vm.annotation.ForceInline 55.0-1626867188000 jrt:/modules/java.base/jdk/internal/vm/annotation/ForceInline.class
[2022-01-19 09:40:06] [javac-extractor-37104] Writing trap file for: java.lang.InstantiationException 55.0-1626867188000 jrt:/modules/java.base/java/lang/InstantiationException.class
[2022-01-19 09:40:06] [javac-extractor-37104] Writing trap file for: java.lang.IllegalAccessException 55.0-1626867188000 jrt:/modules/java.base/java/lang/IllegalAccessException.class
[2022-01-19 09:40:06] [javac-extractor-37104] Writing trap file for: java.lang.ClassNotFoundException 55.0-1626867188000 jrt:/modules/java.base/java/lang/ClassNotFoundException.class
[2022-01-19 09:40:06] [javac-extractor-37104] Writing trap file for: java.lang.ClassValue.ClassValueMap 55.0-1626867188000 jrt:/modules/java.base/java/lang/ClassValue$ClassValueMap.class
[2022-01-19 09:40:06] [javac-extractor-37104] Writing trap file for: java.lang.Enum 55.0-1626867188000 jrt:/modules/java.base/java/lang/Enum.class
[2022-01-19 09:40:06] [javac-extractor-37104] Writing trap file for: java.lang.Appendable 55.0-1626867188000 jrt:/modules/java.base/java/lang/Appendable.class
[2022-01-19 09:40:06] [javac-extractor-37104] Writing trap file for: java.util.Locale.LanguageRange 55.0-1626867188000 jrt:/modules/java.base/java/util/Locale$LanguageRange.class
[2022-01-19 09:40:06] [javac-extractor-37104] Writing trap file for: java.util.Locale.FilteringMode 55.0-1626867188000 jrt:/modules/java.base/java/util/Locale$FilteringMode.class
[2022-01-19 09:40:06] [javac-extractor-37104] Writing trap file for: java.util.MissingResourceException 55.0-1626867188000 jrt:/modules/java.base/java/util/MissingResourceException.class
[2022-01-19 09:40:06] [javac-extractor-37104] Writing trap file for: sun.util.locale.LocaleExtensions 55.0-1626867188000 jrt:/modules/java.base/sun/util/locale/LocaleExtensions.class
[2022-01-19 09:40:06] [javac-extractor-37104] Writing trap file for: sun.util.locale.BaseLocale 55.0-1626867188000 jrt:/modules/java.base/sun/util/locale/BaseLocale.class
[2022-01-19 09:40:06] [javac-extractor-37104] Writing trap file for: java.util.Set 55.0-1626867188000 jrt:/modules/java.base/java/util/Set.class
[2022-01-19 09:40:06] [javac-extractor-37104] Writing trap file for: java.lang.Character 55.0-1626867188000 jrt:/modules/java.base/java/lang/Character.class
[2022-01-19 09:40:06] [javac-extractor-37104] Writing trap file for: java.util.Locale.IsoCountryCode 55.0-1626867188000 jrt:/modules/java.base/java/util/Locale$IsoCountryCode.class
[2022-01-19 09:40:06] [javac-extractor-37104] Writing trap file for: java.util.Locale.Category 55.0-1626867188000 jrt:/modules/java.base/java/util/Locale$Category.class
[2022-01-19 09:40:06] [javac-extractor-37104] Writing trap file for: java.lang.Integer 55.0-1626867188000 jrt:/modules/java.base/java/lang/Integer.class
[2022-01-19 09:40:06] [javac-extractor-37104] Writing trap file for: java.lang.Runnable 55.0-1626867188000 jrt:/modules/java.base/java/lang/Runnable.class
[2022-01-19 09:40:06] [javac-extractor-37104] Writing trap file for: java.util.Spliterator 55.0-1626867188000 jrt:/modules/java.base/java/util/Spliterator.class
[2022-01-19 09:40:06] [javac-extractor-37104] Writing trap file for: java.util.Iterator 55.0-1626867188000 jrt:/modules/java.base/java/util/Iterator.class
[2022-01-19 09:40:06] [javac-extractor-37104] Writing trap file for: java.util.function.IntSupplier 55.0-1626867188000 jrt:/modules/java.base/java/util/function/IntSupplier.class
[2022-01-19 09:40:06] [javac-extractor-37104] Writing trap file for: java.util.function.IntPredicate 55.0-1626867188000 jrt:/modules/java.base/java/util/function/IntPredicate.class
[2022-01-19 09:40:06] [javac-extractor-37104] Writing trap file for: java.util.function.IntUnaryOperator 55.0-1626867188000 jrt:/modules/java.base/java/util/function/IntUnaryOperator.class
[2022-01-19 09:40:06] [javac-extractor-37104] Writing trap file for: java.util.stream.IntStream.Builder 55.0-1626867188000 jrt:/modules/java.base/java/util/stream/IntStream$Builder.class
[2022-01-19 09:40:06] [javac-extractor-37104] Writing trap file for: java.util.Spliterator.OfInt 55.0-1626867188000 jrt:/modules/java.base/java/util/Spliterator$OfInt.class
[2022-01-19 09:40:06] [javac-extractor-37104] Writing trap file for: java.util.PrimitiveIterator.OfInt 55.0-1626867188000 jrt:/modules/java.base/java/util/PrimitiveIterator$OfInt.class
[2022-01-19 09:40:06] [javac-extractor-37104] Writing trap file for: java.util.stream.DoubleStream 55.0-1626867188000 jrt:/modules/java.base/java/util/stream/DoubleStream.class
[2022-01-19 09:40:06] [javac-extractor-37104] Writing trap file for: java.util.stream.LongStream 55.0-1626867188000 jrt:/modules/java.base/java/util/stream/LongStream.class
[2022-01-19 09:40:06] [javac-extractor-37104] Writing trap file for: java.util.OptionalInt 55.0-1626867188000 jrt:/modules/java.base/java/util/OptionalInt.class
[2022-01-19 09:40:06] [javac-extractor-37104] Writing trap file for: java.util.IntSummaryStatistics 55.0-1626867188000 jrt:/modules/java.base/java/util/IntSummaryStatistics.class
[2022-01-19 09:40:06] [javac-extractor-37104] Writing trap file for: java.util.OptionalDouble 55.0-1626867188000 jrt:/modules/java.base/java/util/OptionalDouble.class
[2022-01-19 09:40:06] [javac-extractor-37104] Writing trap file for: java.util.function.Supplier 55.0-1626867188000 jrt:/modules/java.base/java/util/function/Supplier.class
[2022-01-19 09:40:06] [javac-extractor-37104] Writing trap file for: java.util.function.ObjIntConsumer 55.0-1626867188000 jrt:/modules/java.base/java/util/function/ObjIntConsumer.class
[2022-01-19 09:40:06] [javac-extractor-37104] Writing trap file for: java.util.function.BiConsumer 55.0-1626867188000 jrt:/modules/java.base/java/util/function/BiConsumer.class
[2022-01-19 09:40:06] [javac-extractor-37104] Writing trap file for: java.util.function.IntBinaryOperator 55.0-1626867188000 jrt:/modules/java.base/java/util/function/IntBinaryOperator.class
[2022-01-19 09:40:06] [javac-extractor-37104] Writing trap file for: java.util.function.IntConsumer 55.0-1626867188000 jrt:/modules/java.base/java/util/function/IntConsumer.class
[2022-01-19 09:40:06] [javac-extractor-37104] Writing trap file for: java.util.function.IntFunction 55.0-1626867188000 jrt:/modules/java.base/java/util/function/IntFunction.class
[2022-01-19 09:40:06] [javac-extractor-37104] Writing trap file for: java.util.function.IntToDoubleFunction 55.0-1626867188000 jrt:/modules/java.base/java/util/function/IntToDoubleFunction.class
[2022-01-19 09:40:06] [javac-extractor-37104] Writing trap file for: java.util.function.IntToLongFunction 55.0-1626867188000 jrt:/modules/java.base/java/util/function/IntToLongFunction.class
[2022-01-19 09:40:06] [javac-extractor-37104] Writing trap file for: java.util.function.Predicate 55.0-1626867188000 jrt:/modules/java.base/java/util/function/Predicate.class
[2022-01-19 09:40:06] [javac-extractor-37104] Writing trap file for: java.util.function.UnaryOperator 55.0-1626867188000 jrt:/modules/java.base/java/util/function/UnaryOperator.class
[2022-01-19 09:40:06] [javac-extractor-37104] Writing trap file for: java.util.function.Function 55.0-1626867188000 jrt:/modules/java.base/java/util/function/Function.class
[2022-01-19 09:40:06] [javac-extractor-37104] Writing trap file for: java.lang.SafeVarargs 55.0-1626867188000 jrt:/modules/java.base/java/lang/SafeVarargs.class
[2022-01-19 09:40:06] [javac-extractor-37104] Writing trap file for: java.util.stream.Stream.Builder 55.0-1626867188000 jrt:/modules/java.base/java/util/stream/Stream$Builder.class
[2022-01-19 09:40:06] [javac-extractor-37104] Writing trap file for: java.util.function.Consumer 55.0-1626867188000 jrt:/modules/java.base/java/util/function/Consumer.class
[2022-01-19 09:40:06] [javac-extractor-37104] Writing trap file for: java.util.Optional 55.0-1626867188000 jrt:/modules/java.base/java/util/Optional.class
[2022-01-19 09:40:06] [javac-extractor-37104] Writing trap file for: java.util.stream.Collector 55.0-1626867188000 jrt:/modules/java.base/java/util/stream/Collector.class
[2022-01-19 09:40:06] [javac-extractor-37104] Writing trap file for: java.util.function.BiFunction 55.0-1626867188000 jrt:/modules/java.base/java/util/function/BiFunction.class
[2022-01-19 09:40:06] [javac-extractor-37104] Writing trap file for: java.util.function.BinaryOperator 55.0-1626867188000 jrt:/modules/java.base/java/util/function/BinaryOperator.class
[2022-01-19 09:40:06] [javac-extractor-37104] Writing trap file for: java.util.function.ToDoubleFunction 55.0-1626867188000 jrt:/modules/java.base/java/util/function/ToDoubleFunction.class
[2022-01-19 09:40:06] [javac-extractor-37104] Writing trap file for: java.util.function.ToLongFunction 55.0-1626867188000 jrt:/modules/java.base/java/util/function/ToLongFunction.class
[2022-01-19 09:40:06] [javac-extractor-37104] Writing trap file for: java.util.function.ToIntFunction 55.0-1626867188000 jrt:/modules/java.base/java/util/function/ToIntFunction.class
[2022-01-19 09:40:06] [javac-extractor-37104] Writing trap file for: java.nio.ByteBuffer 55.0-1626867188000 jrt:/modules/java.base/java/nio/ByteBuffer.class
[2022-01-19 09:40:06] [javac-extractor-37104] Writing trap file for: java.nio.CharBuffer 55.0-1626867188000 jrt:/modules/java.base/java/nio/CharBuffer.class
[2022-01-19 09:40:06] [javac-extractor-37104] Writing trap file for: java.nio.charset.CharsetEncoder 55.0-1626867188000 jrt:/modules/java.base/java/nio/charset/CharsetEncoder.class
[2022-01-19 09:40:06] [javac-extractor-37104] Writing trap file for: java.nio.charset.CharsetDecoder 55.0-1626867188000 jrt:/modules/java.base/java/nio/charset/CharsetDecoder.class
[2022-01-19 09:40:06] [javac-extractor-37104] Writing trap file for: java.util.SortedMap 55.0-1626867188000 jrt:/modules/java.base/java/util/SortedMap.class
[2022-01-19 09:40:06] [javac-extractor-37104] Writing trap file for: java.io.IOException 55.0-1626867188000 jrt:/modules/java.base/java/io/IOException.class
[2022-01-19 09:40:06] [javac-extractor-37104] Writing trap file for: java.lang.StackFrameInfo 55.0-1626867188000 jrt:/modules/java.base/java/lang/StackFrameInfo.class
[2022-01-19 09:40:06] [javac-extractor-37104] Writing trap file for: java.io.Writer 55.0-1626867188000 jrt:/modules/java.base/java/io/Writer.class
[2022-01-19 09:40:06] [javac-extractor-37104] Writing trap file for: java.io.File 55.0-1626867188000 jrt:/modules/java.base/java/io/File.class
[2022-01-19 09:40:06] [javac-extractor-37104] Writing trap file for: java.io.FileNotFoundException 55.0-1626867188000 jrt:/modules/java.base/java/io/FileNotFoundException.class
[2022-01-19 09:40:06] [javac-extractor-37104] Writing trap file for: java.io.OutputStream 55.0-1626867188000 jrt:/modules/java.base/java/io/OutputStream.class
[2022-01-19 09:40:06] [javac-extractor-37104] Writing trap file for: java.io.FilterOutputStream 55.0-1626867188000 jrt:/modules/java.base/java/io/FilterOutputStream.class
[2022-01-19 09:40:06] [javac-extractor-37104] Writing trap file for: java.io.Closeable 55.0-1626867188000 jrt:/modules/java.base/java/io/Closeable.class
[2022-01-19 09:40:06] [javac-extractor-37104] Writing trap file for: java.util.Map.Entry 55.0-1626867188000 jrt:/modules/java.base/java/util/Map$Entry.class
[2022-01-19 09:40:06] [javac-extractor-37104] Writing trap file for: jdk.internal.reflect.ConstantPool.Tag 55.0-1626867188000 jrt:/modules/java.base/jdk/internal/reflect/ConstantPool$Tag.class
[2022-01-19 09:40:06] [javac-extractor-37104] Writing trap file for: java.lang.reflect.Member 55.0-1626867188000 jrt:/modules/java.base/java/lang/reflect/Member.class
[2022-01-19 09:40:06] [javac-extractor-37104] Writing trap file for: java.lang.reflect.AccessibleObject 55.0-1626867188000 jrt:/modules/java.base/java/lang/reflect/AccessibleObject.class
[2022-01-19 09:40:06] [javac-extractor-37104] Writing trap file for: java.lang.reflect.Parameter 55.0-1626867188000 jrt:/modules/java.base/java/lang/reflect/Parameter.class
[2022-01-19 09:40:06] [javac-extractor-37104] Writing trap file for: sun.reflect.generics.repository.ConstructorRepository 55.0-1626867188000 jrt:/modules/java.base/sun/reflect/generics/repository/ConstructorRepository.class
[2022-01-19 09:40:06] [javac-extractor-37104] Writing trap file for: java.security.Permission 55.0-1626867188000 jrt:/modules/java.base/java/security/Permission.class
[2022-01-19 09:40:06] [javac-extractor-37104] Writing trap file for: java.security.PermissionCollection 55.0-1626867188000 jrt:/modules/java.base/java/security/PermissionCollection.class
[2022-01-19 09:40:06] [javac-extractor-37104] Writing trap file for: java.security.Principal 55.0-1626867188000 jrt:/modules/java.base/java/security/Principal.class
[2022-01-19 09:40:06] [javac-extractor-37104] Writing trap file for: java.security.CodeSource 55.0-1626867188000 jrt:/modules/java.base/java/security/CodeSource.class
[2022-01-19 09:40:06] [javac-extractor-37104] Writing trap file for: java.security.ProtectionDomain.Key 55.0-1626867188000 jrt:/modules/java.base/java/security/ProtectionDomain$Key.class
[2022-01-19 09:40:06] [javac-extractor-37104] Writing trap file for: java.net.URLStreamHandler 55.0-1626867188000 jrt:/modules/java.base/java/net/URLStreamHandler.class
[2022-01-19 09:40:06] [javac-extractor-37104] Writing trap file for: java.net.URLStreamHandlerFactory 55.0-1626867188000 jrt:/modules/java.base/java/net/URLStreamHandlerFactory.class
[2022-01-19 09:40:06] [javac-extractor-37104] Writing trap file for: java.net.Proxy 55.0-1626867188000 jrt:/modules/java.base/java/net/Proxy.class
[2022-01-19 09:40:06] [javac-extractor-37104] Writing trap file for: java.net.URLConnection 55.0-1626867188000 jrt:/modules/java.base/java/net/URLConnection.class
[2022-01-19 09:40:06] [javac-extractor-37104] Writing trap file for: java.net.URI 55.0-1626867188000 jrt:/modules/java.base/java/net/URI.class
[2022-01-19 09:40:06] [javac-extractor-37104] Writing trap file for: java.net.URISyntaxException 55.0-1626867188000 jrt:/modules/java.base/java/net/URISyntaxException.class
[2022-01-19 09:40:06] [javac-extractor-37104] Writing trap file for: java.net.InetAddress 55.0-1626867188000 jrt:/modules/java.base/java/net/InetAddress.class
[2022-01-19 09:40:06] [javac-extractor-37104] Writing trap file for: java.net.MalformedURLException 55.0-1626867188000 jrt:/modules/java.base/java/net/MalformedURLException.class
[2022-01-19 09:40:06] [javac-extractor-37104] Writing trap file for: java.util.Hashtable 55.0-1626867188000 jrt:/modules/java.base/java/util/Hashtable.class
[2022-01-19 09:40:06] [javac-extractor-37104] Writing trap file for: java.util.Dictionary 55.0-1626867188000 jrt:/modules/java.base/java/util/Dictionary.class
[2022-01-19 09:40:06] [javac-extractor-37104] Writing trap file for: jdk.internal.reflect.ConstructorAccessor 55.0-1626867188000 jrt:/modules/java.base/jdk/internal/reflect/ConstructorAccessor.class
[2022-01-19 09:40:06] [javac-extractor-37104] Writing trap file for: java.lang.IllegalArgumentException 55.0-1626867188000 jrt:/modules/java.base/java/lang/IllegalArgumentException.class
[2022-01-19 09:40:06] [javac-extractor-37104] Writing trap file for: java.lang.reflect.InvocationTargetException 55.0-1626867188000 jrt:/modules/java.base/java/lang/reflect/InvocationTargetException.class
[2022-01-19 09:40:06] [javac-extractor-37104] Writing trap file for: java.lang.ReflectiveOperationException 55.0-1626867188000 jrt:/modules/java.base/java/lang/ReflectiveOperationException.class
[2022-01-19 09:40:06] [javac-extractor-37104] Writing trap file for: java.lang.RuntimeException 55.0-1626867188000 jrt:/modules/java.base/java/lang/RuntimeException.class
[2022-01-19 09:40:06] [javac-extractor-37104] Writing trap file for: java.util.ListIterator 55.0-1626867188000 jrt:/modules/java.base/java/util/ListIterator.class
[2022-01-19 09:40:06] [javac-extractor-37104] Writing trap file for: jdk.internal.reflect.MethodAccessor 55.0-1626867188000 jrt:/modules/java.base/jdk/internal/reflect/MethodAccessor.class
[2022-01-19 09:40:06] [javac-extractor-37104] Writing trap file for: sun.reflect.generics.repository.MethodRepository 55.0-1626867188000 jrt:/modules/java.base/sun/reflect/generics/repository/MethodRepository.class
[2022-01-19 09:40:06] [javac-extractor-37104] Writing trap file for: java.lang.NamedPackage 55.0-1626867188000 jrt:/modules/java.base/java/lang/NamedPackage.class
[2022-01-19 09:40:06] [javac-extractor-37104] Writing trap file for: java.lang.NumberFormatException 55.0-1626867188000 jrt:/modules/java.base/java/lang/NumberFormatException.class
[2022-01-19 09:40:06] [javac-extractor-37104] Writing trap file for: java.lang.module.Configuration 55.0-1626867188000 jrt:/modules/java.base/java/lang/module/Configuration.class
[2022-01-19 09:40:06] [javac-extractor-37104] Writing trap file for: java.lang.ModuleLayer 55.0-1626867188000 jrt:/modules/java.base/java/lang/ModuleLayer.class
[2022-01-19 09:40:06] [javac-extractor-37104] Writing trap file for: java.lang.module.ModuleDescriptor 55.0-1626867188000 jrt:/modules/java.base/java/lang/module/ModuleDescriptor.class
[2022-01-19 09:40:06] [javac-extractor-37104] Writing trap file for: java.util.concurrent.ConcurrentHashMap 55.0-1626867188000 jrt:/modules/java.base/java/util/concurrent/ConcurrentHashMap.class
[2022-01-19 09:40:07] [javac-extractor-37104] Writing trap file for: java.util.AbstractMap 55.0-1626867188000 jrt:/modules/java.base/java/util/AbstractMap.class
[2022-01-19 09:40:07] [javac-extractor-37104] Writing trap file for: java.util.concurrent.ConcurrentMap 55.0-1626867188000 jrt:/modules/java.base/java/util/concurrent/ConcurrentMap.class
[2022-01-19 09:40:07] [javac-extractor-37104] Writing trap file for: java.util.Enumeration 55.0-1626867188000 jrt:/modules/java.base/java/util/Enumeration.class
[2022-01-19 09:40:07] [javac-extractor-37104] Writing trap file for: java.lang.ClassFormatError 55.0-1626867188000 jrt:/modules/java.base/java/lang/ClassFormatError.class
[2022-01-19 09:40:07] [javac-extractor-37104] Writing trap file for: java.lang.Boolean 55.0-1626867188000 jrt:/modules/java.base/java/lang/Boolean.class
[2022-01-19 09:40:07] [javac-extractor-37104] Writing trap file for: java.lang.ClassValue.Identity 55.0-1626867188000 jrt:/modules/java.base/java/lang/ClassValue$Identity.class
[2022-01-19 09:40:07] [javac-extractor-37104] Writing trap file for: java.lang.ClassValue.Entry 55.0-1626867188000 jrt:/modules/java.base/java/lang/ClassValue$Entry.class
[2022-01-19 09:40:07] [javac-extractor-37104] Writing trap file for: java.lang.ClassValue.Version 55.0-1626867188000 jrt:/modules/java.base/java/lang/ClassValue$Version.class
[2022-01-19 09:40:07] [javac-extractor-37104] Writing trap file for: java.lang.ClassValue 55.0-1626867188000 jrt:/modules/java.base/java/lang/ClassValue.class
[2022-01-19 09:40:07] [javac-extractor-37104] Writing trap file for: java.lang.ref.WeakReference 55.0-1626867188000 jrt:/modules/java.base/java/lang/ref/WeakReference.class
[2022-01-19 09:40:07] [javac-extractor-37104] Writing trap file for: java.lang.ref.Reference 55.0-1626867188000 jrt:/modules/java.base/java/lang/ref/Reference.class
[2022-01-19 09:40:07] [javac-extractor-37104] Writing trap file for: java.util.WeakHashMap 55.0-1626867188000 jrt:/modules/java.base/java/util/WeakHashMap.class
[2022-01-19 09:40:07] [javac-extractor-37104] Writing trap file for: java.util.WeakHashMap.Entry 55.0-1626867188000 jrt:/modules/java.base/java/util/WeakHashMap$Entry.class
[2022-01-19 09:40:07] [javac-extractor-37104] Writing trap file for: sun.util.locale.Extension 55.0-1626867188000 jrt:/modules/java.base/sun/util/locale/Extension.class
[2022-01-19 09:40:07] [javac-extractor-37104] Writing trap file for: sun.util.locale.InternalLocaleBuilder.CaseInsensitiveChar 55.0-1626867188000 jrt:/modules/java.base/sun/util/locale/InternalLocaleBuilder$CaseInsensitiveChar.class
[2022-01-19 09:40:07] [javac-extractor-37104] Writing trap file for: sun.util.locale.InternalLocaleBuilder.CaseInsensitiveString 55.0-1626867188000 jrt:/modules/java.base/sun/util/locale/InternalLocaleBuilder$CaseInsensitiveString.class
[2022-01-19 09:40:07] [javac-extractor-37104] Writing trap file for: java.lang.Number 55.0-1626867188000 jrt:/modules/java.base/java/lang/Number.class
[2022-01-19 09:40:07] [javac-extractor-37104] Writing trap file for: java.util.Spliterator.OfPrimitive 55.0-1626867188000 jrt:/modules/java.base/java/util/Spliterator$OfPrimitive.class
[2022-01-19 09:40:07] [javac-extractor-37104] Writing trap file for: java.util.PrimitiveIterator 55.0-1626867188000 jrt:/modules/java.base/java/util/PrimitiveIterator.class
[2022-01-19 09:40:07] [javac-extractor-37104] Writing trap file for: java.lang.Double 55.0-1626867188000 jrt:/modules/java.base/java/lang/Double.class
[2022-01-19 09:40:07] [javac-extractor-37104] Writing trap file for: java.util.function.DoubleSupplier 55.0-1626867188000 jrt:/modules/java.base/java/util/function/DoubleSupplier.class
[2022-01-19 09:40:07] [javac-extractor-37104] Writing trap file for: java.util.function.DoublePredicate 55.0-1626867188000 jrt:/modules/java.base/java/util/function/DoublePredicate.class
[2022-01-19 09:40:07] [javac-extractor-37104] Writing trap file for: java.util.function.DoubleUnaryOperator 55.0-1626867188000 jrt:/modules/java.base/java/util/function/DoubleUnaryOperator.class
[2022-01-19 09:40:07] [javac-extractor-37104] Writing trap file for: java.util.stream.DoubleStream.Builder 55.0-1626867188000 jrt:/modules/java.base/java/util/stream/DoubleStream$Builder.class
[2022-01-19 09:40:07] [javac-extractor-37104] Writing trap file for: java.util.Spliterator.OfDouble 55.0-1626867188000 jrt:/modules/java.base/java/util/Spliterator$OfDouble.class
[2022-01-19 09:40:07] [javac-extractor-37104] Writing trap file for: java.util.PrimitiveIterator.OfDouble 55.0-1626867188000 jrt:/modules/java.base/java/util/PrimitiveIterator$OfDouble.class
[2022-01-19 09:40:07] [javac-extractor-37104] Writing trap file for: java.util.DoubleSummaryStatistics 55.0-1626867188000 jrt:/modules/java.base/java/util/DoubleSummaryStatistics.class
[2022-01-19 09:40:07] [javac-extractor-37104] Writing trap file for: java.util.function.ObjDoubleConsumer 55.0-1626867188000 jrt:/modules/java.base/java/util/function/ObjDoubleConsumer.class
[2022-01-19 09:40:07] [javac-extractor-37104] Writing trap file for: java.util.function.DoubleBinaryOperator 55.0-1626867188000 jrt:/modules/java.base/java/util/function/DoubleBinaryOperator.class
[2022-01-19 09:40:07] [javac-extractor-37104] Writing trap file for: java.util.function.DoubleConsumer 55.0-1626867188000 jrt:/modules/java.base/java/util/function/DoubleConsumer.class
[2022-01-19 09:40:07] [javac-extractor-37104] Writing trap file for: java.util.function.DoubleFunction 55.0-1626867188000 jrt:/modules/java.base/java/util/function/DoubleFunction.class
[2022-01-19 09:40:07] [javac-extractor-37104] Writing trap file for: java.util.function.DoubleToLongFunction 55.0-1626867188000 jrt:/modules/java.base/java/util/function/DoubleToLongFunction.class
[2022-01-19 09:40:07] [javac-extractor-37104] Writing trap file for: java.util.function.DoubleToIntFunction 55.0-1626867188000 jrt:/modules/java.base/java/util/function/DoubleToIntFunction.class
[2022-01-19 09:40:07] [javac-extractor-37104] Writing trap file for: java.lang.Long 55.0-1626867188000 jrt:/modules/java.base/java/lang/Long.class
[2022-01-19 09:40:07] [javac-extractor-37104] Writing trap file for: java.util.function.LongSupplier 55.0-1626867188000 jrt:/modules/java.base/java/util/function/LongSupplier.class
[2022-01-19 09:40:07] [javac-extractor-37104] Writing trap file for: java.util.function.LongPredicate 55.0-1626867188000 jrt:/modules/java.base/java/util/function/LongPredicate.class
[2022-01-19 09:40:07] [javac-extractor-37104] Writing trap file for: java.util.function.LongUnaryOperator 55.0-1626867188000 jrt:/modules/java.base/java/util/function/LongUnaryOperator.class
[2022-01-19 09:40:07] [javac-extractor-37104] Writing trap file for: java.util.stream.LongStream.Builder 55.0-1626867188000 jrt:/modules/java.base/java/util/stream/LongStream$Builder.class
[2022-01-19 09:40:07] [javac-extractor-37104] Writing trap file for: java.util.Spliterator.OfLong 55.0-1626867188000 jrt:/modules/java.base/java/util/Spliterator$OfLong.class
[2022-01-19 09:40:07] [javac-extractor-37104] Writing trap file for: java.util.PrimitiveIterator.OfLong 55.0-1626867188000 jrt:/modules/java.base/java/util/PrimitiveIterator$OfLong.class
[2022-01-19 09:40:07] [javac-extractor-37104] Writing trap file for: java.util.OptionalLong 55.0-1626867188000 jrt:/modules/java.base/java/util/OptionalLong.class
[2022-01-19 09:40:07] [javac-extractor-37104] Writing trap file for: java.util.LongSummaryStatistics 55.0-1626867188000 jrt:/modules/java.base/java/util/LongSummaryStatistics.class
[2022-01-19 09:40:07] [javac-extractor-37104] Writing trap file for: java.util.function.ObjLongConsumer 55.0-1626867188000 jrt:/modules/java.base/java/util/function/ObjLongConsumer.class
[2022-01-19 09:40:07] [javac-extractor-37104] Writing trap file for: java.util.function.LongBinaryOperator 55.0-1626867188000 jrt:/modules/java.base/java/util/function/LongBinaryOperator.class
[2022-01-19 09:40:07] [javac-extractor-37104] Writing trap file for: java.util.function.LongConsumer 55.0-1626867188000 jrt:/modules/java.base/java/util/function/LongConsumer.class
[2022-01-19 09:40:07] [javac-extractor-37104] Writing trap file for: java.util.function.LongFunction 55.0-1626867188000 jrt:/modules/java.base/java/util/function/LongFunction.class
[2022-01-19 09:40:07] [javac-extractor-37104] Writing trap file for: java.util.function.LongToDoubleFunction 55.0-1626867188000 jrt:/modules/java.base/java/util/function/LongToDoubleFunction.class
[2022-01-19 09:40:07] [javac-extractor-37104] Writing trap file for: java.util.function.LongToIntFunction 55.0-1626867188000 jrt:/modules/java.base/java/util/function/LongToIntFunction.class
[2022-01-19 09:40:07] [javac-extractor-37104] Writing trap file for: java.util.stream.Collector.Characteristics 55.0-1626867188000 jrt:/modules/java.base/java/util/stream/Collector$Characteristics.class
[2022-01-19 09:40:07] [javac-extractor-37104] Writing trap file for: java.nio.Buffer 55.0-1626867188000 jrt:/modules/java.base/java/nio/Buffer.class
[2022-01-19 09:40:07] [javac-extractor-37104] Writing trap file for: java.nio.DoubleBuffer 55.0-1626867188000 jrt:/modules/java.base/java/nio/DoubleBuffer.class
[2022-01-19 09:40:07] [javac-extractor-37104] Writing trap file for: java.nio.FloatBuffer 55.0-1626867188000 jrt:/modules/java.base/java/nio/FloatBuffer.class
[2022-01-19 09:40:07] [javac-extractor-37104] Writing trap file for: java.nio.LongBuffer 55.0-1626867188000 jrt:/modules/java.base/java/nio/LongBuffer.class
[2022-01-19 09:40:07] [javac-extractor-37104] Writing trap file for: java.nio.IntBuffer 55.0-1626867188000 jrt:/modules/java.base/java/nio/IntBuffer.class
[2022-01-19 09:40:07] [javac-extractor-37104] Writing trap file for: java.nio.ShortBuffer 55.0-1626867188000 jrt:/modules/java.base/java/nio/ShortBuffer.class
[2022-01-19 09:40:07] [javac-extractor-37104] Writing trap file for: java.nio.ByteOrder 55.0-1626867188000 jrt:/modules/java.base/java/nio/ByteOrder.class
[2022-01-19 09:40:07] [javac-extractor-37104] Writing trap file for: java.lang.Readable 55.0-1626867188000 jrt:/modules/java.base/java/lang/Readable.class
[2022-01-19 09:40:07] [javac-extractor-37104] Writing trap file for: java.nio.charset.CharacterCodingException 55.0-1626867188000 jrt:/modules/java.base/java/nio/charset/CharacterCodingException.class
[2022-01-19 09:40:07] [javac-extractor-37104] Writing trap file for: java.nio.charset.CoderResult 55.0-1626867188000 jrt:/modules/java.base/java/nio/charset/CoderResult.class
[2022-01-19 09:40:07] [javac-extractor-37104] Writing trap file for: java.nio.charset.CodingErrorAction 55.0-1626867188000 jrt:/modules/java.base/java/nio/charset/CodingErrorAction.class
[2022-01-19 09:40:07] [javac-extractor-37104] Writing trap file for: java.lang.StackWalker.StackFrame 55.0-1626867188000 jrt:/modules/java.base/java/lang/StackWalker$StackFrame.class
[2022-01-19 09:40:07] [javac-extractor-37104] Writing trap file for: java.lang.invoke.MethodType 55.0-1626867188000 jrt:/modules/java.base/java/lang/invoke/MethodType.class
[2022-01-19 09:40:07] [javac-extractor-37104] Writing trap file for: java.lang.StackWalker 55.0-1626867188000 jrt:/modules/java.base/java/lang/StackWalker.class
[2022-01-19 09:40:07] [javac-extractor-37104] Writing trap file for: java.io.Flushable 55.0-1626867188000 jrt:/modules/java.base/java/io/Flushable.class
[2022-01-19 09:40:07] [javac-extractor-37104] Writing trap file for: java.nio.file.Path 55.0-1626867188000 jrt:/modules/java.base/java/nio/file/Path.class
[2022-01-19 09:40:07] [javac-extractor-37104] Writing trap file for: java.io.FileFilter 55.0-1626867188000 jrt:/modules/java.base/java/io/FileFilter.class
[2022-01-19 09:40:07] [javac-extractor-37104] Writing trap file for: java.io.FilenameFilter 55.0-1626867188000 jrt:/modules/java.base/java/io/FilenameFilter.class
[2022-01-19 09:40:07] [javac-extractor-37104] Writing trap file for: jdk.internal.reflect.ReflectionFactory 55.0-1626867188000 jrt:/modules/java.base/jdk/internal/reflect/ReflectionFactory.class
[2022-01-19 09:40:07] [javac-extractor-37104] Writing trap file for: sun.reflect.generics.tree.MethodTypeSignature 55.0-1626867188000 jrt:/modules/java.base/sun/reflect/generics/tree/MethodTypeSignature.class
[2022-01-19 09:40:07] [javac-extractor-37104] Writing trap file for: sun.reflect.generics.repository.GenericDeclRepository 55.0-1626867188000 jrt:/modules/java.base/sun/reflect/generics/repository/GenericDeclRepository.class
[2022-01-19 09:40:07] [javac-extractor-37104] Writing trap file for: sun.reflect.generics.repository.AbstractRepository 55.0-1626867188000 jrt:/modules/java.base/sun/reflect/generics/repository/AbstractRepository.class
[2022-01-19 09:40:07] [javac-extractor-37104] Writing trap file for: sun.reflect.generics.tree.Tree 55.0-1626867188000 jrt:/modules/java.base/sun/reflect/generics/tree/Tree.class
[2022-01-19 09:40:07] [javac-extractor-37104] Writing trap file for: sun.reflect.generics.factory.GenericsFactory 55.0-1626867188000 jrt:/modules/java.base/sun/reflect/generics/factory/GenericsFactory.class
[2022-01-19 09:40:07] [javac-extractor-37104] Writing trap file for: sun.reflect.generics.visitor.Reifier 55.0-1626867188000 jrt:/modules/java.base/sun/reflect/generics/visitor/Reifier.class
[2022-01-19 09:40:07] [javac-extractor-37104] Writing trap file for: java.security.Guard 55.0-1626867188000 jrt:/modules/java.base/java/security/Guard.class
[2022-01-19 09:40:07] [javac-extractor-37104] Writing trap file for: javax.security.auth.Subject 55.0-1626867188000 jrt:/modules/java.base/javax/security/auth/Subject.class
[2022-01-19 09:40:07] [javac-extractor-37104] Writing trap file for: java.security.CodeSigner 55.0-1626867188000 jrt:/modules/java.base/java/security/CodeSigner.class
[2022-01-19 09:40:07] [javac-extractor-37104] Writing trap file for: java.security.cert.Certificate 55.0-1626867188000 jrt:/modules/java.base/java/security/cert/Certificate.class
[2022-01-19 09:40:07] [javac-extractor-37104] Writing trap file for: java.net.SocketAddress 55.0-1626867188000 jrt:/modules/java.base/java/net/SocketAddress.class
[2022-01-19 09:40:07] [javac-extractor-37104] Writing trap file for: java.net.Proxy.Type 55.0-1626867188000 jrt:/modules/java.base/java/net/Proxy$Type.class
[2022-01-19 09:40:07] [javac-extractor-37104] Writing trap file for: java.net.ContentHandlerFactory 55.0-1626867188000 jrt:/modules/java.base/java/net/ContentHandlerFactory.class
[2022-01-19 09:40:07] [javac-extractor-37104] Writing trap file for: java.net.FileNameMap 55.0-1626867188000 jrt:/modules/java.base/java/net/FileNameMap.class
[2022-01-19 09:40:07] [javac-extractor-37104] Writing trap file for: java.net.InetAddressImpl 55.0-1626867188000 jrt:/modules/java.base/java/net/InetAddressImpl.class
[2022-01-19 09:40:07] [javac-extractor-37104] Writing trap file for: java.net.UnknownHostException 55.0-1626867188000 jrt:/modules/java.base/java/net/UnknownHostException.class
[2022-01-19 09:40:07] [javac-extractor-37104] Writing trap file for: java.net.NetworkInterface 55.0-1626867188000 jrt:/modules/java.base/java/net/NetworkInterface.class
[2022-01-19 09:40:07] [javac-extractor-37104] Writing trap file for: java.net.InetAddress.InetAddressHolder 55.0-1626867188000 jrt:/modules/java.base/java/net/InetAddress$InetAddressHolder.class
[2022-01-19 09:40:07] [javac-extractor-37104] Writing trap file for: java.io.ObjectInputStream 55.0-1626867188000 jrt:/modules/java.base/java/io/ObjectInputStream.class
[2022-01-19 09:40:07] [javac-extractor-37104] Writing trap file for: java.io.ObjectOutputStream 55.0-1626867188000 jrt:/modules/java.base/java/io/ObjectOutputStream.class
[2022-01-19 09:40:07] [javac-extractor-37104] Writing trap file for: java.lang.module.ResolvedModule 55.0-1626867188000 jrt:/modules/java.base/java/lang/module/ResolvedModule.class
[2022-01-19 09:40:07] [javac-extractor-37104] Writing trap file for: java.lang.module.ModuleFinder 55.0-1626867188000 jrt:/modules/java.base/java/lang/module/ModuleFinder.class
[2022-01-19 09:40:07] [javac-extractor-37104] Writing trap file for: jdk.internal.module.ServicesCatalog 55.0-1626867188000 jrt:/modules/java.base/jdk/internal/module/ServicesCatalog.class
[2022-01-19 09:40:07] [javac-extractor-37104] Writing trap file for: java.lang.ModuleLayer.Controller 55.0-1626867188000 jrt:/modules/java.base/java/lang/ModuleLayer$Controller.class
[2022-01-19 09:40:07] [javac-extractor-37104] Writing trap file for: java.lang.module.ModuleDescriptor.Builder 55.0-1626867188000 jrt:/modules/java.base/java/lang/module/ModuleDescriptor$Builder.class
[2022-01-19 09:40:07] [javac-extractor-37104] Writing trap file for: java.lang.module.ModuleDescriptor.Modifier 55.0-1626867188000 jrt:/modules/java.base/java/lang/module/ModuleDescriptor$Modifier.class
[2022-01-19 09:40:07] [javac-extractor-37104] Writing trap file for: java.lang.module.ModuleDescriptor.Version 55.0-1626867188000 jrt:/modules/java.base/java/lang/module/ModuleDescriptor$Version.class
[2022-01-19 09:40:07] [javac-extractor-37104] Writing trap file for: java.lang.module.ModuleDescriptor.Provides 55.0-1626867188000 jrt:/modules/java.base/java/lang/module/ModuleDescriptor$Provides.class
[2022-01-19 09:40:07] [javac-extractor-37104] Writing trap file for: java.lang.module.ModuleDescriptor.Opens 55.0-1626867188000 jrt:/modules/java.base/java/lang/module/ModuleDescriptor$Opens.class
[2022-01-19 09:40:07] [javac-extractor-37104] Writing trap file for: java.lang.module.ModuleDescriptor.Exports 55.0-1626867188000 jrt:/modules/java.base/java/lang/module/ModuleDescriptor$Exports.class
[2022-01-19 09:40:07] [javac-extractor-37104] Writing trap file for: java.lang.module.ModuleDescriptor.Requires 55.0-1626867188000 jrt:/modules/java.base/java/lang/module/ModuleDescriptor$Requires.class
[2022-01-19 09:40:07] [javac-extractor-37104] Writing trap file for: java.util.function.ToIntBiFunction 55.0-1626867188000 jrt:/modules/java.base/java/util/function/ToIntBiFunction.class
[2022-01-19 09:40:07] [javac-extractor-37104] Writing trap file for: java.util.function.ToLongBiFunction 55.0-1626867188000 jrt:/modules/java.base/java/util/function/ToLongBiFunction.class
[2022-01-19 09:40:07] [javac-extractor-37104] Writing trap file for: java.util.function.ToDoubleBiFunction 55.0-1626867188000 jrt:/modules/java.base/java/util/function/ToDoubleBiFunction.class
[2022-01-19 09:40:07] [javac-extractor-37104] Writing trap file for: java.util.concurrent.ConcurrentHashMap.Node 55.0-1626867188000 jrt:/modules/java.base/java/util/concurrent/ConcurrentHashMap$Node.class
[2022-01-19 09:40:07] [javac-extractor-37104] Writing trap file for: java.util.concurrent.ConcurrentHashMap.KeySetView 55.0-1626867188000 jrt:/modules/java.base/java/util/concurrent/ConcurrentHashMap$KeySetView.class
[2022-01-19 09:40:07] [javac-extractor-37104] Writing trap file for: java.util.concurrent.ConcurrentHashMap.CollectionView 55.0-1626867188000 jrt:/modules/java.base/java/util/concurrent/ConcurrentHashMap$CollectionView.class
[2022-01-19 09:40:07] [javac-extractor-37104] Writing trap file for: java.lang.LinkageError 55.0-1626867188000 jrt:/modules/java.base/java/lang/LinkageError.class
[2022-01-19 09:40:07] [javac-extractor-37104] Writing trap file for: java.lang.ref.ReferenceQueue 55.0-1626867188000 jrt:/modules/java.base/java/lang/ref/ReferenceQueue.class
[2022-01-19 09:40:07] [javac-extractor-37104] Writing trap file for: sun.util.locale.InternalLocaleBuilder 55.0-1626867188000 jrt:/modules/java.base/sun/util/locale/InternalLocaleBuilder.class
[2022-01-19 09:40:07] [javac-extractor-37104] Writing trap file for: jdk.internal.misc.Unsafe 55.0-1626867188000 jrt:/modules/java.base/jdk/internal/misc/Unsafe.class
[2022-01-19 09:40:07] [javac-extractor-37104] Writing trap file for: java.lang.TypeNotPresentException 55.0-1626867188000 jrt:/modules/java.base/java/lang/TypeNotPresentException.class
[2022-01-19 09:40:07] [javac-extractor-37104] Writing trap file for: java.lang.invoke.Invokers 55.0-1626867188000 jrt:/modules/java.base/java/lang/invoke/Invokers.class
[2022-01-19 09:40:07] [javac-extractor-37104] Writing trap file for: java.lang.invoke.MethodTypeForm 55.0-1626867188000 jrt:/modules/java.base/java/lang/invoke/MethodTypeForm.class
[2022-01-19 09:40:07] [javac-extractor-37104] Writing trap file for: java.lang.invoke.MethodType.ConcurrentWeakInternSet 55.0-1626867188000 jrt:/modules/java.base/java/lang/invoke/MethodType$ConcurrentWeakInternSet.class
[2022-01-19 09:40:07] [javac-extractor-37104] Writing trap file for: java.lang.StackWalker.Option 55.0-1626867188000 jrt:/modules/java.base/java/lang/StackWalker$Option.class
[2022-01-19 09:40:07] [javac-extractor-37104] Writing trap file for: java.lang.StackWalker.ExtendedOption 55.0-1626867188000 jrt:/modules/java.base/java/lang/StackWalker$ExtendedOption.class
[2022-01-19 09:40:07] [javac-extractor-37104] Writing trap file for: java.util.EnumSet 55.0-1626867188000 jrt:/modules/java.base/java/util/EnumSet.class
[2022-01-19 09:40:07] [javac-extractor-37104] Writing trap file for: java.util.AbstractSet 55.0-1626867188000 jrt:/modules/java.base/java/util/AbstractSet.class
[2022-01-19 09:40:07] [javac-extractor-37104] Writing trap file for: java.util.AbstractCollection 55.0-1626867188000 jrt:/modules/java.base/java/util/AbstractCollection.class
[2022-01-19 09:40:07] [javac-extractor-37104] Writing trap file for: java.nio.file.Watchable 55.0-1626867188000 jrt:/modules/java.base/java/nio/file/Watchable.class
[2022-01-19 09:40:07] [javac-extractor-37104] Writing trap file for: java.nio.file.WatchService 55.0-1626867188000 jrt:/modules/java.base/java/nio/file/WatchService.class
[2022-01-19 09:40:07] [javac-extractor-37104] Writing trap file for: java.nio.file.WatchEvent.Kind 55.0-1626867188000 jrt:/modules/java.base/java/nio/file/WatchEvent$Kind.class
[2022-01-19 09:40:07] [javac-extractor-37104] Writing trap file for: java.nio.file.WatchEvent 55.0-1626867188000 jrt:/modules/java.base/java/nio/file/WatchEvent.class
[2022-01-19 09:40:07] [javac-extractor-37104] Writing trap file for: java.nio.file.WatchKey 55.0-1626867188000 jrt:/modules/java.base/java/nio/file/WatchKey.class
[2022-01-19 09:40:07] [javac-extractor-37104] Writing trap file for: java.nio.file.WatchEvent.Modifier 55.0-1626867188000 jrt:/modules/java.base/java/nio/file/WatchEvent$Modifier.class
[2022-01-19 09:40:07] [javac-extractor-37104] Writing trap file for: java.nio.file.LinkOption 55.0-1626867188000 jrt:/modules/java.base/java/nio/file/LinkOption.class
[2022-01-19 09:40:07] [javac-extractor-37104] Writing trap file for: java.nio.file.FileSystem 55.0-1626867188000 jrt:/modules/java.base/java/nio/file/FileSystem.class
[2022-01-19 09:40:07] [javac-extractor-37104] Writing trap file for: java.io.OptionalDataException 55.0-1626867188000 jrt:/modules/java.base/java/io/OptionalDataException.class
[2022-01-19 09:40:07] [javac-extractor-37104] Writing trap file for: java.lang.invoke.MethodHandle 55.0-1626867188000 jrt:/modules/java.base/java/lang/invoke/MethodHandle.class
[2022-01-19 09:40:07] [javac-extractor-37104] Writing trap file for: jdk.internal.reflect.FieldAccessor 55.0-1626867188000 jrt:/modules/java.base/jdk/internal/reflect/FieldAccessor.class
[2022-01-19 09:40:07] [javac-extractor-37104] Writing trap file for: jdk.internal.reflect.LangReflectAccess 55.0-1626867188000 jrt:/modules/java.base/jdk/internal/reflect/LangReflectAccess.class
[2022-01-19 09:40:07] [javac-extractor-37104] Writing trap file for: sun.reflect.generics.tree.Signature 55.0-1626867188000 jrt:/modules/java.base/sun/reflect/generics/tree/Signature.class
[2022-01-19 09:40:07] [javac-extractor-37104] Writing trap file for: sun.reflect.generics.visitor.Visitor 55.0-1626867188000 jrt:/modules/java.base/sun/reflect/generics/visitor/Visitor.class
[2022-01-19 09:40:08] [javac-extractor-37104] Writing trap file for: sun.reflect.generics.visitor.TypeTreeVisitor 55.0-1626867188000 jrt:/modules/java.base/sun/reflect/generics/visitor/TypeTreeVisitor.class
[2022-01-19 09:40:08] [javac-extractor-37104] Writing trap file for: sun.reflect.generics.tree.FieldTypeSignature 55.0-1626867188000 jrt:/modules/java.base/sun/reflect/generics/tree/FieldTypeSignature.class
[2022-01-19 09:40:08] [javac-extractor-37104] Writing trap file for: sun.reflect.generics.tree.ReturnType 55.0-1626867188000 jrt:/modules/java.base/sun/reflect/generics/tree/ReturnType.class
[2022-01-19 09:40:08] [javac-extractor-37104] Writing trap file for: sun.reflect.generics.tree.TypeSignature 55.0-1626867188000 jrt:/modules/java.base/sun/reflect/generics/tree/TypeSignature.class
[2022-01-19 09:40:08] [javac-extractor-37104] Writing trap file for: sun.reflect.generics.tree.FormalTypeParameter 55.0-1626867188000 jrt:/modules/java.base/sun/reflect/generics/tree/FormalTypeParameter.class
[2022-01-19 09:40:08] [javac-extractor-37104] Writing trap file for: java.lang.reflect.WildcardType 55.0-1626867188000 jrt:/modules/java.base/java/lang/reflect/WildcardType.class
[2022-01-19 09:40:08] [javac-extractor-37104] Writing trap file for: java.lang.reflect.ParameterizedType 55.0-1626867188000 jrt:/modules/java.base/java/lang/reflect/ParameterizedType.class
[2022-01-19 09:40:08] [javac-extractor-37104] Writing trap file for: sun.reflect.generics.tree.VoidDescriptor 55.0-1626867188000 jrt:/modules/java.base/sun/reflect/generics/tree/VoidDescriptor.class
[2022-01-19 09:40:08] [javac-extractor-37104] Writing trap file for: sun.reflect.generics.tree.DoubleSignature 55.0-1626867188000 jrt:/modules/java.base/sun/reflect/generics/tree/DoubleSignature.class
[2022-01-19 09:40:08] [javac-extractor-37104] Writing trap file for: sun.reflect.generics.tree.FloatSignature 55.0-1626867188000 jrt:/modules/java.base/sun/reflect/generics/tree/FloatSignature.class
[2022-01-19 09:40:08] [javac-extractor-37104] Writing trap file for: sun.reflect.generics.tree.LongSignature 55.0-1626867188000 jrt:/modules/java.base/sun/reflect/generics/tree/LongSignature.class
[2022-01-19 09:40:08] [javac-extractor-37104] Writing trap file for: sun.reflect.generics.tree.IntSignature 55.0-1626867188000 jrt:/modules/java.base/sun/reflect/generics/tree/IntSignature.class
[2022-01-19 09:40:08] [javac-extractor-37104] Writing trap file for: sun.reflect.generics.tree.CharSignature 55.0-1626867188000 jrt:/modules/java.base/sun/reflect/generics/tree/CharSignature.class
[2022-01-19 09:40:08] [javac-extractor-37104] Writing trap file for: sun.reflect.generics.tree.ShortSignature 55.0-1626867188000 jrt:/modules/java.base/sun/reflect/generics/tree/ShortSignature.class
[2022-01-19 09:40:08] [javac-extractor-37104] Writing trap file for: sun.reflect.generics.tree.BooleanSignature 55.0-1626867188000 jrt:/modules/java.base/sun/reflect/generics/tree/BooleanSignature.class
[2022-01-19 09:40:08] [javac-extractor-37104] Writing trap file for: sun.reflect.generics.tree.ByteSignature 55.0-1626867188000 jrt:/modules/java.base/sun/reflect/generics/tree/ByteSignature.class
[2022-01-19 09:40:08] [javac-extractor-37104] Writing trap file for: sun.reflect.generics.tree.BottomSignature 55.0-1626867188000 jrt:/modules/java.base/sun/reflect/generics/tree/BottomSignature.class
[2022-01-19 09:40:08] [javac-extractor-37104] Writing trap file for: sun.reflect.generics.tree.SimpleClassTypeSignature 55.0-1626867188000 jrt:/modules/java.base/sun/reflect/generics/tree/SimpleClassTypeSignature.class
[2022-01-19 09:40:08] [javac-extractor-37104] Writing trap file for: sun.reflect.generics.tree.Wildcard 55.0-1626867188000 jrt:/modules/java.base/sun/reflect/generics/tree/Wildcard.class
[2022-01-19 09:40:08] [javac-extractor-37104] Writing trap file for: sun.reflect.generics.tree.TypeVariableSignature 55.0-1626867188000 jrt:/modules/java.base/sun/reflect/generics/tree/TypeVariableSignature.class
[2022-01-19 09:40:08] [javac-extractor-37104] Writing trap file for: sun.reflect.generics.tree.ArrayTypeSignature 55.0-1626867188000 jrt:/modules/java.base/sun/reflect/generics/tree/ArrayTypeSignature.class
[2022-01-19 09:40:08] [javac-extractor-37104] Writing trap file for: sun.reflect.generics.tree.ClassTypeSignature 55.0-1626867188000 jrt:/modules/java.base/sun/reflect/generics/tree/ClassTypeSignature.class
[2022-01-19 09:40:08] [javac-extractor-37104] Writing trap file for: java.security.PrivilegedExceptionAction 55.0-1626867188000 jrt:/modules/java.base/java/security/PrivilegedExceptionAction.class
[2022-01-19 09:40:08] [javac-extractor-37104] Writing trap file for: java.security.AccessControlContext 55.0-1626867188000 jrt:/modules/java.base/java/security/AccessControlContext.class
[2022-01-19 09:40:08] [javac-extractor-37104] Writing trap file for: java.security.PrivilegedActionException 55.0-1626867188000 jrt:/modules/java.base/java/security/PrivilegedActionException.class
[2022-01-19 09:40:08] [javac-extractor-37104] Writing trap file for: java.security.PrivilegedAction 55.0-1626867188000 jrt:/modules/java.base/java/security/PrivilegedAction.class
[2022-01-19 09:40:08] [javac-extractor-37104] Writing trap file for: java.security.Timestamp 55.0-1626867188000 jrt:/modules/java.base/java/security/Timestamp.class
[2022-01-19 09:40:08] [javac-extractor-37104] Writing trap file for: java.security.cert.CertPath 55.0-1626867188000 jrt:/modules/java.base/java/security/cert/CertPath.class
[2022-01-19 09:40:08] [javac-extractor-37104] Writing trap file for: java.io.ObjectStreamException 55.0-1626867188000 jrt:/modules/java.base/java/io/ObjectStreamException.class
[2022-01-19 09:40:08] [javac-extractor-37104] Writing trap file for: java.security.PublicKey 55.0-1626867188000 jrt:/modules/java.base/java/security/PublicKey.class
[2022-01-19 09:40:08] [javac-extractor-37104] Writing trap file for: java.security.Provider 55.0-1626867188000 jrt:/modules/java.base/java/security/Provider.class
[2022-01-19 09:40:08] [javac-extractor-37104] Writing trap file for: java.security.cert.CertificateException 55.0-1626867188000 jrt:/modules/java.base/java/security/cert/CertificateException.class
[2022-01-19 09:40:08] [javac-extractor-37104] Writing trap file for: java.security.NoSuchAlgorithmException 55.0-1626867188000 jrt:/modules/java.base/java/security/NoSuchAlgorithmException.class
[2022-01-19 09:40:08] [javac-extractor-37104] Writing trap file for: java.security.InvalidKeyException 55.0-1626867188000 jrt:/modules/java.base/java/security/InvalidKeyException.class
[2022-01-19 09:40:08] [javac-extractor-37104] Writing trap file for: java.security.SignatureException 55.0-1626867188000 jrt:/modules/java.base/java/security/SignatureException.class
[2022-01-19 09:40:08] [javac-extractor-37104] Writing trap file for: java.security.NoSuchProviderException 55.0-1626867188000 jrt:/modules/java.base/java/security/NoSuchProviderException.class
[2022-01-19 09:40:08] [javac-extractor-37104] Writing trap file for: java.security.cert.CertificateEncodingException 55.0-1626867188000 jrt:/modules/java.base/java/security/cert/CertificateEncodingException.class
[2022-01-19 09:40:08] [javac-extractor-37104] Writing trap file for: java.net.ContentHandler 55.0-1626867188000 jrt:/modules/java.base/java/net/ContentHandler.class
[2022-01-19 09:40:08] [javac-extractor-37104] Writing trap file for: java.net.SocketException 55.0-1626867188000 jrt:/modules/java.base/java/net/SocketException.class
[2022-01-19 09:40:08] [javac-extractor-37104] Writing trap file for: java.net.InterfaceAddress 55.0-1626867188000 jrt:/modules/java.base/java/net/InterfaceAddress.class
[2022-01-19 09:40:08] [javac-extractor-37104] Writing trap file for: java.io.ObjectInput 55.0-1626867188000 jrt:/modules/java.base/java/io/ObjectInput.class
[2022-01-19 09:40:08] [javac-extractor-37104] Writing trap file for: java.io.ObjectStreamConstants 55.0-1626867188000 jrt:/modules/java.base/java/io/ObjectStreamConstants.class
[2022-01-19 09:40:08] [javac-extractor-37104] Writing trap file for: java.io.ObjectInputFilter 55.0-1626867188000 jrt:/modules/java.base/java/io/ObjectInputFilter.class
[2022-01-19 09:40:08] [javac-extractor-37104] Writing trap file for: java.io.ObjectStreamClass 55.0-1626867188000 jrt:/modules/java.base/java/io/ObjectStreamClass.class
[2022-01-19 09:40:08] [javac-extractor-37104] Writing trap file for: java.io.StreamCorruptedException 55.0-1626867188000 jrt:/modules/java.base/java/io/StreamCorruptedException.class
[2022-01-19 09:40:08] [javac-extractor-37104] Writing trap file for: java.io.ObjectInputValidation 55.0-1626867188000 jrt:/modules/java.base/java/io/ObjectInputValidation.class
[2022-01-19 09:40:08] [javac-extractor-37104] Writing trap file for: java.io.NotActiveException 55.0-1626867188000 jrt:/modules/java.base/java/io/NotActiveException.class
[2022-01-19 09:40:08] [javac-extractor-37104] Writing trap file for: java.io.InvalidObjectException 55.0-1626867188000 jrt:/modules/java.base/java/io/InvalidObjectException.class
[2022-01-19 09:40:08] [javac-extractor-37104] Writing trap file for: java.io.ObjectInputStream.GetField 55.0-1626867188000 jrt:/modules/java.base/java/io/ObjectInputStream$GetField.class
[2022-01-19 09:40:08] [javac-extractor-37104] Writing trap file for: java.io.ObjectOutput 55.0-1626867188000 jrt:/modules/java.base/java/io/ObjectOutput.class
[2022-01-19 09:40:08] [javac-extractor-37104] Writing trap file for: java.io.ObjectOutputStream.PutField 55.0-1626867188000 jrt:/modules/java.base/java/io/ObjectOutputStream$PutField.class
[2022-01-19 09:40:08] [javac-extractor-37104] Writing trap file for: java.lang.module.ModuleReference 55.0-1626867188000 jrt:/modules/java.base/java/lang/module/ModuleReference.class
[2022-01-19 09:40:08] [javac-extractor-37104] Writing trap file for: jdk.internal.module.ServicesCatalog.ServiceProvider 55.0-1626867188000 jrt:/modules/java.base/jdk/internal/module/ServicesCatalog$ServiceProvider.class
[2022-01-19 09:40:08] [javac-extractor-37104] Writing trap file for: java.lang.module.ModuleDescriptor.Opens.Modifier 55.0-1626867188000 jrt:/modules/java.base/java/lang/module/ModuleDescriptor$Opens$Modifier.class
[2022-01-19 09:40:08] [javac-extractor-37104] Writing trap file for: java.lang.module.ModuleDescriptor.Exports.Modifier 55.0-1626867188000 jrt:/modules/java.base/java/lang/module/ModuleDescriptor$Exports$Modifier.class
[2022-01-19 09:40:08] [javac-extractor-37104] Writing trap file for: java.lang.module.ModuleDescriptor.Requires.Modifier 55.0-1626867188000 jrt:/modules/java.base/java/lang/module/ModuleDescriptor$Requires$Modifier.class
[2022-01-19 09:40:08] [javac-extractor-37104] Writing trap file for: java.lang.Error 55.0-1626867188000 jrt:/modules/java.base/java/lang/Error.class
[2022-01-19 09:40:08] [javac-extractor-37104] Writing trap file for: sun.util.locale.LocaleSyntaxException 55.0-1626867188000 jrt:/modules/java.base/sun/util/locale/LocaleSyntaxException.class
[2022-01-19 09:40:08] [javac-extractor-37104] Writing trap file for: sun.util.locale.LanguageTag 55.0-1626867188000 jrt:/modules/java.base/sun/util/locale/LanguageTag.class
[2022-01-19 09:40:08] [javac-extractor-37104] Writing trap file for: jdk.internal.vm.annotation.DontInline 55.0-1626867188000 jrt:/modules/java.base/jdk/internal/vm/annotation/DontInline.class
[2022-01-19 09:40:08] [javac-extractor-37104] Writing trap file for: java.lang.invoke.CallSite 55.0-1626867188000 jrt:/modules/java.base/java/lang/invoke/CallSite.class
[2022-01-19 09:40:08] [javac-extractor-37104] Writing trap file for: java.lang.invoke.LambdaForm 55.0-1626867188000 jrt:/modules/java.base/java/lang/invoke/LambdaForm.class
[2022-01-19 09:40:08] [javac-extractor-37104] Writing trap file for: java.lang.invoke.MemberName 55.0-1626867188000 jrt:/modules/java.base/java/lang/invoke/MemberName.class
[2022-01-19 09:40:08] [javac-extractor-37104] Writing trap file for: java.lang.invoke.WrongMethodTypeException 55.0-1626867188000 jrt:/modules/java.base/java/lang/invoke/WrongMethodTypeException.class
[2022-01-19 09:40:08] [javac-extractor-37104] Writing trap file for: java.lang.invoke.VarHandle 55.0-1626867188000 jrt:/modules/java.base/java/lang/invoke/VarHandle.class
[2022-01-19 09:40:08] [javac-extractor-37104] Writing trap file for: java.lang.invoke.VarHandle.AccessDescriptor 55.0-1626867188000 jrt:/modules/java.base/java/lang/invoke/VarHandle$AccessDescriptor.class
[2022-01-19 09:40:08] [javac-extractor-37104] Writing trap file for: java.lang.invoke.VarHandle.AccessMode 55.0-1626867188000 jrt:/modules/java.base/java/lang/invoke/VarHandle$AccessMode.class
[2022-01-19 09:40:08] [javac-extractor-37104] Writing trap file for: java.lang.ref.SoftReference 55.0-1626867188000 jrt:/modules/java.base/java/lang/ref/SoftReference.class
[2022-01-19 09:40:08] [javac-extractor-37104] Writing trap file for: jdk.internal.vm.annotation.Stable 55.0-1626867188000 jrt:/modules/java.base/jdk/internal/vm/annotation/Stable.class
[2022-01-19 09:40:08] [javac-extractor-37104] Writing trap file for: java.util.concurrent.TimeUnit 55.0-1626867188000 jrt:/modules/java.base/java/util/concurrent/TimeUnit.class
[2022-01-19 09:40:08] [javac-extractor-37104] Writing trap file for: java.nio.file.OpenOption 55.0-1626867188000 jrt:/modules/java.base/java/nio/file/OpenOption.class
[2022-01-19 09:40:08] [javac-extractor-37104] Writing trap file for: java.nio.file.CopyOption 55.0-1626867188000 jrt:/modules/java.base/java/nio/file/CopyOption.class
[2022-01-19 09:40:08] [javac-extractor-37104] Writing trap file for: java.nio.file.attribute.UserPrincipalLookupService 55.0-1626867188000 jrt:/modules/java.base/java/nio/file/attribute/UserPrincipalLookupService.class
[2022-01-19 09:40:08] [javac-extractor-37104] Writing trap file for: java.nio.file.PathMatcher 55.0-1626867188000 jrt:/modules/java.base/java/nio/file/PathMatcher.class
[2022-01-19 09:40:08] [javac-extractor-37104] Writing trap file for: java.nio.file.FileStore 55.0-1626867188000 jrt:/modules/java.base/java/nio/file/FileStore.class
[2022-01-19 09:40:08] [javac-extractor-37104] Writing trap file for: java.nio.file.spi.FileSystemProvider 55.0-1626867188000 jrt:/modules/java.base/java/nio/file/spi/FileSystemProvider.class
[2022-01-19 09:40:08] [javac-extractor-37104] Writing trap file for: java.lang.invoke.BoundMethodHandle 55.0-1626867188000 jrt:/modules/java.base/java/lang/invoke/BoundMethodHandle.class
[2022-01-19 09:40:08] [javac-extractor-37104] Writing trap file for: java.lang.invoke.MethodHandleImpl.Intrinsic 55.0-1626867188000 jrt:/modules/java.base/java/lang/invoke/MethodHandleImpl$Intrinsic.class
[2022-01-19 09:40:08] [javac-extractor-37104] Writing trap file for: java.lang.invoke.MethodHandle.PolymorphicSignature 55.0-1626867188000 jrt:/modules/java.base/java/lang/invoke/MethodHandle$PolymorphicSignature.class
[2022-01-19 09:40:08] [javac-extractor-37104] Writing trap file for: sun.reflect.generics.tree.ClassSignature 55.0-1626867188000 jrt:/modules/java.base/sun/reflect/generics/tree/ClassSignature.class
[2022-01-19 09:40:08] [javac-extractor-37104] Writing trap file for: sun.reflect.generics.tree.BaseType 55.0-1626867188000 jrt:/modules/java.base/sun/reflect/generics/tree/BaseType.class
[2022-01-19 09:40:08] [javac-extractor-37104] Writing trap file for: sun.reflect.generics.tree.TypeArgument 55.0-1626867188000 jrt:/modules/java.base/sun/reflect/generics/tree/TypeArgument.class
[2022-01-19 09:40:08] [javac-extractor-37104] Writing trap file for: sun.reflect.generics.tree.TypeTree 55.0-1626867188000 jrt:/modules/java.base/sun/reflect/generics/tree/TypeTree.class
[2022-01-19 09:40:08] [javac-extractor-37104] Writing trap file for: java.security.AccessControlException 55.0-1626867188000 jrt:/modules/java.base/java/security/AccessControlException.class
[2022-01-19 09:40:08] [javac-extractor-37104] Writing trap file for: java.security.DomainCombiner 55.0-1626867188000 jrt:/modules/java.base/java/security/DomainCombiner.class
[2022-01-19 09:40:08] [javac-extractor-37104] Writing trap file for: sun.security.util.Debug 55.0-1626867188000 jrt:/modules/java.base/sun/security/util/Debug.class
[2022-01-19 09:40:08] [javac-extractor-37104] Writing trap file for: java.util.Date 55.0-1626867188000 jrt:/modules/java.base/java/util/Date.class
[2022-01-19 09:40:08] [javac-extractor-37104] Writing trap file for: java.security.Key 55.0-1626867188000 jrt:/modules/java.base/java/security/Key.class
[2022-01-19 09:40:08] [javac-extractor-37104] Writing trap file for: java.util.Properties 55.0-1626867188000 jrt:/modules/java.base/java/util/Properties.class
[2022-01-19 09:40:08] [javac-extractor-37104] Writing trap file for: java.security.Provider.Service 55.0-1626867188000 jrt:/modules/java.base/java/security/Provider$Service.class
[2022-01-19 09:40:08] [javac-extractor-37104] Writing trap file for: java.security.GeneralSecurityException 55.0-1626867188000 jrt:/modules/java.base/java/security/GeneralSecurityException.class
[2022-01-19 09:40:08] [javac-extractor-37104] Writing trap file for: java.security.KeyException 55.0-1626867188000 jrt:/modules/java.base/java/security/KeyException.class
[2022-01-19 09:40:08] [javac-extractor-37104] Writing trap file for: java.io.DataInput 55.0-1626867188000 jrt:/modules/java.base/java/io/DataInput.class
[2022-01-19 09:40:08] [javac-extractor-37104] Writing trap file for: java.io.SerializablePermission 55.0-1626867188000 jrt:/modules/java.base/java/io/SerializablePermission.class
[2022-01-19 09:40:08] [javac-extractor-37104] Writing trap file for: java.io.ObjectInputFilter.FilterInfo 55.0-1626867188000 jrt:/modules/java.base/java/io/ObjectInputFilter$FilterInfo.class
[2022-01-19 09:40:08] [javac-extractor-37104] Writing trap file for: java.io.ObjectInputFilter.Status 55.0-1626867188000 jrt:/modules/java.base/java/io/ObjectInputFilter$Status.class
[2022-01-19 09:40:08] [javac-extractor-37104] Writing trap file for: java.io.ObjectStreamClass.ClassDataSlot 55.0-1626867188000 jrt:/modules/java.base/java/io/ObjectStreamClass$ClassDataSlot.class
[2022-01-19 09:40:08] [javac-extractor-37104] Writing trap file for: java.io.InvalidClassException 55.0-1626867188000 jrt:/modules/java.base/java/io/InvalidClassException.class
[2022-01-19 09:40:08] [javac-extractor-37104] Writing trap file for: java.lang.UnsupportedOperationException 55.0-1626867188000 jrt:/modules/java.base/java/lang/UnsupportedOperationException.class
[2022-01-19 09:40:08] [javac-extractor-37104] Writing trap file for: java.io.ObjectStreamField 55.0-1626867188000 jrt:/modules/java.base/java/io/ObjectStreamField.class
[2022-01-19 09:40:08] [javac-extractor-37104] Writing trap file for: java.io.DataOutput 55.0-1626867188000 jrt:/modules/java.base/java/io/DataOutput.class
[2022-01-19 09:40:08] [javac-extractor-37104] Writing trap file for: java.lang.module.ModuleReader 55.0-1626867188000 jrt:/modules/java.base/java/lang/module/ModuleReader.class
[2022-01-19 09:40:08] [javac-extractor-37104] Writing trap file for: sun.util.locale.ParseStatus 55.0-1626867188000 jrt:/modules/java.base/sun/util/locale/ParseStatus.class
[2022-01-19 09:40:08] [javac-extractor-37104] Writing trap file for: java.lang.invoke.LambdaForm.BasicType 55.0-1626867188000 jrt:/modules/java.base/java/lang/invoke/LambdaForm$BasicType.class
[2022-01-19 09:40:08] [javac-extractor-37104] Writing trap file for: java.lang.invoke.LambdaForm.NamedFunction 55.0-1626867188000 jrt:/modules/java.base/java/lang/invoke/LambdaForm$NamedFunction.class
[2022-01-19 09:40:08] [javac-extractor-37104] Writing trap file for: java.lang.invoke.LambdaForm.Name 55.0-1626867188000 jrt:/modules/java.base/java/lang/invoke/LambdaForm$Name.class
[2022-01-19 09:40:08] [javac-extractor-37104] Writing trap file for: java.lang.invoke.LambdaFormEditor 55.0-1626867188000 jrt:/modules/java.base/java/lang/invoke/LambdaFormEditor.class
[2022-01-19 09:40:08] [javac-extractor-37104] Writing trap file for: java.lang.invoke.LambdaForm.Hidden 55.0-1626867188000 jrt:/modules/java.base/java/lang/invoke/LambdaForm$Hidden.class
[2022-01-19 09:40:08] [javac-extractor-37104] Writing trap file for: java.lang.invoke.LambdaForm.Kind 55.0-1626867188000 jrt:/modules/java.base/java/lang/invoke/LambdaForm$Kind.class
[2022-01-19 09:40:08] [javac-extractor-37104] Writing trap file for: java.lang.invoke.MemberName.Factory 55.0-1626867188000 jrt:/modules/java.base/java/lang/invoke/MemberName$Factory.class
[2022-01-19 09:40:08] [javac-extractor-37104] Writing trap file for: java.lang.invoke.VarForm 55.0-1626867188000 jrt:/modules/java.base/java/lang/invoke/VarForm.class
[2022-01-19 09:40:08] [javac-extractor-37104] Writing trap file for: java.lang.ArrayIndexOutOfBoundsException 55.0-1626867188000 jrt:/modules/java.base/java/lang/ArrayIndexOutOfBoundsException.class
[2022-01-19 09:40:08] [javac-extractor-37104] Writing trap file for: java.lang.invoke.VarHandle.TypesAndInvokers 55.0-1626867188000 jrt:/modules/java.base/java/lang/invoke/VarHandle$TypesAndInvokers.class
[2022-01-19 09:40:08] [javac-extractor-37104] Writing trap file for: java.lang.invoke.VarHandle.AccessType 55.0-1626867188000 jrt:/modules/java.base/java/lang/invoke/VarHandle$AccessType.class
[2022-01-19 09:40:08] [javac-extractor-37104] Writing trap file for: java.time.temporal.ChronoUnit 55.0-1626867188000 jrt:/modules/java.base/java/time/temporal/ChronoUnit.class
[2022-01-19 09:40:08] [javac-extractor-37104] Writing trap file for: java.lang.Thread 55.0-1626867188000 jrt:/modules/java.base/java/lang/Thread.class
[2022-01-19 09:40:08] [javac-extractor-37104] Writing trap file for: java.time.Duration 55.0-1626867188000 jrt:/modules/java.base/java/time/Duration.class
[2022-01-19 09:40:08] [javac-extractor-37104] Writing trap file for: java.nio.file.attribute.GroupPrincipal 55.0-1626867188000 jrt:/modules/java.base/java/nio/file/attribute/GroupPrincipal.class
[2022-01-19 09:40:08] [javac-extractor-37104] Writing trap file for: java.nio.file.attribute.UserPrincipal 55.0-1626867188000 jrt:/modules/java.base/java/nio/file/attribute/UserPrincipal.class
[2022-01-19 09:40:08] [javac-extractor-37104] Writing trap file for: java.nio.file.attribute.FileStoreAttributeView 55.0-1626867188000 jrt:/modules/java.base/java/nio/file/attribute/FileStoreAttributeView.class
[2022-01-19 09:40:08] [javac-extractor-37104] Writing trap file for: java.nio.file.attribute.FileAttributeView 55.0-1626867188000 jrt:/modules/java.base/java/nio/file/attribute/FileAttributeView.class
[2022-01-19 09:40:08] [javac-extractor-37104] Writing trap file for: java.nio.file.attribute.BasicFileAttributes 55.0-1626867188000 jrt:/modules/java.base/java/nio/file/attribute/BasicFileAttributes.class
[2022-01-19 09:40:08] [javac-extractor-37104] Writing trap file for: java.nio.file.AccessMode 55.0-1626867188000 jrt:/modules/java.base/java/nio/file/AccessMode.class
[2022-01-19 09:40:08] [javac-extractor-37104] Writing trap file for: java.nio.file.attribute.FileAttribute 55.0-1626867188000 jrt:/modules/java.base/java/nio/file/attribute/FileAttribute.class
[2022-01-19 09:40:08] [javac-extractor-37104] Writing trap file for: java.nio.file.DirectoryStream.Filter 55.0-1626867188000 jrt:/modules/java.base/java/nio/file/DirectoryStream$Filter.class
[2022-01-19 09:40:08] [javac-extractor-37104] Writing trap file for: java.nio.file.DirectoryStream 55.0-1626867188000 jrt:/modules/java.base/java/nio/file/DirectoryStream.class
[2022-01-19 09:40:08] [javac-extractor-37104] Writing trap file for: java.nio.channels.SeekableByteChannel 55.0-1626867188000 jrt:/modules/java.base/java/nio/channels/SeekableByteChannel.class
[2022-01-19 09:40:08] [javac-extractor-37104] Writing trap file for: java.util.concurrent.ExecutorService 55.0-1626867188000 jrt:/modules/java.base/java/util/concurrent/ExecutorService.class
[2022-01-19 09:40:08] [javac-extractor-37104] Writing trap file for: java.nio.channels.AsynchronousFileChannel 55.0-1626867188000 jrt:/modules/java.base/java/nio/channels/AsynchronousFileChannel.class
[2022-01-19 09:40:08] [javac-extractor-37104] Writing trap file for: java.nio.channels.FileChannel 55.0-1626867188000 jrt:/modules/java.base/java/nio/channels/FileChannel.class
[2022-01-19 09:40:08] [javac-extractor-37104] Writing trap file for: java.lang.invoke.BoundMethodHandle.SpeciesData 55.0-1626867188000 jrt:/modules/java.base/java/lang/invoke/BoundMethodHandle$SpeciesData.class
[2022-01-19 09:40:08] [javac-extractor-37104] Writing trap file for: java.lang.invoke.BoundMethodHandle.Specializer 55.0-1626867188000 jrt:/modules/java.base/java/lang/invoke/BoundMethodHandle$Specializer.class
[2022-01-19 09:40:08] [javac-extractor-37104] Writing trap file for: java.lang.invoke.MethodHandleImpl 55.0-1626867188000 jrt:/modules/java.base/java/lang/invoke/MethodHandleImpl.class
[2022-01-19 09:40:08] [javac-extractor-37104] Writing trap file for: java.math.BigInteger 55.0-1626867188000 jrt:/modules/java.base/java/math/BigInteger.class
[2022-01-19 09:40:08] [javac-extractor-37104] Writing trap file for: java.time.Instant 55.0-1626867188000 jrt:/modules/java.base/java/time/Instant.class
[2022-01-19 09:40:08] [javac-extractor-37104] Writing trap file for: java.util.InvalidPropertiesFormatException 55.0-1626867188000 jrt:/modules/java.base/java/util/InvalidPropertiesFormatException.class
[2022-01-19 09:40:08] [javac-extractor-37104] Writing trap file for: java.io.Reader 55.0-1626867188000 jrt:/modules/java.base/java/io/Reader.class
[2022-01-19 09:40:08] [javac-extractor-37104] Writing trap file for: java.security.BasicPermission 55.0-1626867188000 jrt:/modules/java.base/java/security/BasicPermission.class
[2022-01-19 09:40:08] [javac-extractor-37104] Writing trap file for: sun.invoke.util.Wrapper 55.0-1626867188000 jrt:/modules/java.base/sun/invoke/util/Wrapper.class
[2022-01-19 09:40:08] [javac-extractor-37104] Writing trap file for: java.lang.IndexOutOfBoundsException 55.0-1626867188000 jrt:/modules/java.base/java/lang/IndexOutOfBoundsException.class
[2022-01-19 09:40:09] [javac-extractor-37104] Writing trap file for: java.time.temporal.TemporalUnit 55.0-1626867188000 jrt:/modules/java.base/java/time/temporal/TemporalUnit.class
[2022-01-19 09:40:09] [javac-extractor-37104] Writing trap file for: java.time.temporal.Temporal 55.0-1626867188000 jrt:/modules/java.base/java/time/temporal/Temporal.class
[2022-01-19 09:40:09] [javac-extractor-37104] Writing trap file for: java.lang.Thread.UncaughtExceptionHandler 55.0-1626867188000 jrt:/modules/java.base/java/lang/Thread$UncaughtExceptionHandler.class
[2022-01-19 09:40:09] [javac-extractor-37104] Writing trap file for: java.lang.Thread.State 55.0-1626867188000 jrt:/modules/java.base/java/lang/Thread$State.class
[2022-01-19 09:40:09] [javac-extractor-37104] Writing trap file for: java.lang.ThreadGroup 55.0-1626867188000 jrt:/modules/java.base/java/lang/ThreadGroup.class
[2022-01-19 09:40:09] [javac-extractor-37104] Writing trap file for: sun.nio.ch.Interruptible 55.0-1626867188000 jrt:/modules/java.base/sun/nio/ch/Interruptible.class
[2022-01-19 09:40:09] [javac-extractor-37104] Writing trap file for: jdk.internal.vm.annotation.Contended 55.0-1626867188000 jrt:/modules/java.base/jdk/internal/vm/annotation/Contended.class
[2022-01-19 09:40:09] [javac-extractor-37104] Writing trap file for: java.lang.ThreadLocal.ThreadLocalMap 55.0-1626867188000 jrt:/modules/java.base/java/lang/ThreadLocal$ThreadLocalMap.class
[2022-01-19 09:40:09] [javac-extractor-37104] Writing trap file for: java.time.temporal.TemporalAmount 55.0-1626867188000 jrt:/modules/java.base/java/time/temporal/TemporalAmount.class
[2022-01-19 09:40:09] [javac-extractor-37104] Writing trap file for: java.nio.file.attribute.AttributeView 55.0-1626867188000 jrt:/modules/java.base/java/nio/file/attribute/AttributeView.class
[2022-01-19 09:40:09] [javac-extractor-37104] Writing trap file for: java.nio.file.attribute.FileTime 55.0-1626867188000 jrt:/modules/java.base/java/nio/file/attribute/FileTime.class
[2022-01-19 09:40:09] [javac-extractor-37104] Writing trap file for: java.nio.channels.ByteChannel 55.0-1626867188000 jrt:/modules/java.base/java/nio/channels/ByteChannel.class
[2022-01-19 09:40:09] [javac-extractor-37104] Writing trap file for: java.util.concurrent.Executor 55.0-1626867188000 jrt:/modules/java.base/java/util/concurrent/Executor.class
[2022-01-19 09:40:09] [javac-extractor-37104] Writing trap file for: java.util.concurrent.Callable 55.0-1626867188000 jrt:/modules/java.base/java/util/concurrent/Callable.class
[2022-01-19 09:40:09] [javac-extractor-37104] Writing trap file for: java.util.concurrent.ExecutionException 55.0-1626867188000 jrt:/modules/java.base/java/util/concurrent/ExecutionException.class
[2022-01-19 09:40:09] [javac-extractor-37104] Writing trap file for: java.util.concurrent.TimeoutException 55.0-1626867188000 jrt:/modules/java.base/java/util/concurrent/TimeoutException.class
[2022-01-19 09:40:09] [javac-extractor-37104] Writing trap file for: java.util.concurrent.Future 55.0-1626867188000 jrt:/modules/java.base/java/util/concurrent/Future.class
[2022-01-19 09:40:09] [javac-extractor-37104] Writing trap file for: java.nio.channels.AsynchronousChannel 55.0-1626867188000 jrt:/modules/java.base/java/nio/channels/AsynchronousChannel.class
[2022-01-19 09:40:09] [javac-extractor-37104] Writing trap file for: java.nio.channels.CompletionHandler 55.0-1626867188000 jrt:/modules/java.base/java/nio/channels/CompletionHandler.class
[2022-01-19 09:40:09] [javac-extractor-37104] Writing trap file for: java.nio.channels.FileLock 55.0-1626867188000 jrt:/modules/java.base/java/nio/channels/FileLock.class
[2022-01-19 09:40:09] [javac-extractor-37104] Writing trap file for: java.nio.channels.spi.AbstractInterruptibleChannel 55.0-1626867188000 jrt:/modules/java.base/java/nio/channels/spi/AbstractInterruptibleChannel.class
[2022-01-19 09:40:09] [javac-extractor-37104] Writing trap file for: java.nio.channels.GatheringByteChannel 55.0-1626867188000 jrt:/modules/java.base/java/nio/channels/GatheringByteChannel.class
[2022-01-19 09:40:09] [javac-extractor-37104] Writing trap file for: java.nio.channels.ScatteringByteChannel 55.0-1626867188000 jrt:/modules/java.base/java/nio/channels/ScatteringByteChannel.class
[2022-01-19 09:40:09] [javac-extractor-37104] Writing trap file for: java.nio.channels.FileChannel.MapMode 55.0-1626867188000 jrt:/modules/java.base/java/nio/channels/FileChannel$MapMode.class
[2022-01-19 09:40:09] [javac-extractor-37104] Writing trap file for: java.nio.MappedByteBuffer 55.0-1626867188000 jrt:/modules/java.base/java/nio/MappedByteBuffer.class
[2022-01-19 09:40:09] [javac-extractor-37104] Writing trap file for: java.nio.channels.ReadableByteChannel 55.0-1626867188000 jrt:/modules/java.base/java/nio/channels/ReadableByteChannel.class
[2022-01-19 09:40:09] [javac-extractor-37104] Writing trap file for: java.nio.channels.WritableByteChannel 55.0-1626867188000 jrt:/modules/java.base/java/nio/channels/WritableByteChannel.class
[2022-01-19 09:40:09] [javac-extractor-37104] Writing trap file for: java.lang.invoke.ClassSpecializer.SpeciesData 55.0-1626867188000 jrt:/modules/java.base/java/lang/invoke/ClassSpecializer$SpeciesData.class
[2022-01-19 09:40:09] [javac-extractor-37104] Writing trap file for: java.lang.invoke.ClassSpecializer 55.0-1626867188000 jrt:/modules/java.base/java/lang/invoke/ClassSpecializer.class
[2022-01-19 09:40:09] [javac-extractor-37104] Writing trap file for: java.lang.invoke.ClassSpecializer.Factory 55.0-1626867188000 jrt:/modules/java.base/java/lang/invoke/ClassSpecializer$Factory.class
[2022-01-19 09:40:09] [javac-extractor-37104] Writing trap file for: java.lang.invoke.BoundMethodHandle.Specializer.Factory 55.0-1626867188000 jrt:/modules/java.base/java/lang/invoke/BoundMethodHandle$Specializer$Factory.class
[2022-01-19 09:40:09] [javac-extractor-37104] Writing trap file for: java.lang.invoke.MethodHandleImpl.LoopClauses 55.0-1626867188000 jrt:/modules/java.base/java/lang/invoke/MethodHandleImpl$LoopClauses.class
[2022-01-19 09:40:09] [javac-extractor-37104] Writing trap file for: sun.invoke.empty.Empty 55.0-1626867188000 jrt:/modules/java.base/sun/invoke/empty/Empty.class
[2022-01-19 09:40:09] [javac-extractor-37104] Writing trap file for: java.lang.invoke.MethodHandleImpl.ArrayAccess 55.0-1626867188000 jrt:/modules/java.base/java/lang/invoke/MethodHandleImpl$ArrayAccess.class
[2022-01-19 09:40:09] [javac-extractor-37104] Writing trap file for: java.lang.InternalError 55.0-1626867188000 jrt:/modules/java.base/java/lang/InternalError.class
[2022-01-19 09:40:09] [javac-extractor-37104] Writing trap file for: java.util.Random 55.0-1626867188000 jrt:/modules/java.base/java/util/Random.class
[2022-01-19 09:40:09] [javac-extractor-37104] Writing trap file for: java.time.temporal.TemporalAdjuster 55.0-1626867188000 jrt:/modules/java.base/java/time/temporal/TemporalAdjuster.class
[2022-01-19 09:40:09] [javac-extractor-37104] Writing trap file for: java.time.ZoneId 55.0-1626867188000 jrt:/modules/java.base/java/time/ZoneId.class
[2022-01-19 09:40:09] [javac-extractor-37104] Writing trap file for: java.time.ZonedDateTime 55.0-1626867188000 jrt:/modules/java.base/java/time/ZonedDateTime.class
[2022-01-19 09:40:09] [javac-extractor-37104] Writing trap file for: java.time.ZoneOffset 55.0-1626867188000 jrt:/modules/java.base/java/time/ZoneOffset.class
[2022-01-19 09:40:09] [javac-extractor-37104] Writing trap file for: java.time.OffsetDateTime 55.0-1626867188000 jrt:/modules/java.base/java/time/OffsetDateTime.class
[2022-01-19 09:40:09] [javac-extractor-37104] Writing trap file for: java.time.temporal.TemporalQuery 55.0-1626867188000 jrt:/modules/java.base/java/time/temporal/TemporalQuery.class
[2022-01-19 09:40:09] [javac-extractor-37104] Writing trap file for: java.time.temporal.TemporalField 55.0-1626867188000 jrt:/modules/java.base/java/time/temporal/TemporalField.class
[2022-01-19 09:40:09] [javac-extractor-37104] Writing trap file for: java.time.temporal.ValueRange 55.0-1626867188000 jrt:/modules/java.base/java/time/temporal/ValueRange.class
[2022-01-19 09:40:09] [javac-extractor-37104] Writing trap file for: java.time.temporal.TemporalAccessor 55.0-1626867188000 jrt:/modules/java.base/java/time/temporal/TemporalAccessor.class
[2022-01-19 09:40:09] [javac-extractor-37104] Writing trap file for: java.time.Clock 55.0-1626867188000 jrt:/modules/java.base/java/time/Clock.class
[2022-01-19 09:40:09] [javac-extractor-37104] Writing trap file for: java.lang.ThreadLocal 55.0-1626867188000 jrt:/modules/java.base/java/lang/ThreadLocal.class
[2022-01-19 09:40:09] [javac-extractor-37104] Writing trap file for: java.nio.channels.Channel 55.0-1626867188000 jrt:/modules/java.base/java/nio/channels/Channel.class
[2022-01-19 09:40:09] [javac-extractor-37104] Writing trap file for: java.nio.channels.InterruptibleChannel 55.0-1626867188000 jrt:/modules/java.base/java/nio/channels/InterruptibleChannel.class
[2022-01-19 09:40:09] [javac-extractor-37104] Writing trap file for: java.nio.channels.AsynchronousCloseException 55.0-1626867188000 jrt:/modules/java.base/java/nio/channels/AsynchronousCloseException.class
[2022-01-19 09:40:09] [javac-extractor-37104] Writing trap file for: java.io.FileDescriptor 55.0-1626867188000 jrt:/modules/java.base/java/io/FileDescriptor.class
[2022-01-19 09:40:09] [javac-extractor-37104] Writing trap file for: java.lang.VirtualMachineError 55.0-1626867188000 jrt:/modules/java.base/java/lang/VirtualMachineError.class
[2022-01-19 09:40:09] [javac-extractor-37104] Writing trap file for: java.time.zone.ZoneRules 55.0-1626867188000 jrt:/modules/java.base/java/time/zone/ZoneRules.class
[2022-01-19 09:40:09] [javac-extractor-37104] Writing trap file for: java.time.format.TextStyle 55.0-1626867188000 jrt:/modules/java.base/java/time/format/TextStyle.class
[2022-01-19 09:40:09] [javac-extractor-37104] Writing trap file for: java.time.LocalDate 55.0-1626867188000 jrt:/modules/java.base/java/time/LocalDate.class
[2022-01-19 09:40:09] [javac-extractor-37104] Writing trap file for: java.time.chrono.ChronoZonedDateTime 55.0-1626867188000 jrt:/modules/java.base/java/time/chrono/ChronoZonedDateTime.class
[2022-01-19 09:40:09] [javac-extractor-37104] Writing trap file for: java.time.format.DateTimeFormatter 55.0-1626867188000 jrt:/modules/java.base/java/time/format/DateTimeFormatter.class
[2022-01-19 09:40:09] [javac-extractor-37104] Writing trap file for: java.time.chrono.Chronology 55.0-1626867188000 jrt:/modules/java.base/java/time/chrono/Chronology.class
[2022-01-19 09:40:09] [javac-extractor-37104] Writing trap file for: java.time.chrono.ChronoLocalDateTime 55.0-1626867188000 jrt:/modules/java.base/java/time/chrono/ChronoLocalDateTime.class
[2022-01-19 09:40:09] [javac-extractor-37104] Writing trap file for: java.time.LocalTime 55.0-1626867188000 jrt:/modules/java.base/java/time/LocalTime.class
[2022-01-19 09:40:09] [javac-extractor-37104] Writing trap file for: java.time.chrono.ChronoLocalDate 55.0-1626867188000 jrt:/modules/java.base/java/time/chrono/ChronoLocalDate.class
[2022-01-19 09:40:09] [javac-extractor-37104] Writing trap file for: java.time.DayOfWeek 55.0-1626867188000 jrt:/modules/java.base/java/time/DayOfWeek.class
[2022-01-19 09:40:09] [javac-extractor-37104] Writing trap file for: java.time.Month 55.0-1626867188000 jrt:/modules/java.base/java/time/Month.class
[2022-01-19 09:40:09] [javac-extractor-37104] Writing trap file for: java.time.LocalDateTime 55.0-1626867188000 jrt:/modules/java.base/java/time/LocalDateTime.class
[2022-01-19 09:40:09] [javac-extractor-37104] Writing trap file for: java.time.OffsetTime 55.0-1626867188000 jrt:/modules/java.base/java/time/OffsetTime.class
[2022-01-19 09:40:09] [javac-extractor-37104] Writing trap file for: java.time.format.ResolverStyle 55.0-1626867188000 jrt:/modules/java.base/java/time/format/ResolverStyle.class
[2022-01-19 09:40:09] [javac-extractor-37104] Writing trap file for: java.nio.channels.ClosedChannelException 55.0-1626867188000 jrt:/modules/java.base/java/nio/channels/ClosedChannelException.class
[2022-01-19 09:40:09] [javac-extractor-37104] Writing trap file for: jdk.internal.ref.PhantomCleanable 55.0-1626867188000 jrt:/modules/java.base/jdk/internal/ref/PhantomCleanable.class
[2022-01-19 09:40:09] [javac-extractor-37104] Writing trap file for: java.lang.ref.PhantomReference 55.0-1626867188000 jrt:/modules/java.base/java/lang/ref/PhantomReference.class
[2022-01-19 09:40:09] [javac-extractor-37104] Writing trap file for: java.lang.ref.Cleaner.Cleanable 55.0-1626867188000 jrt:/modules/java.base/java/lang/ref/Cleaner$Cleanable.class
[2022-01-19 09:40:09] [javac-extractor-37104] Writing trap file for: java.io.SyncFailedException 55.0-1626867188000 jrt:/modules/java.base/java/io/SyncFailedException.class
[2022-01-19 09:40:09] [javac-extractor-37104] Writing trap file for: java.time.zone.ZoneOffsetTransitionRule 55.0-1626867188000 jrt:/modules/java.base/java/time/zone/ZoneOffsetTransitionRule.class
[2022-01-19 09:40:09] [javac-extractor-37104] Writing trap file for: java.time.zone.ZoneOffsetTransition 55.0-1626867188000 jrt:/modules/java.base/java/time/zone/ZoneOffsetTransition.class
[2022-01-19 09:40:09] [javac-extractor-37104] Writing trap file for: java.time.Period 55.0-1626867188000 jrt:/modules/java.base/java/time/Period.class
[2022-01-19 09:40:09] [javac-extractor-37104] Writing trap file for: java.time.chrono.IsoEra 55.0-1626867188000 jrt:/modules/java.base/java/time/chrono/IsoEra.class
[2022-01-19 09:40:09] [javac-extractor-37104] Writing trap file for: java.time.chrono.IsoChronology 55.0-1626867188000 jrt:/modules/java.base/java/time/chrono/IsoChronology.class
[2022-01-19 09:40:09] [javac-extractor-37104] Writing trap file for: java.text.Format 55.0-1626867188000 jrt:/modules/java.base/java/text/Format.class
[2022-01-19 09:40:09] [javac-extractor-37104] Writing trap file for: java.time.format.DateTimeFormatterBuilder.CompositePrinterParser 55.0-1626867188000 jrt:/modules/java.base/java/time/format/DateTimeFormatterBuilder$CompositePrinterParser.class
[2022-01-19 09:40:09] [javac-extractor-37104] Writing trap file for: java.text.ParsePosition 55.0-1626867188000 jrt:/modules/java.base/java/text/ParsePosition.class
[2022-01-19 09:40:09] [javac-extractor-37104] Writing trap file for: java.time.format.DecimalStyle 55.0-1626867188000 jrt:/modules/java.base/java/time/format/DecimalStyle.class
[2022-01-19 09:40:09] [javac-extractor-37104] Writing trap file for: java.time.format.FormatStyle 55.0-1626867188000 jrt:/modules/java.base/java/time/format/FormatStyle.class
[2022-01-19 09:40:09] [javac-extractor-37104] Writing trap file for: java.time.chrono.Era 55.0-1626867188000 jrt:/modules/java.base/java/time/chrono/Era.class
[2022-01-19 09:40:09] [javac-extractor-37104] Writing trap file for: java.time.chrono.ChronoPeriod 55.0-1626867188000 jrt:/modules/java.base/java/time/chrono/ChronoPeriod.class
[2022-01-19 09:40:09] [javac-extractor-37104] Writing trap file for: java.time.temporal.ChronoField 55.0-1626867188000 jrt:/modules/java.base/java/time/temporal/ChronoField.class
[2022-01-19 09:40:09] [javac-extractor-37104] Writing trap file for: java.lang.ref.Cleaner 55.0-1626867188000 jrt:/modules/java.base/java/lang/ref/Cleaner.class
[2022-01-19 09:40:09] [javac-extractor-37104] Writing trap file for: java.time.zone.ZoneOffsetTransitionRule.TimeDefinition 55.0-1626867188000 jrt:/modules/java.base/java/time/zone/ZoneOffsetTransitionRule$TimeDefinition.class
[2022-01-19 09:40:09] [javac-extractor-37104] Writing trap file for: java.time.chrono.AbstractChronology 55.0-1626867188000 jrt:/modules/java.base/java/time/chrono/AbstractChronology.class
[2022-01-19 09:40:09] [javac-extractor-37104] Writing trap file for: java.text.AttributedCharacterIterator 55.0-1626867188000 jrt:/modules/java.base/java/text/AttributedCharacterIterator.class
[2022-01-19 09:40:09] [javac-extractor-37104] Writing trap file for: java.text.AttributedCharacterIterator.Attribute 55.0-1626867188000 jrt:/modules/java.base/java/text/AttributedCharacterIterator$Attribute.class
[2022-01-19 09:40:09] [javac-extractor-37104] Writing trap file for: java.text.ParseException 55.0-1626867188000 jrt:/modules/java.base/java/text/ParseException.class
[2022-01-19 09:40:09] [javac-extractor-37104] Writing trap file for: java.text.FieldPosition 55.0-1626867188000 jrt:/modules/java.base/java/text/FieldPosition.class
[2022-01-19 09:40:09] [javac-extractor-37104] Writing trap file for: java.time.format.DateTimeFormatterBuilder.DateTimePrinterParser 55.0-1626867188000 jrt:/modules/java.base/java/time/format/DateTimeFormatterBuilder$DateTimePrinterParser.class
[2022-01-19 09:40:09] [javac-extractor-37104] Writing trap file for: java.time.format.DateTimeFormatterBuilder 55.0-1626867188000 jrt:/modules/java.base/java/time/format/DateTimeFormatterBuilder.class
[2022-01-19 09:40:09] [javac-extractor-37104] Writing trap file for: java.time.format.DateTimeParseContext 55.0-1626867188000 jrt:/modules/java.base/java/time/format/DateTimeParseContext.class
[2022-01-19 09:40:09] [javac-extractor-37104] Writing trap file for: java.time.format.DateTimePrintContext 55.0-1626867188000 jrt:/modules/java.base/java/time/format/DateTimePrintContext.class
[2022-01-19 09:40:09] [javac-extractor-37104] Writing trap file for: java.util.concurrent.ThreadFactory 55.0-1626867188000 jrt:/modules/java.base/java/util/concurrent/ThreadFactory.class
[2022-01-19 09:40:09] [javac-extractor-37104] Writing trap file for: jdk.internal.ref.CleanerImpl 55.0-1626867188000 jrt:/modules/java.base/jdk/internal/ref/CleanerImpl.class
[2022-01-19 09:40:09] [javac-extractor-37104] Writing trap file for: java.text.CharacterIterator 55.0-1626867188000 jrt:/modules/java.base/java/text/CharacterIterator.class
[2022-01-19 09:40:09] [javac-extractor-37104] Writing trap file for: java.text.Format.FieldDelegate 55.0-1626867188000 jrt:/modules/java.base/java/text/Format$FieldDelegate.class
[2022-01-19 09:40:09] [javac-extractor-37104] Writing trap file for: java.text.Format.Field 55.0-1626867188000 jrt:/modules/java.base/java/text/Format$Field.class
[2022-01-19 09:40:09] [javac-extractor-37104] Writing trap file for: java.time.format.SignStyle 55.0-1626867188000 jrt:/modules/java.base/java/time/format/SignStyle.class
[2022-01-19 09:40:09] [javac-extractor-37104] Writing trap file for: java.time.format.Parsed 55.0-1626867188000 jrt:/modules/java.base/java/time/format/Parsed.class
[2022-01-19 09:40:09] [javac-extractor-37104] Writing trap file for: jdk.internal.ref.SoftCleanable 55.0-1626867188000 jrt:/modules/java.base/jdk/internal/ref/SoftCleanable.class
[2022-01-19 09:40:09] [javac-extractor-37104] Writing trap file for: jdk.internal.ref.WeakCleanable 55.0-1626867188000 jrt:/modules/java.base/jdk/internal/ref/WeakCleanable.class
[2022-01-19 09:40:09] [javac-extractor-37104] Processing module java.base
[2022-01-19 09:40:09] [javac-extractor-37104] Javac init time: 0.4s
[2022-01-19 09:40:09] [javac-extractor-37104] Javac attr time: 0.0s
[2022-01-19 09:40:09] [javac-extractor-37104] Extractor time: 4.3s
[2022-01-19 09:40:09] [javac-extractor-37104] Other time: 0.1s
[2022-01-19 09:40:09] [javac-extractor-37104] Total time: 4.9s
