[T 12:48:22 25216] Reading configuration file C:\Users\david\Documents\code-analysis-CodeQL\java-database\working\tracing\compiler-tracing2735972664562626256.spec...
[T 12:48:22 25216] Initialising tags...
[T 12:48:22 25216] ID set to 0000000000006280_0000000000000001 (parent root)
[T 12:48:22 25216] Reading configuration file C:\Users\david\Documents\code-analysis-CodeQL\java-database\working\tracing\compiler-tracing2735972664562626256.spec...
[T 12:48:22 25216] Initialising tags...
[T 12:48:22 25216] ID set to 0000000000006280_0000000000000002 (parent root)
[T 12:48:22 25216] ==== Candidate to intercept: C:\Users\david\codeql-home\codeql\tools\win64\runner.exe ====
[T 12:48:22 20572] Reading configuration file C:\Users\david\Documents\code-analysis-CodeQL\java-database\working\tracing\compiler-tracing2735972664562626256.spec...
[T 12:48:22 20572] Initialising tags...
[T 12:48:22 20572] ID set to 000000000000505C_0000000000000001 (parent 0000000000006280_0000000000000001)
[T 12:48:22 20572] ==== Candidate to intercept: C:\Windows\System32\cmd.exe ====
[T 12:48:22 1596] Reading configuration file C:\Users\david\Documents\code-analysis-CodeQL\java-database\working\tracing\compiler-tracing2735972664562626256.spec...
[T 12:48:22 1596] Initialising tags...
[T 12:48:22 1596] ID set to 000000000000063C_0000000000000001 (parent 000000000000505C_0000000000000001)
[T 12:48:22 1596] ==== Candidate to intercept: C:\Users\david\codeql-home\codeql\tools\win64\java\bin\java.exe ====
[T 12:48:22 5956] Reading configuration file C:\Users\david\Documents\code-analysis-CodeQL\java-database\working\tracing\compiler-tracing2735972664562626256.spec...
[T 12:48:22 5956] Initialising tags...
[T 12:48:22 5956] ID set to 0000000000001744_0000000000000001 (parent 000000000000063C_0000000000000001)
[T 12:48:22 5956] Loading extra JVM options from SEMMLE_JAVA_TOOL_OPTIONS instead of in-process variable.Passing through -javaagent:C:\Users\david\codeql-home\codeql\java\tools/codeql-java-agent.jar=ignore-project,java to underlying JVM.
[T 12:48:22 5956] Passing through -Xbootclasspath/a:C:\Users\david\codeql-home\codeql\java\tools/codeql-java-agent.jar to underlying JVM.
[T 12:48:22 5956] Intercepted JVM creation with extra hidden args: ['-javaagent:C:\Users\david\codeql-home\codeql\java\tools/codeql-java-agent.jar=ignore-project,java' '-Xbootclasspath/a:C:\Users\david\codeql-home\codeql\java\tools/codeql-java-agent.jar'] (result: 1, 0).
