[T 03:50:16 14024] Reading configuration file C:\Users\david\Downloads\jakartaDatabase\working\tracing\compiler-tracing7657494046920637934.spec...
[T 03:50:16 14024] Initialising tags...
[T 03:50:16 14024] ID set to 00000000000036C8_0000000000000001 (parent root)
[T 03:50:16 14024] Reading configuration file C:\Users\david\Downloads\jakartaDatabase\working\tracing\compiler-tracing7657494046920637934.spec...
[T 03:50:16 14024] Initialising tags...
[T 03:50:16 14024] ID set to 00000000000036C8_0000000000000002 (parent root)
[T 03:50:17 14024] ==== Candidate to intercept: C:\Users\david\codeql-home\codeql-latest\tools\win64\runner.exe ====
[T 03:50:17 13616] Reading configuration file C:\Users\david\Downloads\jakartaDatabase\working\tracing\compiler-tracing7657494046920637934.spec...
[T 03:50:17 13616] Initialising tags...
[T 03:50:17 13616] ID set to 0000000000003530_0000000000000001 (parent 00000000000036C8_0000000000000001)
[T 03:50:17 13616] ==== Candidate to intercept: C:\Windows\System32\cmd.exe ====
[T 03:50:17 15896] Reading configuration file C:\Users\david\Downloads\jakartaDatabase\working\tracing\compiler-tracing7657494046920637934.spec...
[T 03:50:17 15896] Initialising tags...
[T 03:50:17 15896] ID set to 0000000000003E18_0000000000000001 (parent 0000000000003530_0000000000000001)
[T 03:50:17 15896] ==== Candidate to intercept: C:\Users\david\codeql-home\codeql-latest\tools\win64\java\bin\java.exe ====
[T 03:50:17 27192] Reading configuration file C:\Users\david\Downloads\jakartaDatabase\working\tracing\compiler-tracing7657494046920637934.spec...
[T 03:50:17 27192] Initialising tags...
[T 03:50:17 27192] ID set to 0000000000006A38_0000000000000001 (parent 0000000000003E18_0000000000000001)
[T 03:50:17 27192] Loading extra JVM options from SEMMLE_JAVA_TOOL_OPTIONS instead of in-process variable.Passing through -javaagent:C:\Users\david\codeql-home\codeql-latest\java\tools/codeql-java-agent.jar=ignore-project,java to underlying JVM.
[T 03:50:17 27192] Passing through -Xbootclasspath/a:C:\Users\david\codeql-home\codeql-latest\java\tools/codeql-java-agent.jar to underlying JVM.
[T 03:50:17 27192] Intercepted JVM creation with extra hidden args: ['-javaagent:C:\Users\david\codeql-home\codeql-latest\java\tools/codeql-java-agent.jar=ignore-project,java' '-Xbootclasspath/a:C:\Users\david\codeql-home\codeql-latest\java\tools/codeql-java-agent.jar'] (result: 1, 0).
[T 03:50:17 27192] ==== Candidate to intercept: C:\Users\david\codeql-home\codeql-latest\tools\win64\runner.exe ====
[T 03:50:17 24404] Reading configuration file C:\Users\david\Downloads\jakartaDatabase\working\tracing\compiler-tracing7657494046920637934.spec...
[T 03:50:17 24404] Initialising tags...
[T 03:50:17 24404] ID set to 0000000000005F54_0000000000000001 (parent 0000000000006A38_0000000000000001)
[T 03:50:17 24404] ==== Candidate to intercept: C:\Windows\System32\cmd.exe ====
[T 03:50:17 25660] Reading configuration file C:\Users\david\Downloads\jakartaDatabase\working\tracing\compiler-tracing7657494046920637934.spec...
[T 03:50:17 25660] Initialising tags...
[T 03:50:17 25660] ID set to 000000000000643C_0000000000000001 (parent 0000000000005F54_0000000000000001)
[T 03:50:17 25660] ==== Candidate to intercept: C:\Program Files\Eclipse Foundation\jdk-11.0.12.7-hotspot\bin\java.exe ====
[T 03:50:17 18580] Reading configuration file C:\Users\david\Downloads\jakartaDatabase\working\tracing\compiler-tracing7657494046920637934.spec...
[T 03:50:17 18580] Initialising tags...
[T 03:50:17 18580] ID set to 0000000000004894_0000000000000001 (parent 000000000000643C_0000000000000001)
[T 03:50:17 18580] Loading extra JVM options from SEMMLE_JAVA_TOOL_OPTIONS instead of in-process variable.Passing through -javaagent:C:\Users\david\codeql-home\codeql-latest\java\tools/codeql-java-agent.jar=ignore-project,java to underlying JVM.
[T 03:50:17 18580] Passing through -Xbootclasspath/a:C:\Users\david\codeql-home\codeql-latest\java\tools/codeql-java-agent.jar to underlying JVM.
[T 03:50:18 18580] Intercepted JVM creation with extra hidden args: ['-javaagent:C:\Users\david\codeql-home\codeql-latest\java\tools/codeql-java-agent.jar=ignore-project,java' '-Xbootclasspath/a:C:\Users\david\codeql-home\codeql-latest\java\tools/codeql-java-agent.jar'] (result: 1, 0).
[T 03:51:22 18580] ==== Candidate to intercept: C:\Program Files\Eclipse Foundation\jdk-11.0.12.7-hotspot\bin\java.exe ====
[T 03:51:22 26948] Reading configuration file C:\Users\david\Downloads\jakartaDatabase\working\tracing\compiler-tracing7657494046920637934.spec...
[T 03:51:22 26948] Initialising tags...
[T 03:51:22 26948] ID set to 0000000000006944_0000000000000001 (parent 0000000000004894_0000000000000001)
[T 03:51:22 26948] Loading extra JVM options from SEMMLE_JAVA_TOOL_OPTIONS instead of in-process variable.Passing through -javaagent:C:\Users\david\codeql-home\codeql-latest\java\tools/codeql-java-agent.jar=ignore-project,java to underlying JVM.
[T 03:51:22 26948] Passing through -Xbootclasspath/a:C:\Users\david\codeql-home\codeql-latest\java\tools/codeql-java-agent.jar to underlying JVM.
[T 03:51:22 26948] Intercepted JVM creation with extra hidden args: ['-javaagent:C:\Users\david\codeql-home\codeql-latest\java\tools/codeql-java-agent.jar=ignore-project,java' '-Xbootclasspath/a:C:\Users\david\codeql-home\codeql-latest\java\tools/codeql-java-agent.jar'] (result: 1, 0).
[T 03:51:33 18580] ==== Candidate to intercept: C:\Program Files\Eclipse Foundation\jdk-11.0.12.7-hotspot\bin\java.exe ====
[T 03:51:33 26988] Reading configuration file C:\Users\david\Downloads\jakartaDatabase\working\tracing\compiler-tracing7657494046920637934.spec...
[T 03:51:33 26988] Initialising tags...
[T 03:51:33 26988] ID set to 000000000000696C_0000000000000001 (parent 0000000000004894_0000000000000001)
[T 03:51:33 26988] Loading extra JVM options from SEMMLE_JAVA_TOOL_OPTIONS instead of in-process variable.Passing through -javaagent:C:\Users\david\codeql-home\codeql-latest\java\tools/codeql-java-agent.jar=ignore-project,java to underlying JVM.
[T 03:51:33 26988] Passing through -Xbootclasspath/a:C:\Users\david\codeql-home\codeql-latest\java\tools/codeql-java-agent.jar to underlying JVM.
[T 03:51:33 26988] Intercepted JVM creation with extra hidden args: ['-javaagent:C:\Users\david\codeql-home\codeql-latest\java\tools/codeql-java-agent.jar=ignore-project,java' '-Xbootclasspath/a:C:\Users\david\codeql-home\codeql-latest\java\tools/codeql-java-agent.jar'] (result: 1, 0).
[T 03:52:05 18580] ==== Candidate to intercept: C:\Program Files\Eclipse Foundation\jdk-11.0.12.7-hotspot\bin\java.exe ====
[T 03:52:05 2936] Reading configuration file C:\Users\david\Downloads\jakartaDatabase\working\tracing\compiler-tracing7657494046920637934.spec...
[T 03:52:05 2936] Initialising tags...
[T 03:52:05 2936] ID set to 0000000000000B78_0000000000000001 (parent 0000000000004894_0000000000000001)
[T 03:52:05 2936] Loading extra JVM options from SEMMLE_JAVA_TOOL_OPTIONS instead of in-process variable.Passing through -javaagent:C:\Users\david\codeql-home\codeql-latest\java\tools/codeql-java-agent.jar=ignore-project,java to underlying JVM.
[T 03:52:05 2936] Passing through -Xbootclasspath/a:C:\Users\david\codeql-home\codeql-latest\java\tools/codeql-java-agent.jar to underlying JVM.
[T 03:52:05 2936] Intercepted JVM creation with extra hidden args: ['-javaagent:C:\Users\david\codeql-home\codeql-latest\java\tools/codeql-java-agent.jar=ignore-project,java' '-Xbootclasspath/a:C:\Users\david\codeql-home\codeql-latest\java\tools/codeql-java-agent.jar'] (result: 1, 0).
[T 03:52:07 18580] ==== Candidate to intercept: C:\Program Files\Eclipse Foundation\jdk-11.0.12.7-hotspot\bin\java.exe ====
[T 03:52:07 26768] Reading configuration file C:\Users\david\Downloads\jakartaDatabase\working\tracing\compiler-tracing7657494046920637934.spec...
[T 03:52:07 26768] Initialising tags...
[T 03:52:07 26768] ID set to 0000000000006890_0000000000000001 (parent 0000000000004894_0000000000000001)
[T 03:52:07 26768] Loading extra JVM options from SEMMLE_JAVA_TOOL_OPTIONS instead of in-process variable.Passing through -javaagent:C:\Users\david\codeql-home\codeql-latest\java\tools/codeql-java-agent.jar=ignore-project,java to underlying JVM.
[T 03:52:07 26768] Passing through -Xbootclasspath/a:C:\Users\david\codeql-home\codeql-latest\java\tools/codeql-java-agent.jar to underlying JVM.
[T 03:52:07 26768] Intercepted JVM creation with extra hidden args: ['-javaagent:C:\Users\david\codeql-home\codeql-latest\java\tools/codeql-java-agent.jar=ignore-project,java' '-Xbootclasspath/a:C:\Users\david\codeql-home\codeql-latest\java\tools/codeql-java-agent.jar'] (result: 1, 0).
[T 03:52:08 18580] ==== Candidate to intercept: C:\Program Files\Eclipse Foundation\jdk-11.0.12.7-hotspot\bin\java.exe ====
[T 03:52:08 16792] Reading configuration file C:\Users\david\Downloads\jakartaDatabase\working\tracing\compiler-tracing7657494046920637934.spec...
[T 03:52:09 16792] Initialising tags...
[T 03:52:09 16792] ID set to 0000000000004198_0000000000000001 (parent 0000000000004894_0000000000000001)
[T 03:52:09 16792] Loading extra JVM options from SEMMLE_JAVA_TOOL_OPTIONS instead of in-process variable.Passing through -javaagent:C:\Users\david\codeql-home\codeql-latest\java\tools/codeql-java-agent.jar=ignore-project,java to underlying JVM.
[T 03:52:09 16792] Passing through -Xbootclasspath/a:C:\Users\david\codeql-home\codeql-latest\java\tools/codeql-java-agent.jar to underlying JVM.
[T 03:52:09 16792] Intercepted JVM creation with extra hidden args: ['-javaagent:C:\Users\david\codeql-home\codeql-latest\java\tools/codeql-java-agent.jar=ignore-project,java' '-Xbootclasspath/a:C:\Users\david\codeql-home\codeql-latest\java\tools/codeql-java-agent.jar'] (result: 1, 0).
[T 03:52:11 18580] ==== Candidate to intercept: C:\Program Files\Eclipse Foundation\jdk-11.0.12.7-hotspot\bin\java.exe ====
[T 03:52:11 27112] Reading configuration file C:\Users\david\Downloads\jakartaDatabase\working\tracing\compiler-tracing7657494046920637934.spec...
[T 03:52:11 27112] Initialising tags...
[T 03:52:11 27112] ID set to 00000000000069E8_0000000000000001 (parent 0000000000004894_0000000000000001)
[T 03:52:11 27112] Loading extra JVM options from SEMMLE_JAVA_TOOL_OPTIONS instead of in-process variable.Passing through -javaagent:C:\Users\david\codeql-home\codeql-latest\java\tools/codeql-java-agent.jar=ignore-project,java to underlying JVM.
[T 03:52:11 27112] Passing through -Xbootclasspath/a:C:\Users\david\codeql-home\codeql-latest\java\tools/codeql-java-agent.jar to underlying JVM.
[T 03:52:11 27112] Intercepted JVM creation with extra hidden args: ['-javaagent:C:\Users\david\codeql-home\codeql-latest\java\tools/codeql-java-agent.jar=ignore-project,java' '-Xbootclasspath/a:C:\Users\david\codeql-home\codeql-latest\java\tools/codeql-java-agent.jar'] (result: 1, 0).
[T 03:53:42 18580] ==== Candidate to intercept: C:\Program Files\Eclipse Foundation\jdk-11.0.12.7-hotspot\bin\java.exe ====
[T 03:53:42 1164] Reading configuration file C:\Users\david\Downloads\jakartaDatabase\working\tracing\compiler-tracing7657494046920637934.spec...
[T 03:53:42 1164] Initialising tags...
[T 03:53:42 1164] ID set to 000000000000048C_0000000000000001 (parent 0000000000004894_0000000000000001)
[T 03:53:42 1164] Loading extra JVM options from SEMMLE_JAVA_TOOL_OPTIONS instead of in-process variable.Passing through -javaagent:C:\Users\david\codeql-home\codeql-latest\java\tools/codeql-java-agent.jar=ignore-project,java to underlying JVM.
[T 03:53:42 1164] Passing through -Xbootclasspath/a:C:\Users\david\codeql-home\codeql-latest\java\tools/codeql-java-agent.jar to underlying JVM.
[T 03:53:42 1164] Intercepted JVM creation with extra hidden args: ['-javaagent:C:\Users\david\codeql-home\codeql-latest\java\tools/codeql-java-agent.jar=ignore-project,java' '-Xbootclasspath/a:C:\Users\david\codeql-home\codeql-latest\java\tools/codeql-java-agent.jar'] (result: 1, 0).
[T 03:53:50 18580] ==== Candidate to intercept: C:\Program Files\Eclipse Foundation\jdk-11.0.12.7-hotspot\bin\java.exe ====
[T 03:53:50 27212] Reading configuration file C:\Users\david\Downloads\jakartaDatabase\working\tracing\compiler-tracing7657494046920637934.spec...
[T 03:53:50 27212] Initialising tags...
[T 03:53:50 27212] ID set to 0000000000006A4C_0000000000000001 (parent 0000000000004894_0000000000000001)
[T 03:53:50 27212] Loading extra JVM options from SEMMLE_JAVA_TOOL_OPTIONS instead of in-process variable.Passing through -javaagent:C:\Users\david\codeql-home\codeql-latest\java\tools/codeql-java-agent.jar=ignore-project,java to underlying JVM.
[T 03:53:50 27212] Passing through -Xbootclasspath/a:C:\Users\david\codeql-home\codeql-latest\java\tools/codeql-java-agent.jar to underlying JVM.
[T 03:53:50 27212] Intercepted JVM creation with extra hidden args: ['-javaagent:C:\Users\david\codeql-home\codeql-latest\java\tools/codeql-java-agent.jar=ignore-project,java' '-Xbootclasspath/a:C:\Users\david\codeql-home\codeql-latest\java\tools/codeql-java-agent.jar'] (result: 1, 0).
[T 03:53:54 18580] ==== Candidate to intercept: C:\Program Files\Eclipse Foundation\jdk-11.0.12.7-hotspot\bin\java.exe ====
[T 03:53:54 24424] Reading configuration file C:\Users\david\Downloads\jakartaDatabase\working\tracing\compiler-tracing7657494046920637934.spec...
[T 03:53:54 24424] Initialising tags...
[T 03:53:54 24424] ID set to 0000000000005F68_0000000000000001 (parent 0000000000004894_0000000000000001)
[T 03:53:54 24424] Loading extra JVM options from SEMMLE_JAVA_TOOL_OPTIONS instead of in-process variable.Passing through -javaagent:C:\Users\david\codeql-home\codeql-latest\java\tools/codeql-java-agent.jar=ignore-project,java to underlying JVM.
[T 03:53:54 24424] Passing through -Xbootclasspath/a:C:\Users\david\codeql-home\codeql-latest\java\tools/codeql-java-agent.jar to underlying JVM.
[T 03:53:54 24424] Intercepted JVM creation with extra hidden args: ['-javaagent:C:\Users\david\codeql-home\codeql-latest\java\tools/codeql-java-agent.jar=ignore-project,java' '-Xbootclasspath/a:C:\Users\david\codeql-home\codeql-latest\java\tools/codeql-java-agent.jar'] (result: 1, 0).
[T 03:53:57 18580] ==== Candidate to intercept: C:\Program Files\Eclipse Foundation\jdk-11.0.12.7-hotspot\bin\java.exe ====
[T 03:53:57 22268] Reading configuration file C:\Users\david\Downloads\jakartaDatabase\working\tracing\compiler-tracing7657494046920637934.spec...
[T 03:53:57 22268] Initialising tags...
[T 03:53:57 22268] ID set to 00000000000056FC_0000000000000001 (parent 0000000000004894_0000000000000001)
[T 03:53:57 22268] Loading extra JVM options from SEMMLE_JAVA_TOOL_OPTIONS instead of in-process variable.Passing through -javaagent:C:\Users\david\codeql-home\codeql-latest\java\tools/codeql-java-agent.jar=ignore-project,java to underlying JVM.
[T 03:53:57 22268] Passing through -Xbootclasspath/a:C:\Users\david\codeql-home\codeql-latest\java\tools/codeql-java-agent.jar to underlying JVM.
[T 03:53:57 22268] Intercepted JVM creation with extra hidden args: ['-javaagent:C:\Users\david\codeql-home\codeql-latest\java\tools/codeql-java-agent.jar=ignore-project,java' '-Xbootclasspath/a:C:\Users\david\codeql-home\codeql-latest\java\tools/codeql-java-agent.jar'] (result: 1, 0).
[T 03:54:00 18580] ==== Candidate to intercept: C:\Program Files\Eclipse Foundation\jdk-11.0.12.7-hotspot\bin\java.exe ====
[T 03:54:00 11576] Reading configuration file C:\Users\david\Downloads\jakartaDatabase\working\tracing\compiler-tracing7657494046920637934.spec...
[T 03:54:00 11576] Initialising tags...
[T 03:54:00 11576] ID set to 0000000000002D38_0000000000000001 (parent 0000000000004894_0000000000000001)
[T 03:54:00 11576] Loading extra JVM options from SEMMLE_JAVA_TOOL_OPTIONS instead of in-process variable.Passing through -javaagent:C:\Users\david\codeql-home\codeql-latest\java\tools/codeql-java-agent.jar=ignore-project,java to underlying JVM.
[T 03:54:00 11576] Passing through -Xbootclasspath/a:C:\Users\david\codeql-home\codeql-latest\java\tools/codeql-java-agent.jar to underlying JVM.
[T 03:54:00 11576] Intercepted JVM creation with extra hidden args: ['-javaagent:C:\Users\david\codeql-home\codeql-latest\java\tools/codeql-java-agent.jar=ignore-project,java' '-Xbootclasspath/a:C:\Users\david\codeql-home\codeql-latest\java\tools/codeql-java-agent.jar'] (result: 1, 0).
[T 03:54:04 18580] ==== Candidate to intercept: C:\Program Files\Eclipse Foundation\jdk-11.0.12.7-hotspot\bin\java.exe ====
[T 03:54:04 22972] Reading configuration file C:\Users\david\Downloads\jakartaDatabase\working\tracing\compiler-tracing7657494046920637934.spec...
[T 03:54:04 22972] Initialising tags...
[T 03:54:04 22972] ID set to 00000000000059BC_0000000000000001 (parent 0000000000004894_0000000000000001)
[T 03:54:04 22972] Loading extra JVM options from SEMMLE_JAVA_TOOL_OPTIONS instead of in-process variable.Passing through -javaagent:C:\Users\david\codeql-home\codeql-latest\java\tools/codeql-java-agent.jar=ignore-project,java to underlying JVM.
[T 03:54:04 22972] Passing through -Xbootclasspath/a:C:\Users\david\codeql-home\codeql-latest\java\tools/codeql-java-agent.jar to underlying JVM.
[T 03:54:04 22972] Intercepted JVM creation with extra hidden args: ['-javaagent:C:\Users\david\codeql-home\codeql-latest\java\tools/codeql-java-agent.jar=ignore-project,java' '-Xbootclasspath/a:C:\Users\david\codeql-home\codeql-latest\java\tools/codeql-java-agent.jar'] (result: 1, 0).
[T 03:54:14 18580] ==== Candidate to intercept: C:\Program Files\Eclipse Foundation\jdk-11.0.12.7-hotspot\bin\java.exe ====
[T 03:54:14 22476] Reading configuration file C:\Users\david\Downloads\jakartaDatabase\working\tracing\compiler-tracing7657494046920637934.spec...
[T 03:54:14 22476] Initialising tags...
[T 03:54:14 22476] ID set to 00000000000057CC_0000000000000001 (parent 0000000000004894_0000000000000001)
[T 03:54:14 22476] Loading extra JVM options from SEMMLE_JAVA_TOOL_OPTIONS instead of in-process variable.Passing through -javaagent:C:\Users\david\codeql-home\codeql-latest\java\tools/codeql-java-agent.jar=ignore-project,java to underlying JVM.
[T 03:54:14 22476] Passing through -Xbootclasspath/a:C:\Users\david\codeql-home\codeql-latest\java\tools/codeql-java-agent.jar to underlying JVM.
[T 03:54:15 22476] Intercepted JVM creation with extra hidden args: ['-javaagent:C:\Users\david\codeql-home\codeql-latest\java\tools/codeql-java-agent.jar=ignore-project,java' '-Xbootclasspath/a:C:\Users\david\codeql-home\codeql-latest\java\tools/codeql-java-agent.jar'] (result: 1, 0).
[T 03:54:17 18580] ==== Candidate to intercept: C:\Program Files\Eclipse Foundation\jdk-11.0.12.7-hotspot\bin\java.exe ====
[T 03:54:17 16784] Reading configuration file C:\Users\david\Downloads\jakartaDatabase\working\tracing\compiler-tracing7657494046920637934.spec...
[T 03:54:17 16784] Initialising tags...
[T 03:54:17 16784] ID set to 0000000000004190_0000000000000001 (parent 0000000000004894_0000000000000001)
[T 03:54:17 16784] Loading extra JVM options from SEMMLE_JAVA_TOOL_OPTIONS instead of in-process variable.Passing through -javaagent:C:\Users\david\codeql-home\codeql-latest\java\tools/codeql-java-agent.jar=ignore-project,java to underlying JVM.
[T 03:54:17 16784] Passing through -Xbootclasspath/a:C:\Users\david\codeql-home\codeql-latest\java\tools/codeql-java-agent.jar to underlying JVM.
[T 03:54:18 16784] Intercepted JVM creation with extra hidden args: ['-javaagent:C:\Users\david\codeql-home\codeql-latest\java\tools/codeql-java-agent.jar=ignore-project,java' '-Xbootclasspath/a:C:\Users\david\codeql-home\codeql-latest\java\tools/codeql-java-agent.jar'] (result: 1, 0).
[T 03:55:16 18580] ==== Candidate to intercept: C:\Program Files\Eclipse Foundation\jdk-11.0.12.7-hotspot\bin\java.exe ====
[T 03:55:16 26092] Reading configuration file C:\Users\david\Downloads\jakartaDatabase\working\tracing\compiler-tracing7657494046920637934.spec...
[T 03:55:16 26092] Initialising tags...
[T 03:55:16 26092] ID set to 00000000000065EC_0000000000000001 (parent 0000000000004894_0000000000000001)
[T 03:55:16 26092] Loading extra JVM options from SEMMLE_JAVA_TOOL_OPTIONS instead of in-process variable.Passing through -javaagent:C:\Users\david\codeql-home\codeql-latest\java\tools/codeql-java-agent.jar=ignore-project,java to underlying JVM.
[T 03:55:16 26092] Passing through -Xbootclasspath/a:C:\Users\david\codeql-home\codeql-latest\java\tools/codeql-java-agent.jar to underlying JVM.
[T 03:55:16 26092] Intercepted JVM creation with extra hidden args: ['-javaagent:C:\Users\david\codeql-home\codeql-latest\java\tools/codeql-java-agent.jar=ignore-project,java' '-Xbootclasspath/a:C:\Users\david\codeql-home\codeql-latest\java\tools/codeql-java-agent.jar'] (result: 1, 0).
[T 03:55:31 18580] ==== Candidate to intercept: C:\Program Files\Eclipse Foundation\jdk-11.0.12.7-hotspot\bin\java.exe ====
[T 03:55:31 18748] Reading configuration file C:\Users\david\Downloads\jakartaDatabase\working\tracing\compiler-tracing7657494046920637934.spec...
[T 03:55:31 18748] Initialising tags...
[T 03:55:31 18748] ID set to 000000000000493C_0000000000000001 (parent 0000000000004894_0000000000000001)
[T 03:55:31 18748] Loading extra JVM options from SEMMLE_JAVA_TOOL_OPTIONS instead of in-process variable.Passing through -javaagent:C:\Users\david\codeql-home\codeql-latest\java\tools/codeql-java-agent.jar=ignore-project,java to underlying JVM.
[T 03:55:31 18748] Passing through -Xbootclasspath/a:C:\Users\david\codeql-home\codeql-latest\java\tools/codeql-java-agent.jar to underlying JVM.
[T 03:55:31 18748] Intercepted JVM creation with extra hidden args: ['-javaagent:C:\Users\david\codeql-home\codeql-latest\java\tools/codeql-java-agent.jar=ignore-project,java' '-Xbootclasspath/a:C:\Users\david\codeql-home\codeql-latest\java\tools/codeql-java-agent.jar'] (result: 1, 0).
[T 03:56:24 18580] ==== Candidate to intercept: C:\Program Files\Eclipse Foundation\jdk-11.0.12.7-hotspot\bin\java.exe ====
[T 03:56:24 11924] Reading configuration file C:\Users\david\Downloads\jakartaDatabase\working\tracing\compiler-tracing7657494046920637934.spec...
[T 03:56:24 11924] Initialising tags...
[T 03:56:24 11924] ID set to 0000000000002E94_0000000000000001 (parent 0000000000004894_0000000000000001)
[T 03:56:24 11924] Loading extra JVM options from SEMMLE_JAVA_TOOL_OPTIONS instead of in-process variable.Passing through -javaagent:C:\Users\david\codeql-home\codeql-latest\java\tools/codeql-java-agent.jar=ignore-project,java to underlying JVM.
[T 03:56:24 11924] Passing through -Xbootclasspath/a:C:\Users\david\codeql-home\codeql-latest\java\tools/codeql-java-agent.jar to underlying JVM.
[T 03:56:25 11924] Intercepted JVM creation with extra hidden args: ['-javaagent:C:\Users\david\codeql-home\codeql-latest\java\tools/codeql-java-agent.jar=ignore-project,java' '-Xbootclasspath/a:C:\Users\david\codeql-home\codeql-latest\java\tools/codeql-java-agent.jar'] (result: 1, 0).
[T 03:56:50 18580] ==== Candidate to intercept: C:\Program Files\Eclipse Foundation\jdk-11.0.12.7-hotspot\bin\java.exe ====
[T 03:56:50 3236] Reading configuration file C:\Users\david\Downloads\jakartaDatabase\working\tracing\compiler-tracing7657494046920637934.spec...
[T 03:56:50 3236] Initialising tags...
[T 03:56:50 3236] ID set to 0000000000000CA4_0000000000000001 (parent 0000000000004894_0000000000000001)
[T 03:56:50 3236] Loading extra JVM options from SEMMLE_JAVA_TOOL_OPTIONS instead of in-process variable.Passing through -javaagent:C:\Users\david\codeql-home\codeql-latest\java\tools/codeql-java-agent.jar=ignore-project,java to underlying JVM.
[T 03:56:50 3236] Passing through -Xbootclasspath/a:C:\Users\david\codeql-home\codeql-latest\java\tools/codeql-java-agent.jar to underlying JVM.
[T 03:56:50 3236] Intercepted JVM creation with extra hidden args: ['-javaagent:C:\Users\david\codeql-home\codeql-latest\java\tools/codeql-java-agent.jar=ignore-project,java' '-Xbootclasspath/a:C:\Users\david\codeql-home\codeql-latest\java\tools/codeql-java-agent.jar'] (result: 1, 0).
[T 03:56:57 18580] ==== Candidate to intercept: C:\Program Files\Eclipse Foundation\jdk-11.0.12.7-hotspot\bin\java.exe ====
[T 03:56:57 2680] Reading configuration file C:\Users\david\Downloads\jakartaDatabase\working\tracing\compiler-tracing7657494046920637934.spec...
[T 03:56:57 2680] Initialising tags...
[T 03:56:57 2680] ID set to 0000000000000A78_0000000000000001 (parent 0000000000004894_0000000000000001)
[T 03:56:57 2680] Loading extra JVM options from SEMMLE_JAVA_TOOL_OPTIONS instead of in-process variable.Passing through -javaagent:C:\Users\david\codeql-home\codeql-latest\java\tools/codeql-java-agent.jar=ignore-project,java to underlying JVM.
[T 03:56:57 2680] Passing through -Xbootclasspath/a:C:\Users\david\codeql-home\codeql-latest\java\tools/codeql-java-agent.jar to underlying JVM.
[T 03:56:57 2680] Intercepted JVM creation with extra hidden args: ['-javaagent:C:\Users\david\codeql-home\codeql-latest\java\tools/codeql-java-agent.jar=ignore-project,java' '-Xbootclasspath/a:C:\Users\david\codeql-home\codeql-latest\java\tools/codeql-java-agent.jar'] (result: 1, 0).
[T 03:57:03 18580] ==== Candidate to intercept: C:\Program Files\Eclipse Foundation\jdk-11.0.12.7-hotspot\bin\java.exe ====
[T 03:57:03 26608] Reading configuration file C:\Users\david\Downloads\jakartaDatabase\working\tracing\compiler-tracing7657494046920637934.spec...
[T 03:57:03 26608] Initialising tags...
[T 03:57:03 26608] ID set to 00000000000067F0_0000000000000001 (parent 0000000000004894_0000000000000001)
[T 03:57:03 26608] Loading extra JVM options from SEMMLE_JAVA_TOOL_OPTIONS instead of in-process variable.Passing through -javaagent:C:\Users\david\codeql-home\codeql-latest\java\tools/codeql-java-agent.jar=ignore-project,java to underlying JVM.
[T 03:57:03 26608] Passing through -Xbootclasspath/a:C:\Users\david\codeql-home\codeql-latest\java\tools/codeql-java-agent.jar to underlying JVM.
[T 03:57:03 26608] Intercepted JVM creation with extra hidden args: ['-javaagent:C:\Users\david\codeql-home\codeql-latest\java\tools/codeql-java-agent.jar=ignore-project,java' '-Xbootclasspath/a:C:\Users\david\codeql-home\codeql-latest\java\tools/codeql-java-agent.jar'] (result: 1, 0).
[T 03:57:07 25660] ==== Candidate to intercept: C:\Windows\System32\cmd.exe ====
[T 03:57:07 22508] Reading configuration file C:\Users\david\Downloads\jakartaDatabase\working\tracing\compiler-tracing7657494046920637934.spec...
[T 03:57:07 22508] Initialising tags...
[T 03:57:07 22508] ID set to 00000000000057EC_0000000000000001 (parent 000000000000643C_0000000000000001)
