[2022-01-17 03:53:50] [javac-extractor-27212] Starting extraction for:
                                              sun.java.command=com.semmle.extractor.java.JavaExtractor --jdk-version 11 --javac-args @@@C:\Users\david\Downloads\jakartaDatabase\log\ext\javac-7.args
                                              user.dir=C:\Users\david\Downloads\newts-1.5.2\newts-1.5.2
[2022-01-17 03:53:50] [javac-extractor-27212] [WARN] Appending source destination directory C:\Users\david\Downloads\newts-1.5.2\newts-1.5.2\cassandra\test\target\generated-sources\annotations to sourcepath
[2022-01-17 03:53:51] [javac-extractor-27212] Processing file C:\Users\david\Downloads\newts-1.5.2\newts-1.5.2\cassandra\test\src\main\java\org\cassandraunit\MyCassandraCQLUnit.java
[2022-01-17 03:53:51] [javac-extractor-27212] Writing trap file for: org.cassandraunit.dataset.CQLDataSet 51.0-1487354080000 jar:file:///C:/Users/david/.m2/repository/org/cassandraunit/cassandra-unit/3.1.3.2/cassandra-unit-3.1.3.2.jar!/org/cassandraunit/dataset/CQLDataSet.class
[2022-01-17 03:53:51] [javac-extractor-27212] Writing trap file for: org.cassandraunit.utils.EmbeddedCassandraServerHelper 51.0-1487354082000 jar:file:///C:/Users/david/.m2/repository/org/cassandraunit/cassandra-unit/3.1.3.2/cassandra-unit-3.1.3.2.jar!/org/cassandraunit/utils/EmbeddedCassandraServerHelper.class
[2022-01-17 03:53:51] [javac-extractor-27212] Writing trap file for: org.cassandraunit.MyCassandraCQLUnit 0.0-1642402148251 file:///C:/Users/david/Downloads/newts-1.5.2/newts-1.5.2/cassandra/test/src/main/java/org/cassandraunit/MyCassandraCQLUnit.java
[2022-01-17 03:53:51] [javac-extractor-27212] Writing trap file for: org.cassandraunit.CassandraCQLUnit 51.0-1487354080000 jar:file:///C:/Users/david/.m2/repository/org/cassandraunit/cassandra-unit/3.1.3.2/cassandra-unit-3.1.3.2.jar!/org/cassandraunit/CassandraCQLUnit.class
[2022-01-17 03:53:51] [javac-extractor-27212] Writing trap file for: org.cassandraunit.BaseCassandraUnit 51.0-1487354080000 jar:file:///C:/Users/david/.m2/repository/org/cassandraunit/cassandra-unit/3.1.3.2/cassandra-unit-3.1.3.2.jar!/org/cassandraunit/BaseCassandraUnit.class
[2022-01-17 03:53:51] [javac-extractor-27212] Writing trap file for: org.apache.thrift.transport.TTransportException 49.0-1415170068000 jar:file:///C:/Users/david/.m2/repository/org/apache/thrift/libthrift/0.9.2/libthrift-0.9.2.jar!/org/apache/thrift/transport/TTransportException.class
[2022-01-17 03:53:51] [javac-extractor-27212] Writing trap file for: org.apache.cassandra.exceptions.ConfigurationException 52.0-1474894550000 jar:file:///C:/Users/david/.m2/repository/org/apache/cassandra/cassandra-all/3.9/cassandra-all-3.9.jar!/org/apache/cassandra/exceptions/ConfigurationException.class
[2022-01-17 03:53:51] [javac-extractor-27212] Writing trap file for: org.junit.rules.ExternalResource 49.0-1417702496000 jar:file:///C:/Users/david/.m2/repository/junit/junit/4.12/junit-4.12.jar!/org/junit/rules/ExternalResource.class
[2022-01-17 03:53:51] [javac-extractor-27212] Writing trap file for: org.apache.thrift.TException 49.0-1415170068000 jar:file:///C:/Users/david/.m2/repository/org/apache/thrift/libthrift/0.9.2/libthrift-0.9.2.jar!/org/apache/thrift/TException.class
[2022-01-17 03:53:51] [javac-extractor-27212] Writing trap file for: org.apache.cassandra.exceptions.RequestValidationException 52.0-1474894550000 jar:file:///C:/Users/david/.m2/repository/org/apache/cassandra/cassandra-all/3.9/cassandra-all-3.9.jar!/org/apache/cassandra/exceptions/RequestValidationException.class
[2022-01-17 03:53:51] [javac-extractor-27212] Writing trap file for: org.apache.cassandra.exceptions.ExceptionCode 52.0-1474894550000 jar:file:///C:/Users/david/.m2/repository/org/apache/cassandra/cassandra-all/3.9/cassandra-all-3.9.jar!/org/apache/cassandra/exceptions/ExceptionCode.class
[2022-01-17 03:53:51] [javac-extractor-27212] Writing trap file for: org.junit.rules.TestRule 49.0-1417702494000 jar:file:///C:/Users/david/.m2/repository/junit/junit/4.12/junit-4.12.jar!/org/junit/rules/TestRule.class
[2022-01-17 03:53:51] [javac-extractor-27212] Writing trap file for: org.junit.runners.model.Statement 49.0-1417702492000 jar:file:///C:/Users/david/.m2/repository/junit/junit/4.12/junit-4.12.jar!/org/junit/runners/model/Statement.class
[2022-01-17 03:53:51] [javac-extractor-27212] Writing trap file for: org.junit.runner.Description 49.0-1417702490000 jar:file:///C:/Users/david/.m2/repository/junit/junit/4.12/junit-4.12.jar!/org/junit/runner/Description.class
[2022-01-17 03:53:51] [javac-extractor-27212] Writing trap file for: org.apache.cassandra.exceptions.CassandraException 52.0-1474894550000 jar:file:///C:/Users/david/.m2/repository/org/apache/cassandra/cassandra-all/3.9/cassandra-all-3.9.jar!/org/apache/cassandra/exceptions/CassandraException.class
[2022-01-17 03:53:51] [javac-extractor-27212] Writing trap file for: org.apache.cassandra.exceptions.TransportException 52.0-1474894550000 jar:file:///C:/Users/david/.m2/repository/org/apache/cassandra/cassandra-all/3.9/cassandra-all-3.9.jar!/org/apache/cassandra/exceptions/TransportException.class
[2022-01-17 03:53:51] [javac-extractor-27212] Processing JAR file: C:/Users/david/.m2/repository/org/cassandraunit/cassandra-unit/3.1.3.2/cassandra-unit-3.1.3.2.jar
[2022-01-17 03:53:51] [javac-extractor-27212] Processing JAR file: C:/Users/david/.m2/repository/org/apache/thrift/libthrift/0.9.2/libthrift-0.9.2.jar
[2022-01-17 03:53:51] [javac-extractor-27212] Processing JAR file: C:/Users/david/.m2/repository/org/apache/cassandra/cassandra-all/3.9/cassandra-all-3.9.jar
[2022-01-17 03:53:51] [javac-extractor-27212] Processing file C:\Users\david\Downloads\newts-1.5.2\newts-1.5.2\cassandra\test\src\main\java\org\opennms\newts\cassandra\NewtsInstance.java
[2022-01-17 03:53:51] [javac-extractor-27212] Writing trap file for: java.util.ServiceLoader 55.0-1626867188000 jrt:/modules/java.base/java/util/ServiceLoader.class
[2022-01-17 03:53:51] [javac-extractor-27212] Writing trap file for: org.cassandraunit.dataset.cql.FileCQLDataSet 51.0-1487354082000 jar:file:///C:/Users/david/.m2/repository/org/cassandraunit/cassandra-unit/3.1.3.2/cassandra-unit-3.1.3.2.jar!/org/cassandraunit/dataset/cql/FileCQLDataSet.class
[2022-01-17 03:53:51] [javac-extractor-27212] Writing trap file for: com.google.common.base.Charsets 50.0-1408988892000 jar:file:///C:/Users/david/.m2/repository/com/google/guava/guava/18.0/guava-18.0.jar!/com/google/common/base/Charsets.class
[2022-01-17 03:53:51] [javac-extractor-27212] Writing trap file for: com.google.common.io.CharStreams 50.0-1408988892000 jar:file:///C:/Users/david/.m2/repository/com/google/guava/guava/18.0/guava-18.0.jar!/com/google/common/io/CharStreams.class
[2022-01-17 03:53:51] [javac-extractor-27212] Writing trap file for: com.google.common.io.Files 50.0-1408988892000 jar:file:///C:/Users/david/.m2/repository/com/google/guava/guava/18.0/guava-18.0.jar!/com/google/common/io/Files.class
[2022-01-17 03:53:51] [javac-extractor-27212] Writing trap file for: org.opennms.newts.cassandra.NewtsInstance 0.0-1642402148298 file:///C:/Users/david/Downloads/newts-1.5.2/newts-1.5.2/cassandra/test/src/main/java/org/opennms/newts/cassandra/NewtsInstance.java
[2022-01-17 03:53:51] [javac-extractor-27212] Writing trap file for: java.util.ServiceLoader.Provider 55.0-1626867188000 jrt:/modules/java.base/java/util/ServiceLoader$Provider.class
[2022-01-17 03:53:51] [javac-extractor-27212] Writing trap file for: org.cassandraunit.dataset.cql.AbstractCQLDataSet 51.0-1487354080000 jar:file:///C:/Users/david/.m2/repository/org/cassandraunit/cassandra-unit/3.1.3.2/cassandra-unit-3.1.3.2.jar!/org/cassandraunit/dataset/cql/AbstractCQLDataSet.class
[2022-01-17 03:53:51] [javac-extractor-27212] Writing trap file for: com.google.common.io.LineProcessor 50.0-1408988890000 jar:file:///C:/Users/david/.m2/repository/com/google/guava/guava/18.0/guava-18.0.jar!/com/google/common/io/LineProcessor.class
[2022-01-17 03:53:51] [javac-extractor-27212] Writing trap file for: com.google.common.collect.TreeTraverser 50.0-1408988892000 jar:file:///C:/Users/david/.m2/repository/com/google/guava/guava/18.0/guava-18.0.jar!/com/google/common/collect/TreeTraverser.class
[2022-01-17 03:53:51] [javac-extractor-27212] Writing trap file for: com.google.common.hash.HashFunction 50.0-1408988890000 jar:file:///C:/Users/david/.m2/repository/com/google/guava/guava/18.0/guava-18.0.jar!/com/google/common/hash/HashFunction.class
[2022-01-17 03:53:51] [javac-extractor-27212] Writing trap file for: com.google.common.hash.HashCode 50.0-1408988890000 jar:file:///C:/Users/david/.m2/repository/com/google/guava/guava/18.0/guava-18.0.jar!/com/google/common/hash/HashCode.class
[2022-01-17 03:53:51] [javac-extractor-27212] [WARN] Completion failure for type: javax.annotation.Nullable
[2022-01-17 03:53:51] [javac-extractor-27212] Writing trap file for: com.google.common.io.ByteProcessor 50.0-1408988890000 jar:file:///C:/Users/david/.m2/repository/com/google/guava/guava/18.0/guava-18.0.jar!/com/google/common/io/ByteProcessor.class
[2022-01-17 03:53:51] [javac-extractor-27212] Writing trap file for: com.google.common.io.FileWriteMode 50.0-1408988892000 jar:file:///C:/Users/david/.m2/repository/com/google/guava/guava/18.0/guava-18.0.jar!/com/google/common/io/FileWriteMode.class
[2022-01-17 03:53:51] [javac-extractor-27212] Writing trap file for: com.google.common.io.CharSink 50.0-1408988890000 jar:file:///C:/Users/david/.m2/repository/com/google/guava/guava/18.0/guava-18.0.jar!/com/google/common/io/CharSink.class
[2022-01-17 03:53:51] [javac-extractor-27212] Writing trap file for: com.google.common.io.CharSource 50.0-1408988890000 jar:file:///C:/Users/david/.m2/repository/com/google/guava/guava/18.0/guava-18.0.jar!/com/google/common/io/CharSource.class
[2022-01-17 03:53:51] [javac-extractor-27212] Writing trap file for: com.google.common.io.ByteSink 50.0-1408988890000 jar:file:///C:/Users/david/.m2/repository/com/google/guava/guava/18.0/guava-18.0.jar!/com/google/common/io/ByteSink.class
[2022-01-17 03:53:51] [javac-extractor-27212] Writing trap file for: com.google.common.io.ByteSource 50.0-1408988890000 jar:file:///C:/Users/david/.m2/repository/com/google/guava/guava/18.0/guava-18.0.jar!/com/google/common/io/ByteSource.class
[2022-01-17 03:53:51] [javac-extractor-27212] Writing trap file for: java.io.BufferedWriter 55.0-1626867188000 jrt:/modules/java.base/java/io/BufferedWriter.class
[2022-01-17 03:53:51] [javac-extractor-27212] Writing trap file for: com.google.common.collect.FluentIterable 50.0-1408988892000 jar:file:///C:/Users/david/.m2/repository/com/google/guava/guava/18.0/guava-18.0.jar!/com/google/common/collect/FluentIterable.class
[2022-01-17 03:53:51] [javac-extractor-27212] [WARN] Completion failure for type: javax.annotation.CheckReturnValue
[2022-01-17 03:53:51] [javac-extractor-27212] Writing trap file for: com.google.common.hash.Funnel 50.0-1408988890000 jar:file:///C:/Users/david/.m2/repository/com/google/guava/guava/18.0/guava-18.0.jar!/com/google/common/hash/Funnel.class
[2022-01-17 03:53:51] [javac-extractor-27212] Writing trap file for: com.google.common.hash.Hasher 50.0-1408988890000 jar:file:///C:/Users/david/.m2/repository/com/google/guava/guava/18.0/guava-18.0.jar!/com/google/common/hash/Hasher.class
[2022-01-17 03:53:51] [javac-extractor-27212] [WARN] Not rewriting trap file for: javax.annotation.Nullable -1.-1-0 -1.-1-0 null
[2022-01-17 03:53:51] [javac-extractor-27212] Writing trap file for: com.google.common.collect.ImmutableListMultimap 50.0-1408988890000 jar:file:///C:/Users/david/.m2/repository/com/google/guava/guava/18.0/guava-18.0.jar!/com/google/common/collect/ImmutableListMultimap.class
[2022-01-17 03:53:52] [javac-extractor-27212] Writing trap file for: com.google.common.collect.ImmutableSortedSet 50.0-1408988890000 jar:file:///C:/Users/david/.m2/repository/com/google/guava/guava/18.0/guava-18.0.jar!/com/google/common/collect/ImmutableSortedSet.class
[2022-01-17 03:53:52] [javac-extractor-27212] Writing trap file for: com.google.common.collect.ImmutableSortedSetFauxverideShim 50.0-1408988890000 jar:file:///C:/Users/david/.m2/repository/com/google/guava/guava/18.0/guava-18.0.jar!/com/google/common/collect/ImmutableSortedSetFauxverideShim.class
[2022-01-17 03:53:52] [javac-extractor-27212] Writing trap file for: com.google.common.collect.SortedIterable 50.0-1408988890000 jar:file:///C:/Users/david/.m2/repository/com/google/guava/guava/18.0/guava-18.0.jar!/com/google/common/collect/SortedIterable.class
[2022-01-17 03:53:52] [javac-extractor-27212] [WARN] Not rewriting trap file for: javax.annotation.CheckReturnValue -1.-1-0 -1.-1-0 null
[2022-01-17 03:53:52] [javac-extractor-27212] Writing trap file for: com.google.common.hash.PrimitiveSink 50.0-1408988890000 jar:file:///C:/Users/david/.m2/repository/com/google/guava/guava/18.0/guava-18.0.jar!/com/google/common/hash/PrimitiveSink.class
[2022-01-17 03:53:52] [javac-extractor-27212] Writing trap file for: com.google.common.collect.ImmutableListMultimap.Builder 50.0-1408988890000 jar:file:///C:/Users/david/.m2/repository/com/google/guava/guava/18.0/guava-18.0.jar!/com/google/common/collect/ImmutableListMultimap$Builder.class
[2022-01-17 03:53:52] [javac-extractor-27212] Writing trap file for: com.google.common.collect.ImmutableSortedSet.Builder 50.0-1408988890000 jar:file:///C:/Users/david/.m2/repository/com/google/guava/guava/18.0/guava-18.0.jar!/com/google/common/collect/ImmutableSortedSet$Builder.class
[2022-01-17 03:53:52] [javac-extractor-27212] Javac init time: 0.7s
[2022-01-17 03:53:52] [javac-extractor-27212] Javac attr time: 0.1s
[2022-01-17 03:53:52] [javac-extractor-27212] Extractor time: 1.0s
[2022-01-17 03:53:52] [javac-extractor-27212] Other time: 0.1s
[2022-01-17 03:53:52] [javac-extractor-27212] Total time: 1.9s
