[2022-01-17 03:53:42] [javac-extractor-1164] Starting extraction for:
                                             sun.java.command=com.semmle.extractor.java.JavaExtractor --jdk-version 11 --javac-args @@@C:\Users\david\Downloads\jakartaDatabase\log\ext\javac-6.args
                                             user.dir=C:\Users\david\Downloads\newts-1.5.2\newts-1.5.2
[2022-01-17 03:53:42] [javac-extractor-1164] [WARN] Appending source destination directory C:\Users\david\Downloads\newts-1.5.2\newts-1.5.2\cassandra\common\target\generated-sources\annotations to sourcepath
[2022-01-17 03:53:43] [javac-extractor-1164] Processing file C:\Users\david\Downloads\newts-1.5.2\newts-1.5.2\cassandra\common\src\main\java\org\opennms\newts\cassandra\SchemaManager.java
[2022-01-17 03:53:43] [javac-extractor-1164] Writing trap file for: java.io.BufferedReader 55.0-1626867188000 jrt:/modules/java.base/java/io/BufferedReader.class
[2022-01-17 03:53:43] [javac-extractor-1164] Writing trap file for: java.nio.charset.StandardCharsets 55.0-1626867188000 jrt:/modules/java.base/java/nio/charset/StandardCharsets.class
[2022-01-17 03:53:43] [javac-extractor-1164] Writing trap file for: com.datastax.driver.core.Cluster 50.0-1523972770000 jar:file:///C:/Users/david/.m2/repository/com/datastax/cassandra/cassandra-driver-core/3.5.0/cassandra-driver-core-3.5.0.jar!/com/datastax/driver/core/Cluster.class
[2022-01-17 03:53:43] [javac-extractor-1164] Writing trap file for: com.datastax.driver.core.Cluster.Builder 50.0-1523972770000 jar:file:///C:/Users/david/.m2/repository/com/datastax/cassandra/cassandra-driver-core/3.5.0/cassandra-driver-core-3.5.0.jar!/com/datastax/driver/core/Cluster$Builder.class
[2022-01-17 03:53:43] [javac-extractor-1164] Writing trap file for: com.datastax.driver.core.Session 50.0-1523972770000 jar:file:///C:/Users/david/.m2/repository/com/datastax/cassandra/cassandra-driver-core/3.5.0/cassandra-driver-core-3.5.0.jar!/com/datastax/driver/core/Session.class
[2022-01-17 03:53:43] [javac-extractor-1164] Writing trap file for: com.datastax.driver.core.exceptions.AlreadyExistsException 50.0-1523972770000 jar:file:///C:/Users/david/.m2/repository/com/datastax/cassandra/cassandra-driver-core/3.5.0/cassandra-driver-core-3.5.0.jar!/com/datastax/driver/core/exceptions/AlreadyExistsException.class
[2022-01-17 03:53:43] [javac-extractor-1164] Writing trap file for: com.datastax.driver.core.exceptions.SyntaxError 50.0-1523972770000 jar:file:///C:/Users/david/.m2/repository/com/datastax/cassandra/cassandra-driver-core/3.5.0/cassandra-driver-core-3.5.0.jar!/com/datastax/driver/core/exceptions/SyntaxError.class
[2022-01-17 03:53:43] [javac-extractor-1164] Writing trap file for: org.opennms.newts.cassandra.SchemaManager 0.0-1642402146541 file:///C:/Users/david/Downloads/newts-1.5.2/newts-1.5.2/cassandra/common/src/main/java/org/opennms/newts/cassandra/SchemaManager.java
[2022-01-17 03:53:43] [javac-extractor-1164] Writing trap file for: org.opennms.newts.cassandra.Schema 0.0-1642402146510 file:///C:/Users/david/Downloads/newts-1.5.2/newts-1.5.2/cassandra/common/src/main/java/org/opennms/newts/cassandra/Schema.java
[2022-01-17 03:53:43] [javac-extractor-1164] Writing trap file for: com.datastax.driver.core.ResultSet 50.0-1523972770000 jar:file:///C:/Users/david/.m2/repository/com/datastax/cassandra/cassandra-driver-core/3.5.0/cassandra-driver-core-3.5.0.jar!/com/datastax/driver/core/ResultSet.class
[2022-01-17 03:53:43] [javac-extractor-1164] Writing trap file for: com.datastax.driver.core.CloseFuture 50.0-1523972770000 jar:file:///C:/Users/david/.m2/repository/com/datastax/cassandra/cassandra-driver-core/3.5.0/cassandra-driver-core-3.5.0.jar!/com/datastax/driver/core/CloseFuture.class
[2022-01-17 03:53:43] [javac-extractor-1164] Writing trap file for: com.datastax.driver.core.SchemaChangeListener 50.0-1523972770000 jar:file:///C:/Users/david/.m2/repository/com/datastax/cassandra/cassandra-driver-core/3.5.0/cassandra-driver-core-3.5.0.jar!/com/datastax/driver/core/SchemaChangeListener.class
[2022-01-17 03:53:43] [javac-extractor-1164] Writing trap file for: com.datastax.driver.core.LatencyTracker 50.0-1523972770000 jar:file:///C:/Users/david/.m2/repository/com/datastax/cassandra/cassandra-driver-core/3.5.0/cassandra-driver-core-3.5.0.jar!/com/datastax/driver/core/LatencyTracker.class
[2022-01-17 03:53:43] [javac-extractor-1164] Writing trap file for: com.datastax.driver.core.Host.StateListener 50.0-1523972770000 jar:file:///C:/Users/david/.m2/repository/com/datastax/cassandra/cassandra-driver-core/3.5.0/cassandra-driver-core-3.5.0.jar!/com/datastax/driver/core/Host$StateListener.class
[2022-01-17 03:53:43] [javac-extractor-1164] Writing trap file for: com.datastax.driver.core.Metrics 50.0-1523972770000 jar:file:///C:/Users/david/.m2/repository/com/datastax/cassandra/cassandra-driver-core/3.5.0/cassandra-driver-core-3.5.0.jar!/com/datastax/driver/core/Metrics.class
[2022-01-17 03:53:43] [javac-extractor-1164] Writing trap file for: com.datastax.driver.core.Configuration 50.0-1523972770000 jar:file:///C:/Users/david/.m2/repository/com/datastax/cassandra/cassandra-driver-core/3.5.0/cassandra-driver-core-3.5.0.jar!/com/datastax/driver/core/Configuration.class
[2022-01-17 03:53:43] [javac-extractor-1164] Writing trap file for: com.datastax.driver.core.Metadata 50.0-1523972770000 jar:file:///C:/Users/david/.m2/repository/com/datastax/cassandra/cassandra-driver-core/3.5.0/cassandra-driver-core-3.5.0.jar!/com/datastax/driver/core/Metadata.class
[2022-01-17 03:53:43] [javac-extractor-1164] Writing trap file for: com.google.common.util.concurrent.ListenableFuture 50.0-1408988890000 jar:file:///C:/Users/david/.m2/repository/com/google/guava/guava/18.0/guava-18.0.jar!/com/google/common/util/concurrent/ListenableFuture.class
[2022-01-17 03:53:43] [javac-extractor-1164] Writing trap file for: com.datastax.driver.core.Cluster.Initializer 50.0-1523972770000 jar:file:///C:/Users/david/.m2/repository/com/datastax/cassandra/cassandra-driver-core/3.5.0/cassandra-driver-core-3.5.0.jar!/com/datastax/driver/core/Cluster$Initializer.class
[2022-01-17 03:53:43] [javac-extractor-1164] Writing trap file for: java.net.InetSocketAddress 55.0-1626867188000 jrt:/modules/java.base/java/net/InetSocketAddress.class
[2022-01-17 03:53:43] [javac-extractor-1164] Writing trap file for: com.datastax.driver.core.Cluster.Manager 50.0-1523972770000 jar:file:///C:/Users/david/.m2/repository/com/datastax/cassandra/cassandra-driver-core/3.5.0/cassandra-driver-core-3.5.0.jar!/com/datastax/driver/core/Cluster$Manager.class
[2022-01-17 03:53:43] [javac-extractor-1164] Writing trap file for: com.datastax.driver.core.NettyOptions 50.0-1523972770000 jar:file:///C:/Users/david/.m2/repository/com/datastax/cassandra/cassandra-driver-core/3.5.0/cassandra-driver-core-3.5.0.jar!/com/datastax/driver/core/NettyOptions.class
[2022-01-17 03:53:43] [javac-extractor-1164] Writing trap file for: com.datastax.driver.core.ThreadingOptions 50.0-1523972770000 jar:file:///C:/Users/david/.m2/repository/com/datastax/cassandra/cassandra-driver-core/3.5.0/cassandra-driver-core-3.5.0.jar!/com/datastax/driver/core/ThreadingOptions.class
[2022-01-17 03:53:43] [javac-extractor-1164] Writing trap file for: com.datastax.driver.core.QueryOptions 50.0-1523972770000 jar:file:///C:/Users/david/.m2/repository/com/datastax/cassandra/cassandra-driver-core/3.5.0/cassandra-driver-core-3.5.0.jar!/com/datastax/driver/core/QueryOptions.class
[2022-01-17 03:53:43] [javac-extractor-1164] Writing trap file for: com.datastax.driver.core.SocketOptions 50.0-1523972770000 jar:file:///C:/Users/david/.m2/repository/com/datastax/cassandra/cassandra-driver-core/3.5.0/cassandra-driver-core-3.5.0.jar!/com/datastax/driver/core/SocketOptions.class
[2022-01-17 03:53:43] [javac-extractor-1164] Writing trap file for: com.datastax.driver.core.PoolingOptions 50.0-1523972770000 jar:file:///C:/Users/david/.m2/repository/com/datastax/cassandra/cassandra-driver-core/3.5.0/cassandra-driver-core-3.5.0.jar!/com/datastax/driver/core/PoolingOptions.class
[2022-01-17 03:53:43] [javac-extractor-1164] Writing trap file for: com.datastax.driver.core.SSLOptions 50.0-1523972770000 jar:file:///C:/Users/david/.m2/repository/com/datastax/cassandra/cassandra-driver-core/3.5.0/cassandra-driver-core-3.5.0.jar!/com/datastax/driver/core/SSLOptions.class
[2022-01-17 03:53:43] [javac-extractor-1164] Writing trap file for: com.datastax.driver.core.ProtocolOptions.Compression 50.0-1523972770000 jar:file:///C:/Users/david/.m2/repository/com/datastax/cassandra/cassandra-driver-core/3.5.0/cassandra-driver-core-3.5.0.jar!/com/datastax/driver/core/ProtocolOptions$Compression.class
[2022-01-17 03:53:43] [javac-extractor-1164] Writing trap file for: com.datastax.driver.core.AuthProvider 50.0-1523972770000 jar:file:///C:/Users/david/.m2/repository/com/datastax/cassandra/cassandra-driver-core/3.5.0/cassandra-driver-core-3.5.0.jar!/com/datastax/driver/core/AuthProvider.class
[2022-01-17 03:53:43] [javac-extractor-1164] Writing trap file for: com.datastax.driver.core.CodecRegistry 50.0-1523972770000 jar:file:///C:/Users/david/.m2/repository/com/datastax/cassandra/cassandra-driver-core/3.5.0/cassandra-driver-core-3.5.0.jar!/com/datastax/driver/core/CodecRegistry.class
[2022-01-17 03:53:43] [javac-extractor-1164] Writing trap file for: com.datastax.driver.core.policies.SpeculativeExecutionPolicy 50.0-1523972770000 jar:file:///C:/Users/david/.m2/repository/com/datastax/cassandra/cassandra-driver-core/3.5.0/cassandra-driver-core-3.5.0.jar!/com/datastax/driver/core/policies/SpeculativeExecutionPolicy.class
[2022-01-17 03:53:43] [javac-extractor-1164] Writing trap file for: com.datastax.driver.core.TimestampGenerator 50.0-1523972770000 jar:file:///C:/Users/david/.m2/repository/com/datastax/cassandra/cassandra-driver-core/3.5.0/cassandra-driver-core-3.5.0.jar!/com/datastax/driver/core/TimestampGenerator.class
[2022-01-17 03:53:43] [javac-extractor-1164] Writing trap file for: com.datastax.driver.core.policies.AddressTranslator 50.0-1523972770000 jar:file:///C:/Users/david/.m2/repository/com/datastax/cassandra/cassandra-driver-core/3.5.0/cassandra-driver-core-3.5.0.jar!/com/datastax/driver/core/policies/AddressTranslator.class
[2022-01-17 03:53:43] [javac-extractor-1164] Writing trap file for: com.datastax.driver.core.policies.RetryPolicy 50.0-1523972770000 jar:file:///C:/Users/david/.m2/repository/com/datastax/cassandra/cassandra-driver-core/3.5.0/cassandra-driver-core-3.5.0.jar!/com/datastax/driver/core/policies/RetryPolicy.class
[2022-01-17 03:53:43] [javac-extractor-1164] Writing trap file for: com.datastax.driver.core.policies.ReconnectionPolicy 50.0-1523972770000 jar:file:///C:/Users/david/.m2/repository/com/datastax/cassandra/cassandra-driver-core/3.5.0/cassandra-driver-core-3.5.0.jar!/com/datastax/driver/core/policies/ReconnectionPolicy.class
[2022-01-17 03:53:43] [javac-extractor-1164] Writing trap file for: com.datastax.driver.core.policies.LoadBalancingPolicy 50.0-1523972770000 jar:file:///C:/Users/david/.m2/repository/com/datastax/cassandra/cassandra-driver-core/3.5.0/cassandra-driver-core-3.5.0.jar!/com/datastax/driver/core/policies/LoadBalancingPolicy.class
[2022-01-17 03:53:43] [javac-extractor-1164] Writing trap file for: com.datastax.driver.core.ProtocolVersion 50.0-1523972768000 jar:file:///C:/Users/david/.m2/repository/com/datastax/cassandra/cassandra-driver-core/3.5.0/cassandra-driver-core-3.5.0.jar!/com/datastax/driver/core/ProtocolVersion.class
[2022-01-17 03:53:43] [javac-extractor-1164] Writing trap file for: com.datastax.driver.core.Session.State 50.0-1523972770000 jar:file:///C:/Users/david/.m2/repository/com/datastax/cassandra/cassandra-driver-core/3.5.0/cassandra-driver-core-3.5.0.jar!/com/datastax/driver/core/Session$State.class
[2022-01-17 03:53:43] [javac-extractor-1164] Writing trap file for: com.datastax.driver.core.RegularStatement 50.0-1523972770000 jar:file:///C:/Users/david/.m2/repository/com/datastax/cassandra/cassandra-driver-core/3.5.0/cassandra-driver-core-3.5.0.jar!/com/datastax/driver/core/RegularStatement.class
[2022-01-17 03:53:43] [javac-extractor-1164] Writing trap file for: com.datastax.driver.core.PreparedStatement 50.0-1523972770000 jar:file:///C:/Users/david/.m2/repository/com/datastax/cassandra/cassandra-driver-core/3.5.0/cassandra-driver-core-3.5.0.jar!/com/datastax/driver/core/PreparedStatement.class
[2022-01-17 03:53:43] [javac-extractor-1164] Writing trap file for: com.datastax.driver.core.Statement 50.0-1523972768000 jar:file:///C:/Users/david/.m2/repository/com/datastax/cassandra/cassandra-driver-core/3.5.0/cassandra-driver-core-3.5.0.jar!/com/datastax/driver/core/Statement.class
[2022-01-17 03:53:43] [javac-extractor-1164] Writing trap file for: com.datastax.driver.core.ResultSetFuture 50.0-1523972770000 jar:file:///C:/Users/david/.m2/repository/com/datastax/cassandra/cassandra-driver-core/3.5.0/cassandra-driver-core-3.5.0.jar!/com/datastax/driver/core/ResultSetFuture.class
[2022-01-17 03:53:43] [javac-extractor-1164] Writing trap file for: com.datastax.driver.core.exceptions.QueryValidationException 50.0-1523972770000 jar:file:///C:/Users/david/.m2/repository/com/datastax/cassandra/cassandra-driver-core/3.5.0/cassandra-driver-core-3.5.0.jar!/com/datastax/driver/core/exceptions/QueryValidationException.class
[2022-01-17 03:53:43] [javac-extractor-1164] Writing trap file for: com.datastax.driver.core.exceptions.CoordinatorException 50.0-1523972770000 jar:file:///C:/Users/david/.m2/repository/com/datastax/cassandra/cassandra-driver-core/3.5.0/cassandra-driver-core-3.5.0.jar!/com/datastax/driver/core/exceptions/CoordinatorException.class
[2022-01-17 03:53:43] [javac-extractor-1164] Writing trap file for: com.datastax.driver.core.exceptions.DriverException 50.0-1523972768000 jar:file:///C:/Users/david/.m2/repository/com/datastax/cassandra/cassandra-driver-core/3.5.0/cassandra-driver-core-3.5.0.jar!/com/datastax/driver/core/exceptions/DriverException.class
[2022-01-17 03:53:43] [javac-extractor-1164] Writing trap file for: com.datastax.driver.core.Row 50.0-1523972770000 jar:file:///C:/Users/david/.m2/repository/com/datastax/cassandra/cassandra-driver-core/3.5.0/cassandra-driver-core-3.5.0.jar!/com/datastax/driver/core/Row.class
[2022-01-17 03:53:43] [javac-extractor-1164] Writing trap file for: com.datastax.driver.core.PagingIterable 50.0-1523972770000 jar:file:///C:/Users/david/.m2/repository/com/datastax/cassandra/cassandra-driver-core/3.5.0/cassandra-driver-core-3.5.0.jar!/com/datastax/driver/core/PagingIterable.class
[2022-01-17 03:53:43] [javac-extractor-1164] Writing trap file for: com.datastax.driver.core.ExecutionInfo 50.0-1523972770000 jar:file:///C:/Users/david/.m2/repository/com/datastax/cassandra/cassandra-driver-core/3.5.0/cassandra-driver-core-3.5.0.jar!/com/datastax/driver/core/ExecutionInfo.class
[2022-01-17 03:53:43] [javac-extractor-1164] Writing trap file for: com.datastax.driver.core.ColumnDefinitions 50.0-1523972770000 jar:file:///C:/Users/david/.m2/repository/com/datastax/cassandra/cassandra-driver-core/3.5.0/cassandra-driver-core-3.5.0.jar!/com/datastax/driver/core/ColumnDefinitions.class
[2022-01-17 03:53:44] [javac-extractor-1164] Writing trap file for: com.google.common.util.concurrent.AbstractFuture 50.0-1408988890000 jar:file:///C:/Users/david/.m2/repository/com/google/guava/guava/18.0/guava-18.0.jar!/com/google/common/util/concurrent/AbstractFuture.class
[2022-01-17 03:53:44] [javac-extractor-1164] [WARN] Completion failure for type: javax.annotation.Nullable
[2022-01-17 03:53:44] [javac-extractor-1164] Writing trap file for: java.util.concurrent.CancellationException 55.0-1626867188000 jrt:/modules/java.base/java/util/concurrent/CancellationException.class
[2022-01-17 03:53:44] [javac-extractor-1164] Writing trap file for: com.datastax.driver.core.MaterializedViewMetadata 50.0-1523972770000 jar:file:///C:/Users/david/.m2/repository/com/datastax/cassandra/cassandra-driver-core/3.5.0/cassandra-driver-core-3.5.0.jar!/com/datastax/driver/core/MaterializedViewMetadata.class
[2022-01-17 03:53:44] [javac-extractor-1164] Writing trap file for: com.datastax.driver.core.AggregateMetadata 50.0-1523972770000 jar:file:///C:/Users/david/.m2/repository/com/datastax/cassandra/cassandra-driver-core/3.5.0/cassandra-driver-core-3.5.0.jar!/com/datastax/driver/core/AggregateMetadata.class
[2022-01-17 03:53:44] [javac-extractor-1164] Writing trap file for: com.datastax.driver.core.FunctionMetadata 50.0-1523972770000 jar:file:///C:/Users/david/.m2/repository/com/datastax/cassandra/cassandra-driver-core/3.5.0/cassandra-driver-core-3.5.0.jar!/com/datastax/driver/core/FunctionMetadata.class
[2022-01-17 03:53:44] [javac-extractor-1164] Writing trap file for: com.datastax.driver.core.UserType 50.0-1523972770000 jar:file:///C:/Users/david/.m2/repository/com/datastax/cassandra/cassandra-driver-core/3.5.0/cassandra-driver-core-3.5.0.jar!/com/datastax/driver/core/UserType.class
[2022-01-17 03:53:44] [javac-extractor-1164] Writing trap file for: com.datastax.driver.core.TableMetadata 50.0-1523972770000 jar:file:///C:/Users/david/.m2/repository/com/datastax/cassandra/cassandra-driver-core/3.5.0/cassandra-driver-core-3.5.0.jar!/com/datastax/driver/core/TableMetadata.class
[2022-01-17 03:53:44] [javac-extractor-1164] Writing trap file for: com.datastax.driver.core.KeyspaceMetadata 50.0-1523972770000 jar:file:///C:/Users/david/.m2/repository/com/datastax/cassandra/cassandra-driver-core/3.5.0/cassandra-driver-core-3.5.0.jar!/com/datastax/driver/core/KeyspaceMetadata.class
[2022-01-17 03:53:44] [javac-extractor-1164] Writing trap file for: com.datastax.driver.core.Host 50.0-1523972770000 jar:file:///C:/Users/david/.m2/repository/com/datastax/cassandra/cassandra-driver-core/3.5.0/cassandra-driver-core-3.5.0.jar!/com/datastax/driver/core/Host.class
[2022-01-17 03:53:44] [javac-extractor-1164] Writing trap file for: com.codahale.metrics.Meter 50.0-1425684918000 jar:file:///C:/Users/david/.m2/repository/io/dropwizard/metrics/metrics-core/3.1.1/metrics-core-3.1.1.jar!/com/codahale/metrics/Meter.class
[2022-01-17 03:53:44] [javac-extractor-1164] Writing trap file for: com.codahale.metrics.Gauge 50.0-1425684918000 jar:file:///C:/Users/david/.m2/repository/io/dropwizard/metrics/metrics-core/3.1.1/metrics-core-3.1.1.jar!/com/codahale/metrics/Gauge.class
[2022-01-17 03:53:44] [javac-extractor-1164] Writing trap file for: com.codahale.metrics.Metric 50.0-1425684918000 jar:file:///C:/Users/david/.m2/repository/io/dropwizard/metrics/metrics-core/3.1.1/metrics-core-3.1.1.jar!/com/codahale/metrics/Metric.class
[2022-01-17 03:53:44] [javac-extractor-1164] Writing trap file for: com.datastax.driver.core.Metrics.Errors 50.0-1523972770000 jar:file:///C:/Users/david/.m2/repository/com/datastax/cassandra/cassandra-driver-core/3.5.0/cassandra-driver-core-3.5.0.jar!/com/datastax/driver/core/Metrics$Errors.class
[2022-01-17 03:53:44] [javac-extractor-1164] Writing trap file for: com.codahale.metrics.Timer 50.0-1425684918000 jar:file:///C:/Users/david/.m2/repository/io/dropwizard/metrics/metrics-core/3.1.1/metrics-core-3.1.1.jar!/com/codahale/metrics/Timer.class
[2022-01-17 03:53:44] [javac-extractor-1164] Writing trap file for: com.codahale.metrics.MetricRegistry 50.0-1425684918000 jar:file:///C:/Users/david/.m2/repository/io/dropwizard/metrics/metrics-core/3.1.1/metrics-core-3.1.1.jar!/com/codahale/metrics/MetricRegistry.class
[2022-01-17 03:53:44] [javac-extractor-1164] Writing trap file for: com.datastax.driver.core.MetricsOptions 50.0-1523972770000 jar:file:///C:/Users/david/.m2/repository/com/datastax/cassandra/cassandra-driver-core/3.5.0/cassandra-driver-core-3.5.0.jar!/com/datastax/driver/core/MetricsOptions.class
[2022-01-17 03:53:44] [javac-extractor-1164] Writing trap file for: com.datastax.driver.core.ProtocolOptions 50.0-1523972770000 jar:file:///C:/Users/david/.m2/repository/com/datastax/cassandra/cassandra-driver-core/3.5.0/cassandra-driver-core-3.5.0.jar!/com/datastax/driver/core/ProtocolOptions.class
[2022-01-17 03:53:44] [javac-extractor-1164] Writing trap file for: com.datastax.driver.core.policies.Policies 50.0-1523972770000 jar:file:///C:/Users/david/.m2/repository/com/datastax/cassandra/cassandra-driver-core/3.5.0/cassandra-driver-core-3.5.0.jar!/com/datastax/driver/core/policies/Policies.class
[2022-01-17 03:53:44] [javac-extractor-1164] Writing trap file for: com.datastax.driver.core.Configuration.Builder 50.0-1523972770000 jar:file:///C:/Users/david/.m2/repository/com/datastax/cassandra/cassandra-driver-core/3.5.0/cassandra-driver-core-3.5.0.jar!/com/datastax/driver/core/Configuration$Builder.class
[2022-01-17 03:53:44] [javac-extractor-1164] Writing trap file for: com.datastax.driver.core.Token.Factory 50.0-1523972770000 jar:file:///C:/Users/david/.m2/repository/com/datastax/cassandra/cassandra-driver-core/3.5.0/cassandra-driver-core-3.5.0.jar!/com/datastax/driver/core/Token$Factory.class
[2022-01-17 03:53:44] [javac-extractor-1164] Writing trap file for: com.datastax.driver.core.Token 50.0-1523972770000 jar:file:///C:/Users/david/.m2/repository/com/datastax/cassandra/cassandra-driver-core/3.5.0/cassandra-driver-core-3.5.0.jar!/com/datastax/driver/core/Token.class
[2022-01-17 03:53:44] [javac-extractor-1164] Writing trap file for: com.datastax.driver.core.TokenRange 50.0-1523972770000 jar:file:///C:/Users/david/.m2/repository/com/datastax/cassandra/cassandra-driver-core/3.5.0/cassandra-driver-core-3.5.0.jar!/com/datastax/driver/core/TokenRange.class
[2022-01-17 03:53:44] [javac-extractor-1164] Writing trap file for: com.datastax.driver.core.DataType 50.0-1523972768000 jar:file:///C:/Users/david/.m2/repository/com/datastax/cassandra/cassandra-driver-core/3.5.0/cassandra-driver-core-3.5.0.jar!/com/datastax/driver/core/DataType.class
[2022-01-17 03:53:44] [javac-extractor-1164] Writing trap file for: com.datastax.driver.core.TupleType 50.0-1523972770000 jar:file:///C:/Users/david/.m2/repository/com/datastax/cassandra/cassandra-driver-core/3.5.0/cassandra-driver-core-3.5.0.jar!/com/datastax/driver/core/TupleType.class
[2022-01-17 03:53:44] [javac-extractor-1164] Writing trap file for: java.util.concurrent.locks.ReentrantLock 55.0-1626867188000 jrt:/modules/java.base/java/util/concurrent/locks/ReentrantLock.class
[2022-01-17 03:53:44] [javac-extractor-1164] Writing trap file for: com.datastax.driver.core.Connection.DefaultResponseHandler 50.0-1523972770000 jar:file:///C:/Users/david/.m2/repository/com/datastax/cassandra/cassandra-driver-core/3.5.0/cassandra-driver-core-3.5.0.jar!/com/datastax/driver/core/Connection$DefaultResponseHandler.class
[2022-01-17 03:53:44] [javac-extractor-1164] Writing trap file for: com.datastax.driver.core.Message.Response 50.0-1523972770000 jar:file:///C:/Users/david/.m2/repository/com/datastax/cassandra/cassandra-driver-core/3.5.0/cassandra-driver-core-3.5.0.jar!/com/datastax/driver/core/Message$Response.class
[2022-01-17 03:53:44] [javac-extractor-1164] Writing trap file for: com.datastax.driver.core.Connection 50.0-1523972770000 jar:file:///C:/Users/david/.m2/repository/com/datastax/cassandra/cassandra-driver-core/3.5.0/cassandra-driver-core-3.5.0.jar!/com/datastax/driver/core/Connection.class
[2022-01-17 03:53:44] [javac-extractor-1164] Writing trap file for: com.datastax.driver.core.DefaultResultSetFuture 50.0-1523972770000 jar:file:///C:/Users/david/.m2/repository/com/datastax/cassandra/cassandra-driver-core/3.5.0/cassandra-driver-core-3.5.0.jar!/com/datastax/driver/core/DefaultResultSetFuture.class
[2022-01-17 03:53:44] [javac-extractor-1164] Writing trap file for: com.datastax.driver.core.SchemaElement 50.0-1523972770000 jar:file:///C:/Users/david/.m2/repository/com/datastax/cassandra/cassandra-driver-core/3.5.0/cassandra-driver-core-3.5.0.jar!/com/datastax/driver/core/SchemaElement.class
[2022-01-17 03:53:44] [javac-extractor-1164] Writing trap file for: com.datastax.driver.core.Cluster.HostEvent 50.0-1523972770000 jar:file:///C:/Users/david/.m2/repository/com/datastax/cassandra/cassandra-driver-core/3.5.0/cassandra-driver-core-3.5.0.jar!/com/datastax/driver/core/Cluster$HostEvent.class
[2022-01-17 03:53:44] [javac-extractor-1164] Writing trap file for: com.datastax.driver.core.Cluster.Manager.SchemaRefreshRequest 50.0-1523972770000 jar:file:///C:/Users/david/.m2/repository/com/datastax/cassandra/cassandra-driver-core/3.5.0/cassandra-driver-core-3.5.0.jar!/com/datastax/driver/core/Cluster$Manager$SchemaRefreshRequest.class
[2022-01-17 03:53:44] [javac-extractor-1164] Writing trap file for: com.datastax.driver.core.EventDebouncer 50.0-1523972770000 jar:file:///C:/Users/david/.m2/repository/com/datastax/cassandra/cassandra-driver-core/3.5.0/cassandra-driver-core-3.5.0.jar!/com/datastax/driver/core/EventDebouncer.class
[2022-01-17 03:53:44] [javac-extractor-1164] Writing trap file for: com.datastax.driver.core.Cluster.Manager.NodeRefreshRequest 50.0-1523972770000 jar:file:///C:/Users/david/.m2/repository/com/datastax/cassandra/cassandra-driver-core/3.5.0/cassandra-driver-core-3.5.0.jar!/com/datastax/driver/core/Cluster$Manager$NodeRefreshRequest.class
[2022-01-17 03:53:44] [javac-extractor-1164] Writing trap file for: com.datastax.driver.core.Cluster.Manager.NodeListRefreshRequest 50.0-1523972770000 jar:file:///C:/Users/david/.m2/repository/com/datastax/cassandra/cassandra-driver-core/3.5.0/cassandra-driver-core-3.5.0.jar!/com/datastax/driver/core/Cluster$Manager$NodeListRefreshRequest.class
[2022-01-17 03:53:44] [javac-extractor-1164] Writing trap file for: com.datastax.driver.core.MD5Digest 50.0-1523972770000 jar:file:///C:/Users/david/.m2/repository/com/datastax/cassandra/cassandra-driver-core/3.5.0/cassandra-driver-core-3.5.0.jar!/com/datastax/driver/core/MD5Digest.class
[2022-01-17 03:53:44] [javac-extractor-1164] Writing trap file for: java.util.concurrent.atomic.AtomicReference 55.0-1626867188000 jrt:/modules/java.base/java/util/concurrent/atomic/AtomicReference.class
[2022-01-17 03:53:44] [javac-extractor-1164] Writing trap file for: com.datastax.driver.core.Cluster.ConnectionReaper 50.0-1523972770000 jar:file:///C:/Users/david/.m2/repository/com/datastax/cassandra/cassandra-driver-core/3.5.0/cassandra-driver-core-3.5.0.jar!/com/datastax/driver/core/Cluster$ConnectionReaper.class
[2022-01-17 03:53:44] [javac-extractor-1164] Writing trap file for: java.util.concurrent.ScheduledExecutorService 55.0-1626867188000 jrt:/modules/java.base/java/util/concurrent/ScheduledExecutorService.class
[2022-01-17 03:53:44] [javac-extractor-1164] Writing trap file for: com.google.common.util.concurrent.ListeningExecutorService 50.0-1408988890000 jar:file:///C:/Users/david/.m2/repository/com/google/guava/guava/18.0/guava-18.0.jar!/com/google/common/util/concurrent/ListeningExecutorService.class
[2022-01-17 03:53:44] [javac-extractor-1164] Writing trap file for: com.datastax.driver.core.ConvictionPolicy.Factory 50.0-1523972770000 jar:file:///C:/Users/david/.m2/repository/com/datastax/cassandra/cassandra-driver-core/3.5.0/cassandra-driver-core-3.5.0.jar!/com/datastax/driver/core/ConvictionPolicy$Factory.class
[2022-01-17 03:53:44] [javac-extractor-1164] Writing trap file for: com.datastax.driver.core.ControlConnection 50.0-1523972770000 jar:file:///C:/Users/david/.m2/repository/com/datastax/cassandra/cassandra-driver-core/3.5.0/cassandra-driver-core-3.5.0.jar!/com/datastax/driver/core/ControlConnection.class
[2022-01-17 03:53:44] [javac-extractor-1164] Writing trap file for: com.datastax.driver.core.Connection.Factory 50.0-1523972770000 jar:file:///C:/Users/david/.m2/repository/com/datastax/cassandra/cassandra-driver-core/3.5.0/cassandra-driver-core-3.5.0.jar!/com/datastax/driver/core/Connection$Factory.class
[2022-01-17 03:53:44] [javac-extractor-1164] Writing trap file for: com.datastax.driver.core.SessionManager 50.0-1523972770000 jar:file:///C:/Users/david/.m2/repository/com/datastax/cassandra/cassandra-driver-core/3.5.0/cassandra-driver-core-3.5.0.jar!/com/datastax/driver/core/SessionManager.class
[2022-01-17 03:53:44] [javac-extractor-1164] Writing trap file for: io.netty.util.Timer 50.0-1517852788000 jar:file:///C:/Users/david/.m2/repository/io/netty/netty-common/4.0.56.Final/netty-common-4.0.56.Final.jar!/io/netty/util/Timer.class
[2022-01-17 03:53:44] [javac-extractor-1164] Writing trap file for: io.netty.channel.EventLoopGroup 50.0-1517852964000 jar:file:///C:/Users/david/.m2/repository/io/netty/netty-transport/4.0.56.Final/netty-transport-4.0.56.Final.jar!/io/netty/channel/EventLoopGroup.class
[2022-01-17 03:53:44] [javac-extractor-1164] Writing trap file for: io.netty.channel.socket.SocketChannel 50.0-1517852966000 jar:file:///C:/Users/david/.m2/repository/io/netty/netty-transport/4.0.56.Final/netty-transport-4.0.56.Final.jar!/io/netty/channel/socket/SocketChannel.class
[2022-01-17 03:53:44] [javac-extractor-1164] Writing trap file for: io.netty.bootstrap.Bootstrap 50.0-1517852966000 jar:file:///C:/Users/david/.m2/repository/io/netty/netty-transport/4.0.56.Final/netty-transport-4.0.56.Final.jar!/io/netty/bootstrap/Bootstrap.class
[2022-01-17 03:53:44] [javac-extractor-1164] Writing trap file for: com.datastax.driver.core.ConsistencyLevel 50.0-1523972768000 jar:file:///C:/Users/david/.m2/repository/com/datastax/cassandra/cassandra-driver-core/3.5.0/cassandra-driver-core-3.5.0.jar!/com/datastax/driver/core/ConsistencyLevel.class
[2022-01-17 03:53:44] [javac-extractor-1164] Writing trap file for: com.datastax.driver.core.HostDistance 50.0-1523972770000 jar:file:///C:/Users/david/.m2/repository/com/datastax/cassandra/cassandra-driver-core/3.5.0/cassandra-driver-core-3.5.0.jar!/com/datastax/driver/core/HostDistance.class
[2022-01-17 03:53:44] [javac-extractor-1164] Writing trap file for: io.netty.handler.ssl.SslHandler 50.0-1517853310000 jar:file:///C:/Users/david/.m2/repository/io/netty/netty-handler/4.0.56.Final/netty-handler-4.0.56.Final.jar!/io/netty/handler/ssl/SslHandler.class
[2022-01-17 03:53:44] [javac-extractor-1164] Writing trap file for: com.datastax.driver.core.FrameCompressor 50.0-1523972768000 jar:file:///C:/Users/david/.m2/repository/com/datastax/cassandra/cassandra-driver-core/3.5.0/cassandra-driver-core-3.5.0.jar!/com/datastax/driver/core/FrameCompressor.class
[2022-01-17 03:53:44] [javac-extractor-1164] Writing trap file for: com.datastax.driver.core.Authenticator 50.0-1523972770000 jar:file:///C:/Users/david/.m2/repository/com/datastax/cassandra/cassandra-driver-core/3.5.0/cassandra-driver-core-3.5.0.jar!/com/datastax/driver/core/Authenticator.class
[2022-01-17 03:53:44] [javac-extractor-1164] Writing trap file for: com.datastax.driver.core.exceptions.AuthenticationException 50.0-1523972770000 jar:file:///C:/Users/david/.m2/repository/com/datastax/cassandra/cassandra-driver-core/3.5.0/cassandra-driver-core-3.5.0.jar!/com/datastax/driver/core/exceptions/AuthenticationException.class
[2022-01-17 03:53:44] [javac-extractor-1164] Writing trap file for: com.datastax.driver.core.TypeCodec 50.0-1523972770000 jar:file:///C:/Users/david/.m2/repository/com/datastax/cassandra/cassandra-driver-core/3.5.0/cassandra-driver-core-3.5.0.jar!/com/datastax/driver/core/TypeCodec.class
[2022-01-17 03:53:44] [javac-extractor-1164] Writing trap file for: com.google.common.reflect.TypeToken 50.0-1408988892000 jar:file:///C:/Users/david/.m2/repository/com/google/guava/guava/18.0/guava-18.0.jar!/com/google/common/reflect/TypeToken.class
[2022-01-17 03:53:44] [javac-extractor-1164] Writing trap file for: com.google.common.reflect.TypeCapture 50.0-1408988890000 jar:file:///C:/Users/david/.m2/repository/com/google/guava/guava/18.0/guava-18.0.jar!/com/google/common/reflect/TypeCapture.class
[2022-01-17 03:53:44] [javac-extractor-1164] Writing trap file for: com.datastax.driver.core.exceptions.CodecNotFoundException 50.0-1523972770000 jar:file:///C:/Users/david/.m2/repository/com/datastax/cassandra/cassandra-driver-core/3.5.0/cassandra-driver-core-3.5.0.jar!/com/datastax/driver/core/exceptions/CodecNotFoundException.class
[2022-01-17 03:53:44] [javac-extractor-1164] Writing trap file for: com.datastax.driver.core.policies.SpeculativeExecutionPolicy.SpeculativeExecutionPlan 50.0-1523972770000 jar:file:///C:/Users/david/.m2/repository/com/datastax/cassandra/cassandra-driver-core/3.5.0/cassandra-driver-core-3.5.0.jar!/com/datastax/driver/core/policies/SpeculativeExecutionPolicy$SpeculativeExecutionPlan.class
[2022-01-17 03:53:44] [javac-extractor-1164] Writing trap file for: com.datastax.driver.core.policies.RetryPolicy.RetryDecision 50.0-1523972770000 jar:file:///C:/Users/david/.m2/repository/com/datastax/cassandra/cassandra-driver-core/3.5.0/cassandra-driver-core-3.5.0.jar!/com/datastax/driver/core/policies/RetryPolicy$RetryDecision.class
[2022-01-17 03:53:44] [javac-extractor-1164] Writing trap file for: com.datastax.driver.core.WriteType 50.0-1523972770000 jar:file:///C:/Users/david/.m2/repository/com/datastax/cassandra/cassandra-driver-core/3.5.0/cassandra-driver-core-3.5.0.jar!/com/datastax/driver/core/WriteType.class
[2022-01-17 03:53:44] [javac-extractor-1164] Writing trap file for: com.datastax.driver.core.policies.ReconnectionPolicy.ReconnectionSchedule 50.0-1523972770000 jar:file:///C:/Users/david/.m2/repository/com/datastax/cassandra/cassandra-driver-core/3.5.0/cassandra-driver-core-3.5.0.jar!/com/datastax/driver/core/policies/ReconnectionPolicy$ReconnectionSchedule.class
[2022-01-17 03:53:44] [javac-extractor-1164] Writing trap file for: com.datastax.driver.core.exceptions.DriverInternalError 50.0-1523972768000 jar:file:///C:/Users/david/.m2/repository/com/datastax/cassandra/cassandra-driver-core/3.5.0/cassandra-driver-core-3.5.0.jar!/com/datastax/driver/core/exceptions/DriverInternalError.class
[2022-01-17 03:53:44] [javac-extractor-1164] Writing trap file for: com.datastax.driver.core.VersionNumber 50.0-1523972768000 jar:file:///C:/Users/david/.m2/repository/com/datastax/cassandra/cassandra-driver-core/3.5.0/cassandra-driver-core-3.5.0.jar!/com/datastax/driver/core/VersionNumber.class
[2022-01-17 03:53:44] [javac-extractor-1164] Writing trap file for: com.datastax.driver.core.PreparedId 50.0-1523972770000 jar:file:///C:/Users/david/.m2/repository/com/datastax/cassandra/cassandra-driver-core/3.5.0/cassandra-driver-core-3.5.0.jar!/com/datastax/driver/core/PreparedId.class
[2022-01-17 03:53:44] [javac-extractor-1164] Writing trap file for: com.datastax.driver.core.BoundStatement 50.0-1523972770000 jar:file:///C:/Users/david/.m2/repository/com/datastax/cassandra/cassandra-driver-core/3.5.0/cassandra-driver-core-3.5.0.jar!/com/datastax/driver/core/BoundStatement.class
[2022-01-17 03:53:44] [javac-extractor-1164] Writing trap file for: com.datastax.driver.core.PagingState 50.0-1523972770000 jar:file:///C:/Users/david/.m2/repository/com/datastax/cassandra/cassandra-driver-core/3.5.0/cassandra-driver-core-3.5.0.jar!/com/datastax/driver/core/PagingState.class
[2022-01-17 03:53:44] [javac-extractor-1164] Writing trap file for: com.datastax.driver.core.GettableData 50.0-1523972770000 jar:file:///C:/Users/david/.m2/repository/com/datastax/cassandra/cassandra-driver-core/3.5.0/cassandra-driver-core-3.5.0.jar!/com/datastax/driver/core/GettableData.class
[2022-01-17 03:53:44] [javac-extractor-1164] Writing trap file for: com.datastax.driver.core.QueryTrace 50.0-1523972770000 jar:file:///C:/Users/david/.m2/repository/com/datastax/cassandra/cassandra-driver-core/3.5.0/cassandra-driver-core-3.5.0.jar!/com/datastax/driver/core/QueryTrace.class
[2022-01-17 03:53:44] [javac-extractor-1164] Writing trap file for: com.datastax.driver.core.ColumnDefinitions.Definition 50.0-1523972770000 jar:file:///C:/Users/david/.m2/repository/com/datastax/cassandra/cassandra-driver-core/3.5.0/cassandra-driver-core-3.5.0.jar!/com/datastax/driver/core/ColumnDefinitions$Definition.class
[2022-01-17 03:53:44] [javac-extractor-1164] [WARN] Not rewriting trap file for: javax.annotation.Nullable -1.-1-0 -1.-1-0 null
[2022-01-17 03:53:44] [javac-extractor-1164] Writing trap file for: java.lang.IllegalStateException 55.0-1626867188000 jrt:/modules/java.base/java/lang/IllegalStateException.class
[2022-01-17 03:53:44] [javac-extractor-1164] Writing trap file for: com.datastax.driver.core.AbstractTableMetadata 50.0-1523972770000 jar:file:///C:/Users/david/.m2/repository/com/datastax/cassandra/cassandra-driver-core/3.5.0/cassandra-driver-core-3.5.0.jar!/com/datastax/driver/core/AbstractTableMetadata.class
[2022-01-17 03:53:44] [javac-extractor-1164] Writing trap file for: com.datastax.driver.core.ColumnMetadata.Raw 50.0-1523972770000 jar:file:///C:/Users/david/.m2/repository/com/datastax/cassandra/cassandra-driver-core/3.5.0/cassandra-driver-core-3.5.0.jar!/com/datastax/driver/core/ColumnMetadata$Raw.class
[2022-01-17 03:53:44] [javac-extractor-1164] Writing trap file for: com.datastax.driver.core.UserType.Field 50.0-1523972770000 jar:file:///C:/Users/david/.m2/repository/com/datastax/cassandra/cassandra-driver-core/3.5.0/cassandra-driver-core-3.5.0.jar!/com/datastax/driver/core/UserType$Field.class
[2022-01-17 03:53:44] [javac-extractor-1164] Writing trap file for: com.datastax.driver.core.UDTValue 50.0-1523972770000 jar:file:///C:/Users/david/.m2/repository/com/datastax/cassandra/cassandra-driver-core/3.5.0/cassandra-driver-core-3.5.0.jar!/com/datastax/driver/core/UDTValue.class
[2022-01-17 03:53:44] [javac-extractor-1164] Writing trap file for: com.datastax.driver.core.IndexMetadata 50.0-1523972770000 jar:file:///C:/Users/david/.m2/repository/com/datastax/cassandra/cassandra-driver-core/3.5.0/cassandra-driver-core-3.5.0.jar!/com/datastax/driver/core/IndexMetadata.class
[2022-01-17 03:53:44] [javac-extractor-1164] Writing trap file for: com.datastax.driver.core.ReplicationStrategy 50.0-1523972780000 jar:file:///C:/Users/david/.m2/repository/com/datastax/cassandra/cassandra-driver-core/3.5.0/cassandra-driver-core-3.5.0.jar!/com/datastax/driver/core/ReplicationStrategy.class
[2022-01-17 03:53:44] [javac-extractor-1164] Writing trap file for: java.util.UUID 55.0-1626867188000 jrt:/modules/java.base/java/util/UUID.class
[2022-01-17 03:53:44] [javac-extractor-1164] Writing trap file for: com.datastax.driver.core.ConvictionPolicy 50.0-1523972770000 jar:file:///C:/Users/david/.m2/repository/com/datastax/cassandra/cassandra-driver-core/3.5.0/cassandra-driver-core-3.5.0.jar!/com/datastax/driver/core/ConvictionPolicy.class
[2022-01-17 03:53:44] [javac-extractor-1164] Writing trap file for: com.datastax.driver.core.Host.State 50.0-1523972770000 jar:file:///C:/Users/david/.m2/repository/com/datastax/cassandra/cassandra-driver-core/3.5.0/cassandra-driver-core-3.5.0.jar!/com/datastax/driver/core/Host$State.class
[2022-01-17 03:53:44] [javac-extractor-1164] Writing trap file for: com.codahale.metrics.Metered 50.0-1425684918000 jar:file:///C:/Users/david/.m2/repository/io/dropwizard/metrics/metrics-core/3.1.1/metrics-core-3.1.1.jar!/com/codahale/metrics/Metered.class
[2022-01-17 03:53:44] [javac-extractor-1164] Writing trap file for: com.codahale.metrics.Clock 50.0-1425684918000 jar:file:///C:/Users/david/.m2/repository/io/dropwizard/metrics/metrics-core/3.1.1/metrics-core-3.1.1.jar!/com/codahale/metrics/Clock.class
[2022-01-17 03:53:44] [javac-extractor-1164] Writing trap file for: com.codahale.metrics.Counter 50.0-1425684918000 jar:file:///C:/Users/david/.m2/repository/io/dropwizard/metrics/metrics-core/3.1.1/metrics-core-3.1.1.jar!/com/codahale/metrics/Counter.class
[2022-01-17 03:53:44] [javac-extractor-1164] Writing trap file for: com.codahale.metrics.Sampling 50.0-1425684918000 jar:file:///C:/Users/david/.m2/repository/io/dropwizard/metrics/metrics-core/3.1.1/metrics-core-3.1.1.jar!/com/codahale/metrics/Sampling.class
[2022-01-17 03:53:44] [javac-extractor-1164] Writing trap file for: com.codahale.metrics.Snapshot 50.0-1425684918000 jar:file:///C:/Users/david/.m2/repository/io/dropwizard/metrics/metrics-core/3.1.1/metrics-core-3.1.1.jar!/com/codahale/metrics/Snapshot.class
[2022-01-17 03:53:44] [javac-extractor-1164] Writing trap file for: com.codahale.metrics.Timer.Context 50.0-1425684918000 jar:file:///C:/Users/david/.m2/repository/io/dropwizard/metrics/metrics-core/3.1.1/metrics-core-3.1.1.jar!/com/codahale/metrics/Timer$Context.class
[2022-01-17 03:53:44] [javac-extractor-1164] Writing trap file for: com.codahale.metrics.Reservoir 50.0-1425684918000 jar:file:///C:/Users/david/.m2/repository/io/dropwizard/metrics/metrics-core/3.1.1/metrics-core-3.1.1.jar!/com/codahale/metrics/Reservoir.class
[2022-01-17 03:53:44] [javac-extractor-1164] Writing trap file for: com.codahale.metrics.MetricSet 50.0-1425684918000 jar:file:///C:/Users/david/.m2/repository/io/dropwizard/metrics/metrics-core/3.1.1/metrics-core-3.1.1.jar!/com/codahale/metrics/MetricSet.class
[2022-01-17 03:53:44] [javac-extractor-1164] Writing trap file for: com.codahale.metrics.MetricFilter 50.0-1425684918000 jar:file:///C:/Users/david/.m2/repository/io/dropwizard/metrics/metrics-core/3.1.1/metrics-core-3.1.1.jar!/com/codahale/metrics/MetricFilter.class
[2022-01-17 03:53:44] [javac-extractor-1164] Writing trap file for: com.codahale.metrics.Histogram 50.0-1425684918000 jar:file:///C:/Users/david/.m2/repository/io/dropwizard/metrics/metrics-core/3.1.1/metrics-core-3.1.1.jar!/com/codahale/metrics/Histogram.class
[2022-01-17 03:53:44] [javac-extractor-1164] Writing trap file for: com.codahale.metrics.MetricRegistryListener 50.0-1425684918000 jar:file:///C:/Users/david/.m2/repository/io/dropwizard/metrics/metrics-core/3.1.1/metrics-core-3.1.1.jar!/com/codahale/metrics/MetricRegistryListener.class
[2022-01-17 03:53:44] [javac-extractor-1164] Writing trap file for: com.datastax.driver.core.policies.Policies.Builder 50.0-1523972770000 jar:file:///C:/Users/david/.m2/repository/com/datastax/cassandra/cassandra-driver-core/3.5.0/cassandra-driver-core-3.5.0.jar!/com/datastax/driver/core/policies/Policies$Builder.class
[2022-01-17 03:53:44] [javac-extractor-1164] Writing trap file for: com.datastax.driver.core.DataType.Name 50.0-1523972768000 jar:file:///C:/Users/david/.m2/repository/com/datastax/cassandra/cassandra-driver-core/3.5.0/cassandra-driver-core-3.5.0.jar!/com/datastax/driver/core/DataType$Name.class
[2022-01-17 03:53:44] [javac-extractor-1164] Writing trap file for: com.datastax.driver.core.DataType.CustomType 50.0-1523972768000 jar:file:///C:/Users/david/.m2/repository/com/datastax/cassandra/cassandra-driver-core/3.5.0/cassandra-driver-core-3.5.0.jar!/com/datastax/driver/core/DataType$CustomType.class
[2022-01-17 03:53:44] [javac-extractor-1164] Writing trap file for: com.datastax.driver.core.DataType.CollectionType 50.0-1523972768000 jar:file:///C:/Users/david/.m2/repository/com/datastax/cassandra/cassandra-driver-core/3.5.0/cassandra-driver-core-3.5.0.jar!/com/datastax/driver/core/DataType$CollectionType.class
[2022-01-17 03:53:44] [javac-extractor-1164] Writing trap file for: io.netty.buffer.ByteBuf 50.0-1517852832000 jar:file:///C:/Users/david/.m2/repository/io/netty/netty-buffer/4.0.56.Final/netty-buffer-4.0.56.Final.jar!/io/netty/buffer/ByteBuf.class
[2022-01-17 03:53:44] [javac-extractor-1164] Writing trap file for: com.datastax.driver.core.TupleValue 50.0-1523972770000 jar:file:///C:/Users/david/.m2/repository/com/datastax/cassandra/cassandra-driver-core/3.5.0/cassandra-driver-core-3.5.0.jar!/com/datastax/driver/core/TupleValue.class
[2022-01-17 03:53:44] [javac-extractor-1164] Writing trap file for: java.util.concurrent.locks.Lock 55.0-1626867188000 jrt:/modules/java.base/java/util/concurrent/locks/Lock.class
[2022-01-17 03:53:44] [javac-extractor-1164] Writing trap file for: com.datastax.driver.core.Message 50.0-1523972770000 jar:file:///C:/Users/david/.m2/repository/com/datastax/cassandra/cassandra-driver-core/3.5.0/cassandra-driver-core-3.5.0.jar!/com/datastax/driver/core/Message.class
[2022-01-17 03:53:44] [javac-extractor-1164] Writing trap file for: com.datastax.driver.core.Message.Response.Type 50.0-1523972770000 jar:file:///C:/Users/david/.m2/repository/com/datastax/cassandra/cassandra-driver-core/3.5.0/cassandra-driver-core-3.5.0.jar!/com/datastax/driver/core/Message$Response$Type.class
[2022-01-17 03:53:44] [javac-extractor-1164] Writing trap file for: com.datastax.driver.core.Connection.Owner 50.0-1523972770000 jar:file:///C:/Users/david/.m2/repository/com/datastax/cassandra/cassandra-driver-core/3.5.0/cassandra-driver-core-3.5.0.jar!/com/datastax/driver/core/Connection$Owner.class
[2022-01-17 03:53:44] [javac-extractor-1164] Writing trap file for: com.datastax.driver.core.Connection.ResponseCallback 50.0-1523972770000 jar:file:///C:/Users/david/.m2/repository/com/datastax/cassandra/cassandra-driver-core/3.5.0/cassandra-driver-core-3.5.0.jar!/com/datastax/driver/core/Connection$ResponseCallback.class
[2022-01-17 03:53:44] [javac-extractor-1164] Writing trap file for: com.datastax.driver.core.Connection.ResponseHandler 50.0-1523972770000 jar:file:///C:/Users/david/.m2/repository/com/datastax/cassandra/cassandra-driver-core/3.5.0/cassandra-driver-core-3.5.0.jar!/com/datastax/driver/core/Connection$ResponseHandler.class
[2022-01-17 03:53:44] [javac-extractor-1164] Writing trap file for: com.datastax.driver.core.exceptions.ConnectionException 50.0-1523972770000 jar:file:///C:/Users/david/.m2/repository/com/datastax/cassandra/cassandra-driver-core/3.5.0/cassandra-driver-core-3.5.0.jar!/com/datastax/driver/core/exceptions/ConnectionException.class
[2022-01-17 03:53:44] [javac-extractor-1164] Writing trap file for: com.datastax.driver.core.exceptions.BusyConnectionException 50.0-1523972770000 jar:file:///C:/Users/david/.m2/repository/com/datastax/cassandra/cassandra-driver-core/3.5.0/cassandra-driver-core-3.5.0.jar!/com/datastax/driver/core/exceptions/BusyConnectionException.class
[2022-01-17 03:53:44] [javac-extractor-1164] Writing trap file for: com.datastax.driver.core.Message.Request 50.0-1523972770000 jar:file:///C:/Users/david/.m2/repository/com/datastax/cassandra/cassandra-driver-core/3.5.0/cassandra-driver-core-3.5.0.jar!/com/datastax/driver/core/Message$Request.class
[2022-01-17 03:53:44] [javac-extractor-1164] Writing trap file for: com.datastax.driver.core.Connection.Future 50.0-1523972770000 jar:file:///C:/Users/david/.m2/repository/com/datastax/cassandra/cassandra-driver-core/3.5.0/cassandra-driver-core-3.5.0.jar!/com/datastax/driver/core/Connection$Future.class
[2022-01-17 03:53:44] [javac-extractor-1164] Writing trap file for: java.util.concurrent.atomic.AtomicInteger 55.0-1626867188000 jrt:/modules/java.base/java/util/concurrent/atomic/AtomicInteger.class
[2022-01-17 03:53:44] [javac-extractor-1164] Writing trap file for: com.datastax.driver.core.Connection.Dispatcher 50.0-1523972770000 jar:file:///C:/Users/david/.m2/repository/com/datastax/cassandra/cassandra-driver-core/3.5.0/cassandra-driver-core-3.5.0.jar!/com/datastax/driver/core/Connection$Dispatcher.class
[2022-01-17 03:53:44] [javac-extractor-1164] Writing trap file for: io.netty.channel.Channel 50.0-1517852964000 jar:file:///C:/Users/david/.m2/repository/io/netty/netty-transport/4.0.56.Final/netty-transport-4.0.56.Final.jar!/io/netty/channel/Channel.class
[2022-01-17 03:53:44] [javac-extractor-1164] Writing trap file for: com.datastax.driver.core.Connection.State 50.0-1523972770000 jar:file:///C:/Users/david/.m2/repository/com/datastax/cassandra/cassandra-driver-core/3.5.0/cassandra-driver-core-3.5.0.jar!/com/datastax/driver/core/Connection$State.class
[2022-01-17 03:53:44] [javac-extractor-1164] Writing trap file for: com.datastax.driver.core.RequestHandler.Callback 50.0-1523972770000 jar:file:///C:/Users/david/.m2/repository/com/datastax/cassandra/cassandra-driver-core/3.5.0/cassandra-driver-core-3.5.0.jar!/com/datastax/driver/core/RequestHandler$Callback.class
[2022-01-17 03:53:44] [javac-extractor-1164] Writing trap file for: com.datastax.driver.core.RequestHandler 50.0-1523972770000 jar:file:///C:/Users/david/.m2/repository/com/datastax/cassandra/cassandra-driver-core/3.5.0/cassandra-driver-core-3.5.0.jar!/com/datastax/driver/core/RequestHandler.class
[2022-01-17 03:53:44] [javac-extractor-1164] Writing trap file for: com.datastax.driver.core.EventDebouncer.DeliveryCallback 50.0-1523972770000 jar:file:///C:/Users/david/.m2/repository/com/datastax/cassandra/cassandra-driver-core/3.5.0/cassandra-driver-core-3.5.0.jar!/com/datastax/driver/core/EventDebouncer$DeliveryCallback.class
[2022-01-17 03:53:44] [javac-extractor-1164] Writing trap file for: java.util.concurrent.ScheduledFuture 55.0-1626867188000 jrt:/modules/java.base/java/util/concurrent/ScheduledFuture.class
[2022-01-17 03:53:44] [javac-extractor-1164] Writing trap file for: java.util.concurrent.Delayed 55.0-1626867188000 jrt:/modules/java.base/java/util/concurrent/Delayed.class
[2022-01-17 03:53:44] [javac-extractor-1164] Writing trap file for: com.datastax.driver.core.exceptions.UnsupportedProtocolVersionException 50.0-1523972770000 jar:file:///C:/Users/david/.m2/repository/com/datastax/cassandra/cassandra-driver-core/3.5.0/cassandra-driver-core-3.5.0.jar!/com/datastax/driver/core/exceptions/UnsupportedProtocolVersionException.class
[2022-01-17 03:53:45] [javac-extractor-1164] Writing trap file for: com.datastax.driver.core.ClusterNameMismatchException 50.0-1523972770000 jar:file:///C:/Users/david/.m2/repository/com/datastax/cassandra/cassandra-driver-core/3.5.0/cassandra-driver-core-3.5.0.jar!/com/datastax/driver/core/ClusterNameMismatchException.class
[2022-01-17 03:53:45] [javac-extractor-1164] Writing trap file for: com.datastax.driver.core.HostConnectionPool 50.0-1523972770000 jar:file:///C:/Users/david/.m2/repository/com/datastax/cassandra/cassandra-driver-core/3.5.0/cassandra-driver-core-3.5.0.jar!/com/datastax/driver/core/HostConnectionPool.class
[2022-01-17 03:53:45] [javac-extractor-1164] Writing trap file for: com.datastax.driver.core.AbstractSession 50.0-1523972770000 jar:file:///C:/Users/david/.m2/repository/com/datastax/cassandra/cassandra-driver-core/3.5.0/cassandra-driver-core-3.5.0.jar!/com/datastax/driver/core/AbstractSession.class
[2022-01-17 03:53:45] [javac-extractor-1164] Writing trap file for: com.datastax.driver.core.HostConnectionPool.PoolState 50.0-1523972770000 jar:file:///C:/Users/david/.m2/repository/com/datastax/cassandra/cassandra-driver-core/3.5.0/cassandra-driver-core-3.5.0.jar!/com/datastax/driver/core/HostConnectionPool$PoolState.class
[2022-01-17 03:53:45] [javac-extractor-1164] Writing trap file for: io.netty.util.Timeout 50.0-1517852788000 jar:file:///C:/Users/david/.m2/repository/io/netty/netty-common/4.0.56.Final/netty-common-4.0.56.Final.jar!/io/netty/util/Timeout.class
[2022-01-17 03:53:45] [javac-extractor-1164] Writing trap file for: io.netty.util.TimerTask 50.0-1517852788000 jar:file:///C:/Users/david/.m2/repository/io/netty/netty-common/4.0.56.Final/netty-common-4.0.56.Final.jar!/io/netty/util/TimerTask.class
[2022-01-17 03:53:45] [javac-extractor-1164] Writing trap file for: io.netty.util.concurrent.EventExecutorGroup 50.0-1517852788000 jar:file:///C:/Users/david/.m2/repository/io/netty/netty-common/4.0.56.Final/netty-common-4.0.56.Final.jar!/io/netty/util/concurrent/EventExecutorGroup.class
[2022-01-17 03:53:45] [javac-extractor-1164] Writing trap file for: io.netty.channel.ChannelPromise 50.0-1517852964000 jar:file:///C:/Users/david/.m2/repository/io/netty/netty-transport/4.0.56.Final/netty-transport-4.0.56.Final.jar!/io/netty/channel/ChannelPromise.class
[2022-01-17 03:53:45] [javac-extractor-1164] Writing trap file for: io.netty.channel.ChannelFuture 50.0-1517852964000 jar:file:///C:/Users/david/.m2/repository/io/netty/netty-transport/4.0.56.Final/netty-transport-4.0.56.Final.jar!/io/netty/channel/ChannelFuture.class
[2022-01-17 03:53:45] [javac-extractor-1164] Writing trap file for: io.netty.channel.EventLoop 50.0-1517852964000 jar:file:///C:/Users/david/.m2/repository/io/netty/netty-transport/4.0.56.Final/netty-transport-4.0.56.Final.jar!/io/netty/channel/EventLoop.class
[2022-01-17 03:53:45] [javac-extractor-1164] Writing trap file for: io.netty.channel.socket.DuplexChannel 50.0-1517852966000 jar:file:///C:/Users/david/.m2/repository/io/netty/netty-transport/4.0.56.Final/netty-transport-4.0.56.Final.jar!/io/netty/channel/socket/DuplexChannel.class
[2022-01-17 03:53:45] [javac-extractor-1164] Writing trap file for: io.netty.channel.socket.SocketChannelConfig 50.0-1517852966000 jar:file:///C:/Users/david/.m2/repository/io/netty/netty-transport/4.0.56.Final/netty-transport-4.0.56.Final.jar!/io/netty/channel/socket/SocketChannelConfig.class
[2022-01-17 03:53:45] [javac-extractor-1164] Writing trap file for: io.netty.channel.socket.ServerSocketChannel 50.0-1517852966000 jar:file:///C:/Users/david/.m2/repository/io/netty/netty-transport/4.0.56.Final/netty-transport-4.0.56.Final.jar!/io/netty/channel/socket/ServerSocketChannel.class
[2022-01-17 03:53:45] [javac-extractor-1164] Writing trap file for: io.netty.bootstrap.AbstractBootstrap 50.0-1517852966000 jar:file:///C:/Users/david/.m2/repository/io/netty/netty-transport/4.0.56.Final/netty-transport-4.0.56.Final.jar!/io/netty/bootstrap/AbstractBootstrap.class
[2022-01-17 03:53:45] [javac-extractor-1164] Writing trap file for: io.netty.channel.ChannelOption 50.0-1517852964000 jar:file:///C:/Users/david/.m2/repository/io/netty/netty-transport/4.0.56.Final/netty-transport-4.0.56.Final.jar!/io/netty/channel/ChannelOption.class
[2022-01-17 03:53:45] [javac-extractor-1164] Writing trap file for: io.netty.util.UniqueName 50.0-1517852788000 jar:file:///C:/Users/david/.m2/repository/io/netty/netty-common/4.0.56.Final/netty-common-4.0.56.Final.jar!/io/netty/util/UniqueName.class
[2022-01-17 03:53:45] [javac-extractor-1164] Writing trap file for: io.netty.util.internal.logging.InternalLogger 50.0-1517852788000 jar:file:///C:/Users/david/.m2/repository/io/netty/netty-common/4.0.56.Final/netty-common-4.0.56.Final.jar!/io/netty/util/internal/logging/InternalLogger.class
[2022-01-17 03:53:45] [javac-extractor-1164] Writing trap file for: io.netty.util.AttributeKey 50.0-1517852788000 jar:file:///C:/Users/david/.m2/repository/io/netty/netty-common/4.0.56.Final/netty-common-4.0.56.Final.jar!/io/netty/util/AttributeKey.class
[2022-01-17 03:53:45] [javac-extractor-1164] Writing trap file for: io.netty.channel.ChannelHandler 50.0-1517852964000 jar:file:///C:/Users/david/.m2/repository/io/netty/netty-transport/4.0.56.Final/netty-transport-4.0.56.Final.jar!/io/netty/channel/ChannelHandler.class
[2022-01-17 03:53:45] [javac-extractor-1164] Writing trap file for: io.netty.bootstrap.ChannelFactory 50.0-1517852966000 jar:file:///C:/Users/david/.m2/repository/io/netty/netty-transport/4.0.56.Final/netty-transport-4.0.56.Final.jar!/io/netty/bootstrap/ChannelFactory.class
[2022-01-17 03:53:45] [javac-extractor-1164] Writing trap file for: io.netty.handler.codec.ByteToMessageDecoder 50.0-1517853078000 jar:file:///C:/Users/david/.m2/repository/io/netty/netty-codec/4.0.56.Final/netty-codec-4.0.56.Final.jar!/io/netty/handler/codec/ByteToMessageDecoder.class
[2022-01-17 03:53:45] [javac-extractor-1164] Writing trap file for: io.netty.channel.ChannelOutboundHandler 50.0-1517852964000 jar:file:///C:/Users/david/.m2/repository/io/netty/netty-transport/4.0.56.Final/netty-transport-4.0.56.Final.jar!/io/netty/channel/ChannelOutboundHandler.class
[2022-01-17 03:53:45] [javac-extractor-1164] Writing trap file for: io.netty.channel.ChannelHandlerContext 50.0-1517852964000 jar:file:///C:/Users/david/.m2/repository/io/netty/netty-transport/4.0.56.Final/netty-transport-4.0.56.Final.jar!/io/netty/channel/ChannelHandlerContext.class
[2022-01-17 03:53:45] [javac-extractor-1164] Writing trap file for: io.netty.util.concurrent.Promise 50.0-1517852788000 jar:file:///C:/Users/david/.m2/repository/io/netty/netty-common/4.0.56.Final/netty-common-4.0.56.Final.jar!/io/netty/util/concurrent/Promise.class
[2022-01-17 03:53:45] [javac-extractor-1164] Writing trap file for: io.netty.util.concurrent.Future 50.0-1517852788000 jar:file:///C:/Users/david/.m2/repository/io/netty/netty-common/4.0.56.Final/netty-common-4.0.56.Final.jar!/io/netty/util/concurrent/Future.class
[2022-01-17 03:53:45] [javac-extractor-1164] Writing trap file for: javax.net.ssl.SSLException 55.0-1626867188000 jrt:/modules/java.base/javax/net/ssl/SSLException.class
[2022-01-17 03:53:45] [javac-extractor-1164] Writing trap file for: javax.net.ssl.SSLEngine 55.0-1626867188000 jrt:/modules/java.base/javax/net/ssl/SSLEngine.class
[2022-01-17 03:53:45] [javac-extractor-1164] Writing trap file for: com.datastax.driver.core.Frame 50.0-1523972768000 jar:file:///C:/Users/david/.m2/repository/com/datastax/cassandra/cassandra-driver-core/3.5.0/cassandra-driver-core-3.5.0.jar!/com/datastax/driver/core/Frame.class
[2022-01-17 03:53:45] [javac-extractor-1164] Writing trap file for: com.datastax.driver.core.exceptions.InvalidTypeException 50.0-1523972770000 jar:file:///C:/Users/david/.m2/repository/com/datastax/cassandra/cassandra-driver-core/3.5.0/cassandra-driver-core-3.5.0.jar!/com/datastax/driver/core/exceptions/InvalidTypeException.class
[2022-01-17 03:53:45] [javac-extractor-1164] Writing trap file for: com.datastax.driver.core.Duration 50.0-1523972770000 jar:file:///C:/Users/david/.m2/repository/com/datastax/cassandra/cassandra-driver-core/3.5.0/cassandra-driver-core-3.5.0.jar!/com/datastax/driver/core/Duration.class
[2022-01-17 03:53:45] [javac-extractor-1164] Writing trap file for: com.datastax.driver.core.TypeCodec.PrimitiveLongCodec 50.0-1523972770000 jar:file:///C:/Users/david/.m2/repository/com/datastax/cassandra/cassandra-driver-core/3.5.0/cassandra-driver-core-3.5.0.jar!/com/datastax/driver/core/TypeCodec$PrimitiveLongCodec.class
[2022-01-17 03:53:45] [javac-extractor-1164] Writing trap file for: com.datastax.driver.core.LocalDate 50.0-1523972770000 jar:file:///C:/Users/david/.m2/repository/com/datastax/cassandra/cassandra-driver-core/3.5.0/cassandra-driver-core-3.5.0.jar!/com/datastax/driver/core/LocalDate.class
[2022-01-17 03:53:45] [javac-extractor-1164] Writing trap file for: com.datastax.driver.core.TypeCodec.PrimitiveDoubleCodec 50.0-1523972770000 jar:file:///C:/Users/david/.m2/repository/com/datastax/cassandra/cassandra-driver-core/3.5.0/cassandra-driver-core-3.5.0.jar!/com/datastax/driver/core/TypeCodec$PrimitiveDoubleCodec.class
[2022-01-17 03:53:45] [javac-extractor-1164] Writing trap file for: com.datastax.driver.core.TypeCodec.PrimitiveFloatCodec 50.0-1523972770000 jar:file:///C:/Users/david/.m2/repository/com/datastax/cassandra/cassandra-driver-core/3.5.0/cassandra-driver-core-3.5.0.jar!/com/datastax/driver/core/TypeCodec$PrimitiveFloatCodec.class
[2022-01-17 03:53:45] [javac-extractor-1164] Writing trap file for: com.datastax.driver.core.TypeCodec.PrimitiveIntCodec 50.0-1523972770000 jar:file:///C:/Users/david/.m2/repository/com/datastax/cassandra/cassandra-driver-core/3.5.0/cassandra-driver-core-3.5.0.jar!/com/datastax/driver/core/TypeCodec$PrimitiveIntCodec.class
[2022-01-17 03:53:45] [javac-extractor-1164] Writing trap file for: com.datastax.driver.core.TypeCodec.PrimitiveShortCodec 50.0-1523972770000 jar:file:///C:/Users/david/.m2/repository/com/datastax/cassandra/cassandra-driver-core/3.5.0/cassandra-driver-core-3.5.0.jar!/com/datastax/driver/core/TypeCodec$PrimitiveShortCodec.class
[2022-01-17 03:53:45] [javac-extractor-1164] Writing trap file for: com.datastax.driver.core.TypeCodec.PrimitiveByteCodec 50.0-1523972770000 jar:file:///C:/Users/david/.m2/repository/com/datastax/cassandra/cassandra-driver-core/3.5.0/cassandra-driver-core-3.5.0.jar!/com/datastax/driver/core/TypeCodec$PrimitiveByteCodec.class
[2022-01-17 03:53:45] [javac-extractor-1164] Writing trap file for: com.datastax.driver.core.TypeCodec.PrimitiveBooleanCodec 50.0-1523972770000 jar:file:///C:/Users/david/.m2/repository/com/datastax/cassandra/cassandra-driver-core/3.5.0/cassandra-driver-core-3.5.0.jar!/com/datastax/driver/core/TypeCodec$PrimitiveBooleanCodec.class
[2022-01-17 03:53:45] [javac-extractor-1164] Writing trap file for: com.google.common.reflect.Invokable 50.0-1408988892000 jar:file:///C:/Users/david/.m2/repository/com/google/guava/guava/18.0/guava-18.0.jar!/com/google/common/reflect/Invokable.class
[2022-01-17 03:53:45] [javac-extractor-1164] Writing trap file for: com.google.common.reflect.Element 50.0-1408988892000 jar:file:///C:/Users/david/.m2/repository/com/google/guava/guava/18.0/guava-18.0.jar!/com/google/common/reflect/Element.class
[2022-01-17 03:53:45] [javac-extractor-1164] Writing trap file for: com.google.common.reflect.TypeToken.TypeSet 50.0-1408988892000 jar:file:///C:/Users/david/.m2/repository/com/google/guava/guava/18.0/guava-18.0.jar!/com/google/common/reflect/TypeToken$TypeSet.class
[2022-01-17 03:53:45] [javac-extractor-1164] Writing trap file for: com.google.common.collect.ForwardingSet 50.0-1408988892000 jar:file:///C:/Users/david/.m2/repository/com/google/guava/guava/18.0/guava-18.0.jar!/com/google/common/collect/ForwardingSet.class
[2022-01-17 03:53:45] [javac-extractor-1164] Writing trap file for: com.google.common.collect.ForwardingCollection 50.0-1408988890000 jar:file:///C:/Users/david/.m2/repository/com/google/guava/guava/18.0/guava-18.0.jar!/com/google/common/collect/ForwardingCollection.class
[2022-01-17 03:53:45] [javac-extractor-1164] Writing trap file for: com.google.common.collect.ForwardingObject 50.0-1408988890000 jar:file:///C:/Users/david/.m2/repository/com/google/guava/guava/18.0/guava-18.0.jar!/com/google/common/collect/ForwardingObject.class
[2022-01-17 03:53:45] [javac-extractor-1164] Writing trap file for: com.google.common.reflect.TypeParameter 50.0-1408988890000 jar:file:///C:/Users/david/.m2/repository/com/google/guava/guava/18.0/guava-18.0.jar!/com/google/common/reflect/TypeParameter.class
[2022-01-17 03:53:45] [javac-extractor-1164] Writing trap file for: com.datastax.driver.core.policies.RetryPolicy.RetryDecision.Type 50.0-1523972770000 jar:file:///C:/Users/david/.m2/repository/com/datastax/cassandra/cassandra-driver-core/3.5.0/cassandra-driver-core-3.5.0.jar!/com/datastax/driver/core/policies/RetryPolicy$RetryDecision$Type.class
[2022-01-17 03:53:45] [javac-extractor-1164] Writing trap file for: com.datastax.driver.core.PreparedId.PreparedMetadata 50.0-1523972770000 jar:file:///C:/Users/david/.m2/repository/com/datastax/cassandra/cassandra-driver-core/3.5.0/cassandra-driver-core-3.5.0.jar!/com/datastax/driver/core/PreparedId$PreparedMetadata.class
[2022-01-17 03:53:45] [javac-extractor-1164] Writing trap file for: com.datastax.driver.core.SettableData 50.0-1523972770000 jar:file:///C:/Users/david/.m2/repository/com/datastax/cassandra/cassandra-driver-core/3.5.0/cassandra-driver-core-3.5.0.jar!/com/datastax/driver/core/SettableData.class
[2022-01-17 03:53:45] [javac-extractor-1164] Writing trap file for: com.datastax.driver.core.SettableByIndexData 50.0-1523972770000 jar:file:///C:/Users/david/.m2/repository/com/datastax/cassandra/cassandra-driver-core/3.5.0/cassandra-driver-core-3.5.0.jar!/com/datastax/driver/core/SettableByIndexData.class
[2022-01-17 03:53:45] [javac-extractor-1164] Writing trap file for: com.datastax.driver.core.SettableByNameData 50.0-1523972770000 jar:file:///C:/Users/david/.m2/repository/com/datastax/cassandra/cassandra-driver-core/3.5.0/cassandra-driver-core-3.5.0.jar!/com/datastax/driver/core/SettableByNameData.class
[2022-01-17 03:53:45] [javac-extractor-1164] Writing trap file for: com.datastax.driver.core.BoundStatement.DataWrapper 50.0-1523972770000 jar:file:///C:/Users/david/.m2/repository/com/datastax/cassandra/cassandra-driver-core/3.5.0/cassandra-driver-core-3.5.0.jar!/com/datastax/driver/core/BoundStatement$DataWrapper.class
[2022-01-17 03:53:45] [javac-extractor-1164] Writing trap file for: com.datastax.driver.core.GettableByIndexData 50.0-1523972770000 jar:file:///C:/Users/david/.m2/repository/com/datastax/cassandra/cassandra-driver-core/3.5.0/cassandra-driver-core-3.5.0.jar!/com/datastax/driver/core/GettableByIndexData.class
[2022-01-17 03:53:45] [javac-extractor-1164] Writing trap file for: com.datastax.driver.core.GettableByNameData 50.0-1523972770000 jar:file:///C:/Users/david/.m2/repository/com/datastax/cassandra/cassandra-driver-core/3.5.0/cassandra-driver-core-3.5.0.jar!/com/datastax/driver/core/GettableByNameData.class
[2022-01-17 03:53:45] [javac-extractor-1164] Writing trap file for: com.datastax.driver.core.QueryTrace.Event 50.0-1523972770000 jar:file:///C:/Users/david/.m2/repository/com/datastax/cassandra/cassandra-driver-core/3.5.0/cassandra-driver-core-3.5.0.jar!/com/datastax/driver/core/QueryTrace$Event.class
[2022-01-17 03:53:45] [javac-extractor-1164] Writing trap file for: com.datastax.driver.core.ColumnMetadata 50.0-1523972770000 jar:file:///C:/Users/david/.m2/repository/com/datastax/cassandra/cassandra-driver-core/3.5.0/cassandra-driver-core-3.5.0.jar!/com/datastax/driver/core/ColumnMetadata.class
[2022-01-17 03:53:45] [javac-extractor-1164] Writing trap file for: com.datastax.driver.core.TableOptionsMetadata 50.0-1523972770000 jar:file:///C:/Users/david/.m2/repository/com/datastax/cassandra/cassandra-driver-core/3.5.0/cassandra-driver-core-3.5.0.jar!/com/datastax/driver/core/TableOptionsMetadata.class
[2022-01-17 03:53:45] [javac-extractor-1164] Writing trap file for: com.datastax.driver.core.ClusteringOrder 50.0-1523972770000 jar:file:///C:/Users/david/.m2/repository/com/datastax/cassandra/cassandra-driver-core/3.5.0/cassandra-driver-core-3.5.0.jar!/com/datastax/driver/core/ClusteringOrder.class
[2022-01-17 03:53:45] [javac-extractor-1164] Writing trap file for: com.datastax.driver.core.ColumnMetadata.Raw.Kind 50.0-1523972770000 jar:file:///C:/Users/david/.m2/repository/com/datastax/cassandra/cassandra-driver-core/3.5.0/cassandra-driver-core-3.5.0.jar!/com/datastax/driver/core/ColumnMetadata$Raw$Kind.class
[2022-01-17 03:53:45] [javac-extractor-1164] Writing trap file for: com.datastax.driver.core.AbstractData 50.0-1523972770000 jar:file:///C:/Users/david/.m2/repository/com/datastax/cassandra/cassandra-driver-core/3.5.0/cassandra-driver-core-3.5.0.jar!/com/datastax/driver/core/AbstractData.class
[2022-01-17 03:53:45] [javac-extractor-1164] Writing trap file for: com.datastax.driver.core.AbstractGettableData 50.0-1523972770000 jar:file:///C:/Users/david/.m2/repository/com/datastax/cassandra/cassandra-driver-core/3.5.0/cassandra-driver-core-3.5.0.jar!/com/datastax/driver/core/AbstractGettableData.class
[2022-01-17 03:53:45] [javac-extractor-1164] Writing trap file for: com.datastax.driver.core.IndexMetadata.Kind 50.0-1523972770000 jar:file:///C:/Users/david/.m2/repository/com/datastax/cassandra/cassandra-driver-core/3.5.0/cassandra-driver-core-3.5.0.jar!/com/datastax/driver/core/IndexMetadata$Kind.class
[2022-01-17 03:53:45] [javac-extractor-1164] Writing trap file for: com.codahale.metrics.Counting 50.0-1425684918000 jar:file:///C:/Users/david/.m2/repository/io/dropwizard/metrics/metrics-core/3.1.1/metrics-core-3.1.1.jar!/com/codahale/metrics/Counting.class
[2022-01-17 03:53:45] [javac-extractor-1164] Writing trap file for: java.util.EventListener 55.0-1626867188000 jrt:/modules/java.base/java/util/EventListener.class
[2022-01-17 03:53:45] [javac-extractor-1164] Writing trap file for: io.netty.util.ReferenceCounted 50.0-1517852788000 jar:file:///C:/Users/david/.m2/repository/io/netty/netty-common/4.0.56.Final/netty-common-4.0.56.Final.jar!/io/netty/util/ReferenceCounted.class
[2022-01-17 03:53:45] [javac-extractor-1164] Writing trap file for: io.netty.buffer.ByteBufProcessor 50.0-1517852832000 jar:file:///C:/Users/david/.m2/repository/io/netty/netty-buffer/4.0.56.Final/netty-buffer-4.0.56.Final.jar!/io/netty/buffer/ByteBufProcessor.class
[2022-01-17 03:53:45] [javac-extractor-1164] Writing trap file for: io.netty.buffer.ByteBufAllocator 50.0-1517852832000 jar:file:///C:/Users/david/.m2/repository/io/netty/netty-buffer/4.0.56.Final/netty-buffer-4.0.56.Final.jar!/io/netty/buffer/ByteBufAllocator.class
[2022-01-17 03:53:45] [javac-extractor-1164] Writing trap file for: com.datastax.driver.core.AbstractAddressableByIndexData 50.0-1523972770000 jar:file:///C:/Users/david/.m2/repository/com/datastax/cassandra/cassandra-driver-core/3.5.0/cassandra-driver-core-3.5.0.jar!/com/datastax/driver/core/AbstractAddressableByIndexData.class
[2022-01-17 03:53:45] [javac-extractor-1164] Writing trap file for: com.datastax.driver.core.AbstractGettableByIndexData 50.0-1523972770000 jar:file:///C:/Users/david/.m2/repository/com/datastax/cassandra/cassandra-driver-core/3.5.0/cassandra-driver-core-3.5.0.jar!/com/datastax/driver/core/AbstractGettableByIndexData.class
[2022-01-17 03:53:45] [javac-extractor-1164] Writing trap file for: com.datastax.driver.core.Message.Decoder 50.0-1523972770000 jar:file:///C:/Users/david/.m2/repository/com/datastax/cassandra/cassandra-driver-core/3.5.0/cassandra-driver-core-3.5.0.jar!/com/datastax/driver/core/Message$Decoder.class
[2022-01-17 03:53:45] [javac-extractor-1164] Writing trap file for: com.datastax.driver.core.Message.Request.Type 50.0-1523972770000 jar:file:///C:/Users/david/.m2/repository/com/datastax/cassandra/cassandra-driver-core/3.5.0/cassandra-driver-core-3.5.0.jar!/com/datastax/driver/core/Message$Request$Type.class
[2022-01-17 03:53:45] [javac-extractor-1164] Writing trap file for: io.netty.channel.SimpleChannelInboundHandler 50.0-1517852966000 jar:file:///C:/Users/david/.m2/repository/io/netty/netty-transport/4.0.56.Final/netty-transport-4.0.56.Final.jar!/io/netty/channel/SimpleChannelInboundHandler.class
[2022-01-17 03:53:45] [javac-extractor-1164] Writing trap file for: io.netty.channel.ChannelInboundHandlerAdapter 50.0-1517852966000 jar:file:///C:/Users/david/.m2/repository/io/netty/netty-transport/4.0.56.Final/netty-transport-4.0.56.Final.jar!/io/netty/channel/ChannelInboundHandlerAdapter.class
[2022-01-17 03:53:45] [javac-extractor-1164] Writing trap file for: com.datastax.driver.core.StreamIdGenerator 50.0-1523972770000 jar:file:///C:/Users/david/.m2/repository/com/datastax/cassandra/cassandra-driver-core/3.5.0/cassandra-driver-core-3.5.0.jar!/com/datastax/driver/core/StreamIdGenerator.class
[2022-01-17 03:53:45] [javac-extractor-1164] Writing trap file for: io.netty.util.AttributeMap 50.0-1517852788000 jar:file:///C:/Users/david/.m2/repository/io/netty/netty-common/4.0.56.Final/netty-common-4.0.56.Final.jar!/io/netty/util/AttributeMap.class
[2022-01-17 03:53:45] [javac-extractor-1164] Writing trap file for: io.netty.channel.ChannelProgressivePromise 50.0-1517852964000 jar:file:///C:/Users/david/.m2/repository/io/netty/netty-transport/4.0.56.Final/netty-transport-4.0.56.Final.jar!/io/netty/channel/ChannelProgressivePromise.class
[2022-01-17 03:53:45] [javac-extractor-1164] Writing trap file for: io.netty.channel.ChannelPipeline 50.0-1517852964000 jar:file:///C:/Users/david/.m2/repository/io/netty/netty-transport/4.0.56.Final/netty-transport-4.0.56.Final.jar!/io/netty/channel/ChannelPipeline.class
[2022-01-17 03:53:45] [javac-extractor-1164] Writing trap file for: io.netty.channel.Channel.Unsafe 50.0-1517852964000 jar:file:///C:/Users/david/.m2/repository/io/netty/netty-transport/4.0.56.Final/netty-transport-4.0.56.Final.jar!/io/netty/channel/Channel$Unsafe.class
[2022-01-17 03:53:45] [javac-extractor-1164] Writing trap file for: io.netty.channel.ChannelMetadata 50.0-1517852964000 jar:file:///C:/Users/david/.m2/repository/io/netty/netty-transport/4.0.56.Final/netty-transport-4.0.56.Final.jar!/io/netty/channel/ChannelMetadata.class
[2022-01-17 03:53:45] [javac-extractor-1164] Writing trap file for: io.netty.channel.ChannelConfig 50.0-1517852964000 jar:file:///C:/Users/david/.m2/repository/io/netty/netty-transport/4.0.56.Final/netty-transport-4.0.56.Final.jar!/io/netty/channel/ChannelConfig.class
[2022-01-17 03:53:45] [javac-extractor-1164] Writing trap file for: com.datastax.driver.core.HostConnectionPool.Phase 50.0-1523972770000 jar:file:///C:/Users/david/.m2/repository/com/datastax/cassandra/cassandra-driver-core/3.5.0/cassandra-driver-core-3.5.0.jar!/com/datastax/driver/core/HostConnectionPool$Phase.class
[2022-01-17 03:53:45] [javac-extractor-1164] Writing trap file for: io.netty.util.concurrent.EventExecutor 50.0-1517852788000 jar:file:///C:/Users/david/.m2/repository/io/netty/netty-common/4.0.56.Final/netty-common-4.0.56.Final.jar!/io/netty/util/concurrent/EventExecutor.class
[2022-01-17 03:53:45] [javac-extractor-1164] Writing trap file for: io.netty.util.concurrent.ScheduledFuture 50.0-1517852788000 jar:file:///C:/Users/david/.m2/repository/io/netty/netty-common/4.0.56.Final/netty-common-4.0.56.Final.jar!/io/netty/util/concurrent/ScheduledFuture.class
[2022-01-17 03:53:45] [javac-extractor-1164] Writing trap file for: io.netty.util.concurrent.GenericFutureListener 50.0-1517852788000 jar:file:///C:/Users/david/.m2/repository/io/netty/netty-common/4.0.56.Final/netty-common-4.0.56.Final.jar!/io/netty/util/concurrent/GenericFutureListener.class
[2022-01-17 03:53:45] [javac-extractor-1164] Writing trap file for: io.netty.util.concurrent.OrderedEventExecutor 50.0-1517852788000 jar:file:///C:/Users/david/.m2/repository/io/netty/netty-common/4.0.56.Final/netty-common-4.0.56.Final.jar!/io/netty/util/concurrent/OrderedEventExecutor.class
[2022-01-17 03:53:45] [javac-extractor-1164] Writing trap file for: io.netty.channel.MessageSizeEstimator 50.0-1517852964000 jar:file:///C:/Users/david/.m2/repository/io/netty/netty-transport/4.0.56.Final/netty-transport-4.0.56.Final.jar!/io/netty/channel/MessageSizeEstimator.class
[2022-01-17 03:53:45] [javac-extractor-1164] Writing trap file for: io.netty.channel.RecvByteBufAllocator 50.0-1517852964000 jar:file:///C:/Users/david/.m2/repository/io/netty/netty-transport/4.0.56.Final/netty-transport-4.0.56.Final.jar!/io/netty/channel/RecvByteBufAllocator.class
[2022-01-17 03:53:45] [javac-extractor-1164] Writing trap file for: io.netty.channel.ServerChannel 50.0-1517852966000 jar:file:///C:/Users/david/.m2/repository/io/netty/netty-transport/4.0.56.Final/netty-transport-4.0.56.Final.jar!/io/netty/channel/ServerChannel.class
[2022-01-17 03:53:45] [javac-extractor-1164] Writing trap file for: io.netty.channel.socket.ServerSocketChannelConfig 50.0-1517852966000 jar:file:///C:/Users/david/.m2/repository/io/netty/netty-transport/4.0.56.Final/netty-transport-4.0.56.Final.jar!/io/netty/channel/socket/ServerSocketChannelConfig.class
[2022-01-17 03:53:45] [javac-extractor-1164] Writing trap file for: io.netty.util.internal.logging.InternalLogLevel 50.0-1517852788000 jar:file:///C:/Users/david/.m2/repository/io/netty/netty-common/4.0.56.Final/netty-common-4.0.56.Final.jar!/io/netty/util/internal/logging/InternalLogLevel.class
[2022-01-17 03:53:45] [javac-extractor-1164] Writing trap file for: io.netty.handler.codec.CodecOutputList 50.0-1517853078000 jar:file:///C:/Users/david/.m2/repository/io/netty/netty-codec/4.0.56.Final/netty-codec-4.0.56.Final.jar!/io/netty/handler/codec/CodecOutputList.class
[2022-01-17 03:53:45] [javac-extractor-1164] Writing trap file for: io.netty.handler.codec.ByteToMessageDecoder.Cumulator 50.0-1517853078000 jar:file:///C:/Users/david/.m2/repository/io/netty/netty-codec/4.0.56.Final/netty-codec-4.0.56.Final.jar!/io/netty/handler/codec/ByteToMessageDecoder$Cumulator.class
[2022-01-17 03:53:45] [javac-extractor-1164] Writing trap file for: javax.net.ssl.SSLParameters 55.0-1626867188000 jrt:/modules/java.base/javax/net/ssl/SSLParameters.class
[2022-01-17 03:53:45] [javac-extractor-1164] Writing trap file for: javax.net.ssl.SSLEngineResult.HandshakeStatus 55.0-1626867188000 jrt:/modules/java.base/javax/net/ssl/SSLEngineResult$HandshakeStatus.class
[2022-01-17 03:53:45] [javac-extractor-1164] Writing trap file for: javax.net.ssl.SSLSession 55.0-1626867188000 jrt:/modules/java.base/javax/net/ssl/SSLSession.class
[2022-01-17 03:53:45] [javac-extractor-1164] Writing trap file for: javax.net.ssl.SSLEngineResult 55.0-1626867188000 jrt:/modules/java.base/javax/net/ssl/SSLEngineResult.class
[2022-01-17 03:53:45] [javac-extractor-1164] Writing trap file for: com.datastax.driver.core.Frame.Header.Flag 50.0-1523972768000 jar:file:///C:/Users/david/.m2/repository/com/datastax/cassandra/cassandra-driver-core/3.5.0/cassandra-driver-core-3.5.0.jar!/com/datastax/driver/core/Frame$Header$Flag.class
[2022-01-17 03:53:45] [javac-extractor-1164] Writing trap file for: com.datastax.driver.core.Frame.Header 50.0-1523972768000 jar:file:///C:/Users/david/.m2/repository/com/datastax/cassandra/cassandra-driver-core/3.5.0/cassandra-driver-core-3.5.0.jar!/com/datastax/driver/core/Frame$Header.class
[2022-01-17 03:53:45] [javac-extractor-1164] Writing trap file for: com.google.common.reflect.Parameter 50.0-1408988892000 jar:file:///C:/Users/david/.m2/repository/com/google/guava/guava/18.0/guava-18.0.jar!/com/google/common/reflect/Parameter.class
[2022-01-17 03:53:45] [javac-extractor-1164] Writing trap file for: io.netty.buffer.CompositeByteBuf 50.0-1517852832000 jar:file:///C:/Users/david/.m2/repository/io/netty/netty-buffer/4.0.56.Final/netty-buffer-4.0.56.Final.jar!/io/netty/buffer/CompositeByteBuf.class
[2022-01-17 03:53:45] [javac-extractor-1164] Writing trap file for: com.datastax.driver.core.Message.Coder 50.0-1523972770000 jar:file:///C:/Users/david/.m2/repository/com/datastax/cassandra/cassandra-driver-core/3.5.0/cassandra-driver-core-3.5.0.jar!/com/datastax/driver/core/Message$Coder.class
[2022-01-17 03:53:45] [javac-extractor-1164] Writing trap file for: io.netty.channel.ChannelHandlerAdapter 50.0-1517852966000 jar:file:///C:/Users/david/.m2/repository/io/netty/netty-transport/4.0.56.Final/netty-transport-4.0.56.Final.jar!/io/netty/channel/ChannelHandlerAdapter.class
[2022-01-17 03:53:45] [javac-extractor-1164] Writing trap file for: io.netty.channel.ChannelInboundHandler 50.0-1517852964000 jar:file:///C:/Users/david/.m2/repository/io/netty/netty-transport/4.0.56.Final/netty-transport-4.0.56.Final.jar!/io/netty/channel/ChannelInboundHandler.class
[2022-01-17 03:53:45] [javac-extractor-1164] Writing trap file for: io.netty.util.Attribute 50.0-1517852788000 jar:file:///C:/Users/david/.m2/repository/io/netty/netty-common/4.0.56.Final/netty-common-4.0.56.Final.jar!/io/netty/util/Attribute.class
[2022-01-17 03:53:45] [javac-extractor-1164] Writing trap file for: io.netty.util.concurrent.ProgressivePromise 50.0-1517852788000 jar:file:///C:/Users/david/.m2/repository/io/netty/netty-common/4.0.56.Final/netty-common-4.0.56.Final.jar!/io/netty/util/concurrent/ProgressivePromise.class
[2022-01-17 03:53:45] [javac-extractor-1164] Writing trap file for: io.netty.util.concurrent.ProgressiveFuture 50.0-1517852788000 jar:file:///C:/Users/david/.m2/repository/io/netty/netty-common/4.0.56.Final/netty-common-4.0.56.Final.jar!/io/netty/util/concurrent/ProgressiveFuture.class
[2022-01-17 03:53:46] [javac-extractor-1164] Writing trap file for: io.netty.channel.ChannelProgressiveFuture 50.0-1517852964000 jar:file:///C:/Users/david/.m2/repository/io/netty/netty-transport/4.0.56.Final/netty-transport-4.0.56.Final.jar!/io/netty/channel/ChannelProgressiveFuture.class
[2022-01-17 03:53:46] [javac-extractor-1164] Writing trap file for: io.netty.channel.ChannelOutboundBuffer 50.0-1517852964000 jar:file:///C:/Users/david/.m2/repository/io/netty/netty-transport/4.0.56.Final/netty-transport-4.0.56.Final.jar!/io/netty/channel/ChannelOutboundBuffer.class
[2022-01-17 03:53:46] [javac-extractor-1164] Writing trap file for: io.netty.channel.MessageSizeEstimator.Handle 50.0-1517852964000 jar:file:///C:/Users/david/.m2/repository/io/netty/netty-transport/4.0.56.Final/netty-transport-4.0.56.Final.jar!/io/netty/channel/MessageSizeEstimator$Handle.class
[2022-01-17 03:53:46] [javac-extractor-1164] Writing trap file for: io.netty.channel.RecvByteBufAllocator.Handle 50.0-1517852964000 jar:file:///C:/Users/david/.m2/repository/io/netty/netty-transport/4.0.56.Final/netty-transport-4.0.56.Final.jar!/io/netty/channel/RecvByteBufAllocator$Handle.class
[2022-01-17 03:53:46] [javac-extractor-1164] Writing trap file for: javax.net.ssl.SNIMatcher 55.0-1626867188000 jrt:/modules/java.base/javax/net/ssl/SNIMatcher.class
[2022-01-17 03:53:46] [javac-extractor-1164] Writing trap file for: javax.net.ssl.SNIServerName 55.0-1626867188000 jrt:/modules/java.base/javax/net/ssl/SNIServerName.class
[2022-01-17 03:53:46] [javac-extractor-1164] Writing trap file for: java.security.AlgorithmConstraints 55.0-1626867188000 jrt:/modules/java.base/java/security/AlgorithmConstraints.class
[2022-01-17 03:53:46] [javac-extractor-1164] Writing trap file for: javax.net.ssl.SSLPeerUnverifiedException 55.0-1626867188000 jrt:/modules/java.base/javax/net/ssl/SSLPeerUnverifiedException.class
[2022-01-17 03:53:46] [javac-extractor-1164] Writing trap file for: javax.security.cert.X509Certificate 55.0-1626867188000 jrt:/modules/java.base/javax/security/cert/X509Certificate.class
[2022-01-17 03:53:46] [javac-extractor-1164] Writing trap file for: javax.net.ssl.SSLSessionContext 55.0-1626867188000 jrt:/modules/java.base/javax/net/ssl/SSLSessionContext.class
[2022-01-17 03:53:46] [javac-extractor-1164] Writing trap file for: javax.net.ssl.SSLEngineResult.Status 55.0-1626867188000 jrt:/modules/java.base/javax/net/ssl/SSLEngineResult$Status.class
[2022-01-17 03:53:46] [javac-extractor-1164] Writing trap file for: io.netty.buffer.AbstractReferenceCountedByteBuf 50.0-1517852832000 jar:file:///C:/Users/david/.m2/repository/io/netty/netty-buffer/4.0.56.Final/netty-buffer-4.0.56.Final.jar!/io/netty/buffer/AbstractReferenceCountedByteBuf.class
[2022-01-17 03:53:46] [javac-extractor-1164] Writing trap file for: io.netty.channel.ChannelOutboundBuffer.MessageProcessor 50.0-1517852964000 jar:file:///C:/Users/david/.m2/repository/io/netty/netty-transport/4.0.56.Final/netty-transport-4.0.56.Final.jar!/io/netty/channel/ChannelOutboundBuffer$MessageProcessor.class
[2022-01-17 03:53:46] [javac-extractor-1164] Writing trap file for: io.netty.channel.AbstractChannel 50.0-1517852964000 jar:file:///C:/Users/david/.m2/repository/io/netty/netty-transport/4.0.56.Final/netty-transport-4.0.56.Final.jar!/io/netty/channel/AbstractChannel.class
[2022-01-17 03:53:46] [javac-extractor-1164] Writing trap file for: java.security.CryptoPrimitive 55.0-1626867188000 jrt:/modules/java.base/java/security/CryptoPrimitive.class
[2022-01-17 03:53:46] [javac-extractor-1164] Writing trap file for: java.security.AlgorithmParameters 55.0-1626867188000 jrt:/modules/java.base/java/security/AlgorithmParameters.class
[2022-01-17 03:53:46] [javac-extractor-1164] Writing trap file for: javax.security.cert.Certificate 55.0-1626867188000 jrt:/modules/java.base/javax/security/cert/Certificate.class
[2022-01-17 03:53:46] [javac-extractor-1164] Writing trap file for: javax.security.cert.CertificateExpiredException 55.0-1626867188000 jrt:/modules/java.base/javax/security/cert/CertificateExpiredException.class
[2022-01-17 03:53:46] [javac-extractor-1164] Writing trap file for: javax.security.cert.CertificateNotYetValidException 55.0-1626867188000 jrt:/modules/java.base/javax/security/cert/CertificateNotYetValidException.class
[2022-01-17 03:53:46] [javac-extractor-1164] Writing trap file for: javax.security.cert.CertificateException 55.0-1626867188000 jrt:/modules/java.base/javax/security/cert/CertificateException.class
[2022-01-17 03:53:46] [javac-extractor-1164] Writing trap file for: io.netty.buffer.AbstractByteBuf 50.0-1517852832000 jar:file:///C:/Users/david/.m2/repository/io/netty/netty-buffer/4.0.56.Final/netty-buffer-4.0.56.Final.jar!/io/netty/buffer/AbstractByteBuf.class
[2022-01-17 03:53:46] [javac-extractor-1164] Writing trap file for: io.netty.util.DefaultAttributeMap 50.0-1517852788000 jar:file:///C:/Users/david/.m2/repository/io/netty/netty-common/4.0.56.Final/netty-common-4.0.56.Final.jar!/io/netty/util/DefaultAttributeMap.class
[2022-01-17 03:53:46] [javac-extractor-1164] Writing trap file for: io.netty.channel.AbstractChannel.AbstractUnsafe 50.0-1517852964000 jar:file:///C:/Users/david/.m2/repository/io/netty/netty-transport/4.0.56.Final/netty-transport-4.0.56.Final.jar!/io/netty/channel/AbstractChannel$AbstractUnsafe.class
[2022-01-17 03:53:46] [javac-extractor-1164] Writing trap file for: io.netty.channel.DefaultChannelPipeline 50.0-1517852964000 jar:file:///C:/Users/david/.m2/repository/io/netty/netty-transport/4.0.56.Final/netty-transport-4.0.56.Final.jar!/io/netty/channel/DefaultChannelPipeline.class
[2022-01-17 03:53:46] [javac-extractor-1164] Writing trap file for: java.security.spec.AlgorithmParameterSpec 55.0-1626867188000 jrt:/modules/java.base/java/security/spec/AlgorithmParameterSpec.class
[2022-01-17 03:53:46] [javac-extractor-1164] Writing trap file for: java.security.spec.InvalidParameterSpecException 55.0-1626867188000 jrt:/modules/java.base/java/security/spec/InvalidParameterSpecException.class
[2022-01-17 03:53:46] [javac-extractor-1164] Writing trap file for: java.security.AlgorithmParametersSpi 55.0-1626867188000 jrt:/modules/java.base/java/security/AlgorithmParametersSpi.class
[2022-01-17 03:53:46] [javac-extractor-1164] Writing trap file for: javax.security.cert.CertificateEncodingException 55.0-1626867188000 jrt:/modules/java.base/javax/security/cert/CertificateEncodingException.class
[2022-01-17 03:53:46] [javac-extractor-1164] Writing trap file for: io.netty.buffer.SwappedByteBuf 50.0-1517852832000 jar:file:///C:/Users/david/.m2/repository/io/netty/netty-buffer/4.0.56.Final/netty-buffer-4.0.56.Final.jar!/io/netty/buffer/SwappedByteBuf.class
[2022-01-17 03:53:46] [javac-extractor-1164] Writing trap file for: io.netty.util.ResourceLeakDetector 50.0-1517852788000 jar:file:///C:/Users/david/.m2/repository/io/netty/netty-common/4.0.56.Final/netty-common-4.0.56.Final.jar!/io/netty/util/ResourceLeakDetector.class
[2022-01-17 03:53:46] [javac-extractor-1164] Writing trap file for: io.netty.channel.AbstractChannelHandlerContext 50.0-1517852964000 jar:file:///C:/Users/david/.m2/repository/io/netty/netty-transport/4.0.56.Final/netty-transport-4.0.56.Final.jar!/io/netty/channel/AbstractChannelHandlerContext.class
[2022-01-17 03:53:46] [javac-extractor-1164] Writing trap file for: io.netty.util.ResourceLeakTracker 50.0-1517852788000 jar:file:///C:/Users/david/.m2/repository/io/netty/netty-common/4.0.56.Final/netty-common-4.0.56.Final.jar!/io/netty/util/ResourceLeakTracker.class
[2022-01-17 03:53:46] [javac-extractor-1164] Writing trap file for: io.netty.util.ResourceLeak 50.0-1517852788000 jar:file:///C:/Users/david/.m2/repository/io/netty/netty-common/4.0.56.Final/netty-common-4.0.56.Final.jar!/io/netty/util/ResourceLeak.class
[2022-01-17 03:53:46] [javac-extractor-1164] Writing trap file for: io.netty.util.ResourceLeakDetector.Level 50.0-1517852788000 jar:file:///C:/Users/david/.m2/repository/io/netty/netty-common/4.0.56.Final/netty-common-4.0.56.Final.jar!/io/netty/util/ResourceLeakDetector$Level.class
[2022-01-17 03:53:46] [javac-extractor-1164] Processing JAR file: C:/Users/david/.m2/repository/com/datastax/cassandra/cassandra-driver-core/3.5.0/cassandra-driver-core-3.5.0.jar
[2022-01-17 03:53:46] [javac-extractor-1164] Processing JAR file: C:/Users/david/.m2/repository/io/dropwizard/metrics/metrics-core/3.1.1/metrics-core-3.1.1.jar
[2022-01-17 03:53:46] [javac-extractor-1164] Processing JAR file: C:/Users/david/.m2/repository/io/netty/netty-common/4.0.56.Final/netty-common-4.0.56.Final.jar
[2022-01-17 03:53:46] [javac-extractor-1164] Processing JAR file: C:/Users/david/.m2/repository/io/netty/netty-transport/4.0.56.Final/netty-transport-4.0.56.Final.jar
[2022-01-17 03:53:46] [javac-extractor-1164] Processing JAR file: C:/Users/david/.m2/repository/io/netty/netty-handler/4.0.56.Final/netty-handler-4.0.56.Final.jar
[2022-01-17 03:53:46] [javac-extractor-1164] Processing JAR file: C:/Users/david/.m2/repository/io/netty/netty-buffer/4.0.56.Final/netty-buffer-4.0.56.Final.jar
[2022-01-17 03:53:46] [javac-extractor-1164] Processing JAR file: C:/Users/david/.m2/repository/io/netty/netty-codec/4.0.56.Final/netty-codec-4.0.56.Final.jar
[2022-01-17 03:53:46] [javac-extractor-1164] Processing file C:\Users\david\Downloads\newts-1.5.2\newts-1.5.2\cassandra\common\src\main\java\org\opennms\newts\cassandra\Schema.java
[2022-01-17 03:53:46] [javac-extractor-1164] Processing file C:\Users\david\Downloads\newts-1.5.2\newts-1.5.2\cassandra\common\src\main\java\org\opennms\newts\cassandra\CassandraSession.java
[2022-01-17 03:53:46] [javac-extractor-1164] Writing trap file for: org.opennms.newts.cassandra.CassandraSession 0.0-1642402146374 file:///C:/Users/david/Downloads/newts-1.5.2/newts-1.5.2/cassandra/common/src/main/java/org/opennms/newts/cassandra/CassandraSession.java
[2022-01-17 03:53:46] [javac-extractor-1164] Processing file C:\Users\david\Downloads\newts-1.5.2\newts-1.5.2\cassandra\common\src\main\java\org\opennms\newts\cassandra\CassandraException.java
[2022-01-17 03:53:46] [javac-extractor-1164] Writing trap file for: org.opennms.newts.cassandra.CassandraException 0.0-1642402146335 file:///C:/Users/david/Downloads/newts-1.5.2/newts-1.5.2/cassandra/common/src/main/java/org/opennms/newts/cassandra/CassandraException.java
[2022-01-17 03:53:46] [javac-extractor-1164] Processing file C:\Users\david\Downloads\newts-1.5.2\newts-1.5.2\cassandra\common\src\main\java\org\opennms\newts\cassandra\ContextConfiguration.java
[2022-01-17 03:53:46] [javac-extractor-1164] Writing trap file for: org.opennms.newts.cassandra.ContextConfiguration 0.0-1642402146446 file:///C:/Users/david/Downloads/newts-1.5.2/newts-1.5.2/cassandra/common/src/main/java/org/opennms/newts/cassandra/ContextConfiguration.java
[2022-01-17 03:53:46] [javac-extractor-1164] Processing file C:\Users\david\Downloads\newts-1.5.2\newts-1.5.2\cassandra\common\src\main\java\org\opennms\newts\cassandra\ContextConfigurations.java
[2022-01-17 03:53:46] [javac-extractor-1164] Writing trap file for: org.opennms.newts.cassandra.ContextConfigurations 0.0-1642402146479 file:///C:/Users/david/Downloads/newts-1.5.2/newts-1.5.2/cassandra/common/src/main/java/org/opennms/newts/cassandra/ContextConfigurations.java
[2022-01-17 03:53:46] [javac-extractor-1164] Processing file C:\Users\david\Downloads\newts-1.5.2\newts-1.5.2\cassandra\common\src\main\java\org\opennms\newts\cassandra\CassandraSessionImpl.java
[2022-01-17 03:53:46] [javac-extractor-1164] Writing trap file for: com.datastax.driver.core.policies.ExponentialReconnectionPolicy 50.0-1523972770000 jar:file:///C:/Users/david/.m2/repository/com/datastax/cassandra/cassandra-driver-core/3.5.0/cassandra-driver-core-3.5.0.jar!/com/datastax/driver/core/policies/ExponentialReconnectionPolicy.class
[2022-01-17 03:53:46] [javac-extractor-1164] Writing trap file for: org.opennms.newts.cassandra.CassandraSessionImpl 0.0-1642402146416 file:///C:/Users/david/Downloads/newts-1.5.2/newts-1.5.2/cassandra/common/src/main/java/org/opennms/newts/cassandra/CassandraSessionImpl.java
[2022-01-17 03:53:46] [javac-extractor-1164] Javac init time: 0.7s
[2022-01-17 03:53:46] [javac-extractor-1164] Javac attr time: 0.1s
[2022-01-17 03:53:46] [javac-extractor-1164] Extractor time: 3.5s
[2022-01-17 03:53:46] [javac-extractor-1164] Other time: 0.1s
[2022-01-17 03:53:46] [javac-extractor-1164] Total time: 4.4s
