[2022-01-17 03:56:50] [javac-extractor-3236] Starting extraction for:
                                             sun.java.command=com.semmle.extractor.java.JavaExtractor --jdk-version 11 --javac-args @@@C:\Users\david\Downloads\jakartaDatabase\log\ext\javac-17.args
                                             user.dir=C:\Users\david\Downloads\newts-1.5.2\newts-1.5.2
[2022-01-17 03:56:50] [javac-extractor-3236] [WARN] Appending source destination directory C:\Users\david\Downloads\newts-1.5.2\newts-1.5.2\examples\gsod\target\generated-sources\annotations to sourcepath
[2022-01-17 03:56:51] [javac-extractor-3236] Processing file C:\Users\david\Downloads\newts-1.5.2\newts-1.5.2\examples\gsod\src\main\java\org\opennms\newts\gsod\FileVisitor.java
[2022-01-17 03:56:51] [javac-extractor-3236] Writing trap file for: java.nio.file.FileVisitResult 55.0-1626867188000 jrt:/modules/java.base/java/nio/file/FileVisitResult.class
[2022-01-17 03:56:51] [javac-extractor-3236] Writing trap file for: java.nio.file.SimpleFileVisitor 55.0-1626867188000 jrt:/modules/java.base/java/nio/file/SimpleFileVisitor.class
[2022-01-17 03:56:51] [javac-extractor-3236] Writing trap file for: org.opennms.newts.gsod.FileVisitor 0.0-1642402149115 file:///C:/Users/david/Downloads/newts-1.5.2/newts-1.5.2/examples/gsod/src/main/java/org/opennms/newts/gsod/FileVisitor.java
[2022-01-17 03:56:51] [javac-extractor-3236] Writing trap file for: java.nio.file.FileVisitor 55.0-1626867188000 jrt:/modules/java.base/java/nio/file/FileVisitor.class
[2022-01-17 03:56:51] [javac-extractor-3236] Writing trap file for: org.opennms.newts.gsod.FileImport 0.0-1642402149005 file:///C:/Users/david/Downloads/newts-1.5.2/newts-1.5.2/examples/gsod/src/main/java/org/opennms/newts/gsod/FileImport.java
[2022-01-17 03:56:51] [javac-extractor-3236] Processing file C:\Users\david\Downloads\newts-1.5.2\newts-1.5.2\examples\gsod\src\main\java\org\opennms\newts\gsod\ResourceOptionHandler.java
[2022-01-17 03:56:51] [javac-extractor-3236] Writing trap file for: org.kohsuke.args4j.spi.OneArgumentOptionHandler 49.0-1427070260000 jar:file:///C:/Users/david/.m2/repository/args4j/args4j/2.32/args4j-2.32.jar!/org/kohsuke/args4j/spi/OneArgumentOptionHandler.class
[2022-01-17 03:56:51] [javac-extractor-3236] Writing trap file for: org.opennms.newts.gsod.ResourceOptionHandler 0.0-1642402149314 file:///C:/Users/david/Downloads/newts-1.5.2/newts-1.5.2/examples/gsod/src/main/java/org/opennms/newts/gsod/ResourceOptionHandler.java
[2022-01-17 03:56:52] [javac-extractor-3236] Processing file C:\Users\david\Downloads\newts-1.5.2\newts-1.5.2\examples\gsod\src\main\java\org\opennms\newts\gsod\JSONBuilder.java
[2022-01-17 03:56:52] [javac-extractor-3236] Writing trap file for: org.opennms.newts.gsod.JSONBuilder 0.0-1642402149203 file:///C:/Users/david/Downloads/newts-1.5.2/newts-1.5.2/examples/gsod/src/main/java/org/opennms/newts/gsod/JSONBuilder.java
[2022-01-17 03:56:52] [javac-extractor-3236] Processing file C:\Users\david\Downloads\newts-1.5.2\newts-1.5.2\examples\gsod\src\main\java\org\opennms\newts\gsod\LineParser.java
[2022-01-17 03:56:52] [javac-extractor-3236] Writing trap file for: java.text.SimpleDateFormat 55.0-1626867188000 jrt:/modules/java.base/java/text/SimpleDateFormat.class
[2022-01-17 03:56:52] [javac-extractor-3236] Writing trap file for: org.opennms.newts.gsod.LineParser 0.0-1642402149243 file:///C:/Users/david/Downloads/newts-1.5.2/newts-1.5.2/examples/gsod/src/main/java/org/opennms/newts/gsod/LineParser.java
[2022-01-17 03:56:52] [javac-extractor-3236] Writing trap file for: java.text.DateFormatSymbols 55.0-1626867188000 jrt:/modules/java.base/java/text/DateFormatSymbols.class
[2022-01-17 03:56:52] [javac-extractor-3236] Processing file C:\Users\david\Downloads\newts-1.5.2\newts-1.5.2\examples\gsod\src\main\java\org\opennms\newts\gsod\ExportRunner.java
[2022-01-17 03:56:52] [javac-extractor-3236] Writing trap file for: org.opennms.newts.gsod.ExportRunner 0.0-1642402148972 file:///C:/Users/david/Downloads/newts-1.5.2/newts-1.5.2/examples/gsod/src/main/java/org/opennms/newts/gsod/ExportRunner.java
[2022-01-17 03:56:52] [javac-extractor-3236] Writing trap file for: org.opennms.newts.gsod.Config 0.0-1642402148942 file:///C:/Users/david/Downloads/newts-1.5.2/newts-1.5.2/examples/gsod/src/main/java/org/opennms/newts/gsod/Config.java
[2022-01-17 03:56:52] [javac-extractor-3236] Writing trap file for: com.google.inject.Provides 50.0-1430249548000 jar:file:///C:/Users/david/.m2/repository/com/google/inject/guice/4.0/guice-4.0.jar!/com/google/inject/Provides.class
[2022-01-17 03:56:52] [javac-extractor-3236] Processing file C:\Users\david\Downloads\newts-1.5.2\newts-1.5.2\examples\gsod\src\main\java\org\opennms\newts\gsod\FileIterable.java
[2022-01-17 03:56:52] [javac-extractor-3236] Writing trap file for: java.io.FileInputStream 55.0-1626867188000 jrt:/modules/java.base/java/io/FileInputStream.class
[2022-01-17 03:56:52] [javac-extractor-3236] Writing trap file for: java.io.FileReader 55.0-1626867188000 jrt:/modules/java.base/java/io/FileReader.class
[2022-01-17 03:56:52] [javac-extractor-3236] Writing trap file for: java.util.Stack 55.0-1626867188000 jrt:/modules/java.base/java/util/Stack.class
[2022-01-17 03:56:52] [javac-extractor-3236] Writing trap file for: java.util.zip.GZIPInputStream 55.0-1626867188000 jrt:/modules/java.base/java/util/zip/GZIPInputStream.class
[2022-01-17 03:56:52] [javac-extractor-3236] Writing trap file for: com.google.common.collect.AbstractIterator 50.0-1408988892000 jar:file:///C:/Users/david/.m2/repository/com/google/guava/guava/18.0/guava-18.0.jar!/com/google/common/collect/AbstractIterator.class
[2022-01-17 03:56:52] [javac-extractor-3236] Writing trap file for: org.opennms.newts.gsod.FileIterable 0.0-1642402149040 file:///C:/Users/david/Downloads/newts-1.5.2/newts-1.5.2/examples/gsod/src/main/java/org/opennms/newts/gsod/FileIterable.java
[2022-01-17 03:56:52] [javac-extractor-3236] Writing trap file for: org.opennms.newts.gsod.FileIterable.KeyedIterable 0.0-1642402610294 file:///C:/Users/david/Downloads/newts-1.5.2/newts-1.5.2/examples/gsod/target/classes/org/opennms/newts/gsod/FileIterable$KeyedIterable.class
[2022-01-17 03:56:52] [javac-extractor-3236] Writing trap file for: org.opennms.newts.gsod.FileIterable.GroupedPathIterator 0.0-1642402610297 file:///C:/Users/david/Downloads/newts-1.5.2/newts-1.5.2/examples/gsod/target/classes/org/opennms/newts/gsod/FileIterable$GroupedPathIterator.class
[2022-01-17 03:56:52] [javac-extractor-3236] Writing trap file for: java.util.Vector 55.0-1626867188000 jrt:/modules/java.base/java/util/Vector.class
[2022-01-17 03:56:52] [javac-extractor-3236] Writing trap file for: org.opennms.newts.gsod.FileIterable.LineIterator 0.0-1642402610299 file:///C:/Users/david/Downloads/newts-1.5.2/newts-1.5.2/examples/gsod/target/classes/org/opennms/newts/gsod/FileIterable$LineIterator.class
[2022-01-17 03:56:52] [javac-extractor-3236] Writing trap file for: java.util.zip.InflaterInputStream 55.0-1626867188000 jrt:/modules/java.base/java/util/zip/InflaterInputStream.class
[2022-01-17 03:56:52] [javac-extractor-3236] Writing trap file for: java.util.zip.CRC32 55.0-1626867188000 jrt:/modules/java.base/java/util/zip/CRC32.class
[2022-01-17 03:56:52] [javac-extractor-3236] Writing trap file for: java.io.FilterInputStream 55.0-1626867188000 jrt:/modules/java.base/java/io/FilterInputStream.class
[2022-01-17 03:56:52] [javac-extractor-3236] Writing trap file for: java.util.zip.Inflater 55.0-1626867188000 jrt:/modules/java.base/java/util/zip/Inflater.class
[2022-01-17 03:56:52] [javac-extractor-3236] Writing trap file for: java.util.zip.Checksum 55.0-1626867188000 jrt:/modules/java.base/java/util/zip/Checksum.class
[2022-01-17 03:56:52] [javac-extractor-3236] Writing trap file for: java.util.zip.DataFormatException 55.0-1626867188000 jrt:/modules/java.base/java/util/zip/DataFormatException.class
[2022-01-17 03:56:52] [javac-extractor-3236] Processing file C:\Users\david\Downloads\newts-1.5.2\newts-1.5.2\examples\gsod\src\main\java\org\opennms\newts\gsod\Web.java
[2022-01-17 03:56:52] [javac-extractor-3236] Writing trap file for: spark.Spark 52.0-1520446302000 jar:file:///C:/Users/david/.m2/repository/com/sparkjava/spark-core/2.7.2/spark-core-2.7.2.jar!/spark/Spark.class
[2022-01-17 03:56:52] [javac-extractor-3236] Writing trap file for: spark.ModelAndView 52.0-1520446302000 jar:file:///C:/Users/david/.m2/repository/com/sparkjava/spark-core/2.7.2/spark-core-2.7.2.jar!/spark/ModelAndView.class
[2022-01-17 03:56:52] [javac-extractor-3236] Writing trap file for: spark.Request 52.0-1520446302000 jar:file:///C:/Users/david/.m2/repository/com/sparkjava/spark-core/2.7.2/spark-core-2.7.2.jar!/spark/Request.class
[2022-01-17 03:56:52] [javac-extractor-3236] Writing trap file for: spark.Response 52.0-1520446302000 jar:file:///C:/Users/david/.m2/repository/com/sparkjava/spark-core/2.7.2/spark-core-2.7.2.jar!/spark/Response.class
[2022-01-17 03:56:52] [javac-extractor-3236] Writing trap file for: spark.TemplateViewRoute 52.0-1520446302000 jar:file:///C:/Users/david/.m2/repository/com/sparkjava/spark-core/2.7.2/spark-core-2.7.2.jar!/spark/TemplateViewRoute.class
[2022-01-17 03:56:53] [javac-extractor-3236] Writing trap file for: spark.template.velocity.VelocityTemplateEngine 52.0-1510703916000 jar:file:///C:/Users/david/.m2/repository/com/sparkjava/spark-template-velocity/2.7.1/spark-template-velocity-2.7.1.jar!/spark/template/velocity/VelocityTemplateEngine.class
[2022-01-17 03:56:53] [javac-extractor-3236] Writing trap file for: org.opennms.newts.gsod.Web 0.0-1642402149343 file:///C:/Users/david/Downloads/newts-1.5.2/newts-1.5.2/examples/gsod/src/main/java/org/opennms/newts/gsod/Web.java
[2022-01-17 03:56:53] [javac-extractor-3236] Writing trap file for: spark.TemplateEngine 52.0-1520446302000 jar:file:///C:/Users/david/.m2/repository/com/sparkjava/spark-core/2.7.2/spark-core-2.7.2.jar!/spark/TemplateEngine.class
[2022-01-17 03:56:53] [javac-extractor-3236] Writing trap file for: spark.HaltException 52.0-1520446302000 jar:file:///C:/Users/david/.m2/repository/com/sparkjava/spark-core/2.7.2/spark-core-2.7.2.jar!/spark/HaltException.class
[2022-01-17 03:56:53] [javac-extractor-3236] Writing trap file for: spark.Route 52.0-1520446302000 jar:file:///C:/Users/david/.m2/repository/com/sparkjava/spark-core/2.7.2/spark-core-2.7.2.jar!/spark/Route.class
[2022-01-17 03:56:53] [javac-extractor-3236] Writing trap file for: spark.ExceptionHandler 52.0-1520446302000 jar:file:///C:/Users/david/.m2/repository/com/sparkjava/spark-core/2.7.2/spark-core-2.7.2.jar!/spark/ExceptionHandler.class
[2022-01-17 03:56:53] [javac-extractor-3236] Writing trap file for: spark.ResponseTransformer 52.0-1520446302000 jar:file:///C:/Users/david/.m2/repository/com/sparkjava/spark-core/2.7.2/spark-core-2.7.2.jar!/spark/ResponseTransformer.class
[2022-01-17 03:56:53] [javac-extractor-3236] Writing trap file for: spark.Filter 52.0-1520446302000 jar:file:///C:/Users/david/.m2/repository/com/sparkjava/spark-core/2.7.2/spark-core-2.7.2.jar!/spark/Filter.class
[2022-01-17 03:56:53] [javac-extractor-3236] Writing trap file for: spark.RouteGroup 52.0-1520446300000 jar:file:///C:/Users/david/.m2/repository/com/sparkjava/spark-core/2.7.2/spark-core-2.7.2.jar!/spark/RouteGroup.class
[2022-01-17 03:56:53] [javac-extractor-3236] Writing trap file for: spark.Service.StaticFiles 52.0-1520446302000 jar:file:///C:/Users/david/.m2/repository/com/sparkjava/spark-core/2.7.2/spark-core-2.7.2.jar!/spark/Service$StaticFiles.class
[2022-01-17 03:56:53] [javac-extractor-3236] Writing trap file for: spark.Redirect 52.0-1520446302000 jar:file:///C:/Users/david/.m2/repository/com/sparkjava/spark-core/2.7.2/spark-core-2.7.2.jar!/spark/Redirect.class
[2022-01-17 03:56:53] [javac-extractor-3236] Writing trap file for: spark.Session 52.0-1520446302000 jar:file:///C:/Users/david/.m2/repository/com/sparkjava/spark-core/2.7.2/spark-core-2.7.2.jar!/spark/Session.class
[2022-01-17 03:56:53] [javac-extractor-3236] Writing trap file for: spark.QueryParamsMap 52.0-1520446302000 jar:file:///C:/Users/david/.m2/repository/com/sparkjava/spark-core/2.7.2/spark-core-2.7.2.jar!/spark/QueryParamsMap.class
[2022-01-17 03:56:53] [javac-extractor-3236] Writing trap file for: spark.routematch.RouteMatch 52.0-1520446302000 jar:file:///C:/Users/david/.m2/repository/com/sparkjava/spark-core/2.7.2/spark-core-2.7.2.jar!/spark/routematch/RouteMatch.class
[2022-01-17 03:56:53] [javac-extractor-3236] Writing trap file for: org.apache.velocity.app.VelocityEngine 48.0-1290179700000 jar:file:///C:/Users/david/.m2/repository/org/apache/velocity/velocity/1.7/velocity-1.7.jar!/org/apache/velocity/app/VelocityEngine.class
[2022-01-17 03:56:53] [javac-extractor-3236] Writing trap file for: spark.Service 52.0-1520446302000 jar:file:///C:/Users/david/.m2/repository/com/sparkjava/spark-core/2.7.2/spark-core-2.7.2.jar!/spark/Service.class
[2022-01-17 03:56:53] [javac-extractor-3236] Writing trap file for: spark.Experimental 52.0-1520446300000 jar:file:///C:/Users/david/.m2/repository/com/sparkjava/spark-core/2.7.2/spark-core-2.7.2.jar!/spark/Experimental.class
[2022-01-17 03:56:53] [javac-extractor-3236] Writing trap file for: spark.Redirect.Status 52.0-1520446302000 jar:file:///C:/Users/david/.m2/repository/com/sparkjava/spark-core/2.7.2/spark-core-2.7.2.jar!/spark/Redirect$Status.class
[2022-01-17 03:56:53] [javac-extractor-3236] Writing trap file for: spark.Routable 52.0-1520446302000 jar:file:///C:/Users/david/.m2/repository/com/sparkjava/spark-core/2.7.2/spark-core-2.7.2.jar!/spark/Routable.class
[2022-01-17 03:56:53] [javac-extractor-3236] Writing trap file for: org.apache.velocity.runtime.RuntimeConstants 48.0-1290179700000 jar:file:///C:/Users/david/.m2/repository/org/apache/velocity/velocity/1.7/velocity-1.7.jar!/org/apache/velocity/runtime/RuntimeConstants.class
[2022-01-17 03:56:53] [javac-extractor-3236] Writing trap file for: org.apache.velocity.runtime.log.Log 48.0-1290179698000 jar:file:///C:/Users/david/.m2/repository/org/apache/velocity/velocity/1.7/velocity-1.7.jar!/org/apache/velocity/runtime/log/Log.class
[2022-01-17 03:56:53] [javac-extractor-3236] Writing trap file for: org.apache.velocity.Template 48.0-1290179698000 jar:file:///C:/Users/david/.m2/repository/org/apache/velocity/velocity/1.7/velocity-1.7.jar!/org/apache/velocity/Template.class
[2022-01-17 03:56:53] [javac-extractor-3236] Writing trap file for: org.apache.velocity.exception.ResourceNotFoundException 48.0-1290179698000 jar:file:///C:/Users/david/.m2/repository/org/apache/velocity/velocity/1.7/velocity-1.7.jar!/org/apache/velocity/exception/ResourceNotFoundException.class
[2022-01-17 03:56:53] [javac-extractor-3236] Writing trap file for: org.apache.velocity.exception.ParseErrorException 48.0-1290179698000 jar:file:///C:/Users/david/.m2/repository/org/apache/velocity/velocity/1.7/velocity-1.7.jar!/org/apache/velocity/exception/ParseErrorException.class
[2022-01-17 03:56:53] [javac-extractor-3236] Writing trap file for: org.apache.velocity.context.Context 48.0-1290179698000 jar:file:///C:/Users/david/.m2/repository/org/apache/velocity/velocity/1.7/velocity-1.7.jar!/org/apache/velocity/context/Context.class
[2022-01-17 03:56:53] [javac-extractor-3236] Writing trap file for: org.apache.velocity.exception.MethodInvocationException 48.0-1290179698000 jar:file:///C:/Users/david/.m2/repository/org/apache/velocity/velocity/1.7/velocity-1.7.jar!/org/apache/velocity/exception/MethodInvocationException.class
[2022-01-17 03:56:53] [javac-extractor-3236] Writing trap file for: org.apache.commons.collections.ExtendedProperties 46.0-1207939084000 jar:file:///C:/Users/david/.m2/repository/commons-collections/commons-collections/3.2.1/commons-collections-3.2.1.jar!/org/apache/commons/collections/ExtendedProperties.class
[2022-01-17 03:56:53] [javac-extractor-3236] Writing trap file for: spark.FilterImpl 52.0-1520446302000 jar:file:///C:/Users/david/.m2/repository/com/sparkjava/spark-core/2.7.2/spark-core-2.7.2.jar!/spark/FilterImpl.class
[2022-01-17 03:56:53] [javac-extractor-3236] Writing trap file for: spark.RouteImpl 52.0-1520446302000 jar:file:///C:/Users/david/.m2/repository/com/sparkjava/spark-core/2.7.2/spark-core-2.7.2.jar!/spark/RouteImpl.class
[2022-01-17 03:56:53] [javac-extractor-3236] Writing trap file for: spark.route.HttpMethod 52.0-1520446302000 jar:file:///C:/Users/david/.m2/repository/com/sparkjava/spark-core/2.7.2/spark-core-2.7.2.jar!/spark/route/HttpMethod.class
[2022-01-17 03:56:53] [javac-extractor-3236] Writing trap file for: spark.route.Routes 52.0-1520446302000 jar:file:///C:/Users/david/.m2/repository/com/sparkjava/spark-core/2.7.2/spark-core-2.7.2.jar!/spark/route/Routes.class
[2022-01-17 03:56:53] [javac-extractor-3236] Writing trap file for: spark.embeddedserver.EmbeddedServer 52.0-1520446302000 jar:file:///C:/Users/david/.m2/repository/com/sparkjava/spark-core/2.7.2/spark-core-2.7.2.jar!/spark/embeddedserver/EmbeddedServer.class
[2022-01-17 03:56:53] [javac-extractor-3236] Writing trap file for: spark.embeddedserver.jetty.websocket.WebSocketHandlerWrapper 52.0-1520446302000 jar:file:///C:/Users/david/.m2/repository/com/sparkjava/spark-core/2.7.2/spark-core-2.7.2.jar!/spark/embeddedserver/jetty/websocket/WebSocketHandlerWrapper.class
[2022-01-17 03:56:53] [javac-extractor-3236] Writing trap file for: spark.ssl.SslStores 52.0-1520446300000 jar:file:///C:/Users/david/.m2/repository/com/sparkjava/spark-core/2.7.2/spark-core-2.7.2.jar!/spark/ssl/SslStores.class
[2022-01-17 03:56:53] [javac-extractor-3236] Writing trap file for: org.apache.velocity.util.introspection.Info 48.0-1290179698000 jar:file:///C:/Users/david/.m2/repository/org/apache/velocity/velocity/1.7/velocity-1.7.jar!/org/apache/velocity/util/introspection/Info.class
[2022-01-17 03:56:53] [javac-extractor-3236] Writing trap file for: org.apache.velocity.runtime.parser.node.Node 48.0-1290179698000 jar:file:///C:/Users/david/.m2/repository/org/apache/velocity/velocity/1.7/velocity-1.7.jar!/org/apache/velocity/runtime/parser/node/Node.class
[2022-01-17 03:56:53] [javac-extractor-3236] Writing trap file for: org.apache.velocity.runtime.directive.Directive 48.0-1290179698000 jar:file:///C:/Users/david/.m2/repository/org/apache/velocity/velocity/1.7/velocity-1.7.jar!/org/apache/velocity/runtime/directive/Directive.class
[2022-01-17 03:56:53] [javac-extractor-3236] Writing trap file for: org.apache.velocity.runtime.log.LogChute 48.0-1290179698000 jar:file:///C:/Users/david/.m2/repository/org/apache/velocity/velocity/1.7/velocity-1.7.jar!/org/apache/velocity/runtime/log/LogChute.class
[2022-01-17 03:56:53] [javac-extractor-3236] Writing trap file for: org.apache.velocity.runtime.resource.Resource 48.0-1290179698000 jar:file:///C:/Users/david/.m2/repository/org/apache/velocity/velocity/1.7/velocity-1.7.jar!/org/apache/velocity/runtime/resource/Resource.class
[2022-01-17 03:56:53] [javac-extractor-3236] Writing trap file for: org.apache.velocity.exception.TemplateInitException 48.0-1290179698000 jar:file:///C:/Users/david/.m2/repository/org/apache/velocity/velocity/1.7/velocity-1.7.jar!/org/apache/velocity/exception/TemplateInitException.class
[2022-01-17 03:56:53] [javac-extractor-3236] Writing trap file for: org.apache.velocity.exception.VelocityException 48.0-1290179698000 jar:file:///C:/Users/david/.m2/repository/org/apache/velocity/velocity/1.7/velocity-1.7.jar!/org/apache/velocity/exception/VelocityException.class
[2022-01-17 03:56:53] [javac-extractor-3236] Writing trap file for: org.apache.velocity.runtime.parser.ParseException 48.0-1290179698000 jar:file:///C:/Users/david/.m2/repository/org/apache/velocity/velocity/1.7/velocity-1.7.jar!/org/apache/velocity/runtime/parser/ParseException.class
[2022-01-17 03:56:53] [javac-extractor-3236] Writing trap file for: org.apache.velocity.exception.ExtendedParseException 48.0-1290179698000 jar:file:///C:/Users/david/.m2/repository/org/apache/velocity/velocity/1.7/velocity-1.7.jar!/org/apache/velocity/exception/ExtendedParseException.class
[2022-01-17 03:56:53] [javac-extractor-3236] Writing trap file for: spark.utils.Wrapper 52.0-1520446302000 jar:file:///C:/Users/david/.m2/repository/com/sparkjava/spark-core/2.7.2/spark-core-2.7.2.jar!/spark/utils/Wrapper.class
[2022-01-17 03:56:53] [javac-extractor-3236] Writing trap file for: org.apache.velocity.runtime.Renderable 48.0-1290179698000 jar:file:///C:/Users/david/.m2/repository/org/apache/velocity/velocity/1.7/velocity-1.7.jar!/org/apache/velocity/runtime/Renderable.class
[2022-01-17 03:56:53] [javac-extractor-3236] Writing trap file for: org.apache.velocity.context.InternalContextAdapter 48.0-1290179698000 jar:file:///C:/Users/david/.m2/repository/org/apache/velocity/velocity/1.7/velocity-1.7.jar!/org/apache/velocity/context/InternalContextAdapter.class
[2022-01-17 03:56:53] [javac-extractor-3236] Writing trap file for: org.apache.velocity.runtime.parser.Token 48.0-1290179698000 jar:file:///C:/Users/david/.m2/repository/org/apache/velocity/velocity/1.7/velocity-1.7.jar!/org/apache/velocity/runtime/parser/Token.class
[2022-01-17 03:56:53] [javac-extractor-3236] Writing trap file for: org.apache.velocity.runtime.parser.node.ParserVisitor 48.0-1290179698000 jar:file:///C:/Users/david/.m2/repository/org/apache/velocity/velocity/1.7/velocity-1.7.jar!/org/apache/velocity/runtime/parser/node/ParserVisitor.class
[2022-01-17 03:56:53] [javac-extractor-3236] Writing trap file for: org.apache.velocity.runtime.directive.DirectiveConstants 48.0-1290179698000 jar:file:///C:/Users/david/.m2/repository/org/apache/velocity/velocity/1.7/velocity-1.7.jar!/org/apache/velocity/runtime/directive/DirectiveConstants.class
[2022-01-17 03:56:53] [javac-extractor-3236] Writing trap file for: org.apache.velocity.runtime.directive.Scope 48.0-1290179698000 jar:file:///C:/Users/david/.m2/repository/org/apache/velocity/velocity/1.7/velocity-1.7.jar!/org/apache/velocity/runtime/directive/Scope.class
[2022-01-17 03:56:53] [javac-extractor-3236] Writing trap file for: org.apache.velocity.runtime.RuntimeServices 48.0-1290179698000 jar:file:///C:/Users/david/.m2/repository/org/apache/velocity/velocity/1.7/velocity-1.7.jar!/org/apache/velocity/runtime/RuntimeServices.class
[2022-01-17 03:56:53] [javac-extractor-3236] Writing trap file for: org.apache.velocity.runtime.resource.loader.ResourceLoader 48.0-1290179698000 jar:file:///C:/Users/david/.m2/repository/org/apache/velocity/velocity/1.7/velocity-1.7.jar!/org/apache/velocity/runtime/resource/loader/ResourceLoader.class
[2022-01-17 03:56:53] [javac-extractor-3236] Writing trap file for: org.apache.velocity.context.InternalHousekeepingContext 48.0-1290179698000 jar:file:///C:/Users/david/.m2/repository/org/apache/velocity/velocity/1.7/velocity-1.7.jar!/org/apache/velocity/context/InternalHousekeepingContext.class
[2022-01-17 03:56:53] [javac-extractor-3236] Writing trap file for: org.apache.velocity.context.InternalWrapperContext 48.0-1290179698000 jar:file:///C:/Users/david/.m2/repository/org/apache/velocity/velocity/1.7/velocity-1.7.jar!/org/apache/velocity/context/InternalWrapperContext.class
[2022-01-17 03:56:53] [javac-extractor-3236] Writing trap file for: org.apache.velocity.context.InternalEventContext 48.0-1290179698000 jar:file:///C:/Users/david/.m2/repository/org/apache/velocity/velocity/1.7/velocity-1.7.jar!/org/apache/velocity/context/InternalEventContext.class
[2022-01-17 03:56:53] [javac-extractor-3236] Writing trap file for: org.apache.velocity.runtime.parser.node.ASTNotNode 48.0-1290179700000 jar:file:///C:/Users/david/.m2/repository/org/apache/velocity/velocity/1.7/velocity-1.7.jar!/org/apache/velocity/runtime/parser/node/ASTNotNode.class
[2022-01-17 03:56:53] [javac-extractor-3236] Writing trap file for: org.apache.velocity.runtime.parser.node.ASTModNode 48.0-1290179700000 jar:file:///C:/Users/david/.m2/repository/org/apache/velocity/velocity/1.7/velocity-1.7.jar!/org/apache/velocity/runtime/parser/node/ASTModNode.class
[2022-01-17 03:56:53] [javac-extractor-3236] Writing trap file for: org.apache.velocity.runtime.parser.node.ASTDivNode 48.0-1290179700000 jar:file:///C:/Users/david/.m2/repository/org/apache/velocity/velocity/1.7/velocity-1.7.jar!/org/apache/velocity/runtime/parser/node/ASTDivNode.class
[2022-01-17 03:56:53] [javac-extractor-3236] Writing trap file for: org.apache.velocity.runtime.parser.node.ASTMulNode 48.0-1290179700000 jar:file:///C:/Users/david/.m2/repository/org/apache/velocity/velocity/1.7/velocity-1.7.jar!/org/apache/velocity/runtime/parser/node/ASTMulNode.class
[2022-01-17 03:56:53] [javac-extractor-3236] Writing trap file for: org.apache.velocity.runtime.parser.node.ASTSubtractNode 48.0-1290179700000 jar:file:///C:/Users/david/.m2/repository/org/apache/velocity/velocity/1.7/velocity-1.7.jar!/org/apache/velocity/runtime/parser/node/ASTSubtractNode.class
[2022-01-17 03:56:53] [javac-extractor-3236] Writing trap file for: org.apache.velocity.runtime.parser.node.ASTAddNode 48.0-1290179700000 jar:file:///C:/Users/david/.m2/repository/org/apache/velocity/velocity/1.7/velocity-1.7.jar!/org/apache/velocity/runtime/parser/node/ASTAddNode.class
[2022-01-17 03:56:53] [javac-extractor-3236] Writing trap file for: org.apache.velocity.runtime.parser.node.ASTGENode 48.0-1290179700000 jar:file:///C:/Users/david/.m2/repository/org/apache/velocity/velocity/1.7/velocity-1.7.jar!/org/apache/velocity/runtime/parser/node/ASTGENode.class
[2022-01-17 03:56:53] [javac-extractor-3236] Writing trap file for: org.apache.velocity.runtime.parser.node.ASTLENode 48.0-1290179700000 jar:file:///C:/Users/david/.m2/repository/org/apache/velocity/velocity/1.7/velocity-1.7.jar!/org/apache/velocity/runtime/parser/node/ASTLENode.class
[2022-01-17 03:56:53] [javac-extractor-3236] Writing trap file for: org.apache.velocity.runtime.parser.node.ASTGTNode 48.0-1290179700000 jar:file:///C:/Users/david/.m2/repository/org/apache/velocity/velocity/1.7/velocity-1.7.jar!/org/apache/velocity/runtime/parser/node/ASTGTNode.class
[2022-01-17 03:56:53] [javac-extractor-3236] Writing trap file for: org.apache.velocity.runtime.parser.node.ASTLTNode 48.0-1290179700000 jar:file:///C:/Users/david/.m2/repository/org/apache/velocity/velocity/1.7/velocity-1.7.jar!/org/apache/velocity/runtime/parser/node/ASTLTNode.class
[2022-01-17 03:56:53] [javac-extractor-3236] Writing trap file for: org.apache.velocity.runtime.parser.node.ASTNENode 48.0-1290179700000 jar:file:///C:/Users/david/.m2/repository/org/apache/velocity/velocity/1.7/velocity-1.7.jar!/org/apache/velocity/runtime/parser/node/ASTNENode.class
[2022-01-17 03:56:53] [javac-extractor-3236] Writing trap file for: org.apache.velocity.runtime.parser.node.ASTEQNode 48.0-1290179700000 jar:file:///C:/Users/david/.m2/repository/org/apache/velocity/velocity/1.7/velocity-1.7.jar!/org/apache/velocity/runtime/parser/node/ASTEQNode.class
[2022-01-17 03:56:53] [javac-extractor-3236] Writing trap file for: org.apache.velocity.runtime.parser.node.ASTAndNode 48.0-1290179700000 jar:file:///C:/Users/david/.m2/repository/org/apache/velocity/velocity/1.7/velocity-1.7.jar!/org/apache/velocity/runtime/parser/node/ASTAndNode.class
[2022-01-17 03:56:53] [javac-extractor-3236] Writing trap file for: org.apache.velocity.runtime.parser.node.ASTOrNode 48.0-1290179700000 jar:file:///C:/Users/david/.m2/repository/org/apache/velocity/velocity/1.7/velocity-1.7.jar!/org/apache/velocity/runtime/parser/node/ASTOrNode.class
[2022-01-17 03:56:53] [javac-extractor-3236] Writing trap file for: org.apache.velocity.runtime.parser.node.ASTAssignment 48.0-1290179700000 jar:file:///C:/Users/david/.m2/repository/org/apache/velocity/velocity/1.7/velocity-1.7.jar!/org/apache/velocity/runtime/parser/node/ASTAssignment.class
[2022-01-17 03:56:53] [javac-extractor-3236] Writing trap file for: org.apache.velocity.runtime.parser.node.ASTExpression 48.0-1290179700000 jar:file:///C:/Users/david/.m2/repository/org/apache/velocity/velocity/1.7/velocity-1.7.jar!/org/apache/velocity/runtime/parser/node/ASTExpression.class
[2022-01-17 03:56:53] [javac-extractor-3236] Writing trap file for: org.apache.velocity.runtime.parser.node.ASTSetDirective 48.0-1290179700000 jar:file:///C:/Users/david/.m2/repository/org/apache/velocity/velocity/1.7/velocity-1.7.jar!/org/apache/velocity/runtime/parser/node/ASTSetDirective.class
[2022-01-17 03:56:53] [javac-extractor-3236] Writing trap file for: org.apache.velocity.runtime.parser.node.ASTElseIfStatement 48.0-1290179700000 jar:file:///C:/Users/david/.m2/repository/org/apache/velocity/velocity/1.7/velocity-1.7.jar!/org/apache/velocity/runtime/parser/node/ASTElseIfStatement.class
[2022-01-17 03:56:53] [javac-extractor-3236] Writing trap file for: org.apache.velocity.runtime.parser.node.ASTElseStatement 48.0-1290179700000 jar:file:///C:/Users/david/.m2/repository/org/apache/velocity/velocity/1.7/velocity-1.7.jar!/org/apache/velocity/runtime/parser/node/ASTElseStatement.class
[2022-01-17 03:56:53] [javac-extractor-3236] Writing trap file for: org.apache.velocity.runtime.parser.node.ASTIfStatement 48.0-1290179700000 jar:file:///C:/Users/david/.m2/repository/org/apache/velocity/velocity/1.7/velocity-1.7.jar!/org/apache/velocity/runtime/parser/node/ASTIfStatement.class
[2022-01-17 03:56:53] [javac-extractor-3236] Writing trap file for: org.apache.velocity.runtime.parser.node.ASTText 48.0-1290179700000 jar:file:///C:/Users/david/.m2/repository/org/apache/velocity/velocity/1.7/velocity-1.7.jar!/org/apache/velocity/runtime/parser/node/ASTText.class
[2022-01-17 03:56:53] [javac-extractor-3236] Writing trap file for: org.apache.velocity.runtime.parser.node.ASTFalse 48.0-1290179700000 jar:file:///C:/Users/david/.m2/repository/org/apache/velocity/velocity/1.7/velocity-1.7.jar!/org/apache/velocity/runtime/parser/node/ASTFalse.class
[2022-01-17 03:56:53] [javac-extractor-3236] Writing trap file for: org.apache.velocity.runtime.parser.node.ASTTrue 48.0-1290179700000 jar:file:///C:/Users/david/.m2/repository/org/apache/velocity/velocity/1.7/velocity-1.7.jar!/org/apache/velocity/runtime/parser/node/ASTTrue.class
[2022-01-17 03:56:53] [javac-extractor-3236] Writing trap file for: org.apache.velocity.runtime.parser.node.ASTReference 48.0-1290179700000 jar:file:///C:/Users/david/.m2/repository/org/apache/velocity/velocity/1.7/velocity-1.7.jar!/org/apache/velocity/runtime/parser/node/ASTReference.class
[2022-01-17 03:56:53] [javac-extractor-3236] Writing trap file for: org.apache.velocity.runtime.parser.node.ASTMethod 48.0-1290179700000 jar:file:///C:/Users/david/.m2/repository/org/apache/velocity/velocity/1.7/velocity-1.7.jar!/org/apache/velocity/runtime/parser/node/ASTMethod.class
[2022-01-17 03:56:53] [javac-extractor-3236] Writing trap file for: org.apache.velocity.runtime.parser.node.ASTIntegerRange 48.0-1290179700000 jar:file:///C:/Users/david/.m2/repository/org/apache/velocity/velocity/1.7/velocity-1.7.jar!/org/apache/velocity/runtime/parser/node/ASTIntegerRange.class
[2022-01-17 03:56:53] [javac-extractor-3236] Writing trap file for: org.apache.velocity.runtime.parser.node.ASTObjectArray 48.0-1290179700000 jar:file:///C:/Users/david/.m2/repository/org/apache/velocity/velocity/1.7/velocity-1.7.jar!/org/apache/velocity/runtime/parser/node/ASTObjectArray.class
[2022-01-17 03:56:53] [javac-extractor-3236] Writing trap file for: org.apache.velocity.runtime.parser.node.ASTMap 48.0-1290179700000 jar:file:///C:/Users/david/.m2/repository/org/apache/velocity/velocity/1.7/velocity-1.7.jar!/org/apache/velocity/runtime/parser/node/ASTMap.class
[2022-01-17 03:56:53] [javac-extractor-3236] Writing trap file for: org.apache.velocity.runtime.parser.node.ASTBlock 48.0-1290179700000 jar:file:///C:/Users/david/.m2/repository/org/apache/velocity/velocity/1.7/velocity-1.7.jar!/org/apache/velocity/runtime/parser/node/ASTBlock.class
[2022-01-17 03:56:53] [javac-extractor-3236] Writing trap file for: org.apache.velocity.runtime.parser.node.ASTDirective 48.0-1290179700000 jar:file:///C:/Users/david/.m2/repository/org/apache/velocity/velocity/1.7/velocity-1.7.jar!/org/apache/velocity/runtime/parser/node/ASTDirective.class
[2022-01-17 03:56:53] [javac-extractor-3236] Writing trap file for: org.apache.velocity.runtime.parser.node.ASTWord 48.0-1290179700000 jar:file:///C:/Users/david/.m2/repository/org/apache/velocity/velocity/1.7/velocity-1.7.jar!/org/apache/velocity/runtime/parser/node/ASTWord.class
[2022-01-17 03:56:53] [javac-extractor-3236] Writing trap file for: org.apache.velocity.runtime.parser.node.ASTIdentifier 48.0-1290179700000 jar:file:///C:/Users/david/.m2/repository/org/apache/velocity/velocity/1.7/velocity-1.7.jar!/org/apache/velocity/runtime/parser/node/ASTIdentifier.class
[2022-01-17 03:56:53] [javac-extractor-3236] Writing trap file for: org.apache.velocity.runtime.parser.node.ASTStringLiteral 48.0-1290179700000 jar:file:///C:/Users/david/.m2/repository/org/apache/velocity/velocity/1.7/velocity-1.7.jar!/org/apache/velocity/runtime/parser/node/ASTStringLiteral.class
[2022-01-17 03:56:53] [javac-extractor-3236] Writing trap file for: org.apache.velocity.runtime.parser.node.ASTIntegerLiteral 48.0-1290179700000 jar:file:///C:/Users/david/.m2/repository/org/apache/velocity/velocity/1.7/velocity-1.7.jar!/org/apache/velocity/runtime/parser/node/ASTIntegerLiteral.class
[2022-01-17 03:56:53] [javac-extractor-3236] Writing trap file for: org.apache.velocity.runtime.parser.node.ASTFloatingPointLiteral 48.0-1290179700000 jar:file:///C:/Users/david/.m2/repository/org/apache/velocity/velocity/1.7/velocity-1.7.jar!/org/apache/velocity/runtime/parser/node/ASTFloatingPointLiteral.class
[2022-01-17 03:56:53] [javac-extractor-3236] Writing trap file for: org.apache.velocity.runtime.parser.node.ASTComment 48.0-1290179700000 jar:file:///C:/Users/david/.m2/repository/org/apache/velocity/velocity/1.7/velocity-1.7.jar!/org/apache/velocity/runtime/parser/node/ASTComment.class
[2022-01-17 03:56:53] [javac-extractor-3236] Writing trap file for: org.apache.velocity.runtime.parser.node.ASTEscape 48.0-1290179700000 jar:file:///C:/Users/david/.m2/repository/org/apache/velocity/velocity/1.7/velocity-1.7.jar!/org/apache/velocity/runtime/parser/node/ASTEscape.class
[2022-01-17 03:56:53] [javac-extractor-3236] Writing trap file for: org.apache.velocity.runtime.parser.node.ASTEscapedDirective 48.0-1290179700000 jar:file:///C:/Users/david/.m2/repository/org/apache/velocity/velocity/1.7/velocity-1.7.jar!/org/apache/velocity/runtime/parser/node/ASTEscapedDirective.class
[2022-01-17 03:56:53] [javac-extractor-3236] Writing trap file for: org.apache.velocity.runtime.parser.node.ASTprocess 48.0-1290179700000 jar:file:///C:/Users/david/.m2/repository/org/apache/velocity/velocity/1.7/velocity-1.7.jar!/org/apache/velocity/runtime/parser/node/ASTprocess.class
[2022-01-17 03:56:53] [javac-extractor-3236] Writing trap file for: org.apache.velocity.runtime.parser.node.SimpleNode 48.0-1290179698000 jar:file:///C:/Users/david/.m2/repository/org/apache/velocity/velocity/1.7/velocity-1.7.jar!/org/apache/velocity/runtime/parser/node/SimpleNode.class
[2022-01-17 03:56:53] [javac-extractor-3236] Writing trap file for: org.apache.velocity.runtime.directive.Scope.Info 48.0-1290179698000 jar:file:///C:/Users/david/.m2/repository/org/apache/velocity/velocity/1.7/velocity-1.7.jar!/org/apache/velocity/runtime/directive/Scope$Info.class
[2022-01-17 03:56:53] [javac-extractor-3236] Writing trap file for: org.apache.velocity.runtime.RuntimeLogger 48.0-1290179698000 jar:file:///C:/Users/david/.m2/repository/org/apache/velocity/velocity/1.7/velocity-1.7.jar!/org/apache/velocity/runtime/RuntimeLogger.class
[2022-01-17 03:56:53] [javac-extractor-3236] Writing trap file for: org.apache.velocity.runtime.parser.Parser 48.0-1290179698000 jar:file:///C:/Users/david/.m2/repository/org/apache/velocity/velocity/1.7/velocity-1.7.jar!/org/apache/velocity/runtime/parser/Parser.class
[2022-01-17 03:56:53] [javac-extractor-3236] Writing trap file for: org.apache.velocity.util.introspection.Introspector 48.0-1290179698000 jar:file:///C:/Users/david/.m2/repository/org/apache/velocity/velocity/1.7/velocity-1.7.jar!/org/apache/velocity/util/introspection/Introspector.class
[2022-01-17 03:56:53] [javac-extractor-3236] Writing trap file for: org.apache.velocity.app.event.EventCartridge 48.0-1290179698000 jar:file:///C:/Users/david/.m2/repository/org/apache/velocity/velocity/1.7/velocity-1.7.jar!/org/apache/velocity/app/event/EventCartridge.class
[2022-01-17 03:56:53] [javac-extractor-3236] Writing trap file for: org.apache.velocity.util.introspection.Uberspect 48.0-1290179698000 jar:file:///C:/Users/david/.m2/repository/org/apache/velocity/velocity/1.7/velocity-1.7.jar!/org/apache/velocity/util/introspection/Uberspect.class
[2022-01-17 03:56:53] [javac-extractor-3236] Writing trap file for: org.apache.velocity.runtime.resource.ContentResource 48.0-1290179698000 jar:file:///C:/Users/david/.m2/repository/org/apache/velocity/velocity/1.7/velocity-1.7.jar!/org/apache/velocity/runtime/resource/ContentResource.class
[2022-01-17 03:56:53] [javac-extractor-3236] Writing trap file for: org.apache.velocity.util.introspection.IntrospectionCacheData 48.0-1290179700000 jar:file:///C:/Users/david/.m2/repository/org/apache/velocity/velocity/1.7/velocity-1.7.jar!/org/apache/velocity/util/introspection/IntrospectionCacheData.class
[2022-01-17 03:56:53] [javac-extractor-3236] Writing trap file for: org.apache.velocity.runtime.parser.node.ASTMathNode 48.0-1290179700000 jar:file:///C:/Users/david/.m2/repository/org/apache/velocity/velocity/1.7/velocity-1.7.jar!/org/apache/velocity/runtime/parser/node/ASTMathNode.class
[2022-01-17 03:56:53] [javac-extractor-3236] Writing trap file for: org.apache.velocity.runtime.parser.ParserTreeConstants 48.0-1290179698000 jar:file:///C:/Users/david/.m2/repository/org/apache/velocity/velocity/1.7/velocity-1.7.jar!/org/apache/velocity/runtime/parser/ParserTreeConstants.class
[2022-01-17 03:56:53] [javac-extractor-3236] Writing trap file for: org.apache.velocity.runtime.parser.ParserConstants 48.0-1290179698000 jar:file:///C:/Users/david/.m2/repository/org/apache/velocity/velocity/1.7/velocity-1.7.jar!/org/apache/velocity/runtime/parser/ParserConstants.class
[2022-01-17 03:56:53] [javac-extractor-3236] Writing trap file for: org.apache.velocity.runtime.parser.ParserTokenManager 48.0-1290179700000 jar:file:///C:/Users/david/.m2/repository/org/apache/velocity/velocity/1.7/velocity-1.7.jar!/org/apache/velocity/runtime/parser/ParserTokenManager.class
[2022-01-17 03:56:53] [javac-extractor-3236] Writing trap file for: org.apache.velocity.runtime.parser.CharStream 48.0-1290179698000 jar:file:///C:/Users/david/.m2/repository/org/apache/velocity/velocity/1.7/velocity-1.7.jar!/org/apache/velocity/runtime/parser/CharStream.class
[2022-01-17 03:56:53] [javac-extractor-3236] Writing trap file for: org.apache.velocity.runtime.parser.VelocityCharStream 48.0-1290179698000 jar:file:///C:/Users/david/.m2/repository/org/apache/velocity/velocity/1.7/velocity-1.7.jar!/org/apache/velocity/runtime/parser/VelocityCharStream.class
[2022-01-17 03:56:53] [javac-extractor-3236] Writing trap file for: org.apache.velocity.runtime.parser.JJTParserState 48.0-1290179698000 jar:file:///C:/Users/david/.m2/repository/org/apache/velocity/velocity/1.7/velocity-1.7.jar!/org/apache/velocity/runtime/parser/JJTParserState.class
[2022-01-17 03:56:53] [javac-extractor-3236] Writing trap file for: org.apache.velocity.util.introspection.IntrospectorBase 48.0-1290179698000 jar:file:///C:/Users/david/.m2/repository/org/apache/velocity/velocity/1.7/velocity-1.7.jar!/org/apache/velocity/util/introspection/IntrospectorBase.class
[2022-01-17 03:56:53] [javac-extractor-3236] Writing trap file for: org.apache.velocity.app.event.EventHandler 48.0-1290179698000 jar:file:///C:/Users/david/.m2/repository/org/apache/velocity/velocity/1.7/velocity-1.7.jar!/org/apache/velocity/app/event/EventHandler.class
[2022-01-17 03:56:53] [javac-extractor-3236] Writing trap file for: org.apache.velocity.app.event.InvalidReferenceEventHandler 48.0-1290179698000 jar:file:///C:/Users/david/.m2/repository/org/apache/velocity/velocity/1.7/velocity-1.7.jar!/org/apache/velocity/app/event/InvalidReferenceEventHandler.class
[2022-01-17 03:56:53] [javac-extractor-3236] Writing trap file for: org.apache.velocity.app.event.IncludeEventHandler 48.0-1290179698000 jar:file:///C:/Users/david/.m2/repository/org/apache/velocity/velocity/1.7/velocity-1.7.jar!/org/apache/velocity/app/event/IncludeEventHandler.class
[2022-01-17 03:56:53] [javac-extractor-3236] Writing trap file for: org.apache.velocity.app.event.MethodExceptionEventHandler 48.0-1290179698000 jar:file:///C:/Users/david/.m2/repository/org/apache/velocity/velocity/1.7/velocity-1.7.jar!/org/apache/velocity/app/event/MethodExceptionEventHandler.class
[2022-01-17 03:56:53] [javac-extractor-3236] Writing trap file for: org.apache.velocity.app.event.NullSetEventHandler 48.0-1290179698000 jar:file:///C:/Users/david/.m2/repository/org/apache/velocity/velocity/1.7/velocity-1.7.jar!/org/apache/velocity/app/event/NullSetEventHandler.class
[2022-01-17 03:56:53] [javac-extractor-3236] Writing trap file for: org.apache.velocity.app.event.ReferenceInsertionEventHandler 48.0-1290179698000 jar:file:///C:/Users/david/.m2/repository/org/apache/velocity/velocity/1.7/velocity-1.7.jar!/org/apache/velocity/app/event/ReferenceInsertionEventHandler.class
[2022-01-17 03:56:53] [javac-extractor-3236] Writing trap file for: org.apache.velocity.util.introspection.VelPropertySet 48.0-1290179698000 jar:file:///C:/Users/david/.m2/repository/org/apache/velocity/velocity/1.7/velocity-1.7.jar!/org/apache/velocity/util/introspection/VelPropertySet.class
[2022-01-17 03:56:53] [javac-extractor-3236] Writing trap file for: org.apache.velocity.util.introspection.VelPropertyGet 48.0-1290179698000 jar:file:///C:/Users/david/.m2/repository/org/apache/velocity/velocity/1.7/velocity-1.7.jar!/org/apache/velocity/util/introspection/VelPropertyGet.class
[2022-01-17 03:56:53] [javac-extractor-3236] Writing trap file for: org.apache.velocity.util.introspection.VelMethod 48.0-1290179698000 jar:file:///C:/Users/david/.m2/repository/org/apache/velocity/velocity/1.7/velocity-1.7.jar!/org/apache/velocity/util/introspection/VelMethod.class
[2022-01-17 03:56:53] [javac-extractor-3236] Writing trap file for: org.apache.velocity.util.introspection.IntrospectorCache 48.0-1290179698000 jar:file:///C:/Users/david/.m2/repository/org/apache/velocity/velocity/1.7/velocity-1.7.jar!/org/apache/velocity/util/introspection/IntrospectorCache.class
[2022-01-17 03:56:53] [javac-extractor-3236] Writing trap file for: org.apache.velocity.util.introspection.MethodMap.AmbiguousException 48.0-1290179698000 jar:file:///C:/Users/david/.m2/repository/org/apache/velocity/velocity/1.7/velocity-1.7.jar!/org/apache/velocity/util/introspection/MethodMap$AmbiguousException.class
[2022-01-17 03:56:53] [javac-extractor-3236] Writing trap file for: org.apache.velocity.util.introspection.ClassMap 48.0-1290179700000 jar:file:///C:/Users/david/.m2/repository/org/apache/velocity/velocity/1.7/velocity-1.7.jar!/org/apache/velocity/util/introspection/ClassMap.class
[2022-01-17 03:56:53] [javac-extractor-3236] Writing trap file for: org.apache.velocity.util.introspection.MethodMap 48.0-1290179698000 jar:file:///C:/Users/david/.m2/repository/org/apache/velocity/velocity/1.7/velocity-1.7.jar!/org/apache/velocity/util/introspection/MethodMap.class
[2022-01-17 03:56:53] [javac-extractor-3236] Processing JAR file: C:/Users/david/.m2/repository/com/sparkjava/spark-core/2.7.2/spark-core-2.7.2.jar
[2022-01-17 03:56:53] [javac-extractor-3236] Processing JAR file: C:/Users/david/.m2/repository/com/sparkjava/spark-template-velocity/2.7.1/spark-template-velocity-2.7.1.jar
[2022-01-17 03:56:53] [javac-extractor-3236] Processing JAR file: C:/Users/david/.m2/repository/org/apache/velocity/velocity/1.7/velocity-1.7.jar
[2022-01-17 03:56:53] [javac-extractor-3236] Processing JAR file: C:/Users/david/.m2/repository/commons-collections/commons-collections/3.2.1/commons-collections-3.2.1.jar
[2022-01-17 03:56:53] [javac-extractor-3236] Processing file C:\Users\david\Downloads\newts-1.5.2\newts-1.5.2\examples\gsod\src\main\java\org\opennms\newts\gsod\FileObservable.java
[2022-01-17 03:56:54] [javac-extractor-3236] Writing trap file for: java.nio.file.Files 55.0-1626867188000 jrt:/modules/java.base/java/nio/file/Files.class
[2022-01-17 03:56:54] [javac-extractor-3236] Writing trap file for: rx.Observable 50.0-1397713164000 jar:file:///C:/Users/david/.m2/repository/com/netflix/rxjava/rxjava-core/0.17.6/rxjava-core-0.17.6.jar!/rx/Observable.class
[2022-01-17 03:56:54] [javac-extractor-3236] Writing trap file for: rx.Observable.OnSubscribe 50.0-1397713164000 jar:file:///C:/Users/david/.m2/repository/com/netflix/rxjava/rxjava-core/0.17.6/rxjava-core-0.17.6.jar!/rx/Observable$OnSubscribe.class
[2022-01-17 03:56:54] [javac-extractor-3236] Writing trap file for: rx.Subscriber 50.0-1397713164000 jar:file:///C:/Users/david/.m2/repository/com/netflix/rxjava/rxjava-core/0.17.6/rxjava-core-0.17.6.jar!/rx/Subscriber.class
[2022-01-17 03:56:54] [javac-extractor-3236] Writing trap file for: rx.functions.Func1 50.0-1397713164000 jar:file:///C:/Users/david/.m2/repository/com/netflix/rxjava/rxjava-core/0.17.6/rxjava-core-0.17.6.jar!/rx/functions/Func1.class
[2022-01-17 03:56:54] [javac-extractor-3236] Writing trap file for: org.opennms.newts.gsod.FileObservable 0.0-1642402149078 file:///C:/Users/david/Downloads/newts-1.5.2/newts-1.5.2/examples/gsod/src/main/java/org/opennms/newts/gsod/FileObservable.java
[2022-01-17 03:56:54] [javac-extractor-3236] Writing trap file for: rx.functions.Action1 50.0-1397713164000 jar:file:///C:/Users/david/.m2/repository/com/netflix/rxjava/rxjava-core/0.17.6/rxjava-core-0.17.6.jar!/rx/functions/Action1.class
[2022-01-17 03:56:54] [javac-extractor-3236] Writing trap file for: rx.functions.Action 50.0-1397713164000 jar:file:///C:/Users/david/.m2/repository/com/netflix/rxjava/rxjava-core/0.17.6/rxjava-core-0.17.6.jar!/rx/functions/Action.class
[2022-01-17 03:56:54] [javac-extractor-3236] Writing trap file for: rx.Observer 50.0-1397713164000 jar:file:///C:/Users/david/.m2/repository/com/netflix/rxjava/rxjava-core/0.17.6/rxjava-core-0.17.6.jar!/rx/Observer.class
[2022-01-17 03:56:54] [javac-extractor-3236] Writing trap file for: rx.Subscription 50.0-1397713164000 jar:file:///C:/Users/david/.m2/repository/com/netflix/rxjava/rxjava-core/0.17.6/rxjava-core-0.17.6.jar!/rx/Subscription.class
[2022-01-17 03:56:54] [javac-extractor-3236] Writing trap file for: rx.functions.Function 50.0-1397713164000 jar:file:///C:/Users/david/.m2/repository/com/netflix/rxjava/rxjava-core/0.17.6/rxjava-core-0.17.6.jar!/rx/functions/Function.class
[2022-01-17 03:56:54] [javac-extractor-3236] Writing trap file for: rx.subscriptions.CompositeSubscription 50.0-1397713164000 jar:file:///C:/Users/david/.m2/repository/com/netflix/rxjava/rxjava-core/0.17.6/rxjava-core-0.17.6.jar!/rx/subscriptions/CompositeSubscription.class
[2022-01-17 03:56:54] [javac-extractor-3236] Writing trap file for: java.util.function.BiPredicate 55.0-1626867188000 jrt:/modules/java.base/java/util/function/BiPredicate.class
[2022-01-17 03:56:54] [javac-extractor-3236] Writing trap file for: java.nio.file.FileVisitOption 55.0-1626867188000 jrt:/modules/java.base/java/nio/file/FileVisitOption.class
[2022-01-17 03:56:54] [javac-extractor-3236] Writing trap file for: java.nio.file.attribute.PosixFilePermission 55.0-1626867188000 jrt:/modules/java.base/java/nio/file/attribute/PosixFilePermission.class
[2022-01-17 03:56:54] [javac-extractor-3236] Writing trap file for: rx.functions.Func2 50.0-1397713164000 jar:file:///C:/Users/david/.m2/repository/com/netflix/rxjava/rxjava-core/0.17.6/rxjava-core-0.17.6.jar!/rx/functions/Func2.class
[2022-01-17 03:56:54] [javac-extractor-3236] Writing trap file for: rx.Scheduler 50.0-1397713164000 jar:file:///C:/Users/david/.m2/repository/com/netflix/rxjava/rxjava-core/0.17.6/rxjava-core-0.17.6.jar!/rx/Scheduler.class
[2022-01-17 03:56:54] [javac-extractor-3236] Writing trap file for: rx.functions.Func0 50.0-1397713164000 jar:file:///C:/Users/david/.m2/repository/com/netflix/rxjava/rxjava-core/0.17.6/rxjava-core-0.17.6.jar!/rx/functions/Func0.class
[2022-01-17 03:56:54] [javac-extractor-3236] Writing trap file for: rx.observables.BlockingObservable 50.0-1397713166000 jar:file:///C:/Users/david/.m2/repository/com/netflix/rxjava/rxjava-core/0.17.6/rxjava-core-0.17.6.jar!/rx/observables/BlockingObservable.class
[2022-01-17 03:56:54] [javac-extractor-3236] Writing trap file for: rx.schedulers.Timestamped 50.0-1397713166000 jar:file:///C:/Users/david/.m2/repository/com/netflix/rxjava/rxjava-core/0.17.6/rxjava-core-0.17.6.jar!/rx/schedulers/Timestamped.class
[2022-01-17 03:56:54] [javac-extractor-3236] Writing trap file for: rx.schedulers.TimeInterval 50.0-1397713164000 jar:file:///C:/Users/david/.m2/repository/com/netflix/rxjava/rxjava-core/0.17.6/rxjava-core-0.17.6.jar!/rx/schedulers/TimeInterval.class
[2022-01-17 03:56:54] [javac-extractor-3236] Writing trap file for: rx.joins.Plan0 50.0-1397713164000 jar:file:///C:/Users/david/.m2/repository/com/netflix/rxjava/rxjava-core/0.17.6/rxjava-core-0.17.6.jar!/rx/joins/Plan0.class
[2022-01-17 03:56:54] [javac-extractor-3236] Writing trap file for: rx.functions.Action0 50.0-1397713164000 jar:file:///C:/Users/david/.m2/repository/com/netflix/rxjava/rxjava-core/0.17.6/rxjava-core-0.17.6.jar!/rx/functions/Action0.class
[2022-01-17 03:56:54] [javac-extractor-3236] Writing trap file for: rx.observables.ConnectableObservable 50.0-1397713164000 jar:file:///C:/Users/david/.m2/repository/com/netflix/rxjava/rxjava-core/0.17.6/rxjava-core-0.17.6.jar!/rx/observables/ConnectableObservable.class
[2022-01-17 03:56:54] [javac-extractor-3236] Writing trap file for: rx.exceptions.OnErrorThrowable 50.0-1397713164000 jar:file:///C:/Users/david/.m2/repository/com/netflix/rxjava/rxjava-core/0.17.6/rxjava-core-0.17.6.jar!/rx/exceptions/OnErrorThrowable.class
[2022-01-17 03:56:54] [javac-extractor-3236] Writing trap file for: rx.subjects.Subject 50.0-1397713164000 jar:file:///C:/Users/david/.m2/repository/com/netflix/rxjava/rxjava-core/0.17.6/rxjava-core-0.17.6.jar!/rx/subjects/Subject.class
[2022-01-17 03:56:54] [javac-extractor-3236] Writing trap file for: rx.Notification 50.0-1397713164000 jar:file:///C:/Users/david/.m2/repository/com/netflix/rxjava/rxjava-core/0.17.6/rxjava-core-0.17.6.jar!/rx/Notification.class
[2022-01-17 03:56:54] [javac-extractor-3236] Writing trap file for: rx.observables.GroupedObservable 50.0-1397713164000 jar:file:///C:/Users/david/.m2/repository/com/netflix/rxjava/rxjava-core/0.17.6/rxjava-core-0.17.6.jar!/rx/observables/GroupedObservable.class
[2022-01-17 03:56:54] [javac-extractor-3236] Writing trap file for: rx.functions.Action2 50.0-1397713164000 jar:file:///C:/Users/david/.m2/repository/com/netflix/rxjava/rxjava-core/0.17.6/rxjava-core-0.17.6.jar!/rx/functions/Action2.class
[2022-01-17 03:56:54] [javac-extractor-3236] Writing trap file for: rx.joins.Pattern2 50.0-1397713164000 jar:file:///C:/Users/david/.m2/repository/com/netflix/rxjava/rxjava-core/0.17.6/rxjava-core-0.17.6.jar!/rx/joins/Pattern2.class
[2022-01-17 03:56:54] [javac-extractor-3236] Writing trap file for: rx.joins.Pattern 50.0-1397713164000 jar:file:///C:/Users/david/.m2/repository/com/netflix/rxjava/rxjava-core/0.17.6/rxjava-core-0.17.6.jar!/rx/joins/Pattern.class
[2022-01-17 03:56:54] [javac-extractor-3236] Writing trap file for: rx.functions.Func9 50.0-1397713164000 jar:file:///C:/Users/david/.m2/repository/com/netflix/rxjava/rxjava-core/0.17.6/rxjava-core-0.17.6.jar!/rx/functions/Func9.class
[2022-01-17 03:56:54] [javac-extractor-3236] Writing trap file for: rx.functions.Func8 50.0-1397713164000 jar:file:///C:/Users/david/.m2/repository/com/netflix/rxjava/rxjava-core/0.17.6/rxjava-core-0.17.6.jar!/rx/functions/Func8.class
[2022-01-17 03:56:54] [javac-extractor-3236] Writing trap file for: rx.functions.Func7 50.0-1397713164000 jar:file:///C:/Users/david/.m2/repository/com/netflix/rxjava/rxjava-core/0.17.6/rxjava-core-0.17.6.jar!/rx/functions/Func7.class
[2022-01-17 03:56:54] [javac-extractor-3236] Writing trap file for: rx.functions.Func6 50.0-1397713164000 jar:file:///C:/Users/david/.m2/repository/com/netflix/rxjava/rxjava-core/0.17.6/rxjava-core-0.17.6.jar!/rx/functions/Func6.class
[2022-01-17 03:56:54] [javac-extractor-3236] Writing trap file for: rx.functions.Func5 50.0-1397713164000 jar:file:///C:/Users/david/.m2/repository/com/netflix/rxjava/rxjava-core/0.17.6/rxjava-core-0.17.6.jar!/rx/functions/Func5.class
[2022-01-17 03:56:54] [javac-extractor-3236] Writing trap file for: rx.functions.Func4 50.0-1397713164000 jar:file:///C:/Users/david/.m2/repository/com/netflix/rxjava/rxjava-core/0.17.6/rxjava-core-0.17.6.jar!/rx/functions/Func4.class
[2022-01-17 03:56:54] [javac-extractor-3236] Writing trap file for: rx.functions.Func3 50.0-1397713164000 jar:file:///C:/Users/david/.m2/repository/com/netflix/rxjava/rxjava-core/0.17.6/rxjava-core-0.17.6.jar!/rx/functions/Func3.class
[2022-01-17 03:56:54] [javac-extractor-3236] Writing trap file for: rx.functions.FuncN 50.0-1397713164000 jar:file:///C:/Users/david/.m2/repository/com/netflix/rxjava/rxjava-core/0.17.6/rxjava-core-0.17.6.jar!/rx/functions/FuncN.class
[2022-01-17 03:56:54] [javac-extractor-3236] Writing trap file for: rx.Observable.Operator 50.0-1397713164000 jar:file:///C:/Users/david/.m2/repository/com/netflix/rxjava/rxjava-core/0.17.6/rxjava-core-0.17.6.jar!/rx/Observable$Operator.class
[2022-01-17 03:56:54] [javac-extractor-3236] Writing trap file for: rx.Observable.OnSubscribeFunc 50.0-1397713164000 jar:file:///C:/Users/david/.m2/repository/com/netflix/rxjava/rxjava-core/0.17.6/rxjava-core-0.17.6.jar!/rx/Observable$OnSubscribeFunc.class
[2022-01-17 03:56:54] [javac-extractor-3236] Writing trap file for: rx.Scheduler.Recurse 50.0-1397713164000 jar:file:///C:/Users/david/.m2/repository/com/netflix/rxjava/rxjava-core/0.17.6/rxjava-core-0.17.6.jar!/rx/Scheduler$Recurse.class
[2022-01-17 03:56:54] [javac-extractor-3236] Writing trap file for: rx.Scheduler.Inner 50.0-1397713164000 jar:file:///C:/Users/david/.m2/repository/com/netflix/rxjava/rxjava-core/0.17.6/rxjava-core-0.17.6.jar!/rx/Scheduler$Inner.class
[2022-01-17 03:56:54] [javac-extractor-3236] Writing trap file for: rx.joins.JoinObserver1 50.0-1397713166000 jar:file:///C:/Users/david/.m2/repository/com/netflix/rxjava/rxjava-core/0.17.6/rxjava-core-0.17.6.jar!/rx/joins/JoinObserver1.class
[2022-01-17 03:56:54] [javac-extractor-3236] Writing trap file for: rx.joins.JoinObserver 50.0-1397713166000 jar:file:///C:/Users/david/.m2/repository/com/netflix/rxjava/rxjava-core/0.17.6/rxjava-core-0.17.6.jar!/rx/joins/JoinObserver.class
[2022-01-17 03:56:54] [javac-extractor-3236] Writing trap file for: rx.joins.ActivePlan0 50.0-1397713166000 jar:file:///C:/Users/david/.m2/repository/com/netflix/rxjava/rxjava-core/0.17.6/rxjava-core-0.17.6.jar!/rx/joins/ActivePlan0.class
[2022-01-17 03:56:54] [javac-extractor-3236] Writing trap file for: rx.Notification.Kind 50.0-1397713164000 jar:file:///C:/Users/david/.m2/repository/com/netflix/rxjava/rxjava-core/0.17.6/rxjava-core-0.17.6.jar!/rx/Notification$Kind.class
[2022-01-17 03:56:54] [javac-extractor-3236] Writing trap file for: rx.joins.Pattern3 50.0-1397713166000 jar:file:///C:/Users/david/.m2/repository/com/netflix/rxjava/rxjava-core/0.17.6/rxjava-core-0.17.6.jar!/rx/joins/Pattern3.class
[2022-01-17 03:56:54] [javac-extractor-3236] Processing JAR file: C:/Users/david/.m2/repository/com/netflix/rxjava/rxjava-core/0.17.6/rxjava-core-0.17.6.jar
[2022-01-17 03:56:54] [javac-extractor-3236] Processing file C:\Users\david\Downloads\newts-1.5.2\newts-1.5.2\examples\gsod\src\main\java\org\opennms\newts\gsod\ImportRunner.java
[2022-01-17 03:56:54] [javac-extractor-3236] Writing trap file for: rx.exceptions.Exceptions 50.0-1397713166000 jar:file:///C:/Users/david/.m2/repository/com/netflix/rxjava/rxjava-core/0.17.6/rxjava-core-0.17.6.jar!/rx/exceptions/Exceptions.class
[2022-01-17 03:56:54] [javac-extractor-3236] Writing trap file for: java.util.concurrent.CountDownLatch 55.0-1626867188000 jrt:/modules/java.base/java/util/concurrent/CountDownLatch.class
[2022-01-17 03:56:54] [javac-extractor-3236] Writing trap file for: java.util.concurrent.atomic.AtomicBoolean 55.0-1626867188000 jrt:/modules/java.base/java/util/concurrent/atomic/AtomicBoolean.class
[2022-01-17 03:56:54] [javac-extractor-3236] Writing trap file for: org.apache.http.entity.ContentType 49.0-1375128354000 jar:file:///C:/Users/david/.m2/repository/org/apache/httpcomponents/httpcore/4.3/httpcore-4.3.jar!/org/apache/http/entity/ContentType.class
[2022-01-17 03:56:54] [javac-extractor-3236] Writing trap file for: org.apache.http.impl.nio.client.CloseableHttpAsyncClient 49.0-1382464814000 jar:file:///C:/Users/david/.m2/repository/org/apache/httpcomponents/httpasyncclient/4.0/httpasyncclient-4.0.jar!/org/apache/http/impl/nio/client/CloseableHttpAsyncClient.class
[2022-01-17 03:56:54] [javac-extractor-3236] Writing trap file for: org.apache.http.impl.nio.client.HttpAsyncClients 49.0-1382464814000 jar:file:///C:/Users/david/.m2/repository/org/apache/httpcomponents/httpasyncclient/4.0/httpasyncclient-4.0.jar!/org/apache/http/impl/nio/client/HttpAsyncClients.class
[2022-01-17 03:56:54] [javac-extractor-3236] Writing trap file for: org.apache.http.nio.client.methods.HttpAsyncMethods 49.0-1382464814000 jar:file:///C:/Users/david/.m2/repository/org/apache/httpcomponents/httpasyncclient/4.0/httpasyncclient-4.0.jar!/org/apache/http/nio/client/methods/HttpAsyncMethods.class
[2022-01-17 03:56:54] [javac-extractor-3236] Writing trap file for: rx.apache.http.ObservableHttp 50.0-1397713470000 jar:file:///C:/Users/david/.m2/repository/com/netflix/rxjava/rxjava-apache-http/0.17.6/rxjava-apache-http-0.17.6.jar!/rx/apache/http/ObservableHttp.class
[2022-01-17 03:56:54] [javac-extractor-3236] Writing trap file for: rx.apache.http.ObservableHttpResponse 50.0-1397713470000 jar:file:///C:/Users/david/.m2/repository/com/netflix/rxjava/rxjava-apache-http/0.17.6/rxjava-apache-http-0.17.6.jar!/rx/apache/http/ObservableHttpResponse.class
[2022-01-17 03:56:54] [javac-extractor-3236] Writing trap file for: rx.functions.Functions 50.0-1397713164000 jar:file:///C:/Users/david/.m2/repository/com/netflix/rxjava/rxjava-core/0.17.6/rxjava-core-0.17.6.jar!/rx/functions/Functions.class
[2022-01-17 03:56:55] [javac-extractor-3236] Writing trap file for: rx.schedulers.Schedulers 50.0-1397713166000 jar:file:///C:/Users/david/.m2/repository/com/netflix/rxjava/rxjava-core/0.17.6/rxjava-core-0.17.6.jar!/rx/schedulers/Schedulers.class
[2022-01-17 03:56:55] [javac-extractor-3236] Writing trap file for: com.codahale.metrics.ConsoleReporter 50.0-1425684918000 jar:file:///C:/Users/david/.m2/repository/io/dropwizard/metrics/metrics-core/3.1.1/metrics-core-3.1.1.jar!/com/codahale/metrics/ConsoleReporter.class
[2022-01-17 03:56:55] [javac-extractor-3236] Writing trap file for: com.google.common.util.concurrent.MoreExecutors 50.0-1408988890000 jar:file:///C:/Users/david/.m2/repository/com/google/guava/guava/18.0/guava-18.0.jar!/com/google/common/util/concurrent/MoreExecutors.class
[2022-01-17 03:56:55] [javac-extractor-3236] Writing trap file for: org.opennms.newts.gsod.ImportRunner 0.0-1642402149169 file:///C:/Users/david/Downloads/newts-1.5.2/newts-1.5.2/examples/gsod/src/main/java/org/opennms/newts/gsod/ImportRunner.java
[2022-01-17 03:56:55] [javac-extractor-3236] Writing trap file for: com.codahale.metrics.ConsoleReporter.Builder 50.0-1425684918000 jar:file:///C:/Users/david/.m2/repository/io/dropwizard/metrics/metrics-core/3.1.1/metrics-core-3.1.1.jar!/com/codahale/metrics/ConsoleReporter$Builder.class
[2022-01-17 03:56:55] [javac-extractor-3236] Writing trap file for: java.lang.Math 55.0-1626867188000 jrt:/modules/java.base/java/lang/Math.class
[2022-01-17 03:56:55] [javac-extractor-3236] Writing trap file for: org.apache.http.StatusLine 49.0-1375128354000 jar:file:///C:/Users/david/.m2/repository/org/apache/httpcomponents/httpcore/4.3/httpcore-4.3.jar!/org/apache/http/StatusLine.class
[2022-01-17 03:56:55] [javac-extractor-3236] Writing trap file for: org.apache.http.HttpResponse 49.0-1375128354000 jar:file:///C:/Users/david/.m2/repository/org/apache/httpcomponents/httpcore/4.3/httpcore-4.3.jar!/org/apache/http/HttpResponse.class
[2022-01-17 03:56:55] [javac-extractor-3236] Writing trap file for: org.apache.http.nio.protocol.HttpAsyncRequestProducer 49.0-1375128436000 jar:file:///C:/Users/david/.m2/repository/org/apache/httpcomponents/httpcore-nio/4.3/httpcore-nio-4.3.jar!/org/apache/http/nio/protocol/HttpAsyncRequestProducer.class
[2022-01-17 03:56:55] [javac-extractor-3236] Writing trap file for: org.apache.http.nio.client.HttpAsyncClient 49.0-1382464814000 jar:file:///C:/Users/david/.m2/repository/org/apache/httpcomponents/httpasyncclient/4.0/httpasyncclient-4.0.jar!/org/apache/http/nio/client/HttpAsyncClient.class
[2022-01-17 03:56:55] [javac-extractor-3236] Writing trap file for: org.apache.http.protocol.HttpContext 49.0-1375128354000 jar:file:///C:/Users/david/.m2/repository/org/apache/httpcomponents/httpcore/4.3/httpcore-4.3.jar!/org/apache/http/protocol/HttpContext.class
[2022-01-17 03:56:55] [javac-extractor-3236] Writing trap file for: org.apache.http.annotation.Immutable 49.0-1375128354000 jar:file:///C:/Users/david/.m2/repository/org/apache/httpcomponents/httpcore/4.3/httpcore-4.3.jar!/org/apache/http/annotation/Immutable.class
[2022-01-17 03:56:55] [javac-extractor-3236] Writing trap file for: org.apache.http.HttpEntity 49.0-1375128354000 jar:file:///C:/Users/david/.m2/repository/org/apache/httpcomponents/httpcore/4.3/httpcore-4.3.jar!/org/apache/http/HttpEntity.class
[2022-01-17 03:56:55] [javac-extractor-3236] Writing trap file for: org.apache.http.ParseException 49.0-1375128354000 jar:file:///C:/Users/david/.m2/repository/org/apache/httpcomponents/httpcore/4.3/httpcore-4.3.jar!/org/apache/http/ParseException.class
[2022-01-17 03:56:55] [javac-extractor-3236] Writing trap file for: java.nio.charset.UnsupportedCharsetException 55.0-1626867188000 jrt:/modules/java.base/java/nio/charset/UnsupportedCharsetException.class
[2022-01-17 03:56:55] [javac-extractor-3236] Writing trap file for: org.apache.http.NameValuePair 49.0-1375128354000 jar:file:///C:/Users/david/.m2/repository/org/apache/httpcomponents/httpcore/4.3/httpcore-4.3.jar!/org/apache/http/NameValuePair.class
[2022-01-17 03:56:55] [javac-extractor-3236] Writing trap file for: org.apache.http.annotation.ThreadSafe 49.0-1375128354000 jar:file:///C:/Users/david/.m2/repository/org/apache/httpcomponents/httpcore/4.3/httpcore-4.3.jar!/org/apache/http/annotation/ThreadSafe.class
[2022-01-17 03:56:55] [javac-extractor-3236] Writing trap file for: org.apache.http.client.methods.HttpUriRequest 49.0-1378336914000 jar:file:///C:/Users/david/.m2/repository/org/apache/httpcomponents/httpclient/4.3/httpclient-4.3.jar!/org/apache/http/client/methods/HttpUriRequest.class
[2022-01-17 03:56:55] [javac-extractor-3236] Writing trap file for: org.apache.http.concurrent.FutureCallback 49.0-1375128354000 jar:file:///C:/Users/david/.m2/repository/org/apache/httpcomponents/httpcore/4.3/httpcore-4.3.jar!/org/apache/http/concurrent/FutureCallback.class
[2022-01-17 03:56:55] [javac-extractor-3236] Writing trap file for: org.apache.http.HttpHost 49.0-1375128354000 jar:file:///C:/Users/david/.m2/repository/org/apache/httpcomponents/httpcore/4.3/httpcore-4.3.jar!/org/apache/http/HttpHost.class
[2022-01-17 03:56:55] [javac-extractor-3236] Writing trap file for: org.apache.http.HttpRequest 49.0-1375128354000 jar:file:///C:/Users/david/.m2/repository/org/apache/httpcomponents/httpcore/4.3/httpcore-4.3.jar!/org/apache/http/HttpRequest.class
[2022-01-17 03:56:55] [javac-extractor-3236] Writing trap file for: org.apache.http.nio.protocol.HttpAsyncResponseConsumer 49.0-1375128436000 jar:file:///C:/Users/david/.m2/repository/org/apache/httpcomponents/httpcore-nio/4.3/httpcore-nio-4.3.jar!/org/apache/http/nio/protocol/HttpAsyncResponseConsumer.class
[2022-01-17 03:56:55] [javac-extractor-3236] Writing trap file for: org.apache.http.concurrent.Cancellable 49.0-1375128354000 jar:file:///C:/Users/david/.m2/repository/org/apache/httpcomponents/httpcore/4.3/httpcore-4.3.jar!/org/apache/http/concurrent/Cancellable.class
[2022-01-17 03:56:55] [javac-extractor-3236] Writing trap file for: org.apache.http.nio.conn.NHttpClientConnectionManager 49.0-1382464814000 jar:file:///C:/Users/david/.m2/repository/org/apache/httpcomponents/httpasyncclient/4.0/httpasyncclient-4.0.jar!/org/apache/http/nio/conn/NHttpClientConnectionManager.class
[2022-01-17 03:56:55] [javac-extractor-3236] Writing trap file for: org.apache.http.nio.reactor.ConnectingIOReactor 49.0-1375128436000 jar:file:///C:/Users/david/.m2/repository/org/apache/httpcomponents/httpcore-nio/4.3/httpcore-nio-4.3.jar!/org/apache/http/nio/reactor/ConnectingIOReactor.class
[2022-01-17 03:56:55] [javac-extractor-3236] Writing trap file for: org.apache.http.impl.nio.client.HttpAsyncClientBuilder 49.0-1382464814000 jar:file:///C:/Users/david/.m2/repository/org/apache/httpcomponents/httpasyncclient/4.0/httpasyncclient-4.0.jar!/org/apache/http/impl/nio/client/HttpAsyncClientBuilder.class
[2022-01-17 03:56:55] [javac-extractor-3236] Writing trap file for: rx.functions.Functions.NullFunction 50.0-1397713164000 jar:file:///C:/Users/david/.m2/repository/com/netflix/rxjava/rxjava-core/0.17.6/rxjava-core-0.17.6.jar!/rx/functions/Functions$NullFunction.class
[2022-01-17 03:56:55] [javac-extractor-3236] Writing trap file for: rx.functions.Action3 50.0-1397713166000 jar:file:///C:/Users/david/.m2/repository/com/netflix/rxjava/rxjava-core/0.17.6/rxjava-core-0.17.6.jar!/rx/functions/Action3.class
[2022-01-17 03:56:55] [javac-extractor-3236] Writing trap file for: rx.schedulers.TestScheduler 50.0-1397713166000 jar:file:///C:/Users/david/.m2/repository/com/netflix/rxjava/rxjava-core/0.17.6/rxjava-core-0.17.6.jar!/rx/schedulers/TestScheduler.class
[2022-01-17 03:56:55] [javac-extractor-3236] Writing trap file for: com.google.common.util.concurrent.ListeningScheduledExecutorService 50.0-1408988890000 jar:file:///C:/Users/david/.m2/repository/com/google/guava/guava/18.0/guava-18.0.jar!/com/google/common/util/concurrent/ListeningScheduledExecutorService.class
[2022-01-17 03:56:55] [javac-extractor-3236] Writing trap file for: java.util.concurrent.ScheduledThreadPoolExecutor 55.0-1626867188000 jrt:/modules/java.base/java/util/concurrent/ScheduledThreadPoolExecutor.class
[2022-01-17 03:56:55] [javac-extractor-3236] Writing trap file for: org.apache.http.ProtocolVersion 49.0-1375128354000 jar:file:///C:/Users/david/.m2/repository/org/apache/httpcomponents/httpcore/4.3/httpcore-4.3.jar!/org/apache/http/ProtocolVersion.class
[2022-01-17 03:56:55] [javac-extractor-3236] Writing trap file for: org.apache.http.HttpMessage 49.0-1375128354000 jar:file:///C:/Users/david/.m2/repository/org/apache/httpcomponents/httpcore/4.3/httpcore-4.3.jar!/org/apache/http/HttpMessage.class
[2022-01-17 03:56:55] [javac-extractor-3236] Writing trap file for: org.apache.http.nio.ContentEncoder 49.0-1375128436000 jar:file:///C:/Users/david/.m2/repository/org/apache/httpcomponents/httpcore-nio/4.3/httpcore-nio-4.3.jar!/org/apache/http/nio/ContentEncoder.class
[2022-01-17 03:56:55] [javac-extractor-3236] Writing trap file for: org.apache.http.nio.IOControl 49.0-1375128436000 jar:file:///C:/Users/david/.m2/repository/org/apache/httpcomponents/httpcore-nio/4.3/httpcore-nio-4.3.jar!/org/apache/http/nio/IOControl.class
[2022-01-17 03:56:55] [javac-extractor-3236] Writing trap file for: org.apache.http.HttpException 49.0-1375128354000 jar:file:///C:/Users/david/.m2/repository/org/apache/httpcomponents/httpcore/4.3/httpcore-4.3.jar!/org/apache/http/HttpException.class
[2022-01-17 03:56:55] [javac-extractor-3236] Writing trap file for: org.apache.http.Header 49.0-1375128354000 jar:file:///C:/Users/david/.m2/repository/org/apache/httpcomponents/httpcore/4.3/httpcore-4.3.jar!/org/apache/http/Header.class
[2022-01-17 03:56:55] [javac-extractor-3236] Writing trap file for: org.apache.http.RequestLine 49.0-1375128354000 jar:file:///C:/Users/david/.m2/repository/org/apache/httpcomponents/httpcore/4.3/httpcore-4.3.jar!/org/apache/http/RequestLine.class
[2022-01-17 03:56:55] [javac-extractor-3236] Writing trap file for: org.apache.http.nio.ContentDecoder 49.0-1375128436000 jar:file:///C:/Users/david/.m2/repository/org/apache/httpcomponents/httpcore-nio/4.3/httpcore-nio-4.3.jar!/org/apache/http/nio/ContentDecoder.class
[2022-01-17 03:56:55] [javac-extractor-3236] Writing trap file for: org.apache.http.nio.reactor.IOEventDispatch 49.0-1375128436000 jar:file:///C:/Users/david/.m2/repository/org/apache/httpcomponents/httpcore-nio/4.3/httpcore-nio-4.3.jar!/org/apache/http/nio/reactor/IOEventDispatch.class
[2022-01-17 03:56:55] [javac-extractor-3236] Writing trap file for: org.apache.http.nio.NHttpClientConnection 49.0-1375128436000 jar:file:///C:/Users/david/.m2/repository/org/apache/httpcomponents/httpcore-nio/4.3/httpcore-nio-4.3.jar!/org/apache/http/nio/NHttpClientConnection.class
[2022-01-17 03:56:55] [javac-extractor-3236] Writing trap file for: org.apache.http.conn.routing.HttpRoute 49.0-1378336914000 jar:file:///C:/Users/david/.m2/repository/org/apache/httpcomponents/httpclient/4.3/httpclient-4.3.jar!/org/apache/http/conn/routing/HttpRoute.class
[2022-01-17 03:56:55] [javac-extractor-3236] Writing trap file for: org.apache.http.nio.reactor.IOReactor 49.0-1375128436000 jar:file:///C:/Users/david/.m2/repository/org/apache/httpcomponents/httpcore-nio/4.3/httpcore-nio-4.3.jar!/org/apache/http/nio/reactor/IOReactor.class
[2022-01-17 03:56:55] [javac-extractor-3236] Writing trap file for: org.apache.http.nio.reactor.SessionRequestCallback 49.0-1375128436000 jar:file:///C:/Users/david/.m2/repository/org/apache/httpcomponents/httpcore-nio/4.3/httpcore-nio-4.3.jar!/org/apache/http/nio/reactor/SessionRequestCallback.class
[2022-01-17 03:56:55] [javac-extractor-3236] Writing trap file for: org.apache.http.nio.reactor.SessionRequest 49.0-1375128436000 jar:file:///C:/Users/david/.m2/repository/org/apache/httpcomponents/httpcore-nio/4.3/httpcore-nio-4.3.jar!/org/apache/http/nio/reactor/SessionRequest.class
[2022-01-17 03:56:55] [javac-extractor-3236] Writing trap file for: org.apache.http.annotation.NotThreadSafe 49.0-1375128354000 jar:file:///C:/Users/david/.m2/repository/org/apache/httpcomponents/httpcore/4.3/httpcore-4.3.jar!/org/apache/http/annotation/NotThreadSafe.class
[2022-01-17 03:56:55] [javac-extractor-3236] Writing trap file for: org.apache.http.client.config.RequestConfig 49.0-1378336914000 jar:file:///C:/Users/david/.m2/repository/org/apache/httpcomponents/httpclient/4.3/httpclient-4.3.jar!/org/apache/http/client/config/RequestConfig.class
[2022-01-17 03:56:55] [javac-extractor-3236] Writing trap file for: org.apache.http.config.ConnectionConfig 49.0-1375128354000 jar:file:///C:/Users/david/.m2/repository/org/apache/httpcomponents/httpcore/4.3/httpcore-4.3.jar!/org/apache/http/config/ConnectionConfig.class
[2022-01-17 03:56:55] [javac-extractor-3236] Writing trap file for: org.apache.http.impl.nio.reactor.IOReactorConfig 49.0-1375128436000 jar:file:///C:/Users/david/.m2/repository/org/apache/httpcomponents/httpcore-nio/4.3/httpcore-nio-4.3.jar!/org/apache/http/impl/nio/reactor/IOReactorConfig.class
[2022-01-17 03:56:55] [javac-extractor-3236] Writing trap file for: org.apache.http.conn.ssl.X509HostnameVerifier 49.0-1378336914000 jar:file:///C:/Users/david/.m2/repository/org/apache/httpcomponents/httpclient/4.3/httpclient-4.3.jar!/org/apache/http/conn/ssl/X509HostnameVerifier.class
[2022-01-17 03:56:55] [javac-extractor-3236] Writing trap file for: javax.net.ssl.SSLContext 55.0-1626867188000 jrt:/modules/java.base/javax/net/ssl/SSLContext.class
[2022-01-17 03:56:55] [javac-extractor-3236] Writing trap file for: org.apache.http.nio.conn.SchemeIOSessionStrategy 49.0-1382464814000 jar:file:///C:/Users/david/.m2/repository/org/apache/httpcomponents/httpasyncclient/4.0/httpasyncclient-4.0.jar!/org/apache/http/nio/conn/SchemeIOSessionStrategy.class
[2022-01-17 03:56:55] [javac-extractor-3236] Writing trap file for: org.apache.http.cookie.CookieSpecProvider 49.0-1378336914000 jar:file:///C:/Users/david/.m2/repository/org/apache/httpcomponents/httpclient/4.3/httpclient-4.3.jar!/org/apache/http/cookie/CookieSpecProvider.class
[2022-01-17 03:56:55] [javac-extractor-3236] Writing trap file for: org.apache.http.config.Lookup 49.0-1375128354000 jar:file:///C:/Users/david/.m2/repository/org/apache/httpcomponents/httpcore/4.3/httpcore-4.3.jar!/org/apache/http/config/Lookup.class
[2022-01-17 03:56:55] [javac-extractor-3236] Writing trap file for: org.apache.http.auth.AuthSchemeProvider 49.0-1378336914000 jar:file:///C:/Users/david/.m2/repository/org/apache/httpcomponents/httpclient/4.3/httpclient-4.3.jar!/org/apache/http/auth/AuthSchemeProvider.class
[2022-01-17 03:56:55] [javac-extractor-3236] Writing trap file for: org.apache.http.client.CredentialsProvider 49.0-1378336914000 jar:file:///C:/Users/david/.m2/repository/org/apache/httpcomponents/httpclient/4.3/httpclient-4.3.jar!/org/apache/http/client/CredentialsProvider.class
[2022-01-17 03:56:55] [javac-extractor-3236] Writing trap file for: org.apache.http.client.CookieStore 49.0-1378336914000 jar:file:///C:/Users/david/.m2/repository/org/apache/httpcomponents/httpclient/4.3/httpclient-4.3.jar!/org/apache/http/client/CookieStore.class
[2022-01-17 03:56:55] [javac-extractor-3236] Writing trap file for: org.apache.http.client.RedirectStrategy 49.0-1378336914000 jar:file:///C:/Users/david/.m2/repository/org/apache/httpcomponents/httpclient/4.3/httpclient-4.3.jar!/org/apache/http/client/RedirectStrategy.class
[2022-01-17 03:56:55] [javac-extractor-3236] Writing trap file for: org.apache.http.conn.routing.HttpRoutePlanner 49.0-1378336914000 jar:file:///C:/Users/david/.m2/repository/org/apache/httpcomponents/httpclient/4.3/httpclient-4.3.jar!/org/apache/http/conn/routing/HttpRoutePlanner.class
[2022-01-17 03:56:55] [javac-extractor-3236] Writing trap file for: org.apache.http.HttpRequestInterceptor 49.0-1375128354000 jar:file:///C:/Users/david/.m2/repository/org/apache/httpcomponents/httpcore/4.3/httpcore-4.3.jar!/org/apache/http/HttpRequestInterceptor.class
[2022-01-17 03:56:55] [javac-extractor-3236] Writing trap file for: org.apache.http.HttpResponseInterceptor 49.0-1375128354000 jar:file:///C:/Users/david/.m2/repository/org/apache/httpcomponents/httpcore/4.3/httpcore-4.3.jar!/org/apache/http/HttpResponseInterceptor.class
[2022-01-17 03:56:55] [javac-extractor-3236] Writing trap file for: org.apache.http.protocol.HttpProcessor 49.0-1375128354000 jar:file:///C:/Users/david/.m2/repository/org/apache/httpcomponents/httpcore/4.3/httpcore-4.3.jar!/org/apache/http/protocol/HttpProcessor.class
[2022-01-17 03:56:55] [javac-extractor-3236] Writing trap file for: org.apache.http.client.AuthenticationStrategy 49.0-1378336914000 jar:file:///C:/Users/david/.m2/repository/org/apache/httpcomponents/httpclient/4.3/httpclient-4.3.jar!/org/apache/http/client/AuthenticationStrategy.class
[2022-01-17 03:56:55] [javac-extractor-3236] Writing trap file for: org.apache.http.client.UserTokenHandler 49.0-1378336914000 jar:file:///C:/Users/david/.m2/repository/org/apache/httpcomponents/httpclient/4.3/httpclient-4.3.jar!/org/apache/http/client/UserTokenHandler.class
[2022-01-17 03:56:55] [javac-extractor-3236] Writing trap file for: org.apache.http.conn.ConnectionKeepAliveStrategy 49.0-1378336914000 jar:file:///C:/Users/david/.m2/repository/org/apache/httpcomponents/httpclient/4.3/httpclient-4.3.jar!/org/apache/http/conn/ConnectionKeepAliveStrategy.class
[2022-01-17 03:56:55] [javac-extractor-3236] Writing trap file for: org.apache.http.ConnectionReuseStrategy 49.0-1375128354000 jar:file:///C:/Users/david/.m2/repository/org/apache/httpcomponents/httpcore/4.3/httpcore-4.3.jar!/org/apache/http/ConnectionReuseStrategy.class
[2022-01-17 03:56:55] [javac-extractor-3236] Writing trap file for: org.apache.http.conn.SchemePortResolver 49.0-1378336914000 jar:file:///C:/Users/david/.m2/repository/org/apache/httpcomponents/httpclient/4.3/httpclient-4.3.jar!/org/apache/http/conn/SchemePortResolver.class
[2022-01-17 03:56:55] [javac-extractor-3236] Writing trap file for: com.google.common.util.concurrent.ListenableScheduledFuture 50.0-1408988890000 jar:file:///C:/Users/david/.m2/repository/com/google/guava/guava/18.0/guava-18.0.jar!/com/google/common/util/concurrent/ListenableScheduledFuture.class
[2022-01-17 03:56:55] [javac-extractor-3236] Writing trap file for: java.util.concurrent.RunnableScheduledFuture 55.0-1626867188000 jrt:/modules/java.base/java/util/concurrent/RunnableScheduledFuture.class
[2022-01-17 03:56:55] [javac-extractor-3236] Writing trap file for: org.apache.http.params.HttpParams 49.0-1375128354000 jar:file:///C:/Users/david/.m2/repository/org/apache/httpcomponents/httpcore/4.3/httpcore-4.3.jar!/org/apache/http/params/HttpParams.class
[2022-01-17 03:56:55] [javac-extractor-3236] Writing trap file for: org.apache.http.HeaderIterator 49.0-1375128354000 jar:file:///C:/Users/david/.m2/repository/org/apache/httpcomponents/httpcore/4.3/httpcore-4.3.jar!/org/apache/http/HeaderIterator.class
[2022-01-17 03:56:55] [javac-extractor-3236] Writing trap file for: org.apache.http.HeaderElement 49.0-1375128354000 jar:file:///C:/Users/david/.m2/repository/org/apache/httpcomponents/httpcore/4.3/httpcore-4.3.jar!/org/apache/http/HeaderElement.class
[2022-01-17 03:56:55] [javac-extractor-3236] Writing trap file for: org.apache.http.nio.reactor.IOSession 49.0-1375128436000 jar:file:///C:/Users/david/.m2/repository/org/apache/httpcomponents/httpcore-nio/4.3/httpcore-nio-4.3.jar!/org/apache/http/nio/reactor/IOSession.class
[2022-01-17 03:56:55] [javac-extractor-3236] Writing trap file for: org.apache.http.nio.NHttpConnection 49.0-1375128436000 jar:file:///C:/Users/david/.m2/repository/org/apache/httpcomponents/httpcore-nio/4.3/httpcore-nio-4.3.jar!/org/apache/http/nio/NHttpConnection.class
[2022-01-17 03:56:55] [javac-extractor-3236] Writing trap file for: org.apache.http.conn.routing.RouteInfo 49.0-1378336914000 jar:file:///C:/Users/david/.m2/repository/org/apache/httpcomponents/httpclient/4.3/httpclient-4.3.jar!/org/apache/http/conn/routing/RouteInfo.class
[2022-01-17 03:56:55] [javac-extractor-3236] Writing trap file for: org.apache.http.conn.routing.RouteInfo.LayerType 49.0-1378336914000 jar:file:///C:/Users/david/.m2/repository/org/apache/httpcomponents/httpclient/4.3/httpclient-4.3.jar!/org/apache/http/conn/routing/RouteInfo$LayerType.class
[2022-01-17 03:56:55] [javac-extractor-3236] Writing trap file for: org.apache.http.conn.routing.RouteInfo.TunnelType 49.0-1378336914000 jar:file:///C:/Users/david/.m2/repository/org/apache/httpcomponents/httpclient/4.3/httpclient-4.3.jar!/org/apache/http/conn/routing/RouteInfo$TunnelType.class
[2022-01-17 03:56:55] [javac-extractor-3236] Writing trap file for: org.apache.http.nio.reactor.IOReactorStatus 49.0-1375128436000 jar:file:///C:/Users/david/.m2/repository/org/apache/httpcomponents/httpcore-nio/4.3/httpcore-nio-4.3.jar!/org/apache/http/nio/reactor/IOReactorStatus.class
[2022-01-17 03:56:55] [javac-extractor-3236] Writing trap file for: org.apache.http.client.config.RequestConfig.Builder 49.0-1378336914000 jar:file:///C:/Users/david/.m2/repository/org/apache/httpcomponents/httpclient/4.3/httpclient-4.3.jar!/org/apache/http/client/config/RequestConfig$Builder.class
[2022-01-17 03:56:55] [javac-extractor-3236] Writing trap file for: org.apache.http.config.ConnectionConfig.Builder 49.0-1375128354000 jar:file:///C:/Users/david/.m2/repository/org/apache/httpcomponents/httpcore/4.3/httpcore-4.3.jar!/org/apache/http/config/ConnectionConfig$Builder.class
[2022-01-17 03:56:55] [javac-extractor-3236] Writing trap file for: org.apache.http.config.MessageConstraints 49.0-1375128354000 jar:file:///C:/Users/david/.m2/repository/org/apache/httpcomponents/httpcore/4.3/httpcore-4.3.jar!/org/apache/http/config/MessageConstraints.class
[2022-01-17 03:56:55] [javac-extractor-3236] Writing trap file for: org.apache.http.impl.nio.reactor.IOReactorConfig.Builder 49.0-1375128436000 jar:file:///C:/Users/david/.m2/repository/org/apache/httpcomponents/httpcore-nio/4.3/httpcore-nio-4.3.jar!/org/apache/http/impl/nio/reactor/IOReactorConfig$Builder.class
[2022-01-17 03:56:55] [javac-extractor-3236] Writing trap file for: javax.net.ssl.HostnameVerifier 55.0-1626867188000 jrt:/modules/java.base/javax/net/ssl/HostnameVerifier.class
[2022-01-17 03:56:55] [javac-extractor-3236] Writing trap file for: java.security.cert.X509Certificate 55.0-1626867188000 jrt:/modules/java.base/java/security/cert/X509Certificate.class
[2022-01-17 03:56:55] [javac-extractor-3236] Writing trap file for: javax.net.ssl.SSLSocket 55.0-1626867188000 jrt:/modules/java.base/javax/net/ssl/SSLSocket.class
[2022-01-17 03:56:55] [javac-extractor-3236] Writing trap file for: javax.net.ssl.SSLServerSocketFactory 55.0-1626867188000 jrt:/modules/java.base/javax/net/ssl/SSLServerSocketFactory.class
[2022-01-17 03:56:55] [javac-extractor-3236] Writing trap file for: javax.net.ssl.SSLSocketFactory 55.0-1626867188000 jrt:/modules/java.base/javax/net/ssl/SSLSocketFactory.class
[2022-01-17 03:56:55] [javac-extractor-3236] Writing trap file for: javax.net.ssl.KeyManager 55.0-1626867188000 jrt:/modules/java.base/javax/net/ssl/KeyManager.class
[2022-01-17 03:56:55] [javac-extractor-3236] Writing trap file for: javax.net.ssl.TrustManager 55.0-1626867188000 jrt:/modules/java.base/javax/net/ssl/TrustManager.class
[2022-01-17 03:56:55] [javac-extractor-3236] Writing trap file for: java.security.SecureRandom 55.0-1626867188000 jrt:/modules/java.base/java/security/SecureRandom.class
[2022-01-17 03:56:55] [javac-extractor-3236] Writing trap file for: java.security.KeyManagementException 55.0-1626867188000 jrt:/modules/java.base/java/security/KeyManagementException.class
[2022-01-17 03:56:55] [javac-extractor-3236] Writing trap file for: javax.net.ssl.SSLContextSpi 55.0-1626867188000 jrt:/modules/java.base/javax/net/ssl/SSLContextSpi.class
[2022-01-17 03:56:55] [javac-extractor-3236] Writing trap file for: org.apache.http.cookie.CookieSpec 49.0-1378336914000 jar:file:///C:/Users/david/.m2/repository/org/apache/httpcomponents/httpclient/4.3/httpclient-4.3.jar!/org/apache/http/cookie/CookieSpec.class
[2022-01-17 03:56:55] [javac-extractor-3236] Writing trap file for: org.apache.http.auth.AuthScheme 49.0-1378336914000 jar:file:///C:/Users/david/.m2/repository/org/apache/httpcomponents/httpclient/4.3/httpclient-4.3.jar!/org/apache/http/auth/AuthScheme.class
[2022-01-17 03:56:55] [javac-extractor-3236] Writing trap file for: org.apache.http.auth.AuthScope 49.0-1378336914000 jar:file:///C:/Users/david/.m2/repository/org/apache/httpcomponents/httpclient/4.3/httpclient-4.3.jar!/org/apache/http/auth/AuthScope.class
[2022-01-17 03:56:55] [javac-extractor-3236] Writing trap file for: org.apache.http.auth.Credentials 49.0-1378336914000 jar:file:///C:/Users/david/.m2/repository/org/apache/httpcomponents/httpclient/4.3/httpclient-4.3.jar!/org/apache/http/auth/Credentials.class
[2022-01-17 03:56:55] [javac-extractor-3236] Writing trap file for: org.apache.http.cookie.Cookie 49.0-1378336914000 jar:file:///C:/Users/david/.m2/repository/org/apache/httpcomponents/httpclient/4.3/httpclient-4.3.jar!/org/apache/http/cookie/Cookie.class
[2022-01-17 03:56:55] [javac-extractor-3236] Writing trap file for: org.apache.http.ProtocolException 49.0-1375128354000 jar:file:///C:/Users/david/.m2/repository/org/apache/httpcomponents/httpcore/4.3/httpcore-4.3.jar!/org/apache/http/ProtocolException.class
[2022-01-17 03:56:55] [javac-extractor-3236] Writing trap file for: org.apache.http.auth.AuthOption 49.0-1378336914000 jar:file:///C:/Users/david/.m2/repository/org/apache/httpcomponents/httpclient/4.3/httpclient-4.3.jar!/org/apache/http/auth/AuthOption.class
[2022-01-17 03:56:55] [javac-extractor-3236] Writing trap file for: org.apache.http.auth.MalformedChallengeException 49.0-1378336914000 jar:file:///C:/Users/david/.m2/repository/org/apache/httpcomponents/httpclient/4.3/httpclient-4.3.jar!/org/apache/http/auth/MalformedChallengeException.class
[2022-01-17 03:56:55] [javac-extractor-3236] Writing trap file for: org.apache.http.conn.UnsupportedSchemeException 49.0-1378336914000 jar:file:///C:/Users/david/.m2/repository/org/apache/httpcomponents/httpclient/4.3/httpclient-4.3.jar!/org/apache/http/conn/UnsupportedSchemeException.class
[2022-01-17 03:56:55] [javac-extractor-3236] Writing trap file for: org.apache.http.nio.reactor.SessionBufferStatus 49.0-1375128436000 jar:file:///C:/Users/david/.m2/repository/org/apache/httpcomponents/httpcore-nio/4.3/httpcore-nio-4.3.jar!/org/apache/http/nio/reactor/SessionBufferStatus.class
[2022-01-17 03:56:55] [javac-extractor-3236] Writing trap file for: org.apache.http.HttpConnection 49.0-1375128354000 jar:file:///C:/Users/david/.m2/repository/org/apache/httpcomponents/httpcore/4.3/httpcore-4.3.jar!/org/apache/http/HttpConnection.class
[2022-01-17 03:56:55] [javac-extractor-3236] Writing trap file for: org.apache.http.config.MessageConstraints.Builder 49.0-1375128354000 jar:file:///C:/Users/david/.m2/repository/org/apache/httpcomponents/httpcore/4.3/httpcore-4.3.jar!/org/apache/http/config/MessageConstraints$Builder.class
[2022-01-17 03:56:55] [javac-extractor-3236] Writing trap file for: java.security.cert.X509Extension 55.0-1626867188000 jrt:/modules/java.base/java/security/cert/X509Extension.class
[2022-01-17 03:56:55] [javac-extractor-3236] Writing trap file for: java.security.cert.CertificateParsingException 55.0-1626867188000 jrt:/modules/java.base/java/security/cert/CertificateParsingException.class
[2022-01-17 03:56:55] [javac-extractor-3236] Writing trap file for: javax.security.auth.x500.X500Principal 55.0-1626867188000 jrt:/modules/java.base/javax/security/auth/x500/X500Principal.class
[2022-01-17 03:56:56] [javac-extractor-3236] Writing trap file for: java.security.cert.CertificateExpiredException 55.0-1626867188000 jrt:/modules/java.base/java/security/cert/CertificateExpiredException.class
[2022-01-17 03:56:56] [javac-extractor-3236] Writing trap file for: java.security.cert.CertificateNotYetValidException 55.0-1626867188000 jrt:/modules/java.base/java/security/cert/CertificateNotYetValidException.class
[2022-01-17 03:56:56] [javac-extractor-3236] Writing trap file for: javax.net.ssl.HandshakeCompletedListener 55.0-1626867188000 jrt:/modules/java.base/javax/net/ssl/HandshakeCompletedListener.class
[2022-01-17 03:56:56] [javac-extractor-3236] Writing trap file for: javax.net.ServerSocketFactory 55.0-1626867188000 jrt:/modules/java.base/javax/net/ServerSocketFactory.class
[2022-01-17 03:56:56] [javac-extractor-3236] Writing trap file for: javax.net.SocketFactory 55.0-1626867188000 jrt:/modules/java.base/javax/net/SocketFactory.class
[2022-01-17 03:56:56] [javac-extractor-3236] Writing trap file for: java.security.SecureRandomParameters 55.0-1626867188000 jrt:/modules/java.base/java/security/SecureRandomParameters.class
[2022-01-17 03:56:56] [javac-extractor-3236] Writing trap file for: java.security.SecureRandomSpi 55.0-1626867188000 jrt:/modules/java.base/java/security/SecureRandomSpi.class
[2022-01-17 03:56:56] [javac-extractor-3236] Writing trap file for: org.apache.http.cookie.CookieOrigin 49.0-1378336914000 jar:file:///C:/Users/david/.m2/repository/org/apache/httpcomponents/httpclient/4.3/httpclient-4.3.jar!/org/apache/http/cookie/CookieOrigin.class
[2022-01-17 03:56:56] [javac-extractor-3236] Writing trap file for: org.apache.http.cookie.MalformedCookieException 49.0-1378336914000 jar:file:///C:/Users/david/.m2/repository/org/apache/httpcomponents/httpclient/4.3/httpclient-4.3.jar!/org/apache/http/cookie/MalformedCookieException.class
[2022-01-17 03:56:56] [javac-extractor-3236] Writing trap file for: org.apache.http.auth.AuthenticationException 49.0-1378336914000 jar:file:///C:/Users/david/.m2/repository/org/apache/httpcomponents/httpclient/4.3/httpclient-4.3.jar!/org/apache/http/auth/AuthenticationException.class
[2022-01-17 03:56:56] [javac-extractor-3236] Writing trap file for: org.apache.http.HttpConnectionMetrics 49.0-1375128354000 jar:file:///C:/Users/david/.m2/repository/org/apache/httpcomponents/httpcore/4.3/httpcore-4.3.jar!/org/apache/http/HttpConnectionMetrics.class
[2022-01-17 03:56:56] [javac-extractor-3236] Writing trap file for: sun.security.x509.X500Name 55.0-1626867188000 jrt:/modules/java.base/sun/security/x509/X500Name.class
[2022-01-17 03:56:56] [javac-extractor-3236] Writing trap file for: javax.net.ssl.HandshakeCompletedEvent 55.0-1626867188000 jrt:/modules/java.base/javax/net/ssl/HandshakeCompletedEvent.class
[2022-01-17 03:56:56] [javac-extractor-3236] Writing trap file for: sun.security.x509.GeneralNameInterface 55.0-1626867188000 jrt:/modules/java.base/sun/security/x509/GeneralNameInterface.class
[2022-01-17 03:56:56] [javac-extractor-3236] Writing trap file for: sun.security.util.DerOutputStream 55.0-1626867188000 jrt:/modules/java.base/sun/security/util/DerOutputStream.class
[2022-01-17 03:56:56] [javac-extractor-3236] Writing trap file for: sun.security.util.ObjectIdentifier 55.0-1626867188000 jrt:/modules/java.base/sun/security/util/ObjectIdentifier.class
[2022-01-17 03:56:56] [javac-extractor-3236] Writing trap file for: sun.security.util.DerValue 55.0-1626867188000 jrt:/modules/java.base/sun/security/util/DerValue.class
[2022-01-17 03:56:56] [javac-extractor-3236] Writing trap file for: sun.security.x509.AVA 55.0-1626867188000 jrt:/modules/java.base/sun/security/x509/AVA.class
[2022-01-17 03:56:56] [javac-extractor-3236] Writing trap file for: sun.security.x509.RDN 55.0-1626867188000 jrt:/modules/java.base/sun/security/x509/RDN.class
[2022-01-17 03:56:56] [javac-extractor-3236] Writing trap file for: sun.security.util.DerInputStream 55.0-1626867188000 jrt:/modules/java.base/sun/security/util/DerInputStream.class
[2022-01-17 03:56:56] [javac-extractor-3236] Writing trap file for: sun.security.util.DerEncoder 55.0-1626867188000 jrt:/modules/java.base/sun/security/util/DerEncoder.class
[2022-01-17 03:56:56] [javac-extractor-3236] Writing trap file for: sun.security.util.BitArray 55.0-1626867188000 jrt:/modules/java.base/sun/security/util/BitArray.class
[2022-01-17 03:56:56] [javac-extractor-3236] Writing trap file for: sun.security.util.DerInputBuffer 55.0-1626867188000 jrt:/modules/java.base/sun/security/util/DerInputBuffer.class
[2022-01-17 03:56:56] [javac-extractor-3236] Writing trap file for: java.io.ByteArrayInputStream 55.0-1626867188000 jrt:/modules/java.base/java/io/ByteArrayInputStream.class
[2022-01-17 03:56:56] [javac-extractor-3236] Processing JAR file: C:/Users/david/.m2/repository/com/netflix/rxjava/rxjava-apache-http/0.17.6/rxjava-apache-http-0.17.6.jar
[2022-01-17 03:56:56] [javac-extractor-3236] Processing JAR file: C:/Users/david/.m2/repository/org/apache/httpcomponents/httpcore/4.3/httpcore-4.3.jar
[2022-01-17 03:56:56] [javac-extractor-3236] Processing JAR file: C:/Users/david/.m2/repository/org/apache/httpcomponents/httpasyncclient/4.0/httpasyncclient-4.0.jar
[2022-01-17 03:56:56] [javac-extractor-3236] Processing JAR file: C:/Users/david/.m2/repository/org/apache/httpcomponents/httpcore-nio/4.3/httpcore-nio-4.3.jar
[2022-01-17 03:56:56] [javac-extractor-3236] Processing JAR file: C:/Users/david/.m2/repository/org/apache/httpcomponents/httpclient/4.3/httpclient-4.3.jar
[2022-01-17 03:56:56] [javac-extractor-3236] Processing file C:\Users\david\Downloads\newts-1.5.2\newts-1.5.2\examples\gsod\src\main\java\org\opennms\newts\gsod\Config.java
[2022-01-17 03:56:56] [javac-extractor-3236] Processing file C:\Users\david\Downloads\newts-1.5.2\newts-1.5.2\examples\gsod\src\main\java\org\opennms\newts\gsod\FileImport.java
[2022-01-17 03:56:56] [javac-extractor-3236] Processing file C:\Users\david\Downloads\newts-1.5.2\newts-1.5.2\examples\gsod\src\main\java\org\opennms\newts\gsod\MergeSort.java
[2022-01-17 03:56:56] [javac-extractor-3236] Writing trap file for: java.io.BufferedOutputStream 55.0-1626867188000 jrt:/modules/java.base/java/io/BufferedOutputStream.class
[2022-01-17 03:56:56] [javac-extractor-3236] Writing trap file for: java.io.FileOutputStream 55.0-1626867188000 jrt:/modules/java.base/java/io/FileOutputStream.class
[2022-01-17 03:56:56] [javac-extractor-3236] Writing trap file for: java.util.zip.GZIPOutputStream 55.0-1626867188000 jrt:/modules/java.base/java/util/zip/GZIPOutputStream.class
[2022-01-17 03:56:56] [javac-extractor-3236] Writing trap file for: org.kohsuke.args4j.spi.MethodSetter 49.0-1427070262000 jar:file:///C:/Users/david/.m2/repository/args4j/args4j/2.32/args4j-2.32.jar!/org/kohsuke/args4j/spi/MethodSetter.class
[2022-01-17 03:56:56] [javac-extractor-3236] Writing trap file for: org.opennms.newts.gsod.MergeSort 0.0-1642402149279 file:///C:/Users/david/Downloads/newts-1.5.2/newts-1.5.2/examples/gsod/src/main/java/org/opennms/newts/gsod/MergeSort.java
[2022-01-17 03:56:56] [javac-extractor-3236] Writing trap file for: org.opennms.newts.gsod.MergeSort.GSODLine 0.0-1642402610456 file:///C:/Users/david/Downloads/newts-1.5.2/newts-1.5.2/examples/gsod/target/classes/org/opennms/newts/gsod/MergeSort$GSODLine.class
[2022-01-17 03:56:56] [javac-extractor-3236] Writing trap file for: java.util.zip.DeflaterOutputStream 55.0-1626867188000 jrt:/modules/java.base/java/util/zip/DeflaterOutputStream.class
[2022-01-17 03:56:56] [javac-extractor-3236] Javac init time: 0.8s
[2022-01-17 03:56:56] [javac-extractor-3236] Javac attr time: 0.2s
[2022-01-17 03:56:56] [javac-extractor-3236] Extractor time: 4.7s
[2022-01-17 03:56:56] [javac-extractor-3236] Other time: 0.1s
[2022-01-17 03:56:56] [javac-extractor-3236] Total time: 5.9s
