[2022-01-17 03:51:33] [javac-extractor-26988] Starting extraction for:
                                              sun.java.command=com.semmle.extractor.java.JavaExtractor --jdk-version 11 --javac-args @@@C:\Users\david\Downloads\jakartaDatabase\log\ext\javac-1.args
                                              user.dir=C:\Users\david\Downloads\newts-1.5.2\newts-1.5.2
[2022-01-17 03:51:33] [javac-extractor-26988] [WARN] Appending source destination directory C:\Users\david\Downloads\newts-1.5.2\newts-1.5.2\api\target\generated-test-sources\test-annotations to sourcepath
[2022-01-17 03:51:34] [javac-extractor-26988] Processing file C:\Users\david\Downloads\newts-1.5.2\newts-1.5.2\api\src\test\java\org\opennms\newts\api\query\ResultDescriptorTest.java
[2022-01-17 03:51:34] [javac-extractor-26988] Writing trap file for: org.junit.Assert 49.0-1417702496000 jar:file:///C:/Users/david/.m2/repository/junit/junit/4.12/junit-4.12.jar!/org/junit/Assert.class
[2022-01-17 03:51:34] [javac-extractor-26988] Writing trap file for: org.junit.Test 49.0-1417702492000 jar:file:///C:/Users/david/.m2/repository/junit/junit/4.12/junit-4.12.jar!/org/junit/Test.class
[2022-01-17 03:51:34] [javac-extractor-26988] Writing trap file for: org.opennms.newts.api.query.ResultDescriptorTest 0.0-1642402145873 file:///C:/Users/david/Downloads/newts-1.5.2/newts-1.5.2/api/src/test/java/org/opennms/newts/api/query/ResultDescriptorTest.java
[2022-01-17 03:51:34] [javac-extractor-26988] Writing trap file for: org.hamcrest.Matcher 49.0-1341877782000 jar:file:///C:/Users/david/.m2/repository/org/hamcrest/hamcrest-core/1.3/hamcrest-core-1.3.jar!/org/hamcrest/Matcher.class
[2022-01-17 03:51:34] [javac-extractor-26988] Writing trap file for: org.hamcrest.SelfDescribing 49.0-1341877782000 jar:file:///C:/Users/david/.m2/repository/org/hamcrest/hamcrest-core/1.3/hamcrest-core-1.3.jar!/org/hamcrest/SelfDescribing.class
[2022-01-17 03:51:34] [javac-extractor-26988] Writing trap file for: org.junit.internal.ArrayComparisonFailure 49.0-1417702490000 jar:file:///C:/Users/david/.m2/repository/junit/junit/4.12/junit-4.12.jar!/org/junit/internal/ArrayComparisonFailure.class
[2022-01-17 03:51:34] [javac-extractor-26988] Writing trap file for: org.junit.Test.None 49.0-1417702492000 jar:file:///C:/Users/david/.m2/repository/junit/junit/4.12/junit-4.12.jar!/org/junit/Test$None.class
[2022-01-17 03:51:34] [javac-extractor-26988] Writing trap file for: org.hamcrest.Description 49.0-1341877782000 jar:file:///C:/Users/david/.m2/repository/org/hamcrest/hamcrest-core/1.3/hamcrest-core-1.3.jar!/org/hamcrest/Description.class
[2022-01-17 03:51:34] [javac-extractor-26988] Writing trap file for: java.lang.AssertionError 55.0-1626867188000 jrt:/modules/java.base/java/lang/AssertionError.class
[2022-01-17 03:51:34] [javac-extractor-26988] Processing JAR file: C:/Users/david/.m2/repository/junit/junit/4.12/junit-4.12.jar
[2022-01-17 03:51:34] [javac-extractor-26988] Processing JAR file: C:/Users/david/.m2/repository/org/hamcrest/hamcrest-core/1.3/hamcrest-core-1.3.jar
[2022-01-17 03:51:34] [javac-extractor-26988] Processing file C:\Users\david\Downloads\newts-1.5.2\newts-1.5.2\api\src\test\java\org\opennms\newts\api\ValueTypeTest.java
[2022-01-17 03:51:34] [javac-extractor-26988] Writing trap file for: org.opennms.newts.api.ValueTypeTest 0.0-1642402145833 file:///C:/Users/david/Downloads/newts-1.5.2/newts-1.5.2/api/src/test/java/org/opennms/newts/api/ValueTypeTest.java
[2022-01-17 03:51:35] [javac-extractor-26988] Processing file C:\Users\david\Downloads\newts-1.5.2\newts-1.5.2\api\src\test\java\org\opennms\newts\api\CounterTest.java
[2022-01-17 03:51:35] [javac-extractor-26988] Writing trap file for: org.hamcrest.CoreMatchers 49.0-1341877786000 jar:file:///C:/Users/david/.m2/repository/org/hamcrest/hamcrest-core/1.3/hamcrest-core-1.3.jar!/org/hamcrest/CoreMatchers.class
[2022-01-17 03:51:35] [javac-extractor-26988] Writing trap file for: org.opennms.newts.api.CounterTest 0.0-1642402145662 file:///C:/Users/david/Downloads/newts-1.5.2/newts-1.5.2/api/src/test/java/org/opennms/newts/api/CounterTest.java
[2022-01-17 03:51:35] [javac-extractor-26988] Writing trap file for: org.hamcrest.core.CombinableMatcher.CombinableEitherMatcher 49.0-1341877782000 jar:file:///C:/Users/david/.m2/repository/org/hamcrest/hamcrest-core/1.3/hamcrest-core-1.3.jar!/org/hamcrest/core/CombinableMatcher$CombinableEitherMatcher.class
[2022-01-17 03:51:35] [javac-extractor-26988] Writing trap file for: org.hamcrest.core.CombinableMatcher 49.0-1341877782000 jar:file:///C:/Users/david/.m2/repository/org/hamcrest/hamcrest-core/1.3/hamcrest-core-1.3.jar!/org/hamcrest/core/CombinableMatcher.class
[2022-01-17 03:51:35] [javac-extractor-26988] Writing trap file for: org.hamcrest.core.CombinableMatcher.CombinableBothMatcher 49.0-1341877782000 jar:file:///C:/Users/david/.m2/repository/org/hamcrest/hamcrest-core/1.3/hamcrest-core-1.3.jar!/org/hamcrest/core/CombinableMatcher$CombinableBothMatcher.class
[2022-01-17 03:51:35] [javac-extractor-26988] Writing trap file for: org.hamcrest.core.AnyOf 49.0-1341877782000 jar:file:///C:/Users/david/.m2/repository/org/hamcrest/hamcrest-core/1.3/hamcrest-core-1.3.jar!/org/hamcrest/core/AnyOf.class
[2022-01-17 03:51:35] [javac-extractor-26988] Writing trap file for: org.hamcrest.core.ShortcutCombination 49.0-1341877782000 jar:file:///C:/Users/david/.m2/repository/org/hamcrest/hamcrest-core/1.3/hamcrest-core-1.3.jar!/org/hamcrest/core/ShortcutCombination.class
[2022-01-17 03:51:35] [javac-extractor-26988] Writing trap file for: org.hamcrest.BaseMatcher 49.0-1341877782000 jar:file:///C:/Users/david/.m2/repository/org/hamcrest/hamcrest-core/1.3/hamcrest-core-1.3.jar!/org/hamcrest/BaseMatcher.class
[2022-01-17 03:51:35] [javac-extractor-26988] Writing trap file for: org.hamcrest.TypeSafeDiagnosingMatcher 49.0-1341877782000 jar:file:///C:/Users/david/.m2/repository/org/hamcrest/hamcrest-core/1.3/hamcrest-core-1.3.jar!/org/hamcrest/TypeSafeDiagnosingMatcher.class
[2022-01-17 03:51:35] [javac-extractor-26988] Writing trap file for: org.hamcrest.internal.ReflectiveTypeFinder 49.0-1341877782000 jar:file:///C:/Users/david/.m2/repository/org/hamcrest/hamcrest-core/1.3/hamcrest-core-1.3.jar!/org/hamcrest/internal/ReflectiveTypeFinder.class
[2022-01-17 03:51:35] [javac-extractor-26988] Writing trap file for: org.hamcrest.Factory 49.0-1341877782000 jar:file:///C:/Users/david/.m2/repository/org/hamcrest/hamcrest-core/1.3/hamcrest-core-1.3.jar!/org/hamcrest/Factory.class
[2022-01-17 03:51:35] [javac-extractor-26988] Processing file C:\Users\david\Downloads\newts-1.5.2\newts-1.5.2\api\src\test\java\org\opennms\newts\api\AbsoluteTest.java
[2022-01-17 03:51:35] [javac-extractor-26988] Writing trap file for: org.opennms.newts.api.AbsoluteTest 0.0-1642402145630 file:///C:/Users/david/Downloads/newts-1.5.2/newts-1.5.2/api/src/test/java/org/opennms/newts/api/AbsoluteTest.java
[2022-01-17 03:51:35] [javac-extractor-26988] Processing file C:\Users\david\Downloads\newts-1.5.2\newts-1.5.2\api\src\test\java\org\opennms\newts\api\DeriveTest.java
[2022-01-17 03:51:35] [javac-extractor-26988] Writing trap file for: org.opennms.newts.api.DeriveTest 0.0-1642402145752 file:///C:/Users/david/Downloads/newts-1.5.2/newts-1.5.2/api/src/test/java/org/opennms/newts/api/DeriveTest.java
[2022-01-17 03:51:35] [javac-extractor-26988] Processing file C:\Users\david\Downloads\newts-1.5.2\newts-1.5.2\api\src\test\java\org\opennms\newts\api\query\StandardAggregationFunctionsTest.java
[2022-01-17 03:51:35] [javac-extractor-26988] Writing trap file for: org.opennms.newts.api.query.StandardAggregationFunctionsTest 0.0-1642402145905 file:///C:/Users/david/Downloads/newts-1.5.2/newts-1.5.2/api/src/test/java/org/opennms/newts/api/query/StandardAggregationFunctionsTest.java
[2022-01-17 03:51:35] [javac-extractor-26988] Processing file C:\Users\david\Downloads\newts-1.5.2\newts-1.5.2\api\src\test\java\org\opennms\newts\api\TimestampDurationTest.java
[2022-01-17 03:51:35] [javac-extractor-26988] Writing trap file for: org.opennms.newts.api.TimestampDurationTest 0.0-1642402145796 file:///C:/Users/david/Downloads/newts-1.5.2/newts-1.5.2/api/src/test/java/org/opennms/newts/api/TimestampDurationTest.java
[2022-01-17 03:51:35] [javac-extractor-26988] Processing file C:\Users\david\Downloads\newts-1.5.2\newts-1.5.2\api\src\test\java\org\opennms\newts\api\DefaultSampleProcessorServiceTest.java
[2022-01-17 03:51:35] [javac-extractor-26988] Writing trap file for: org.mockito.Mockito 49.0-1420054912000 jar:file:///C:/Users/david/.m2/repository/org/mockito/mockito-core/1.10.19/mockito-core-1.10.19.jar!/org/mockito/Mockito.class
[2022-01-17 03:51:35] [javac-extractor-26988] Writing trap file for: org.junit.Before 49.0-1417702496000 jar:file:///C:/Users/david/.m2/repository/junit/junit/4.12/junit-4.12.jar!/org/junit/Before.class
[2022-01-17 03:51:35] [javac-extractor-26988] Writing trap file for: org.opennms.newts.api.DefaultSampleProcessorServiceTest 0.0-1642402145690 file:///C:/Users/david/Downloads/newts-1.5.2/newts-1.5.2/api/src/test/java/org/opennms/newts/api/DefaultSampleProcessorServiceTest.java
[2022-01-17 03:51:35] [javac-extractor-26988] Writing trap file for: org.mockito.Matchers 49.0-1420054912000 jar:file:///C:/Users/david/.m2/repository/org/mockito/mockito-core/1.10.19/mockito-core-1.10.19.jar!/org/mockito/Matchers.class
[2022-01-17 03:51:35] [javac-extractor-26988] Writing trap file for: org.mockito.MockitoDebugger 49.0-1420054912000 jar:file:///C:/Users/david/.m2/repository/org/mockito/mockito-core/1.10.19/mockito-core-1.10.19.jar!/org/mockito/MockitoDebugger.class
[2022-01-17 03:51:35] [javac-extractor-26988] Writing trap file for: org.mockito.MockSettings 49.0-1420054912000 jar:file:///C:/Users/david/.m2/repository/org/mockito/mockito-core/1.10.19/mockito-core-1.10.19.jar!/org/mockito/MockSettings.class
[2022-01-17 03:51:35] [javac-extractor-26988] Writing trap file for: org.mockito.verification.VerificationAfterDelay 49.0-1420054912000 jar:file:///C:/Users/david/.m2/repository/org/mockito/mockito-core/1.10.19/mockito-core-1.10.19.jar!/org/mockito/verification/VerificationAfterDelay.class
[2022-01-17 03:51:35] [javac-extractor-26988] Writing trap file for: org.mockito.verification.VerificationWithTimeout 49.0-1420054912000 jar:file:///C:/Users/david/.m2/repository/org/mockito/mockito-core/1.10.19/mockito-core-1.10.19.jar!/org/mockito/verification/VerificationWithTimeout.class
[2022-01-17 03:51:35] [javac-extractor-26988] Writing trap file for: org.mockito.verification.VerificationMode 49.0-1420054912000 jar:file:///C:/Users/david/.m2/repository/org/mockito/mockito-core/1.10.19/mockito-core-1.10.19.jar!/org/mockito/verification/VerificationMode.class
[2022-01-17 03:51:35] [javac-extractor-26988] Writing trap file for: org.mockito.InOrder 49.0-1420054912000 jar:file:///C:/Users/david/.m2/repository/org/mockito/mockito-core/1.10.19/mockito-core-1.10.19.jar!/org/mockito/InOrder.class
[2022-01-17 03:51:35] [javac-extractor-26988] Writing trap file for: org.mockito.stubbing.Stubber 49.0-1420054912000 jar:file:///C:/Users/david/.m2/repository/org/mockito/mockito-core/1.10.19/mockito-core-1.10.19.jar!/org/mockito/stubbing/Stubber.class
[2022-01-17 03:51:35] [javac-extractor-26988] Writing trap file for: org.mockito.stubbing.Answer 49.0-1420054912000 jar:file:///C:/Users/david/.m2/repository/org/mockito/mockito-core/1.10.19/mockito-core-1.10.19.jar!/org/mockito/stubbing/Answer.class
[2022-01-17 03:51:35] [javac-extractor-26988] Writing trap file for: org.mockito.stubbing.VoidMethodStubbable 49.0-1420054912000 jar:file:///C:/Users/david/.m2/repository/org/mockito/mockito-core/1.10.19/mockito-core-1.10.19.jar!/org/mockito/stubbing/VoidMethodStubbable.class
[2022-01-17 03:51:35] [javac-extractor-26988] Writing trap file for: org.mockito.stubbing.OngoingStubbing 49.0-1420054912000 jar:file:///C:/Users/david/.m2/repository/org/mockito/mockito-core/1.10.19/mockito-core-1.10.19.jar!/org/mockito/stubbing/OngoingStubbing.class
[2022-01-17 03:51:35] [javac-extractor-26988] Writing trap file for: org.mockito.internal.progress.IOngoingStubbing 49.0-1420054912000 jar:file:///C:/Users/david/.m2/repository/org/mockito/mockito-core/1.10.19/mockito-core-1.10.19.jar!/org/mockito/internal/progress/IOngoingStubbing.class
[2022-01-17 03:51:35] [javac-extractor-26988] Writing trap file for: org.mockito.stubbing.DeprecatedOngoingStubbing 49.0-1420054912000 jar:file:///C:/Users/david/.m2/repository/org/mockito/mockito-core/1.10.19/mockito-core-1.10.19.jar!/org/mockito/stubbing/DeprecatedOngoingStubbing.class
[2022-01-17 03:51:35] [javac-extractor-26988] Writing trap file for: org.mockito.Incubating 49.0-1420054912000 jar:file:///C:/Users/david/.m2/repository/org/mockito/mockito-core/1.10.19/mockito-core-1.10.19.jar!/org/mockito/Incubating.class
[2022-01-17 03:51:35] [javac-extractor-26988] Writing trap file for: org.mockito.ReturnValues 49.0-1420054912000 jar:file:///C:/Users/david/.m2/repository/org/mockito/mockito-core/1.10.19/mockito-core-1.10.19.jar!/org/mockito/ReturnValues.class
[2022-01-17 03:51:35] [javac-extractor-26988] Writing trap file for: org.mockito.MockingDetails 49.0-1420054912000 jar:file:///C:/Users/david/.m2/repository/org/mockito/mockito-core/1.10.19/mockito-core-1.10.19.jar!/org/mockito/MockingDetails.class
[2022-01-17 03:51:35] [javac-extractor-26988] Writing trap file for: org.mockito.internal.MockitoCore 49.0-1420054912000 jar:file:///C:/Users/david/.m2/repository/org/mockito/mockito-core/1.10.19/mockito-core-1.10.19.jar!/org/mockito/internal/MockitoCore.class
[2022-01-17 03:51:35] [javac-extractor-26988] Writing trap file for: java.lang.Short 55.0-1626867188000 jrt:/modules/java.base/java/lang/Short.class
[2022-01-17 03:51:35] [javac-extractor-26988] Writing trap file for: java.lang.Byte 55.0-1626867188000 jrt:/modules/java.base/java/lang/Byte.class
[2022-01-17 03:51:35] [javac-extractor-26988] Writing trap file for: org.mockito.listeners.InvocationListener 49.0-1420054912000 jar:file:///C:/Users/david/.m2/repository/org/mockito/mockito-core/1.10.19/mockito-core-1.10.19.jar!/org/mockito/listeners/InvocationListener.class
[2022-01-17 03:51:35] [javac-extractor-26988] Writing trap file for: org.mockito.mock.SerializableMode 49.0-1420054912000 jar:file:///C:/Users/david/.m2/repository/org/mockito/mockito-core/1.10.19/mockito-core-1.10.19.jar!/org/mockito/mock/SerializableMode.class
[2022-01-17 03:51:35] [javac-extractor-26988] Writing trap file for: org.mockito.internal.verification.api.VerificationData 49.0-1420054912000 jar:file:///C:/Users/david/.m2/repository/org/mockito/mockito-core/1.10.19/mockito-core-1.10.19.jar!/org/mockito/internal/verification/api/VerificationData.class
[2022-01-17 03:51:35] [javac-extractor-26988] Writing trap file for: org.mockito.invocation.InvocationOnMock 49.0-1420054912000 jar:file:///C:/Users/david/.m2/repository/org/mockito/mockito-core/1.10.19/mockito-core-1.10.19.jar!/org/mockito/invocation/InvocationOnMock.class
[2022-01-17 03:51:35] [javac-extractor-26988] Writing trap file for: org.mockito.invocation.Invocation 49.0-1420054912000 jar:file:///C:/Users/david/.m2/repository/org/mockito/mockito-core/1.10.19/mockito-core-1.10.19.jar!/org/mockito/invocation/Invocation.class
[2022-01-17 03:51:35] [javac-extractor-26988] Writing trap file for: org.mockito.internal.verification.api.InOrderContext 49.0-1420054912000 jar:file:///C:/Users/david/.m2/repository/org/mockito/mockito-core/1.10.19/mockito-core-1.10.19.jar!/org/mockito/internal/verification/api/InOrderContext.class
[2022-01-17 03:51:35] [javac-extractor-26988] Writing trap file for: org.mockito.listeners.MethodInvocationReport 49.0-1420054912000 jar:file:///C:/Users/david/.m2/repository/org/mockito/mockito-core/1.10.19/mockito-core-1.10.19.jar!/org/mockito/listeners/MethodInvocationReport.class
[2022-01-17 03:51:35] [javac-extractor-26988] Writing trap file for: org.mockito.internal.invocation.InvocationMatcher 49.0-1420054912000 jar:file:///C:/Users/david/.m2/repository/org/mockito/mockito-core/1.10.19/mockito-core-1.10.19.jar!/org/mockito/internal/invocation/InvocationMatcher.class
[2022-01-17 03:51:35] [javac-extractor-26988] Writing trap file for: org.mockito.invocation.DescribedInvocation 49.0-1420054912000 jar:file:///C:/Users/david/.m2/repository/org/mockito/mockito-core/1.10.19/mockito-core-1.10.19.jar!/org/mockito/invocation/DescribedInvocation.class
[2022-01-17 03:51:35] [javac-extractor-26988] Writing trap file for: org.mockito.invocation.StubInfo 49.0-1420054912000 jar:file:///C:/Users/david/.m2/repository/org/mockito/mockito-core/1.10.19/mockito-core-1.10.19.jar!/org/mockito/invocation/StubInfo.class
[2022-01-17 03:51:35] [javac-extractor-26988] Writing trap file for: org.mockito.invocation.Location 49.0-1420054912000 jar:file:///C:/Users/david/.m2/repository/org/mockito/mockito-core/1.10.19/mockito-core-1.10.19.jar!/org/mockito/invocation/Location.class
[2022-01-17 03:51:35] [javac-extractor-26988] Writing trap file for: org.mockito.internal.invocation.CapturesArgumensFromInvocation 49.0-1420054912000 jar:file:///C:/Users/david/.m2/repository/org/mockito/mockito-core/1.10.19/mockito-core-1.10.19.jar!/org/mockito/internal/invocation/CapturesArgumensFromInvocation.class
[2022-01-17 03:51:35] [javac-extractor-26988] Writing trap file for: org.mockito.exceptions.PrintableInvocation 49.0-1420054912000 jar:file:///C:/Users/david/.m2/repository/org/mockito/mockito-core/1.10.19/mockito-core-1.10.19.jar!/org/mockito/exceptions/PrintableInvocation.class
[2022-01-17 03:51:35] [javac-extractor-26988] Processing JAR file: C:/Users/david/.m2/repository/org/mockito/mockito-core/1.10.19/mockito-core-1.10.19.jar
[2022-01-17 03:51:35] [javac-extractor-26988] Javac init time: 0.6s
[2022-01-17 03:51:35] [javac-extractor-26988] Javac attr time: 0.1s
[2022-01-17 03:51:35] [javac-extractor-26988] Extractor time: 1.3s
[2022-01-17 03:51:35] [javac-extractor-26988] Other time: 0.1s
[2022-01-17 03:51:35] [javac-extractor-26988] Total time: 2.1s
