[2022-01-17 03:53:54] [javac-extractor-24424] Starting extraction for:
                                              sun.java.command=com.semmle.extractor.java.JavaExtractor --jdk-version 11 --javac-args @@@C:\Users\david\Downloads\jakartaDatabase\log\ext\javac-8.args
                                              user.dir=C:\Users\david\Downloads\newts-1.5.2\newts-1.5.2
[2022-01-17 03:53:54] [javac-extractor-24424] [WARN] Appending source destination directory C:\Users\david\Downloads\newts-1.5.2\newts-1.5.2\cassandra\storage\target\generated-sources\annotations to sourcepath
[2022-01-17 03:53:55] [javac-extractor-24424] Processing file C:\Users\david\Downloads\newts-1.5.2\newts-1.5.2\cassandra\storage\src\main\java\org\opennms\newts\persistence\cassandra\ConcurrentResultWrapper.java
[2022-01-17 03:53:55] [javac-extractor-24424] Writing trap file for: org.opennms.newts.persistence.cassandra.ConcurrentResultWrapper 0.0-1642402147731 file:///C:/Users/david/Downloads/newts-1.5.2/newts-1.5.2/cassandra/storage/src/main/java/org/opennms/newts/persistence/cassandra/ConcurrentResultWrapper.java
[2022-01-17 03:53:55] [javac-extractor-24424] Processing file C:\Users\david\Downloads\newts-1.5.2\newts-1.5.2\cassandra\storage\src\main\java\org\opennms\newts\persistence\cassandra\CassandraSampleRepository.java
[2022-01-17 03:53:55] [javac-extractor-24424] Writing trap file for: com.datastax.driver.core.querybuilder.Batch 50.0-1523972770000 jar:file:///C:/Users/david/.m2/repository/com/datastax/cassandra/cassandra-driver-core/3.5.0/cassandra-driver-core-3.5.0.jar!/com/datastax/driver/core/querybuilder/Batch.class
[2022-01-17 03:53:55] [javac-extractor-24424] Writing trap file for: com.datastax.driver.core.querybuilder.Delete 50.0-1523972770000 jar:file:///C:/Users/david/.m2/repository/com/datastax/cassandra/cassandra-driver-core/3.5.0/cassandra-driver-core-3.5.0.jar!/com/datastax/driver/core/querybuilder/Delete.class
[2022-01-17 03:53:55] [javac-extractor-24424] Writing trap file for: com.datastax.driver.core.querybuilder.Insert 50.0-1523972770000 jar:file:///C:/Users/david/.m2/repository/com/datastax/cassandra/cassandra-driver-core/3.5.0/cassandra-driver-core-3.5.0.jar!/com/datastax/driver/core/querybuilder/Insert.class
[2022-01-17 03:53:55] [javac-extractor-24424] Writing trap file for: com.datastax.driver.core.querybuilder.QueryBuilder 50.0-1523972770000 jar:file:///C:/Users/david/.m2/repository/com/datastax/cassandra/cassandra-driver-core/3.5.0/cassandra-driver-core-3.5.0.jar!/com/datastax/driver/core/querybuilder/QueryBuilder.class
[2022-01-17 03:53:55] [javac-extractor-24424] Writing trap file for: com.datastax.driver.core.querybuilder.Select 50.0-1523972770000 jar:file:///C:/Users/david/.m2/repository/com/datastax/cassandra/cassandra-driver-core/3.5.0/cassandra-driver-core-3.5.0.jar!/com/datastax/driver/core/querybuilder/Select.class
[2022-01-17 03:53:55] [javac-extractor-24424] Writing trap file for: org.opennms.newts.persistence.cassandra.CassandraSampleRepository 0.0-1642402147688 file:///C:/Users/david/Downloads/newts-1.5.2/newts-1.5.2/cassandra/storage/src/main/java/org/opennms/newts/persistence/cassandra/CassandraSampleRepository.java
[2022-01-17 03:53:55] [javac-extractor-24424] Writing trap file for: com.datastax.driver.core.querybuilder.Select.Selection 50.0-1523972770000 jar:file:///C:/Users/david/.m2/repository/com/datastax/cassandra/cassandra-driver-core/3.5.0/cassandra-driver-core-3.5.0.jar!/com/datastax/driver/core/querybuilder/Select$Selection.class
[2022-01-17 03:53:55] [javac-extractor-24424] Writing trap file for: com.datastax.driver.core.querybuilder.Select.Builder 50.0-1523972770000 jar:file:///C:/Users/david/.m2/repository/com/datastax/cassandra/cassandra-driver-core/3.5.0/cassandra-driver-core-3.5.0.jar!/com/datastax/driver/core/querybuilder/Select$Builder.class
[2022-01-17 03:53:55] [javac-extractor-24424] Writing trap file for: org.opennms.newts.persistence.cassandra.SchemaConstants 0.0-1642402147829 file:///C:/Users/david/Downloads/newts-1.5.2/newts-1.5.2/cassandra/storage/src/main/java/org/opennms/newts/persistence/cassandra/SchemaConstants.java
[2022-01-17 03:53:55] [javac-extractor-24424] Writing trap file for: com.datastax.driver.core.querybuilder.Delete.Selection 50.0-1523972770000 jar:file:///C:/Users/david/.m2/repository/com/datastax/cassandra/cassandra-driver-core/3.5.0/cassandra-driver-core-3.5.0.jar!/com/datastax/driver/core/querybuilder/Delete$Selection.class
[2022-01-17 03:53:55] [javac-extractor-24424] Writing trap file for: com.datastax.driver.core.querybuilder.Delete.Builder 50.0-1523972770000 jar:file:///C:/Users/david/.m2/repository/com/datastax/cassandra/cassandra-driver-core/3.5.0/cassandra-driver-core-3.5.0.jar!/com/datastax/driver/core/querybuilder/Delete$Builder.class
[2022-01-17 03:53:55] [javac-extractor-24424] Writing trap file for: com.datastax.driver.core.querybuilder.Select.Where 50.0-1523972770000 jar:file:///C:/Users/david/.m2/repository/com/datastax/cassandra/cassandra-driver-core/3.5.0/cassandra-driver-core-3.5.0.jar!/com/datastax/driver/core/querybuilder/Select$Where.class
[2022-01-17 03:53:55] [javac-extractor-24424] Writing trap file for: com.datastax.driver.core.querybuilder.Clause 50.0-1523972770000 jar:file:///C:/Users/david/.m2/repository/com/datastax/cassandra/cassandra-driver-core/3.5.0/cassandra-driver-core-3.5.0.jar!/com/datastax/driver/core/querybuilder/Clause.class
[2022-01-17 03:53:55] [javac-extractor-24424] Writing trap file for: com.datastax.driver.core.querybuilder.BindMarker 50.0-1523972770000 jar:file:///C:/Users/david/.m2/repository/com/datastax/cassandra/cassandra-driver-core/3.5.0/cassandra-driver-core-3.5.0.jar!/com/datastax/driver/core/querybuilder/BindMarker.class
[2022-01-17 03:53:55] [javac-extractor-24424] Writing trap file for: com.datastax.driver.core.querybuilder.BuiltStatement 50.0-1523972770000 jar:file:///C:/Users/david/.m2/repository/com/datastax/cassandra/cassandra-driver-core/3.5.0/cassandra-driver-core-3.5.0.jar!/com/datastax/driver/core/querybuilder/BuiltStatement.class
[2022-01-17 03:53:55] [javac-extractor-24424] Writing trap file for: com.datastax.driver.core.querybuilder.Delete.Where 50.0-1523972770000 jar:file:///C:/Users/david/.m2/repository/com/datastax/cassandra/cassandra-driver-core/3.5.0/cassandra-driver-core-3.5.0.jar!/com/datastax/driver/core/querybuilder/Delete$Where.class
[2022-01-17 03:53:55] [javac-extractor-24424] Writing trap file for: org.opennms.newts.persistence.cassandra.DriverAdapter 0.0-1642402147768 file:///C:/Users/david/Downloads/newts-1.5.2/newts-1.5.2/cassandra/storage/src/main/java/org/opennms/newts/persistence/cassandra/DriverAdapter.java
[2022-01-17 03:53:55] [javac-extractor-24424] Writing trap file for: com.datastax.driver.core.querybuilder.Insert.Options 50.0-1523972770000 jar:file:///C:/Users/david/.m2/repository/com/datastax/cassandra/cassandra-driver-core/3.5.0/cassandra-driver-core-3.5.0.jar!/com/datastax/driver/core/querybuilder/Insert$Options.class
[2022-01-17 03:53:55] [javac-extractor-24424] Writing trap file for: com.datastax.driver.core.querybuilder.Using 50.0-1523972770000 jar:file:///C:/Users/david/.m2/repository/com/datastax/cassandra/cassandra-driver-core/3.5.0/cassandra-driver-core-3.5.0.jar!/com/datastax/driver/core/querybuilder/Using.class
[2022-01-17 03:53:56] [javac-extractor-24424] Writing trap file for: com.datastax.driver.core.querybuilder.Batch.Options 50.0-1523972770000 jar:file:///C:/Users/david/.m2/repository/com/datastax/cassandra/cassandra-driver-core/3.5.0/cassandra-driver-core-3.5.0.jar!/com/datastax/driver/core/querybuilder/Batch$Options.class
[2022-01-17 03:53:56] [javac-extractor-24424] Writing trap file for: com.datastax.driver.core.querybuilder.Delete.Options 50.0-1523972770000 jar:file:///C:/Users/david/.m2/repository/com/datastax/cassandra/cassandra-driver-core/3.5.0/cassandra-driver-core-3.5.0.jar!/com/datastax/driver/core/querybuilder/Delete$Options.class
[2022-01-17 03:53:56] [javac-extractor-24424] Writing trap file for: com.datastax.driver.core.querybuilder.Delete.Conditions 50.0-1523972770000 jar:file:///C:/Users/david/.m2/repository/com/datastax/cassandra/cassandra-driver-core/3.5.0/cassandra-driver-core-3.5.0.jar!/com/datastax/driver/core/querybuilder/Delete$Conditions.class
[2022-01-17 03:53:56] [javac-extractor-24424] Writing trap file for: com.datastax.driver.core.querybuilder.Delete.Selector 50.0-1523972770000 jar:file:///C:/Users/david/.m2/repository/com/datastax/cassandra/cassandra-driver-core/3.5.0/cassandra-driver-core-3.5.0.jar!/com/datastax/driver/core/querybuilder/Delete$Selector.class
[2022-01-17 03:53:56] [javac-extractor-24424] Writing trap file for: com.datastax.driver.core.querybuilder.Assignment 50.0-1523972770000 jar:file:///C:/Users/david/.m2/repository/com/datastax/cassandra/cassandra-driver-core/3.5.0/cassandra-driver-core-3.5.0.jar!/com/datastax/driver/core/querybuilder/Assignment.class
[2022-01-17 03:53:56] [javac-extractor-24424] Writing trap file for: com.datastax.driver.core.querybuilder.Ordering 50.0-1523972770000 jar:file:///C:/Users/david/.m2/repository/com/datastax/cassandra/cassandra-driver-core/3.5.0/cassandra-driver-core-3.5.0.jar!/com/datastax/driver/core/querybuilder/Ordering.class
[2022-01-17 03:53:56] [javac-extractor-24424] Writing trap file for: com.datastax.driver.core.querybuilder.Truncate 50.0-1523972770000 jar:file:///C:/Users/david/.m2/repository/com/datastax/cassandra/cassandra-driver-core/3.5.0/cassandra-driver-core-3.5.0.jar!/com/datastax/driver/core/querybuilder/Truncate.class
[2022-01-17 03:53:56] [javac-extractor-24424] Writing trap file for: com.datastax.driver.core.querybuilder.Update 50.0-1523972770000 jar:file:///C:/Users/david/.m2/repository/com/datastax/cassandra/cassandra-driver-core/3.5.0/cassandra-driver-core-3.5.0.jar!/com/datastax/driver/core/querybuilder/Update.class
[2022-01-17 03:53:56] [javac-extractor-24424] Writing trap file for: com.datastax.driver.core.querybuilder.Select.SelectionOrAlias 50.0-1523972770000 jar:file:///C:/Users/david/.m2/repository/com/datastax/cassandra/cassandra-driver-core/3.5.0/cassandra-driver-core-3.5.0.jar!/com/datastax/driver/core/querybuilder/Select$SelectionOrAlias.class
[2022-01-17 03:53:56] [javac-extractor-24424] Writing trap file for: com.datastax.driver.core.querybuilder.BuiltStatement.ForwardingStatement 50.0-1523972770000 jar:file:///C:/Users/david/.m2/repository/com/datastax/cassandra/cassandra-driver-core/3.5.0/cassandra-driver-core-3.5.0.jar!/com/datastax/driver/core/querybuilder/BuiltStatement$ForwardingStatement.class
[2022-01-17 03:53:56] [javac-extractor-24424] Writing trap file for: com.datastax.driver.core.querybuilder.Utils.Appendeable 50.0-1523972770000 jar:file:///C:/Users/david/.m2/repository/com/datastax/cassandra/cassandra-driver-core/3.5.0/cassandra-driver-core-3.5.0.jar!/com/datastax/driver/core/querybuilder/Utils$Appendeable.class
[2022-01-17 03:53:56] [javac-extractor-24424] Writing trap file for: com.datastax.driver.core.querybuilder.Update.Options 50.0-1523972770000 jar:file:///C:/Users/david/.m2/repository/com/datastax/cassandra/cassandra-driver-core/3.5.0/cassandra-driver-core-3.5.0.jar!/com/datastax/driver/core/querybuilder/Update$Options.class
[2022-01-17 03:53:56] [javac-extractor-24424] Writing trap file for: com.datastax.driver.core.querybuilder.Update.Conditions 50.0-1523972770000 jar:file:///C:/Users/david/.m2/repository/com/datastax/cassandra/cassandra-driver-core/3.5.0/cassandra-driver-core-3.5.0.jar!/com/datastax/driver/core/querybuilder/Update$Conditions.class
[2022-01-17 03:53:56] [javac-extractor-24424] Writing trap file for: com.datastax.driver.core.querybuilder.Update.Where 50.0-1523972770000 jar:file:///C:/Users/david/.m2/repository/com/datastax/cassandra/cassandra-driver-core/3.5.0/cassandra-driver-core-3.5.0.jar!/com/datastax/driver/core/querybuilder/Update$Where.class
[2022-01-17 03:53:56] [javac-extractor-24424] Writing trap file for: com.datastax.driver.core.querybuilder.Update.Assignments 50.0-1523972770000 jar:file:///C:/Users/david/.m2/repository/com/datastax/cassandra/cassandra-driver-core/3.5.0/cassandra-driver-core-3.5.0.jar!/com/datastax/driver/core/querybuilder/Update$Assignments.class
[2022-01-17 03:53:56] [javac-extractor-24424] Writing trap file for: com.datastax.driver.core.querybuilder.Utils 50.0-1523972770000 jar:file:///C:/Users/david/.m2/repository/com/datastax/cassandra/cassandra-driver-core/3.5.0/cassandra-driver-core-3.5.0.jar!/com/datastax/driver/core/querybuilder/Utils.class
[2022-01-17 03:53:56] [javac-extractor-24424] Writing trap file for: com.datastax.driver.core.querybuilder.Update.IfExists 50.0-1523972770000 jar:file:///C:/Users/david/.m2/repository/com/datastax/cassandra/cassandra-driver-core/3.5.0/cassandra-driver-core-3.5.0.jar!/com/datastax/driver/core/querybuilder/Update$IfExists.class
[2022-01-17 03:53:56] [javac-extractor-24424] Processing file C:\Users\david\Downloads\newts-1.5.2\newts-1.5.2\cassandra\storage\src\main\java\org\opennms\newts\persistence\cassandra\Schema.java
[2022-01-17 03:53:56] [javac-extractor-24424] Writing trap file for: org.opennms.newts.persistence.cassandra.Schema 0.0-1642402147800 file:///C:/Users/david/Downloads/newts-1.5.2/newts-1.5.2/cassandra/storage/src/main/java/org/opennms/newts/persistence/cassandra/Schema.java
[2022-01-17 03:53:56] [javac-extractor-24424] Processing file C:\Users\david\Downloads\newts-1.5.2\newts-1.5.2\cassandra\storage\src\main\java\org\opennms\newts\persistence\cassandra\DriverAdapter.java
[2022-01-17 03:53:56] [javac-extractor-24424] Processing file C:\Users\david\Downloads\newts-1.5.2\newts-1.5.2\cassandra\storage\src\main\java\org\opennms\newts\persistence\cassandra\SchemaConstants.java
[2022-01-17 03:53:56] [javac-extractor-24424] Javac init time: 0.6s
[2022-01-17 03:53:56] [javac-extractor-24424] Javac attr time: 0.1s
[2022-01-17 03:53:56] [javac-extractor-24424] Extractor time: 1.1s
[2022-01-17 03:53:56] [javac-extractor-24424] Other time: 0.1s
[2022-01-17 03:53:56] [javac-extractor-24424] Total time: 2.0s
