[2022-01-17 03:54:15] [javac-extractor-22476] Starting extraction for:
                                              sun.java.command=com.semmle.extractor.java.JavaExtractor --jdk-version 11 --javac-args @@@C:\Users\david\Downloads\jakartaDatabase\log\ext\javac-12.args
                                              user.dir=C:\Users\david\Downloads\newts-1.5.2\newts-1.5.2
[2022-01-17 03:54:15] [javac-extractor-22476] [WARN] Appending source destination directory C:\Users\david\Downloads\newts-1.5.2\newts-1.5.2\graphite\target\generated-sources\annotations to sourcepath
[2022-01-17 03:54:16] [javac-extractor-22476] Processing file C:\Users\david\Downloads\newts-1.5.2\newts-1.5.2\graphite\src\main\java\org\opennms\newts\graphite\GraphiteHandler.java
[2022-01-17 03:54:16] [javac-extractor-22476] Writing trap file for: org.opennms.newts.graphite.GraphiteHandler 0.0-1642402150780 file:///C:/Users/david/Downloads/newts-1.5.2/newts-1.5.2/graphite/src/main/java/org/opennms/newts/graphite/GraphiteHandler.java
[2022-01-17 03:54:16] [javac-extractor-22476] Writing trap file for: org.opennms.newts.graphite.GraphiteInitializer 0.0-1642402150840 file:///C:/Users/david/Downloads/newts-1.5.2/newts-1.5.2/graphite/src/main/java/org/opennms/newts/graphite/GraphiteInitializer.java
[2022-01-17 03:54:16] [javac-extractor-22476] Writing trap file for: java.lang.Runtime 55.0-1626867188000 jrt:/modules/java.base/java/lang/Runtime.class
[2022-01-17 03:54:16] [javac-extractor-22476] Writing trap file for: java.util.concurrent.ThreadPoolExecutor.CallerRunsPolicy 55.0-1626867188000 jrt:/modules/java.base/java/util/concurrent/ThreadPoolExecutor$CallerRunsPolicy.class
[2022-01-17 03:54:16] [javac-extractor-22476] Writing trap file for: io.netty.channel.ChannelInitializer 50.0-1517852966000 jar:file:///C:/Users/david/.m2/repository/io/netty/netty-transport/4.0.56.Final/netty-transport-4.0.56.Final.jar!/io/netty/channel/ChannelInitializer.class
[2022-01-17 03:54:16] [javac-extractor-22476] Writing trap file for: io.netty.channel.ChannelHandler.Sharable 50.0-1517852964000 jar:file:///C:/Users/david/.m2/repository/io/netty/netty-transport/4.0.56.Final/netty-transport-4.0.56.Final.jar!/io/netty/channel/ChannelHandler$Sharable.class
[2022-01-17 03:54:16] [javac-extractor-22476] Writing trap file for: java.lang.Runtime.Version 55.0-1626867188000 jrt:/modules/java.base/java/lang/Runtime$Version.class
[2022-01-17 03:54:16] [javac-extractor-22476] Writing trap file for: java.lang.Process 55.0-1626867188000 jrt:/modules/java.base/java/lang/Process.class
[2022-01-17 03:54:16] [javac-extractor-22476] Writing trap file for: java.lang.annotation.Inherited 55.0-1626867188000 jrt:/modules/java.base/java/lang/annotation/Inherited.class
[2022-01-17 03:54:16] [javac-extractor-22476] Writing trap file for: java.lang.ProcessHandle 55.0-1626867188000 jrt:/modules/java.base/java/lang/ProcessHandle.class
[2022-01-17 03:54:16] [javac-extractor-22476] Writing trap file for: java.lang.ProcessHandle.Info 55.0-1626867188000 jrt:/modules/java.base/java/lang/ProcessHandle$Info.class
[2022-01-17 03:54:16] [javac-extractor-22476] Writing trap file for: java.util.concurrent.CompletableFuture 55.0-1626867188000 jrt:/modules/java.base/java/util/concurrent/CompletableFuture.class
[2022-01-17 03:54:16] [javac-extractor-22476] Writing trap file for: java.util.concurrent.CompletionStage 55.0-1626867188000 jrt:/modules/java.base/java/util/concurrent/CompletionStage.class
[2022-01-17 03:54:16] [javac-extractor-22476] Writing trap file for: java.util.concurrent.CompletableFuture.BiCompletion 55.0-1626867188000 jrt:/modules/java.base/java/util/concurrent/CompletableFuture$BiCompletion.class
[2022-01-17 03:54:16] [javac-extractor-22476] Writing trap file for: java.util.concurrent.CompletableFuture.UniCompletion 55.0-1626867188000 jrt:/modules/java.base/java/util/concurrent/CompletableFuture$UniCompletion.class
[2022-01-17 03:54:16] [javac-extractor-22476] Writing trap file for: java.util.concurrent.CompletableFuture.Completion 55.0-1626867188000 jrt:/modules/java.base/java/util/concurrent/CompletableFuture$Completion.class
[2022-01-17 03:54:16] [javac-extractor-22476] Writing trap file for: java.util.concurrent.CompletableFuture.BiRun 55.0-1626867188000 jrt:/modules/java.base/java/util/concurrent/CompletableFuture$BiRun.class
[2022-01-17 03:54:16] [javac-extractor-22476] Writing trap file for: java.util.concurrent.CompletableFuture.BiAccept 55.0-1626867188000 jrt:/modules/java.base/java/util/concurrent/CompletableFuture$BiAccept.class
[2022-01-17 03:54:16] [javac-extractor-22476] Writing trap file for: java.util.concurrent.CompletableFuture.BiApply 55.0-1626867188000 jrt:/modules/java.base/java/util/concurrent/CompletableFuture$BiApply.class
[2022-01-17 03:54:16] [javac-extractor-22476] Writing trap file for: java.util.concurrent.CompletableFuture.UniExceptionally 55.0-1626867188000 jrt:/modules/java.base/java/util/concurrent/CompletableFuture$UniExceptionally.class
[2022-01-17 03:54:16] [javac-extractor-22476] Writing trap file for: java.util.concurrent.CompletableFuture.UniHandle 55.0-1626867188000 jrt:/modules/java.base/java/util/concurrent/CompletableFuture$UniHandle.class
[2022-01-17 03:54:16] [javac-extractor-22476] Writing trap file for: java.util.concurrent.CompletableFuture.UniWhenComplete 55.0-1626867188000 jrt:/modules/java.base/java/util/concurrent/CompletableFuture$UniWhenComplete.class
[2022-01-17 03:54:16] [javac-extractor-22476] Writing trap file for: java.util.concurrent.CompletableFuture.AltResult 55.0-1626867188000 jrt:/modules/java.base/java/util/concurrent/CompletableFuture$AltResult.class
[2022-01-17 03:54:16] [javac-extractor-22476] Writing trap file for: java.util.concurrent.ForkJoinTask 55.0-1626867188000 jrt:/modules/java.base/java/util/concurrent/ForkJoinTask.class
[2022-01-17 03:54:16] [javac-extractor-22476] Writing trap file for: java.util.concurrent.ForkJoinPool 55.0-1626867188000 jrt:/modules/java.base/java/util/concurrent/ForkJoinPool.class
[2022-01-17 03:54:16] [javac-extractor-22476] Writing trap file for: java.util.concurrent.CompletableFuture.AsynchronousCompletionTask 55.0-1626867188000 jrt:/modules/java.base/java/util/concurrent/CompletableFuture$AsynchronousCompletionTask.class
[2022-01-17 03:54:16] [javac-extractor-22476] Writing trap file for: java.util.concurrent.ForkJoinPool.ManagedBlocker 55.0-1626867188000 jrt:/modules/java.base/java/util/concurrent/ForkJoinPool$ManagedBlocker.class
[2022-01-17 03:54:16] [javac-extractor-22476] Writing trap file for: java.util.concurrent.ForkJoinPool.ForkJoinWorkerThreadFactory 55.0-1626867188000 jrt:/modules/java.base/java/util/concurrent/ForkJoinPool$ForkJoinWorkerThreadFactory.class
[2022-01-17 03:54:16] [javac-extractor-22476] Writing trap file for: java.util.concurrent.ForkJoinPool.WorkQueue 55.0-1626867188000 jrt:/modules/java.base/java/util/concurrent/ForkJoinPool$WorkQueue.class
[2022-01-17 03:54:16] [javac-extractor-22476] Writing trap file for: java.util.concurrent.CountedCompleter 55.0-1626867188000 jrt:/modules/java.base/java/util/concurrent/CountedCompleter.class
[2022-01-17 03:54:16] [javac-extractor-22476] Writing trap file for: java.util.concurrent.ForkJoinWorkerThread 55.0-1626867188000 jrt:/modules/java.base/java/util/concurrent/ForkJoinWorkerThread.class
[2022-01-17 03:54:16] [javac-extractor-22476] Writing trap file for: java.lang.RuntimePermission 55.0-1626867188000 jrt:/modules/java.base/java/lang/RuntimePermission.class
[2022-01-17 03:54:16] [javac-extractor-22476] Processing file C:\Users\david\Downloads\newts-1.5.2\newts-1.5.2\graphite\src\main\java\org\opennms\newts\graphite\GraphiteInitializer.java
[2022-01-17 03:54:16] [javac-extractor-22476] Writing trap file for: io.netty.handler.codec.DelimiterBasedFrameDecoder 50.0-1517853078000 jar:file:///C:/Users/david/.m2/repository/io/netty/netty-codec/4.0.56.Final/netty-codec-4.0.56.Final.jar!/io/netty/handler/codec/DelimiterBasedFrameDecoder.class
[2022-01-17 03:54:16] [javac-extractor-22476] Writing trap file for: io.netty.handler.codec.Delimiters 50.0-1517853078000 jar:file:///C:/Users/david/.m2/repository/io/netty/netty-codec/4.0.56.Final/netty-codec-4.0.56.Final.jar!/io/netty/handler/codec/Delimiters.class
[2022-01-17 03:54:16] [javac-extractor-22476] Writing trap file for: io.netty.handler.codec.string.StringDecoder 50.0-1517853078000 jar:file:///C:/Users/david/.m2/repository/io/netty/netty-codec/4.0.56.Final/netty-codec-4.0.56.Final.jar!/io/netty/handler/codec/string/StringDecoder.class
[2022-01-17 03:54:16] [javac-extractor-22476] Writing trap file for: io.netty.handler.codec.string.StringEncoder 50.0-1517853078000 jar:file:///C:/Users/david/.m2/repository/io/netty/netty-codec/4.0.56.Final/netty-codec-4.0.56.Final.jar!/io/netty/handler/codec/string/StringEncoder.class
[2022-01-17 03:54:16] [javac-extractor-22476] Writing trap file for: io.netty.handler.codec.MessageToMessageDecoder 50.0-1517853078000 jar:file:///C:/Users/david/.m2/repository/io/netty/netty-codec/4.0.56.Final/netty-codec-4.0.56.Final.jar!/io/netty/handler/codec/MessageToMessageDecoder.class
[2022-01-17 03:54:16] [javac-extractor-22476] Writing trap file for: io.netty.handler.codec.MessageToMessageEncoder 50.0-1517853078000 jar:file:///C:/Users/david/.m2/repository/io/netty/netty-codec/4.0.56.Final/netty-codec-4.0.56.Final.jar!/io/netty/handler/codec/MessageToMessageEncoder.class
[2022-01-17 03:54:16] [javac-extractor-22476] Writing trap file for: io.netty.channel.ChannelOutboundHandlerAdapter 50.0-1517852966000 jar:file:///C:/Users/david/.m2/repository/io/netty/netty-transport/4.0.56.Final/netty-transport-4.0.56.Final.jar!/io/netty/channel/ChannelOutboundHandlerAdapter.class
[2022-01-17 03:54:16] [javac-extractor-22476] Processing file C:\Users\david\Downloads\newts-1.5.2\newts-1.5.2\graphite\src\main\java\org\opennms\newts\graphite\GraphiteListener.java
[2022-01-17 03:54:16] [javac-extractor-22476] Writing trap file for: io.netty.bootstrap.ServerBootstrap 50.0-1517852966000 jar:file:///C:/Users/david/.m2/repository/io/netty/netty-transport/4.0.56.Final/netty-transport-4.0.56.Final.jar!/io/netty/bootstrap/ServerBootstrap.class
[2022-01-17 03:54:16] [javac-extractor-22476] Writing trap file for: io.netty.channel.nio.NioEventLoopGroup 50.0-1517852966000 jar:file:///C:/Users/david/.m2/repository/io/netty/netty-transport/4.0.56.Final/netty-transport-4.0.56.Final.jar!/io/netty/channel/nio/NioEventLoopGroup.class
[2022-01-17 03:54:16] [javac-extractor-22476] Writing trap file for: io.netty.channel.socket.nio.NioServerSocketChannel 50.0-1517852966000 jar:file:///C:/Users/david/.m2/repository/io/netty/netty-transport/4.0.56.Final/netty-transport-4.0.56.Final.jar!/io/netty/channel/socket/nio/NioServerSocketChannel.class
[2022-01-17 03:54:16] [javac-extractor-22476] Writing trap file for: io.netty.handler.logging.LogLevel 50.0-1517853310000 jar:file:///C:/Users/david/.m2/repository/io/netty/netty-handler/4.0.56.Final/netty-handler-4.0.56.Final.jar!/io/netty/handler/logging/LogLevel.class
[2022-01-17 03:54:16] [javac-extractor-22476] Writing trap file for: io.netty.handler.logging.LoggingHandler 50.0-1517853310000 jar:file:///C:/Users/david/.m2/repository/io/netty/netty-handler/4.0.56.Final/netty-handler-4.0.56.Final.jar!/io/netty/handler/logging/LoggingHandler.class
[2022-01-17 03:54:17] [javac-extractor-22476] Writing trap file for: org.opennms.newts.graphite.GraphiteListener 0.0-1642402150877 file:///C:/Users/david/Downloads/newts-1.5.2/newts-1.5.2/graphite/src/main/java/org/opennms/newts/graphite/GraphiteListener.java
[2022-01-17 03:54:17] [javac-extractor-22476] Writing trap file for: io.netty.channel.MultithreadEventLoopGroup 50.0-1517852964000 jar:file:///C:/Users/david/.m2/repository/io/netty/netty-transport/4.0.56.Final/netty-transport-4.0.56.Final.jar!/io/netty/channel/MultithreadEventLoopGroup.class
[2022-01-17 03:54:17] [javac-extractor-22476] Writing trap file for: java.nio.channels.spi.SelectorProvider 55.0-1626867188000 jrt:/modules/java.base/java/nio/channels/spi/SelectorProvider.class
[2022-01-17 03:54:17] [javac-extractor-22476] Writing trap file for: io.netty.channel.SelectStrategyFactory 50.0-1517852966000 jar:file:///C:/Users/david/.m2/repository/io/netty/netty-transport/4.0.56.Final/netty-transport-4.0.56.Final.jar!/io/netty/channel/SelectStrategyFactory.class
[2022-01-17 03:54:17] [javac-extractor-22476] Writing trap file for: io.netty.util.concurrent.RejectedExecutionHandler 50.0-1517852788000 jar:file:///C:/Users/david/.m2/repository/io/netty/netty-common/4.0.56.Final/netty-common-4.0.56.Final.jar!/io/netty/util/concurrent/RejectedExecutionHandler.class
[2022-01-17 03:54:17] [javac-extractor-22476] Writing trap file for: io.netty.channel.nio.AbstractNioMessageChannel 50.0-1517852966000 jar:file:///C:/Users/david/.m2/repository/io/netty/netty-transport/4.0.56.Final/netty-transport-4.0.56.Final.jar!/io/netty/channel/nio/AbstractNioMessageChannel.class
[2022-01-17 03:54:17] [javac-extractor-22476] Writing trap file for: java.nio.channels.ServerSocketChannel 55.0-1626867188000 jrt:/modules/java.base/java/nio/channels/ServerSocketChannel.class
[2022-01-17 03:54:17] [javac-extractor-22476] Writing trap file for: io.netty.channel.ChannelDuplexHandler 50.0-1517852966000 jar:file:///C:/Users/david/.m2/repository/io/netty/netty-transport/4.0.56.Final/netty-transport-4.0.56.Final.jar!/io/netty/channel/ChannelDuplexHandler.class
[2022-01-17 03:54:17] [javac-extractor-22476] Writing trap file for: io.netty.buffer.ByteBufHolder 50.0-1517852834000 jar:file:///C:/Users/david/.m2/repository/io/netty/netty-buffer/4.0.56.Final/netty-buffer-4.0.56.Final.jar!/io/netty/buffer/ByteBufHolder.class
[2022-01-17 03:54:17] [javac-extractor-22476] Writing trap file for: io.netty.util.concurrent.MultithreadEventExecutorGroup 50.0-1517852788000 jar:file:///C:/Users/david/.m2/repository/io/netty/netty-common/4.0.56.Final/netty-common-4.0.56.Final.jar!/io/netty/util/concurrent/MultithreadEventExecutorGroup.class
[2022-01-17 03:54:17] [javac-extractor-22476] Writing trap file for: java.nio.channels.SocketChannel 55.0-1626867188000 jrt:/modules/java.base/java/nio/channels/SocketChannel.class
[2022-01-17 03:54:17] [javac-extractor-22476] Writing trap file for: java.nio.channels.spi.AbstractSelector 55.0-1626867188000 jrt:/modules/java.base/java/nio/channels/spi/AbstractSelector.class
[2022-01-17 03:54:17] [javac-extractor-22476] Writing trap file for: java.nio.channels.Pipe 55.0-1626867188000 jrt:/modules/java.base/java/nio/channels/Pipe.class
[2022-01-17 03:54:17] [javac-extractor-22476] Writing trap file for: java.net.ProtocolFamily 55.0-1626867188000 jrt:/modules/java.base/java/net/ProtocolFamily.class
[2022-01-17 03:54:17] [javac-extractor-22476] Writing trap file for: java.nio.channels.DatagramChannel 55.0-1626867188000 jrt:/modules/java.base/java/nio/channels/DatagramChannel.class
[2022-01-17 03:54:17] [javac-extractor-22476] Writing trap file for: io.netty.channel.SelectStrategy 50.0-1517852964000 jar:file:///C:/Users/david/.m2/repository/io/netty/netty-transport/4.0.56.Final/netty-transport-4.0.56.Final.jar!/io/netty/channel/SelectStrategy.class
[2022-01-17 03:54:17] [javac-extractor-22476] Writing trap file for: io.netty.util.concurrent.SingleThreadEventExecutor 50.0-1517852788000 jar:file:///C:/Users/david/.m2/repository/io/netty/netty-common/4.0.56.Final/netty-common-4.0.56.Final.jar!/io/netty/util/concurrent/SingleThreadEventExecutor.class
[2022-01-17 03:54:17] [javac-extractor-22476] Writing trap file for: io.netty.channel.nio.AbstractNioChannel 50.0-1517852966000 jar:file:///C:/Users/david/.m2/repository/io/netty/netty-transport/4.0.56.Final/netty-transport-4.0.56.Final.jar!/io/netty/channel/nio/AbstractNioChannel.class
[2022-01-17 03:54:17] [javac-extractor-22476] Writing trap file for: io.netty.channel.nio.AbstractNioChannel.AbstractNioUnsafe 50.0-1517852966000 jar:file:///C:/Users/david/.m2/repository/io/netty/netty-transport/4.0.56.Final/netty-transport-4.0.56.Final.jar!/io/netty/channel/nio/AbstractNioChannel$AbstractNioUnsafe.class
[2022-01-17 03:54:17] [javac-extractor-22476] Writing trap file for: java.nio.channels.SelectableChannel 55.0-1626867188000 jrt:/modules/java.base/java/nio/channels/SelectableChannel.class
[2022-01-17 03:54:17] [javac-extractor-22476] Writing trap file for: java.nio.channels.spi.AbstractSelectableChannel 55.0-1626867188000 jrt:/modules/java.base/java/nio/channels/spi/AbstractSelectableChannel.class
[2022-01-17 03:54:17] [javac-extractor-22476] Writing trap file for: java.nio.channels.NetworkChannel 55.0-1626867188000 jrt:/modules/java.base/java/nio/channels/NetworkChannel.class
[2022-01-17 03:54:17] [javac-extractor-22476] Writing trap file for: java.net.ServerSocket 55.0-1626867188000 jrt:/modules/java.base/java/net/ServerSocket.class
[2022-01-17 03:54:17] [javac-extractor-22476] Writing trap file for: java.net.SocketOption 55.0-1626867188000 jrt:/modules/java.base/java/net/SocketOption.class
[2022-01-17 03:54:17] [javac-extractor-22476] Writing trap file for: io.netty.util.concurrent.AbstractEventExecutorGroup 50.0-1517852788000 jar:file:///C:/Users/david/.m2/repository/io/netty/netty-common/4.0.56.Final/netty-common-4.0.56.Final.jar!/io/netty/util/concurrent/AbstractEventExecutorGroup.class
[2022-01-17 03:54:17] [javac-extractor-22476] Writing trap file for: java.net.Socket 55.0-1626867188000 jrt:/modules/java.base/java/net/Socket.class
[2022-01-17 03:54:17] [javac-extractor-22476] Writing trap file for: java.nio.channels.Selector 55.0-1626867188000 jrt:/modules/java.base/java/nio/channels/Selector.class
[2022-01-17 03:54:17] [javac-extractor-22476] Writing trap file for: java.nio.channels.spi.AbstractSelectionKey 55.0-1626867188000 jrt:/modules/java.base/java/nio/channels/spi/AbstractSelectionKey.class
[2022-01-17 03:54:17] [javac-extractor-22476] Writing trap file for: java.nio.channels.SelectionKey 55.0-1626867188000 jrt:/modules/java.base/java/nio/channels/SelectionKey.class
[2022-01-17 03:54:17] [javac-extractor-22476] Writing trap file for: java.nio.channels.Pipe.SinkChannel 55.0-1626867188000 jrt:/modules/java.base/java/nio/channels/Pipe$SinkChannel.class
[2022-01-17 03:54:17] [javac-extractor-22476] Writing trap file for: java.nio.channels.Pipe.SourceChannel 55.0-1626867188000 jrt:/modules/java.base/java/nio/channels/Pipe$SourceChannel.class
[2022-01-17 03:54:17] [javac-extractor-22476] Writing trap file for: java.nio.channels.MulticastChannel 55.0-1626867188000 jrt:/modules/java.base/java/nio/channels/MulticastChannel.class
[2022-01-17 03:54:17] [javac-extractor-22476] Writing trap file for: java.net.DatagramSocket 55.0-1626867188000 jrt:/modules/java.base/java/net/DatagramSocket.class
[2022-01-17 03:54:17] [javac-extractor-22476] Writing trap file for: io.netty.util.IntSupplier 50.0-1517852788000 jar:file:///C:/Users/david/.m2/repository/io/netty/netty-common/4.0.56.Final/netty-common-4.0.56.Final.jar!/io/netty/util/IntSupplier.class
[2022-01-17 03:54:17] [javac-extractor-22476] Writing trap file for: io.netty.util.concurrent.AbstractScheduledEventExecutor 50.0-1517852788000 jar:file:///C:/Users/david/.m2/repository/io/netty/netty-common/4.0.56.Final/netty-common-4.0.56.Final.jar!/io/netty/util/concurrent/AbstractScheduledEventExecutor.class
[2022-01-17 03:54:17] [javac-extractor-22476] Writing trap file for: io.netty.util.concurrent.ThreadProperties 50.0-1517852788000 jar:file:///C:/Users/david/.m2/repository/io/netty/netty-common/4.0.56.Final/netty-common-4.0.56.Final.jar!/io/netty/util/concurrent/ThreadProperties.class
[2022-01-17 03:54:17] [javac-extractor-22476] Writing trap file for: io.netty.channel.nio.NioEventLoop 50.0-1517852966000 jar:file:///C:/Users/david/.m2/repository/io/netty/netty-transport/4.0.56.Final/netty-transport-4.0.56.Final.jar!/io/netty/channel/nio/NioEventLoop.class
[2022-01-17 03:54:17] [javac-extractor-22476] Writing trap file for: io.netty.channel.nio.AbstractNioChannel.NioUnsafe 50.0-1517852966000 jar:file:///C:/Users/david/.m2/repository/io/netty/netty-transport/4.0.56.Final/netty-transport-4.0.56.Final.jar!/io/netty/channel/nio/AbstractNioChannel$NioUnsafe.class
[2022-01-17 03:54:17] [javac-extractor-22476] Writing trap file for: java.net.SocketImplFactory 55.0-1626867188000 jrt:/modules/java.base/java/net/SocketImplFactory.class
[2022-01-17 03:54:17] [javac-extractor-22476] Writing trap file for: java.net.SocketImpl 55.0-1626867188000 jrt:/modules/java.base/java/net/SocketImpl.class
[2022-01-17 03:54:17] [javac-extractor-22476] Writing trap file for: java.nio.channels.MembershipKey 55.0-1626867188000 jrt:/modules/java.base/java/nio/channels/MembershipKey.class
[2022-01-17 03:54:17] [javac-extractor-22476] Writing trap file for: java.net.DatagramSocketImplFactory 55.0-1626867188000 jrt:/modules/java.base/java/net/DatagramSocketImplFactory.class
[2022-01-17 03:54:17] [javac-extractor-22476] Writing trap file for: java.net.DatagramPacket 55.0-1626867188000 jrt:/modules/java.base/java/net/DatagramPacket.class
[2022-01-17 03:54:17] [javac-extractor-22476] Writing trap file for: java.net.DatagramSocketImpl 55.0-1626867188000 jrt:/modules/java.base/java/net/DatagramSocketImpl.class
[2022-01-17 03:54:17] [javac-extractor-22476] Writing trap file for: io.netty.util.concurrent.AbstractEventExecutor 50.0-1517852788000 jar:file:///C:/Users/david/.m2/repository/io/netty/netty-common/4.0.56.Final/netty-common-4.0.56.Final.jar!/io/netty/util/concurrent/AbstractEventExecutor.class
[2022-01-17 03:54:17] [javac-extractor-22476] Writing trap file for: io.netty.util.concurrent.ScheduledFutureTask 50.0-1517852788000 jar:file:///C:/Users/david/.m2/repository/io/netty/netty-common/4.0.56.Final/netty-common-4.0.56.Final.jar!/io/netty/util/concurrent/ScheduledFutureTask.class
[2022-01-17 03:54:17] [javac-extractor-22476] Writing trap file for: io.netty.util.concurrent.PromiseTask 50.0-1517852788000 jar:file:///C:/Users/david/.m2/repository/io/netty/netty-common/4.0.56.Final/netty-common-4.0.56.Final.jar!/io/netty/util/concurrent/PromiseTask.class
[2022-01-17 03:54:17] [javac-extractor-22476] Writing trap file for: io.netty.util.concurrent.DefaultPromise 50.0-1517852788000 jar:file:///C:/Users/david/.m2/repository/io/netty/netty-common/4.0.56.Final/netty-common-4.0.56.Final.jar!/io/netty/util/concurrent/DefaultPromise.class
[2022-01-17 03:54:17] [javac-extractor-22476] Writing trap file for: io.netty.util.concurrent.AbstractFuture 50.0-1517852788000 jar:file:///C:/Users/david/.m2/repository/io/netty/netty-common/4.0.56.Final/netty-common-4.0.56.Final.jar!/io/netty/util/concurrent/AbstractFuture.class
[2022-01-17 03:54:17] [javac-extractor-22476] Writing trap file for: io.netty.channel.SingleThreadEventLoop 50.0-1517852964000 jar:file:///C:/Users/david/.m2/repository/io/netty/netty-transport/4.0.56.Final/netty-transport-4.0.56.Final.jar!/io/netty/channel/SingleThreadEventLoop.class
[2022-01-17 03:54:17] [javac-extractor-22476] Writing trap file for: io.netty.channel.nio.NioTask 50.0-1517852966000 jar:file:///C:/Users/david/.m2/repository/io/netty/netty-transport/4.0.56.Final/netty-transport-4.0.56.Final.jar!/io/netty/channel/nio/NioTask.class
[2022-01-17 03:54:17] [javac-extractor-22476] Writing trap file for: java.net.SocketOptions 55.0-1626867188000 jrt:/modules/java.base/java/net/SocketOptions.class
[2022-01-17 03:54:17] [javac-extractor-22476] Javac init time: 0.7s
[2022-01-17 03:54:17] [javac-extractor-22476] Javac attr time: 0.1s
[2022-01-17 03:54:17] [javac-extractor-22476] Extractor time: 1.6s
[2022-01-17 03:54:17] [javac-extractor-22476] Other time: 0.1s
[2022-01-17 03:54:17] [javac-extractor-22476] Total time: 2.5s
