[2022-01-17 03:52:11] [javac-extractor-27112] Starting extraction for:
                                              sun.java.command=com.semmle.extractor.java.JavaExtractor --jdk-version 11 --javac-args @@@C:\Users\david\Downloads\jakartaDatabase\log\ext\javac-5.args
                                              user.dir=C:\Users\david\Downloads\newts-1.5.2\newts-1.5.2
[2022-01-17 03:52:11] [javac-extractor-27112] [WARN] Appending source destination directory C:\Users\david\Downloads\newts-1.5.2\newts-1.5.2\aggregate\target\generated-test-sources\test-annotations to sourcepath
[2022-01-17 03:52:12] [javac-extractor-27112] Processing file C:\Users\david\Downloads\newts-1.5.2\newts-1.5.2\aggregate\src\test\java\org\opennms\newts\aggregate\Utils.java
[2022-01-17 03:52:12] [javac-extractor-27112] Writing trap file for: org.opennms.newts.aggregate.Utils 0.0-1642402144344 file:///C:/Users/david/Downloads/newts-1.5.2/newts-1.5.2/aggregate/src/test/java/org/opennms/newts/aggregate/Utils.java
[2022-01-17 03:52:12] [javac-extractor-27112] Writing trap file for: org.opennms.newts.aggregate.Utils.AbstractRowsBuilder 0.0-1642402331419 file:///C:/Users/david/Downloads/newts-1.5.2/newts-1.5.2/aggregate/target/test-classes/org/opennms/newts/aggregate/Utils$AbstractRowsBuilder.class
[2022-01-17 03:52:12] [javac-extractor-27112] Writing trap file for: org.opennms.newts.aggregate.Utils.MeasurementRowsBuilder 0.0-1642402331421 file:///C:/Users/david/Downloads/newts-1.5.2/newts-1.5.2/aggregate/target/test-classes/org/opennms/newts/aggregate/Utils$MeasurementRowsBuilder.class
[2022-01-17 03:52:12] [javac-extractor-27112] Writing trap file for: org.opennms.newts.aggregate.Utils.SampleRowsBuilder 0.0-1642402331424 file:///C:/Users/david/Downloads/newts-1.5.2/newts-1.5.2/aggregate/target/test-classes/org/opennms/newts/aggregate/Utils$SampleRowsBuilder.class
[2022-01-17 03:52:12] [javac-extractor-27112] Processing file C:\Users\david\Downloads\newts-1.5.2\newts-1.5.2\aggregate\src\test\java\org\opennms\newts\aggregate\PrimaryDataTest.java
[2022-01-17 03:52:13] [javac-extractor-27112] Writing trap file for: org.opennms.newts.aggregate.PrimaryDataTest 0.0-1642402144259 file:///C:/Users/david/Downloads/newts-1.5.2/newts-1.5.2/aggregate/src/test/java/org/opennms/newts/aggregate/PrimaryDataTest.java
[2022-01-17 03:52:13] [javac-extractor-27112] Processing file C:\Users\david\Downloads\newts-1.5.2\newts-1.5.2\aggregate\src\test\java\org\opennms\newts\aggregate\ComputeTest.java
[2022-01-17 03:52:13] [javac-extractor-27112] Writing trap file for: org.opennms.newts.aggregate.ComputeTest 0.0-1642402144128 file:///C:/Users/david/Downloads/newts-1.5.2/newts-1.5.2/aggregate/src/test/java/org/opennms/newts/aggregate/ComputeTest.java
[2022-01-17 03:52:13] [javac-extractor-27112] Processing file C:\Users\david\Downloads\newts-1.5.2\newts-1.5.2\aggregate\src\test\java\org\opennms\newts\aggregate\ExportTest.java
[2022-01-17 03:52:13] [javac-extractor-27112] Writing trap file for: org.opennms.newts.aggregate.ExportTest 0.0-1642402144152 file:///C:/Users/david/Downloads/newts-1.5.2/newts-1.5.2/aggregate/src/test/java/org/opennms/newts/aggregate/ExportTest.java
[2022-01-17 03:52:13] [javac-extractor-27112] Processing file C:\Users\david\Downloads\newts-1.5.2\newts-1.5.2\aggregate\src\test\java\org\opennms\newts\aggregate\IntervalGeneratorTest.java
[2022-01-17 03:52:13] [javac-extractor-27112] Writing trap file for: org.opennms.newts.aggregate.IntervalGeneratorTest 0.0-1642402144182 file:///C:/Users/david/Downloads/newts-1.5.2/newts-1.5.2/aggregate/src/test/java/org/opennms/newts/aggregate/IntervalGeneratorTest.java
[2022-01-17 03:52:13] [javac-extractor-27112] Processing file C:\Users\david\Downloads\newts-1.5.2\newts-1.5.2\aggregate\src\test\java\org\opennms\newts\aggregate\RateTest.java
[2022-01-17 03:52:13] [javac-extractor-27112] Writing trap file for: org.opennms.newts.aggregate.RateTest 0.0-1642402144287 file:///C:/Users/david/Downloads/newts-1.5.2/newts-1.5.2/aggregate/src/test/java/org/opennms/newts/aggregate/RateTest.java
[2022-01-17 03:52:13] [javac-extractor-27112] Processing file C:\Users\david\Downloads\newts-1.5.2\newts-1.5.2\aggregate\src\test\java\org\opennms\newts\aggregate\ResultProcessorTest.java
[2022-01-17 03:52:13] [javac-extractor-27112] Writing trap file for: org.opennms.newts.aggregate.ResultProcessorTest 0.0-1642402144315 file:///C:/Users/david/Downloads/newts-1.5.2/newts-1.5.2/aggregate/src/test/java/org/opennms/newts/aggregate/ResultProcessorTest.java
[2022-01-17 03:52:13] [javac-extractor-27112] Processing file C:\Users\david\Downloads\newts-1.5.2\newts-1.5.2\aggregate\src\test\java\org\opennms\newts\aggregate\AggregationAttributesTest.java
[2022-01-17 03:52:13] [javac-extractor-27112] Writing trap file for: org.opennms.newts.aggregate.AggregationAttributesTest 0.0-1642402144068 file:///C:/Users/david/Downloads/newts-1.5.2/newts-1.5.2/aggregate/src/test/java/org/opennms/newts/aggregate/AggregationAttributesTest.java
[2022-01-17 03:52:13] [javac-extractor-27112] Processing file C:\Users\david\Downloads\newts-1.5.2\newts-1.5.2\aggregate\src\test\java\org\opennms\newts\aggregate\AggregationTest.java
[2022-01-17 03:52:13] [javac-extractor-27112] Writing trap file for: org.opennms.newts.aggregate.AggregationTest 0.0-1642402144098 file:///C:/Users/david/Downloads/newts-1.5.2/newts-1.5.2/aggregate/src/test/java/org/opennms/newts/aggregate/AggregationTest.java
[2022-01-17 03:52:13] [javac-extractor-27112] Processing file C:\Users\david\Downloads\newts-1.5.2\newts-1.5.2\aggregate\src\test\java\org\opennms\newts\aggregate\PrimaryDataAttributesTest.java
[2022-01-17 03:52:13] [javac-extractor-27112] Writing trap file for: org.opennms.newts.aggregate.PrimaryDataAttributesTest 0.0-1642402144225 file:///C:/Users/david/Downloads/newts-1.5.2/newts-1.5.2/aggregate/src/test/java/org/opennms/newts/aggregate/PrimaryDataAttributesTest.java
[2022-01-17 03:52:14] [javac-extractor-27112] Javac init time: 0.6s
[2022-01-17 03:52:14] [javac-extractor-27112] Javac attr time: 0.2s
[2022-01-17 03:52:14] [javac-extractor-27112] Extractor time: 1.4s
[2022-01-17 03:52:14] [javac-extractor-27112] Other time: 0.1s
[2022-01-17 03:52:14] [javac-extractor-27112] Total time: 2.2s
