[T 12:56:57 17516] Reading configuration file C:\Users\david\Documents\code-analysis-CodeQL\databases\owasp-database\working\tracing\compiler-tracing14963198821850286455.spec...
[T 12:56:57 17516] Initialising tags...
[T 12:56:57 17516] ID set to 000000000000446C_0000000000000001 (parent root)
[T 12:56:57 17516] Reading configuration file C:\Users\david\Documents\code-analysis-CodeQL\databases\owasp-database\working\tracing\compiler-tracing14963198821850286455.spec...
[T 12:56:57 17516] Initialising tags...
[T 12:56:57 17516] ID set to 000000000000446C_0000000000000002 (parent root)
[T 12:56:57 17516] ==== Candidate to intercept: C:\Users\david\codeql-home\codeql\tools\win64\runner.exe ====
[T 12:56:57 10180] Reading configuration file C:\Users\david\Documents\code-analysis-CodeQL\databases\owasp-database\working\tracing\compiler-tracing14963198821850286455.spec...
[T 12:56:57 10180] Initialising tags...
[T 12:56:57 10180] ID set to 00000000000027C4_0000000000000001 (parent 000000000000446C_0000000000000001)
[T 12:56:57 10180] ==== Candidate to intercept: C:\Windows\System32\cmd.exe ====
[T 12:56:57 17984] Reading configuration file C:\Users\david\Documents\code-analysis-CodeQL\databases\owasp-database\working\tracing\compiler-tracing14963198821850286455.spec...
[T 12:56:57 17984] Initialising tags...
[T 12:56:57 17984] ID set to 0000000000004640_0000000000000001 (parent 00000000000027C4_0000000000000001)
[T 12:56:57 17984] ==== Candidate to intercept: C:\Program Files\Eclipse Foundation\jdk-11.0.12.7-hotspot\bin\java.exe ====
[T 12:56:57 22600] Reading configuration file C:\Users\david\Documents\code-analysis-CodeQL\databases\owasp-database\working\tracing\compiler-tracing14963198821850286455.spec...
[T 12:56:57 22600] Initialising tags...
[T 12:56:57 22600] ID set to 0000000000005848_0000000000000001 (parent 0000000000004640_0000000000000001)
[T 12:56:57 22600] Loading extra JVM options from SEMMLE_JAVA_TOOL_OPTIONS instead of in-process variable.Passing through -javaagent:C:\Users\david\codeql-home\codeql\java\tools/codeql-java-agent.jar=ignore-project,java to underlying JVM.
[T 12:56:57 22600] Passing through -Xbootclasspath/a:C:\Users\david\codeql-home\codeql\java\tools/codeql-java-agent.jar to underlying JVM.
[T 12:56:57 22600] Intercepted JVM creation with extra hidden args: ['-javaagent:C:\Users\david\codeql-home\codeql\java\tools/codeql-java-agent.jar=ignore-project,java' '-Xbootclasspath/a:C:\Users\david\codeql-home\codeql\java\tools/codeql-java-agent.jar'] (result: 1, 0).
[T 12:58:26 22600] ==== Candidate to intercept: C:\Windows\System32\cmd.exe ====
[T 12:58:26 16068] Reading configuration file C:\Users\david\Documents\code-analysis-CodeQL\databases\owasp-database\working\tracing\compiler-tracing14963198821850286455.spec...
[T 12:58:26 16068] Initialising tags...
[T 12:58:26 16068] ID set to 0000000000003EC4_0000000000000001 (parent 0000000000005848_0000000000000001)
[T 12:58:26 16068] ==== Candidate to intercept: C:\Program Files\Eclipse Foundation\jdk-11.0.12.7-hotspot\bin\javac.exe ====
[T 12:58:26 22284] Reading configuration file C:\Users\david\Documents\code-analysis-CodeQL\databases\owasp-database\working\tracing\compiler-tracing14963198821850286455.spec...
[T 12:58:26 22284] Initialising tags...
[T 12:58:26 22284] ID set to 000000000000570C_0000000000000001 (parent 0000000000003EC4_0000000000000001)
[T 12:58:26 22284] Loading extra JVM options from SEMMLE_JAVA_TOOL_OPTIONS instead of in-process variable.Passing through -javaagent:C:\Users\david\codeql-home\codeql\java\tools/codeql-java-agent.jar=ignore-project,java to underlying JVM.
[T 12:58:26 22284] Passing through -Xbootclasspath/a:C:\Users\david\codeql-home\codeql\java\tools/codeql-java-agent.jar to underlying JVM.
[T 12:58:26 22284] Intercepted JVM creation with extra hidden args: ['-javaagent:C:\Users\david\codeql-home\codeql\java\tools/codeql-java-agent.jar=ignore-project,java' '-Xbootclasspath/a:C:\Users\david\codeql-home\codeql\java\tools/codeql-java-agent.jar'] (result: 1, 0).
[T 12:58:38 22284] ==== Candidate to intercept: C:\Program Files\Eclipse Foundation\jdk-11.0.12.7-hotspot\bin\java.exe ====
[T 12:58:38 22348] Reading configuration file C:\Users\david\Documents\code-analysis-CodeQL\databases\owasp-database\working\tracing\compiler-tracing14963198821850286455.spec...
[T 12:58:38 22348] Initialising tags...
[T 12:58:38 22348] ID set to 000000000000574C_0000000000000001 (parent 000000000000570C_0000000000000001)
[T 12:58:38 22348] Loading extra JVM options from SEMMLE_JAVA_TOOL_OPTIONS instead of in-process variable.Passing through -javaagent:C:\Users\david\codeql-home\codeql\java\tools/codeql-java-agent.jar=ignore-project,java to underlying JVM.
[T 12:58:38 22348] Passing through -Xbootclasspath/a:C:\Users\david\codeql-home\codeql\java\tools/codeql-java-agent.jar to underlying JVM.
[T 12:58:38 22348] Intercepted JVM creation with extra hidden args: ['-javaagent:C:\Users\david\codeql-home\codeql\java\tools/codeql-java-agent.jar=ignore-project,java' '-Xbootclasspath/a:C:\Users\david\codeql-home\codeql\java\tools/codeql-java-agent.jar'] (result: 1, 0).
[T 13:03:18 22600] ==== Candidate to intercept: C:\Program Files\Git\cmd\git.exe ====
[T 13:03:18 3964] Reading configuration file C:\Users\david\Documents\code-analysis-CodeQL\databases\owasp-database\working\tracing\compiler-tracing14963198821850286455.spec...
[T 13:03:18 3964] Initialising tags...
[T 13:03:18 3964] ID set to 0000000000000F7C_0000000000000001 (parent 0000000000005848_0000000000000001)
[T 13:03:18 3964] ==== Candidate to intercept: C:\Program Files\Git\mingw64\bin\git.exe ====
[T 13:03:18 14068] Reading configuration file C:\Users\david\Documents\code-analysis-CodeQL\databases\owasp-database\working\tracing\compiler-tracing14963198821850286455.spec...
[T 13:03:18 14068] Initialising tags...
[T 13:03:18 14068] ID set to 00000000000036F4_0000000000000001 (parent 0000000000000F7C_0000000000000001)
[T 13:03:18 22600] ==== Candidate to intercept: C:\Program Files\Git\cmd\git.exe ====
[T 13:03:18 17476] Reading configuration file C:\Users\david\Documents\code-analysis-CodeQL\databases\owasp-database\working\tracing\compiler-tracing14963198821850286455.spec...
[T 13:03:18 17476] Initialising tags...
[T 13:03:18 17476] ID set to 0000000000004444_0000000000000001 (parent 0000000000005848_0000000000000001)
[T 13:03:18 17476] ==== Candidate to intercept: C:\Program Files\Git\mingw64\bin\git.exe ====
[T 13:03:18 3692] Reading configuration file C:\Users\david\Documents\code-analysis-CodeQL\databases\owasp-database\working\tracing\compiler-tracing14963198821850286455.spec...
[T 13:03:18 3692] Initialising tags...
[T 13:03:18 3692] ID set to 0000000000000E6C_0000000000000001 (parent 0000000000004444_0000000000000001)
[T 13:03:19 3692] ==== Candidate to intercept: C:\Program Files\Git\usr\bin\echo.exe ====
[T 13:03:19 21412] Reading configuration file C:\Users\david\Documents\code-analysis-CodeQL\databases\owasp-database\working\tracing\compiler-tracing14963198821850286455.spec...
[T 13:03:19 21412] Initialising tags...
[T 13:03:19 21412] ID set to 00000000000053A4_0000000000000001 (parent 0000000000000E6C_0000000000000001)
[T 13:03:54 17984] ==== Candidate to intercept: C:\Windows\System32\cmd.exe ====
[T 13:03:54 12916] Reading configuration file C:\Users\david\Documents\code-analysis-CodeQL\databases\owasp-database\working\tracing\compiler-tracing14963198821850286455.spec...
[T 13:03:54 12916] Initialising tags...
[T 13:03:54 12916] ID set to 0000000000003274_0000000000000001 (parent 0000000000004640_0000000000000001)
