[2021-10-14 17:01:24] This is codeql execute queries -J-Xmx2011M --off-heap-ram=2011 --verbosity=progress --logdir=C:\Users\david\Documents\code-analysis-CodeQL\databases\owasp-database\log --evaluator-log-level=1 --threads=4 --ml-model-path=C:\Users\david\Documents\code-analysis-CodeQL\databases --native-library-path=C:\Users\david\Documents\code-analysis-CodeQL\databases --warnings=show --qlconfig-file=C:\Users\david\Documents\code-analysis-CodeQL\databases\qlconfig.yml --no-rerun --output=C:\Users\david\Documents\code-analysis-CodeQL\databases\owasp-database\results -- C:\Users\david\Documents\code-analysis-CodeQL\databases\owasp-database\db-java ..\QueryTest0001\queryPostaCodeQL(Uncontrolled data used in path expression).ql
[2021-10-14 17:01:24] Calling plumbing command: codeql resolve queries --qlconfig-file=C:\Users\david\Documents\code-analysis-CodeQL\databases\qlconfig.yml --format=json -- ..\QueryTest0001\queryPostaCodeQL(Uncontrolled data used in path expression).ql
[2021-10-14 17:01:24] Plumbing command codeql resolve queries completed:
                      [
                        "C:\\Users\\david\\Documents\\code-analysis-CodeQL\\QueryTest0001\\queryPostaCodeQL(Uncontrolled data used in path expression).ql"
                      ]
[2021-10-14 17:01:24] Creating executor with 4 threads.
[2021-10-14 17:01:24] Calling plumbing command: codeql resolve library-path --qlconfig-file=C:\Users\david\Documents\code-analysis-CodeQL\databases\qlconfig.yml --query=C:\Users\david\Documents\code-analysis-CodeQL\QueryTest0001\queryPostaCodeQL(Uncontrolled data used in path expression).ql --format=json
[2021-10-14 17:01:24] [DETAILS] resolve library-path> Resolving query at normalized path C:\Users\david\Documents\code-analysis-CodeQL\QueryTest0001\queryPostaCodeQL(Uncontrolled data used in path expression).ql.
[2021-10-14 17:01:24] [DETAILS] resolve library-path> Found enclosing pack 'codeql-custom-queries-java' at C:\Users\david\Documents\code-analysis-CodeQL\QueryTest0001.
[2021-10-14 17:01:24] [DETAILS] resolve library-path> Adding compilation cache at C:\Users\david\Documents\code-analysis-CodeQL\QueryTest0001\.cache.
[2021-10-14 17:01:24] [DETAILS] resolve library-path> Resolving library dependencies from C:\Users\david\Documents\code-analysis-CodeQL\QueryTest0001\qlpack.yml.
[2021-10-14 17:01:24] [DETAILS] resolve library-path> QL pack dependencies for C:\Users\david\Documents\code-analysis-CodeQL\QueryTest0001 resolved OK.
[2021-10-14 17:01:24] [DETAILS] resolve library-path> Found dbscheme through QL packs: C:\Users\david\Documents\code-analysis-CodeQL\ql\java\ql\lib\config\semmlecode.dbscheme.
[2021-10-14 17:01:24] Plumbing command codeql resolve library-path completed:
                      {
                        "libraryPath" : [
                          "C:\\Users\\david\\Documents\\code-analysis-CodeQL\\QueryTest0001",
                          "C:\\Users\\david\\Documents\\code-analysis-CodeQL\\ql\\java\\ql\\lib",
                          "C:\\Users\\david\\Documents\\code-analysis-CodeQL\\ql\\java\\upgrades"
                        ],
                        "dbscheme" : "C:\\Users\\david\\Documents\\code-analysis-CodeQL\\ql\\java\\ql\\lib\\config\\semmlecode.dbscheme",
                        "compilationCache" : [
                          "C:\\Users\\david\\Documents\\code-analysis-CodeQL\\QueryTest0001\\.cache"
                        ],
                        "relativeName" : "codeql-custom-queries-java\\queryPostaCodeQL(Uncontrolled data used in path expression).ql",
                        "qlPackName" : "codeql-custom-queries-java"
                      }
[2021-10-14 17:01:24] [PROGRESS] execute queries> [1/1] No need to rerun C:\Users\david\Documents\code-analysis-CodeQL\QueryTest0001\queryPostaCodeQL(Uncontrolled data used in path expression).ql.
[2021-10-14 17:01:24] [PROGRESS] execute queries> Shutting down query evaluator.
[2021-10-14 17:01:24] Sequence stamp origin is -6534871404763855587
[2021-10-14 17:01:24] Pausing evaluation to close the cache at sequence stamp o+0
[2021-10-14 17:01:24] The disk cache is freshly trimmed; leave it be.
[2021-10-14 17:01:24] Unpausing evaluation
[2021-10-14 17:01:25] Terminating normally.
