[T 12:43:50 13436] Reading configuration file C:\Users\david\Documents\code-analysis-CodeQL\owasp-database\working\tracing\compiler-tracing14501382679257534186.spec...
[T 12:43:50 13436] Initialising tags...
[T 12:43:50 13436] ID set to 000000000000347C_0000000000000001 (parent root)
[T 12:43:50 13436] Reading configuration file C:\Users\david\Documents\code-analysis-CodeQL\owasp-database\working\tracing\compiler-tracing14501382679257534186.spec...
[T 12:43:50 13436] Initialising tags...
[T 12:43:50 13436] ID set to 000000000000347C_0000000000000002 (parent root)
[T 12:43:50 13436] ==== Candidate to intercept: C:\Users\david\codeql-home\codeql\tools\win64\runner.exe ====
[T 12:43:50 1176] Reading configuration file C:\Users\david\Documents\code-analysis-CodeQL\owasp-database\working\tracing\compiler-tracing14501382679257534186.spec...
[T 12:43:50 1176] Initialising tags...
[T 12:43:50 1176] ID set to 0000000000000498_0000000000000001 (parent 000000000000347C_0000000000000001)
[T 12:43:51 1176] ==== Candidate to intercept: C:\Windows\System32\cmd.exe ====
[T 12:43:51 20924] Reading configuration file C:\Users\david\Documents\code-analysis-CodeQL\owasp-database\working\tracing\compiler-tracing14501382679257534186.spec...
[T 12:43:51 20924] Initialising tags...
[T 12:43:51 20924] ID set to 00000000000051BC_0000000000000001 (parent 0000000000000498_0000000000000001)
[T 12:43:51 20924] ==== Candidate to intercept: C:\Program Files\Eclipse Foundation\jdk-11.0.12.7-hotspot\bin\java.exe ====
[T 12:43:51 12868] Reading configuration file C:\Users\david\Documents\code-analysis-CodeQL\owasp-database\working\tracing\compiler-tracing14501382679257534186.spec...
[T 12:43:51 12868] Initialising tags...
[T 12:43:51 12868] ID set to 0000000000003244_0000000000000001 (parent 00000000000051BC_0000000000000001)
[T 12:43:51 12868] Loading extra JVM options from SEMMLE_JAVA_TOOL_OPTIONS instead of in-process variable.Passing through -javaagent:C:\Users\david\codeql-home\codeql\java\tools/codeql-java-agent.jar=ignore-project,java to underlying JVM.
[T 12:43:51 12868] Passing through -Xbootclasspath/a:C:\Users\david\codeql-home\codeql\java\tools/codeql-java-agent.jar to underlying JVM.
[T 12:43:51 12868] Intercepted JVM creation with extra hidden args: ['-javaagent:C:\Users\david\codeql-home\codeql\java\tools/codeql-java-agent.jar=ignore-project,java' '-Xbootclasspath/a:C:\Users\david\codeql-home\codeql\java\tools/codeql-java-agent.jar'] (result: 1, 0).
[T 12:43:52 20924] ==== Candidate to intercept: C:\Windows\System32\cmd.exe ====
[T 12:43:52 6844] Reading configuration file C:\Users\david\Documents\code-analysis-CodeQL\owasp-database\working\tracing\compiler-tracing14501382679257534186.spec...
[T 12:43:52 6844] Initialising tags...
[T 12:43:52 6844] ID set to 0000000000001ABC_0000000000000001 (parent 00000000000051BC_0000000000000001)
