[2021-10-14 12:43:50] This is codeql database create owasp-database --language=java --command=mvn clean install -o
[2021-10-14 12:43:50] Log file was started late.
[2021-10-14 12:43:50] [PROGRESS] database create> Initializing database at C:\Users\david\Documents\code-analysis-CodeQL\owasp-database.
[2021-10-14 12:43:50] Running plumbing command: codeql database init --language=java --source-root=C:\Users\david\Documents\code-analysis-CodeQL --allow-missing-source-root=false --allow-already-existing -- C:\Users\david\Documents\code-analysis-CodeQL\owasp-database
[2021-10-14 12:43:50] [PROGRESS] database init> Counting lines of code in C:\Users\david\Documents\code-analysis-CodeQL
[2021-10-14 12:43:50] [PROGRESS] database init> Resolving extractor java.
[2021-10-14 12:43:50] Calling plumbing command: codeql resolve languages --format=json
[2021-10-14 12:43:50] [DETAILS] resolve languages> Scanning for codeql-extractor.yml from C:\Users\david\codeql-home\codeql\.codeqlmanifest.json
[2021-10-14 12:43:50] [DETAILS] resolve languages> Parsing C:\Users\david\codeql-home\codeql\cpp\codeql-extractor.yml.
[2021-10-14 12:43:50] [DETAILS] resolve languages> Parsing C:\Users\david\codeql-home\codeql\csharp\codeql-extractor.yml.
[2021-10-14 12:43:50] [DETAILS] resolve languages> Parsing C:\Users\david\codeql-home\codeql\csv\codeql-extractor.yml.
[2021-10-14 12:43:50] [DETAILS] resolve languages> Parsing C:\Users\david\codeql-home\codeql\go\codeql-extractor.yml.
[2021-10-14 12:43:50] [DETAILS] resolve languages> Parsing C:\Users\david\codeql-home\codeql\html\codeql-extractor.yml.
[2021-10-14 12:43:50] [DETAILS] resolve languages> Parsing C:\Users\david\codeql-home\codeql\java\codeql-extractor.yml.
[2021-10-14 12:43:50] [DETAILS] resolve languages> Parsing C:\Users\david\codeql-home\codeql\javascript\codeql-extractor.yml.
[2021-10-14 12:43:50] [DETAILS] resolve languages> Parsing C:\Users\david\codeql-home\codeql\properties\codeql-extractor.yml.
[2021-10-14 12:43:50] [DETAILS] resolve languages> Parsing C:\Users\david\codeql-home\codeql\python\codeql-extractor.yml.
[2021-10-14 12:43:50] [DETAILS] resolve languages> Parsing C:\Users\david\codeql-home\codeql\xml\codeql-extractor.yml.
[2021-10-14 12:43:50] Plumbing command codeql resolve languages completed:
                      {
                        "cpp" : [
                          "C:\\Users\\david\\codeql-home\\codeql\\cpp"
                        ],
                        "csharp" : [
                          "C:\\Users\\david\\codeql-home\\codeql\\csharp"
                        ],
                        "csv" : [
                          "C:\\Users\\david\\codeql-home\\codeql\\csv"
                        ],
                        "go" : [
                          "C:\\Users\\david\\codeql-home\\codeql\\go"
                        ],
                        "html" : [
                          "C:\\Users\\david\\codeql-home\\codeql\\html"
                        ],
                        "java" : [
                          "C:\\Users\\david\\codeql-home\\codeql\\java"
                        ],
                        "javascript" : [
                          "C:\\Users\\david\\codeql-home\\codeql\\javascript"
                        ],
                        "properties" : [
                          "C:\\Users\\david\\codeql-home\\codeql\\properties"
                        ],
                        "python" : [
                          "C:\\Users\\david\\codeql-home\\codeql\\python"
                        ],
                        "xml" : [
                          "C:\\Users\\david\\codeql-home\\codeql\\xml"
                        ]
                      }
[2021-10-14 12:43:50] [DETAILS] database init> Found candidate extractor root for java: C:\Users\david\codeql-home\codeql\java.
[2021-10-14 12:43:50] [PROGRESS] database init> Successfully loaded extractor Java (java) from C:\Users\david\codeql-home\codeql\java.
[2021-10-14 12:43:50] [PROGRESS] database init> Created skeleton CodeQL database at C:\Users\david\Documents\code-analysis-CodeQL\owasp-database. This in-progress database is ready to be populated by an extractor.
[2021-10-14 12:43:50] Plumbing command codeql database init completed.
[2021-10-14 12:43:50] [PROGRESS] database create> Running build command: [mvn, clean, install, -o]
[2021-10-14 12:43:50] Running plumbing command: codeql database trace-command --working-dir=C:\Users\david\Documents\code-analysis-CodeQL --index-traceless-dbs --no-db-cluster -- C:\Users\david\Documents\code-analysis-CodeQL\owasp-database mvn clean install -o
[2021-10-14 12:43:50] Setting up tracing from specification at C:\Users\david\codeql-home\codeql\java\tools\compiler-tracing.spec.
[2021-10-14 12:43:50] Picked up extra JVM args: '-javaagent:C:\Users\david\codeql-home\codeql\java\tools/codeql-java-agent.jar=ignore-project,java' '-Xbootclasspath/a:C:\Users\david\codeql-home\codeql\java\tools/codeql-java-agent.jar'
[2021-10-14 12:43:50] [PROGRESS] database trace-command> Running command in C:\Users\david\Documents\code-analysis-CodeQL: [mvn, clean, install, -o]
[2021-10-14 12:43:51] [build-stdout] [INFO] Scanning for projects...
[2021-10-14 12:43:52] [build-stdout] [INFO] ------------------------------------------------------------------------
[2021-10-14 12:43:52] [build-stdout] [INFO] BUILD FAILURE
[2021-10-14 12:43:52] [build-stdout] [INFO] ------------------------------------------------------------------------
[2021-10-14 12:43:52] [build-stdout] [INFO] Total time:  0.060 s
[2021-10-14 12:43:52] [build-stdout] [INFO] Finished at: 2021-10-14T12:43:52-03:00
[2021-10-14 12:43:52] [build-stdout] [INFO] ------------------------------------------------------------------------
[2021-10-14 12:43:52] [build-stdout] [ERROR] The goal you specified requires a project to execute but there is no POM in this directory (C:\Users\david\Documents\code-analysis-CodeQL). Please verify you invoked Maven from the correct directory. -> [Help 1]
[2021-10-14 12:43:52] [build-stdout] [ERROR] 
[2021-10-14 12:43:52] [build-stdout] [ERROR] To see the full stack trace of the errors, re-run Maven with the -e switch.
[2021-10-14 12:43:52] [build-stdout] [ERROR] Re-run Maven using the -X switch to enable full debug logging.
[2021-10-14 12:43:52] [build-stdout] [ERROR] 
[2021-10-14 12:43:52] [build-stdout] [ERROR] For more information about the errors and possible solutions, please read the following articles:
[2021-10-14 12:43:52] [build-stdout] [ERROR] [Help 1] http://cwiki.apache.org/confluence/display/MAVEN/MissingProjectException
[2021-10-14 12:43:52] [ERROR] Spawned process exited abnormally (code 1; tried to run: [C:\Users\david\codeql-home\codeql\tools\win64\tracer.exe, C:\Users\david\codeql-home\codeql\tools\win64\runner.exe, cmd.exe, /C, type, NUL, &&, mvn, clean, install, -o])
[2021-10-14 12:43:52] Exception caught at top level: Exit status 1 from command: [C:\Users\david\codeql-home\codeql\tools\win64\runner.exe, cmd.exe, /C, type, NUL, &&, mvn, clean, install, -o]
                      com.semmle.cli2.database.DatabaseProcessCommandCommon.executeSubcommand(DatabaseProcessCommandCommon.java:185)
                      com.semmle.cli2.database.TraceCommandCommand.executeSubcommand(TraceCommandCommand.java:86)
                      com.semmle.cli2.picocli.PlumbingRunner.run(PlumbingRunner.java:110)
                      com.semmle.cli2.picocli.SubcommandCommon.runPlumbingInProcess(SubcommandCommon.java:160)
                      com.semmle.cli2.database.CreateCommand.executeSubcommand(CreateCommand.java:151)
                      com.semmle.cli2.picocli.SubcommandCommon.call(SubcommandCommon.java:456)
                      com.semmle.cli2.picocli.SubcommandMaker.runMain(SubcommandMaker.java:205)
                      com.semmle.cli2.picocli.SubcommandMaker.runMain(SubcommandMaker.java:214)
                      com.semmle.cli2.CodeQL.main(CodeQL.java:98)
